PrEx 20250119-15:10:10    > . /cineca/prod/opt/environment/module/4.7.0/none/init/ksh
PrEx 20250119-15:10:10   0< . /cineca/prod/opt/environment/module/4.7.0/none/init/ksh [ok]
PrEx 20250119-15:10:10    > module load autoload
PrEx 20250119-15:10:10   0< module load autoload [ok]
PrEx 20250119-15:10:10    > module load intelmpi/oneapi-2021--binary
PrEx 20250119-15:10:10   0< module load intelmpi/oneapi-2021--binary [ok]
PrEx 20250119-15:10:10    > module load mkl/oneapi-2021--binary
PrEx 20250119-15:10:10   0< module load mkl/oneapi-2021--binary [ok]
PrEx 20250119-15:10:10    > module load nco
PrEx 20250119-15:10:10   0< module load nco [ok]
PrEx 20250119-15:10:10    > module load python/3.11.7--gcc--10.2.0
PrEx 20250119-15:10:10   0< module load python/3.11.7--gcc--10.2.0 [ok]
PrEx 20250119-15:10:10    > ulimit -s unlimited
PrEx 20250119-15:10:10   0< ulimit -s unlimited [ok]
PrEx 20250119-15:10:10    > opa_set_default_run  
PrEx 20250119-15:10:10   0< opa_set_default_run   [ok]
PrEx 20250119-15:10:10    > opa_set_run forecast 20250119
### OPA_RUNDATE ...................... '20250119'
### OPA_WEEKDAY ...................... '0'
### OPA_TODAY ........................ ''
### OPA_DEFAULT_RUNDATE .............. '20250119'
### OPA_PRODDATE ..................... '20250119'
### OPA_RESTART_RUNDATE .............. '20250118'
### OPA_RESTART_WEEKDAY .............. '6'
PrEx 20250119-15:10:10   0< opa_set_run forecast 20250119 [ok]
RECOVERY:		false
DISABLE_DOWNLOAD:	false
20250119-15:10:10 00 (002) : * START(opa_get.ksh)
OPAOPER forecast
   0) T20250118-12:00:00.nc
   4) T20250119-12:00:00.nc
   8) T20250120-12:00:00.nc
  12) T20250121-12:00:00.nc
  16) T20250122-12:00:00.nc
  20) T20250123-12:00:00.nc
  24) T20250124-12:00:00.nc
  28) T20250125-12:00:00.nc
  32) T20250126-12:00:00.nc
  36) T20250127-12:00:00.nc
  40) T20250128-12:00:00.nc
   0) forecast/20250119/20250119_20250129-ECMWF---AM0100-MEDATL-b20250119_fc00-fv11.00.nc
   1) analysis/20250119/20250118-ECMWF---AM0100-MEDATL-b20250119_an-fv11.00.nc
PrEx 20250119-15:10:11    > /g100/home/usera07ogs/a07ogs00/OPA/V11C/HOST/g100/bin/ncdump -h /g100_work/OGS_prodC/OPA/V11C/prod/inpdir/forecast/20250119/ECMWF/20250119_20250129-ECMWF---AM0100-MEDATL-b20250119_fc00-fv11.00.nc > /dev/null
PrEx 20250119-15:10:11   0< /g100/home/usera07ogs/a07ogs00/OPA/V11C/HOST/g100/bin/ncdump -h /g100_work/OGS_prodC/OPA/V11C/prod/inpdir/forecast/20250119/ECMWF/20250119_20250129-ECMWF---AM0100-MEDATL-b20250119_fc00-fv11.00.nc > /dev/null [ok]
PrEx 20250119-15:10:11    > /g100/home/usera07ogs/a07ogs00/OPA/V11C/HOST/g100/bin/ncdump -h /g100_work/OGS_prodC/OPA/V11C/prod/inpdir/forecast/20250119/ECMWF/20250118-ECMWF---AM0100-MEDATL-b20250119_an-fv11.00.nc > /dev/null
PrEx 20250119-15:10:11   0< /g100/home/usera07ogs/a07ogs00/OPA/V11C/HOST/g100/bin/ncdump -h /g100_work/OGS_prodC/OPA/V11C/prod/inpdir/forecast/20250119/ECMWF/20250118-ECMWF---AM0100-MEDATL-b20250119_an-fv11.00.nc > /dev/null [ok]
@@@ [opa_get_files]: _a_f_d=[f]
timeout=[20250119 09:00:00] [1737277200]
PrEx 20250119-15:10:12 < mkdir /g100_work/OGS_prodC/OPA/V11C/prod/inpdir/forecast/20250119/CMCC_PHYS/login04.18715.23334 [Ok]
DEBUG: /g100_work/OGS_prodC/OPA/V11C/prod/inpdir/forecast/20250119/CMCC_PHYS/medfs-eas9_6h_20250119_20250118_ALL_grid_T.nc esiste, _FORCE_DOWNLOAD=false
### file [medfs-eas9_6h_20250119_20250118_ALL_grid_T.nc] already exists, and FORCE_DOWNLOAD=false => try to resume download
PrEx 20250119-15:10:13 < cp -p /g100_work/OGS_prodC/OPA/V11C/prod/inpdir/forecast/20250119/CMCC_PHYS/medfs-eas9_6h_20250119_20250118_ALL_grid_T.nc /g100_work/OGS_prodC/OPA/V11C/prod/inpdir/forecast/20250119/CMCC_PHYS/login04.18715.23334 [Ok]
PrEx 20250119-15:10:13    > /g100/home/usera07ogs/a07ogs00/OPA/V11C/HOST/g100/bin/ncdump -h /g100_work/OGS_prodC/OPA/V11C/prod/inpdir/forecast/20250119/CMCC_PHYS/login04.18715.23334/medfs-eas9_6h_20250119_20250118_ALL_grid_T.nc > /dev/null
PrEx 20250119-15:10:13   0< /g100/home/usera07ogs/a07ogs00/OPA/V11C/HOST/g100/bin/ncdump -h /g100_work/OGS_prodC/OPA/V11C/prod/inpdir/forecast/20250119/CMCC_PHYS/login04.18715.23334/medfs-eas9_6h_20250119_20250118_ALL_grid_T.nc > /dev/null [ok]
PrEx 20250119-15:10:13 < mv     /g100_work/OGS_prodC/OPA/V11C/prod/inpdir/forecast/20250119/CMCC_PHYS/login04.18715.23334/medfs-eas9_6h_20250119_20250118_ALL_grid_T.nc /g100_work/OGS_prodC/OPA/V11C/prod/inpdir/forecast/20250119/CMCC_PHYS [Ok]
PrEx 20250119-15:10:13 < ln -fs /g100_work/OGS_prodC/OPA/V11C/prod/inpdir/forecast/20250119/CMCC_PHYS/medfs-eas9_6h_20250119_20250118_ALL_grid_T.nc /g100_work/OGS_prodC/OPA/V11C/prod/wrkdir/forecast/0/CMCC_PHYS/T20250118-12:00:00.nc [Ok]
DEBUG: /g100_work/OGS_prodC/OPA/V11C/prod/inpdir/forecast/20250119/CMCC_PHYS/medfs-eas9_6h_20250119_20250118_ALL_grid_U.nc esiste, _FORCE_DOWNLOAD=false
### file [medfs-eas9_6h_20250119_20250118_ALL_grid_U.nc] already exists, and FORCE_DOWNLOAD=false => try to resume download
PrEx 20250119-15:10:13 < cp -p /g100_work/OGS_prodC/OPA/V11C/prod/inpdir/forecast/20250119/CMCC_PHYS/medfs-eas9_6h_20250119_20250118_ALL_grid_U.nc /g100_work/OGS_prodC/OPA/V11C/prod/inpdir/forecast/20250119/CMCC_PHYS/login04.18715.23334 [Ok]
PrEx 20250119-15:10:13    > /g100/home/usera07ogs/a07ogs00/OPA/V11C/HOST/g100/bin/ncdump -h /g100_work/OGS_prodC/OPA/V11C/prod/inpdir/forecast/20250119/CMCC_PHYS/login04.18715.23334/medfs-eas9_6h_20250119_20250118_ALL_grid_U.nc > /dev/null
PrEx 20250119-15:10:13   0< /g100/home/usera07ogs/a07ogs00/OPA/V11C/HOST/g100/bin/ncdump -h /g100_work/OGS_prodC/OPA/V11C/prod/inpdir/forecast/20250119/CMCC_PHYS/login04.18715.23334/medfs-eas9_6h_20250119_20250118_ALL_grid_U.nc > /dev/null [ok]
PrEx 20250119-15:10:13 < mv     /g100_work/OGS_prodC/OPA/V11C/prod/inpdir/forecast/20250119/CMCC_PHYS/login04.18715.23334/medfs-eas9_6h_20250119_20250118_ALL_grid_U.nc /g100_work/OGS_prodC/OPA/V11C/prod/inpdir/forecast/20250119/CMCC_PHYS [Ok]
PrEx 20250119-15:10:13 < ln -fs /g100_work/OGS_prodC/OPA/V11C/prod/inpdir/forecast/20250119/CMCC_PHYS/medfs-eas9_6h_20250119_20250118_ALL_grid_U.nc /g100_work/OGS_prodC/OPA/V11C/prod/wrkdir/forecast/0/CMCC_PHYS/U20250118-12:00:00.nc [Ok]
DEBUG: /g100_work/OGS_prodC/OPA/V11C/prod/inpdir/forecast/20250119/CMCC_PHYS/medfs-eas9_6h_20250119_20250118_ALL_grid_V.nc esiste, _FORCE_DOWNLOAD=false
### file [medfs-eas9_6h_20250119_20250118_ALL_grid_V.nc] already exists, and FORCE_DOWNLOAD=false => try to resume download
PrEx 20250119-15:10:14 < cp -p /g100_work/OGS_prodC/OPA/V11C/prod/inpdir/forecast/20250119/CMCC_PHYS/medfs-eas9_6h_20250119_20250118_ALL_grid_V.nc /g100_work/OGS_prodC/OPA/V11C/prod/inpdir/forecast/20250119/CMCC_PHYS/login04.18715.23334 [Ok]
PrEx 20250119-15:10:14    > /g100/home/usera07ogs/a07ogs00/OPA/V11C/HOST/g100/bin/ncdump -h /g100_work/OGS_prodC/OPA/V11C/prod/inpdir/forecast/20250119/CMCC_PHYS/login04.18715.23334/medfs-eas9_6h_20250119_20250118_ALL_grid_V.nc > /dev/null
PrEx 20250119-15:10:14   0< /g100/home/usera07ogs/a07ogs00/OPA/V11C/HOST/g100/bin/ncdump -h /g100_work/OGS_prodC/OPA/V11C/prod/inpdir/forecast/20250119/CMCC_PHYS/login04.18715.23334/medfs-eas9_6h_20250119_20250118_ALL_grid_V.nc > /dev/null [ok]
PrEx 20250119-15:10:14 < mv     /g100_work/OGS_prodC/OPA/V11C/prod/inpdir/forecast/20250119/CMCC_PHYS/login04.18715.23334/medfs-eas9_6h_20250119_20250118_ALL_grid_V.nc /g100_work/OGS_prodC/OPA/V11C/prod/inpdir/forecast/20250119/CMCC_PHYS [Ok]
PrEx 20250119-15:10:14 < ln -fs /g100_work/OGS_prodC/OPA/V11C/prod/inpdir/forecast/20250119/CMCC_PHYS/medfs-eas9_6h_20250119_20250118_ALL_grid_V.nc /g100_work/OGS_prodC/OPA/V11C/prod/wrkdir/forecast/0/CMCC_PHYS/V20250118-12:00:00.nc [Ok]
DEBUG: /g100_work/OGS_prodC/OPA/V11C/prod/inpdir/forecast/20250119/CMCC_PHYS/medfs-eas9_6h_20250119_20250118_ALL_grid_W.nc esiste, _FORCE_DOWNLOAD=false
### file [medfs-eas9_6h_20250119_20250118_ALL_grid_W.nc] already exists, and FORCE_DOWNLOAD=false => try to resume download
PrEx 20250119-15:10:14 < cp -p /g100_work/OGS_prodC/OPA/V11C/prod/inpdir/forecast/20250119/CMCC_PHYS/medfs-eas9_6h_20250119_20250118_ALL_grid_W.nc /g100_work/OGS_prodC/OPA/V11C/prod/inpdir/forecast/20250119/CMCC_PHYS/login04.18715.23334 [Ok]
PrEx 20250119-15:10:14    > /g100/home/usera07ogs/a07ogs00/OPA/V11C/HOST/g100/bin/ncdump -h /g100_work/OGS_prodC/OPA/V11C/prod/inpdir/forecast/20250119/CMCC_PHYS/login04.18715.23334/medfs-eas9_6h_20250119_20250118_ALL_grid_W.nc > /dev/null
PrEx 20250119-15:10:14   0< /g100/home/usera07ogs/a07ogs00/OPA/V11C/HOST/g100/bin/ncdump -h /g100_work/OGS_prodC/OPA/V11C/prod/inpdir/forecast/20250119/CMCC_PHYS/login04.18715.23334/medfs-eas9_6h_20250119_20250118_ALL_grid_W.nc > /dev/null [ok]
PrEx 20250119-15:10:14 < mv     /g100_work/OGS_prodC/OPA/V11C/prod/inpdir/forecast/20250119/CMCC_PHYS/login04.18715.23334/medfs-eas9_6h_20250119_20250118_ALL_grid_W.nc /g100_work/OGS_prodC/OPA/V11C/prod/inpdir/forecast/20250119/CMCC_PHYS [Ok]
PrEx 20250119-15:10:14 < ln -fs /g100_work/OGS_prodC/OPA/V11C/prod/inpdir/forecast/20250119/CMCC_PHYS/medfs-eas9_6h_20250119_20250118_ALL_grid_W.nc /g100_work/OGS_prodC/OPA/V11C/prod/wrkdir/forecast/0/CMCC_PHYS/W20250118-12:00:00.nc [Ok]
DEBUG: /g100_work/OGS_prodC/OPA/V11C/prod/inpdir/forecast/20250119/CMCC_PHYS/medfs-eas9_6h_20250119_20250119_ALL_grid_T.nc esiste, _FORCE_DOWNLOAD=false
### file [medfs-eas9_6h_20250119_20250119_ALL_grid_T.nc] already exists, and FORCE_DOWNLOAD=false => try to resume download
PrEx 20250119-15:10:15 < cp -p /g100_work/OGS_prodC/OPA/V11C/prod/inpdir/forecast/20250119/CMCC_PHYS/medfs-eas9_6h_20250119_20250119_ALL_grid_T.nc /g100_work/OGS_prodC/OPA/V11C/prod/inpdir/forecast/20250119/CMCC_PHYS/login04.18715.23334 [Ok]
PrEx 20250119-15:10:15    > /g100/home/usera07ogs/a07ogs00/OPA/V11C/HOST/g100/bin/ncdump -h /g100_work/OGS_prodC/OPA/V11C/prod/inpdir/forecast/20250119/CMCC_PHYS/login04.18715.23334/medfs-eas9_6h_20250119_20250119_ALL_grid_T.nc > /dev/null
PrEx 20250119-15:10:15   0< /g100/home/usera07ogs/a07ogs00/OPA/V11C/HOST/g100/bin/ncdump -h /g100_work/OGS_prodC/OPA/V11C/prod/inpdir/forecast/20250119/CMCC_PHYS/login04.18715.23334/medfs-eas9_6h_20250119_20250119_ALL_grid_T.nc > /dev/null [ok]
PrEx 20250119-15:10:15 < mv     /g100_work/OGS_prodC/OPA/V11C/prod/inpdir/forecast/20250119/CMCC_PHYS/login04.18715.23334/medfs-eas9_6h_20250119_20250119_ALL_grid_T.nc /g100_work/OGS_prodC/OPA/V11C/prod/inpdir/forecast/20250119/CMCC_PHYS [Ok]
PrEx 20250119-15:10:15 < ln -fs /g100_work/OGS_prodC/OPA/V11C/prod/inpdir/forecast/20250119/CMCC_PHYS/medfs-eas9_6h_20250119_20250119_ALL_grid_T.nc /g100_work/OGS_prodC/OPA/V11C/prod/wrkdir/forecast/0/CMCC_PHYS/T20250119-12:00:00.nc [Ok]
DEBUG: /g100_work/OGS_prodC/OPA/V11C/prod/inpdir/forecast/20250119/CMCC_PHYS/medfs-eas9_6h_20250119_20250119_ALL_grid_U.nc esiste, _FORCE_DOWNLOAD=false
### file [medfs-eas9_6h_20250119_20250119_ALL_grid_U.nc] already exists, and FORCE_DOWNLOAD=false => try to resume download
PrEx 20250119-15:10:16 < cp -p /g100_work/OGS_prodC/OPA/V11C/prod/inpdir/forecast/20250119/CMCC_PHYS/medfs-eas9_6h_20250119_20250119_ALL_grid_U.nc /g100_work/OGS_prodC/OPA/V11C/prod/inpdir/forecast/20250119/CMCC_PHYS/login04.18715.23334 [Ok]
PrEx 20250119-15:10:16    > /g100/home/usera07ogs/a07ogs00/OPA/V11C/HOST/g100/bin/ncdump -h /g100_work/OGS_prodC/OPA/V11C/prod/inpdir/forecast/20250119/CMCC_PHYS/login04.18715.23334/medfs-eas9_6h_20250119_20250119_ALL_grid_U.nc > /dev/null
PrEx 20250119-15:10:16   0< /g100/home/usera07ogs/a07ogs00/OPA/V11C/HOST/g100/bin/ncdump -h /g100_work/OGS_prodC/OPA/V11C/prod/inpdir/forecast/20250119/CMCC_PHYS/login04.18715.23334/medfs-eas9_6h_20250119_20250119_ALL_grid_U.nc > /dev/null [ok]
PrEx 20250119-15:10:16 < mv     /g100_work/OGS_prodC/OPA/V11C/prod/inpdir/forecast/20250119/CMCC_PHYS/login04.18715.23334/medfs-eas9_6h_20250119_20250119_ALL_grid_U.nc /g100_work/OGS_prodC/OPA/V11C/prod/inpdir/forecast/20250119/CMCC_PHYS [Ok]
PrEx 20250119-15:10:16 < ln -fs /g100_work/OGS_prodC/OPA/V11C/prod/inpdir/forecast/20250119/CMCC_PHYS/medfs-eas9_6h_20250119_20250119_ALL_grid_U.nc /g100_work/OGS_prodC/OPA/V11C/prod/wrkdir/forecast/0/CMCC_PHYS/U20250119-12:00:00.nc [Ok]
DEBUG: /g100_work/OGS_prodC/OPA/V11C/prod/inpdir/forecast/20250119/CMCC_PHYS/medfs-eas9_6h_20250119_20250119_ALL_grid_V.nc esiste, _FORCE_DOWNLOAD=false
### file [medfs-eas9_6h_20250119_20250119_ALL_grid_V.nc] already exists, and FORCE_DOWNLOAD=false => try to resume download
PrEx 20250119-15:10:16 < cp -p /g100_work/OGS_prodC/OPA/V11C/prod/inpdir/forecast/20250119/CMCC_PHYS/medfs-eas9_6h_20250119_20250119_ALL_grid_V.nc /g100_work/OGS_prodC/OPA/V11C/prod/inpdir/forecast/20250119/CMCC_PHYS/login04.18715.23334 [Ok]
PrEx 20250119-15:10:16    > /g100/home/usera07ogs/a07ogs00/OPA/V11C/HOST/g100/bin/ncdump -h /g100_work/OGS_prodC/OPA/V11C/prod/inpdir/forecast/20250119/CMCC_PHYS/login04.18715.23334/medfs-eas9_6h_20250119_20250119_ALL_grid_V.nc > /dev/null
PrEx 20250119-15:10:16   0< /g100/home/usera07ogs/a07ogs00/OPA/V11C/HOST/g100/bin/ncdump -h /g100_work/OGS_prodC/OPA/V11C/prod/inpdir/forecast/20250119/CMCC_PHYS/login04.18715.23334/medfs-eas9_6h_20250119_20250119_ALL_grid_V.nc > /dev/null [ok]
PrEx 20250119-15:10:16 < mv     /g100_work/OGS_prodC/OPA/V11C/prod/inpdir/forecast/20250119/CMCC_PHYS/login04.18715.23334/medfs-eas9_6h_20250119_20250119_ALL_grid_V.nc /g100_work/OGS_prodC/OPA/V11C/prod/inpdir/forecast/20250119/CMCC_PHYS [Ok]
PrEx 20250119-15:10:16 < ln -fs /g100_work/OGS_prodC/OPA/V11C/prod/inpdir/forecast/20250119/CMCC_PHYS/medfs-eas9_6h_20250119_20250119_ALL_grid_V.nc /g100_work/OGS_prodC/OPA/V11C/prod/wrkdir/forecast/0/CMCC_PHYS/V20250119-12:00:00.nc [Ok]
DEBUG: /g100_work/OGS_prodC/OPA/V11C/prod/inpdir/forecast/20250119/CMCC_PHYS/medfs-eas9_6h_20250119_20250119_ALL_grid_W.nc esiste, _FORCE_DOWNLOAD=false
### file [medfs-eas9_6h_20250119_20250119_ALL_grid_W.nc] already exists, and FORCE_DOWNLOAD=false => try to resume download
PrEx 20250119-15:10:17 < cp -p /g100_work/OGS_prodC/OPA/V11C/prod/inpdir/forecast/20250119/CMCC_PHYS/medfs-eas9_6h_20250119_20250119_ALL_grid_W.nc /g100_work/OGS_prodC/OPA/V11C/prod/inpdir/forecast/20250119/CMCC_PHYS/login04.18715.23334 [Ok]
PrEx 20250119-15:10:17    > /g100/home/usera07ogs/a07ogs00/OPA/V11C/HOST/g100/bin/ncdump -h /g100_work/OGS_prodC/OPA/V11C/prod/inpdir/forecast/20250119/CMCC_PHYS/login04.18715.23334/medfs-eas9_6h_20250119_20250119_ALL_grid_W.nc > /dev/null
PrEx 20250119-15:10:17   0< /g100/home/usera07ogs/a07ogs00/OPA/V11C/HOST/g100/bin/ncdump -h /g100_work/OGS_prodC/OPA/V11C/prod/inpdir/forecast/20250119/CMCC_PHYS/login04.18715.23334/medfs-eas9_6h_20250119_20250119_ALL_grid_W.nc > /dev/null [ok]
PrEx 20250119-15:10:17 < mv     /g100_work/OGS_prodC/OPA/V11C/prod/inpdir/forecast/20250119/CMCC_PHYS/login04.18715.23334/medfs-eas9_6h_20250119_20250119_ALL_grid_W.nc /g100_work/OGS_prodC/OPA/V11C/prod/inpdir/forecast/20250119/CMCC_PHYS [Ok]
PrEx 20250119-15:10:17 < ln -fs /g100_work/OGS_prodC/OPA/V11C/prod/inpdir/forecast/20250119/CMCC_PHYS/medfs-eas9_6h_20250119_20250119_ALL_grid_W.nc /g100_work/OGS_prodC/OPA/V11C/prod/wrkdir/forecast/0/CMCC_PHYS/W20250119-12:00:00.nc [Ok]
DEBUG: /g100_work/OGS_prodC/OPA/V11C/prod/inpdir/forecast/20250119/CMCC_PHYS/medfs-eas9_6h_20250119_20250120_ALL_grid_T.nc esiste, _FORCE_DOWNLOAD=false
### file [medfs-eas9_6h_20250119_20250120_ALL_grid_T.nc] already exists, and FORCE_DOWNLOAD=false => try to resume download
PrEx 20250119-15:10:18 < cp -p /g100_work/OGS_prodC/OPA/V11C/prod/inpdir/forecast/20250119/CMCC_PHYS/medfs-eas9_6h_20250119_20250120_ALL_grid_T.nc /g100_work/OGS_prodC/OPA/V11C/prod/inpdir/forecast/20250119/CMCC_PHYS/login04.18715.23334 [Ok]
PrEx 20250119-15:10:18    > /g100/home/usera07ogs/a07ogs00/OPA/V11C/HOST/g100/bin/ncdump -h /g100_work/OGS_prodC/OPA/V11C/prod/inpdir/forecast/20250119/CMCC_PHYS/login04.18715.23334/medfs-eas9_6h_20250119_20250120_ALL_grid_T.nc > /dev/null
PrEx 20250119-15:10:18   0< /g100/home/usera07ogs/a07ogs00/OPA/V11C/HOST/g100/bin/ncdump -h /g100_work/OGS_prodC/OPA/V11C/prod/inpdir/forecast/20250119/CMCC_PHYS/login04.18715.23334/medfs-eas9_6h_20250119_20250120_ALL_grid_T.nc > /dev/null [ok]
PrEx 20250119-15:10:18 < mv     /g100_work/OGS_prodC/OPA/V11C/prod/inpdir/forecast/20250119/CMCC_PHYS/login04.18715.23334/medfs-eas9_6h_20250119_20250120_ALL_grid_T.nc /g100_work/OGS_prodC/OPA/V11C/prod/inpdir/forecast/20250119/CMCC_PHYS [Ok]
PrEx 20250119-15:10:18 < ln -fs /g100_work/OGS_prodC/OPA/V11C/prod/inpdir/forecast/20250119/CMCC_PHYS/medfs-eas9_6h_20250119_20250120_ALL_grid_T.nc /g100_work/OGS_prodC/OPA/V11C/prod/wrkdir/forecast/0/CMCC_PHYS/T20250120-12:00:00.nc [Ok]
DEBUG: /g100_work/OGS_prodC/OPA/V11C/prod/inpdir/forecast/20250119/CMCC_PHYS/medfs-eas9_6h_20250119_20250120_ALL_grid_U.nc esiste, _FORCE_DOWNLOAD=false
### file [medfs-eas9_6h_20250119_20250120_ALL_grid_U.nc] already exists, and FORCE_DOWNLOAD=false => try to resume download
PrEx 20250119-15:10:18 < cp -p /g100_work/OGS_prodC/OPA/V11C/prod/inpdir/forecast/20250119/CMCC_PHYS/medfs-eas9_6h_20250119_20250120_ALL_grid_U.nc /g100_work/OGS_prodC/OPA/V11C/prod/inpdir/forecast/20250119/CMCC_PHYS/login04.18715.23334 [Ok]
PrEx 20250119-15:10:18    > /g100/home/usera07ogs/a07ogs00/OPA/V11C/HOST/g100/bin/ncdump -h /g100_work/OGS_prodC/OPA/V11C/prod/inpdir/forecast/20250119/CMCC_PHYS/login04.18715.23334/medfs-eas9_6h_20250119_20250120_ALL_grid_U.nc > /dev/null
PrEx 20250119-15:10:18   0< /g100/home/usera07ogs/a07ogs00/OPA/V11C/HOST/g100/bin/ncdump -h /g100_work/OGS_prodC/OPA/V11C/prod/inpdir/forecast/20250119/CMCC_PHYS/login04.18715.23334/medfs-eas9_6h_20250119_20250120_ALL_grid_U.nc > /dev/null [ok]
PrEx 20250119-15:10:18 < mv     /g100_work/OGS_prodC/OPA/V11C/prod/inpdir/forecast/20250119/CMCC_PHYS/login04.18715.23334/medfs-eas9_6h_20250119_20250120_ALL_grid_U.nc /g100_work/OGS_prodC/OPA/V11C/prod/inpdir/forecast/20250119/CMCC_PHYS [Ok]
PrEx 20250119-15:10:18 < ln -fs /g100_work/OGS_prodC/OPA/V11C/prod/inpdir/forecast/20250119/CMCC_PHYS/medfs-eas9_6h_20250119_20250120_ALL_grid_U.nc /g100_work/OGS_prodC/OPA/V11C/prod/wrkdir/forecast/0/CMCC_PHYS/U20250120-12:00:00.nc [Ok]
DEBUG: /g100_work/OGS_prodC/OPA/V11C/prod/inpdir/forecast/20250119/CMCC_PHYS/medfs-eas9_6h_20250119_20250120_ALL_grid_V.nc esiste, _FORCE_DOWNLOAD=false
### file [medfs-eas9_6h_20250119_20250120_ALL_grid_V.nc] already exists, and FORCE_DOWNLOAD=false => try to resume download
PrEx 20250119-15:10:19 < cp -p /g100_work/OGS_prodC/OPA/V11C/prod/inpdir/forecast/20250119/CMCC_PHYS/medfs-eas9_6h_20250119_20250120_ALL_grid_V.nc /g100_work/OGS_prodC/OPA/V11C/prod/inpdir/forecast/20250119/CMCC_PHYS/login04.18715.23334 [Ok]
PrEx 20250119-15:10:19    > /g100/home/usera07ogs/a07ogs00/OPA/V11C/HOST/g100/bin/ncdump -h /g100_work/OGS_prodC/OPA/V11C/prod/inpdir/forecast/20250119/CMCC_PHYS/login04.18715.23334/medfs-eas9_6h_20250119_20250120_ALL_grid_V.nc > /dev/null
PrEx 20250119-15:10:19   0< /g100/home/usera07ogs/a07ogs00/OPA/V11C/HOST/g100/bin/ncdump -h /g100_work/OGS_prodC/OPA/V11C/prod/inpdir/forecast/20250119/CMCC_PHYS/login04.18715.23334/medfs-eas9_6h_20250119_20250120_ALL_grid_V.nc > /dev/null [ok]
PrEx 20250119-15:10:19 < mv     /g100_work/OGS_prodC/OPA/V11C/prod/inpdir/forecast/20250119/CMCC_PHYS/login04.18715.23334/medfs-eas9_6h_20250119_20250120_ALL_grid_V.nc /g100_work/OGS_prodC/OPA/V11C/prod/inpdir/forecast/20250119/CMCC_PHYS [Ok]
PrEx 20250119-15:10:19 < ln -fs /g100_work/OGS_prodC/OPA/V11C/prod/inpdir/forecast/20250119/CMCC_PHYS/medfs-eas9_6h_20250119_20250120_ALL_grid_V.nc /g100_work/OGS_prodC/OPA/V11C/prod/wrkdir/forecast/0/CMCC_PHYS/V20250120-12:00:00.nc [Ok]
DEBUG: /g100_work/OGS_prodC/OPA/V11C/prod/inpdir/forecast/20250119/CMCC_PHYS/medfs-eas9_6h_20250119_20250120_ALL_grid_W.nc esiste, _FORCE_DOWNLOAD=false
### file [medfs-eas9_6h_20250119_20250120_ALL_grid_W.nc] already exists, and FORCE_DOWNLOAD=false => try to resume download
PrEx 20250119-15:10:19 < cp -p /g100_work/OGS_prodC/OPA/V11C/prod/inpdir/forecast/20250119/CMCC_PHYS/medfs-eas9_6h_20250119_20250120_ALL_grid_W.nc /g100_work/OGS_prodC/OPA/V11C/prod/inpdir/forecast/20250119/CMCC_PHYS/login04.18715.23334 [Ok]
PrEx 20250119-15:10:19    > /g100/home/usera07ogs/a07ogs00/OPA/V11C/HOST/g100/bin/ncdump -h /g100_work/OGS_prodC/OPA/V11C/prod/inpdir/forecast/20250119/CMCC_PHYS/login04.18715.23334/medfs-eas9_6h_20250119_20250120_ALL_grid_W.nc > /dev/null
PrEx 20250119-15:10:19   0< /g100/home/usera07ogs/a07ogs00/OPA/V11C/HOST/g100/bin/ncdump -h /g100_work/OGS_prodC/OPA/V11C/prod/inpdir/forecast/20250119/CMCC_PHYS/login04.18715.23334/medfs-eas9_6h_20250119_20250120_ALL_grid_W.nc > /dev/null [ok]
PrEx 20250119-15:10:19 < mv     /g100_work/OGS_prodC/OPA/V11C/prod/inpdir/forecast/20250119/CMCC_PHYS/login04.18715.23334/medfs-eas9_6h_20250119_20250120_ALL_grid_W.nc /g100_work/OGS_prodC/OPA/V11C/prod/inpdir/forecast/20250119/CMCC_PHYS [Ok]
PrEx 20250119-15:10:19 < ln -fs /g100_work/OGS_prodC/OPA/V11C/prod/inpdir/forecast/20250119/CMCC_PHYS/medfs-eas9_6h_20250119_20250120_ALL_grid_W.nc /g100_work/OGS_prodC/OPA/V11C/prod/wrkdir/forecast/0/CMCC_PHYS/W20250120-12:00:00.nc [Ok]
DEBUG: /g100_work/OGS_prodC/OPA/V11C/prod/inpdir/forecast/20250119/CMCC_PHYS/medfs-eas9_6h_20250119_20250121_ALL_grid_T.nc esiste, _FORCE_DOWNLOAD=false
### file [medfs-eas9_6h_20250119_20250121_ALL_grid_T.nc] already exists, and FORCE_DOWNLOAD=false => try to resume download
PrEx 20250119-15:10:20 < cp -p /g100_work/OGS_prodC/OPA/V11C/prod/inpdir/forecast/20250119/CMCC_PHYS/medfs-eas9_6h_20250119_20250121_ALL_grid_T.nc /g100_work/OGS_prodC/OPA/V11C/prod/inpdir/forecast/20250119/CMCC_PHYS/login04.18715.23334 [Ok]
PrEx 20250119-15:10:20    > /g100/home/usera07ogs/a07ogs00/OPA/V11C/HOST/g100/bin/ncdump -h /g100_work/OGS_prodC/OPA/V11C/prod/inpdir/forecast/20250119/CMCC_PHYS/login04.18715.23334/medfs-eas9_6h_20250119_20250121_ALL_grid_T.nc > /dev/null
PrEx 20250119-15:10:20   0< /g100/home/usera07ogs/a07ogs00/OPA/V11C/HOST/g100/bin/ncdump -h /g100_work/OGS_prodC/OPA/V11C/prod/inpdir/forecast/20250119/CMCC_PHYS/login04.18715.23334/medfs-eas9_6h_20250119_20250121_ALL_grid_T.nc > /dev/null [ok]
PrEx 20250119-15:10:20 < mv     /g100_work/OGS_prodC/OPA/V11C/prod/inpdir/forecast/20250119/CMCC_PHYS/login04.18715.23334/medfs-eas9_6h_20250119_20250121_ALL_grid_T.nc /g100_work/OGS_prodC/OPA/V11C/prod/inpdir/forecast/20250119/CMCC_PHYS [Ok]
PrEx 20250119-15:10:20 < ln -fs /g100_work/OGS_prodC/OPA/V11C/prod/inpdir/forecast/20250119/CMCC_PHYS/medfs-eas9_6h_20250119_20250121_ALL_grid_T.nc /g100_work/OGS_prodC/OPA/V11C/prod/wrkdir/forecast/0/CMCC_PHYS/T20250121-12:00:00.nc [Ok]
DEBUG: /g100_work/OGS_prodC/OPA/V11C/prod/inpdir/forecast/20250119/CMCC_PHYS/medfs-eas9_6h_20250119_20250121_ALL_grid_U.nc esiste, _FORCE_DOWNLOAD=false
### file [medfs-eas9_6h_20250119_20250121_ALL_grid_U.nc] already exists, and FORCE_DOWNLOAD=false => try to resume download
PrEx 20250119-15:10:21 < cp -p /g100_work/OGS_prodC/OPA/V11C/prod/inpdir/forecast/20250119/CMCC_PHYS/medfs-eas9_6h_20250119_20250121_ALL_grid_U.nc /g100_work/OGS_prodC/OPA/V11C/prod/inpdir/forecast/20250119/CMCC_PHYS/login04.18715.23334 [Ok]
PrEx 20250119-15:10:21    > /g100/home/usera07ogs/a07ogs00/OPA/V11C/HOST/g100/bin/ncdump -h /g100_work/OGS_prodC/OPA/V11C/prod/inpdir/forecast/20250119/CMCC_PHYS/login04.18715.23334/medfs-eas9_6h_20250119_20250121_ALL_grid_U.nc > /dev/null
PrEx 20250119-15:10:21   0< /g100/home/usera07ogs/a07ogs00/OPA/V11C/HOST/g100/bin/ncdump -h /g100_work/OGS_prodC/OPA/V11C/prod/inpdir/forecast/20250119/CMCC_PHYS/login04.18715.23334/medfs-eas9_6h_20250119_20250121_ALL_grid_U.nc > /dev/null [ok]
PrEx 20250119-15:10:21 < mv     /g100_work/OGS_prodC/OPA/V11C/prod/inpdir/forecast/20250119/CMCC_PHYS/login04.18715.23334/medfs-eas9_6h_20250119_20250121_ALL_grid_U.nc /g100_work/OGS_prodC/OPA/V11C/prod/inpdir/forecast/20250119/CMCC_PHYS [Ok]
PrEx 20250119-15:10:21 < ln -fs /g100_work/OGS_prodC/OPA/V11C/prod/inpdir/forecast/20250119/CMCC_PHYS/medfs-eas9_6h_20250119_20250121_ALL_grid_U.nc /g100_work/OGS_prodC/OPA/V11C/prod/wrkdir/forecast/0/CMCC_PHYS/U20250121-12:00:00.nc [Ok]
DEBUG: /g100_work/OGS_prodC/OPA/V11C/prod/inpdir/forecast/20250119/CMCC_PHYS/medfs-eas9_6h_20250119_20250121_ALL_grid_V.nc esiste, _FORCE_DOWNLOAD=false
### file [medfs-eas9_6h_20250119_20250121_ALL_grid_V.nc] already exists, and FORCE_DOWNLOAD=false => try to resume download
PrEx 20250119-15:10:21 < cp -p /g100_work/OGS_prodC/OPA/V11C/prod/inpdir/forecast/20250119/CMCC_PHYS/medfs-eas9_6h_20250119_20250121_ALL_grid_V.nc /g100_work/OGS_prodC/OPA/V11C/prod/inpdir/forecast/20250119/CMCC_PHYS/login04.18715.23334 [Ok]
PrEx 20250119-15:10:21    > /g100/home/usera07ogs/a07ogs00/OPA/V11C/HOST/g100/bin/ncdump -h /g100_work/OGS_prodC/OPA/V11C/prod/inpdir/forecast/20250119/CMCC_PHYS/login04.18715.23334/medfs-eas9_6h_20250119_20250121_ALL_grid_V.nc > /dev/null
PrEx 20250119-15:10:21   0< /g100/home/usera07ogs/a07ogs00/OPA/V11C/HOST/g100/bin/ncdump -h /g100_work/OGS_prodC/OPA/V11C/prod/inpdir/forecast/20250119/CMCC_PHYS/login04.18715.23334/medfs-eas9_6h_20250119_20250121_ALL_grid_V.nc > /dev/null [ok]
PrEx 20250119-15:10:21 < mv     /g100_work/OGS_prodC/OPA/V11C/prod/inpdir/forecast/20250119/CMCC_PHYS/login04.18715.23334/medfs-eas9_6h_20250119_20250121_ALL_grid_V.nc /g100_work/OGS_prodC/OPA/V11C/prod/inpdir/forecast/20250119/CMCC_PHYS [Ok]
PrEx 20250119-15:10:21 < ln -fs /g100_work/OGS_prodC/OPA/V11C/prod/inpdir/forecast/20250119/CMCC_PHYS/medfs-eas9_6h_20250119_20250121_ALL_grid_V.nc /g100_work/OGS_prodC/OPA/V11C/prod/wrkdir/forecast/0/CMCC_PHYS/V20250121-12:00:00.nc [Ok]
DEBUG: /g100_work/OGS_prodC/OPA/V11C/prod/inpdir/forecast/20250119/CMCC_PHYS/medfs-eas9_6h_20250119_20250121_ALL_grid_W.nc esiste, _FORCE_DOWNLOAD=false
### file [medfs-eas9_6h_20250119_20250121_ALL_grid_W.nc] already exists, and FORCE_DOWNLOAD=false => try to resume download
PrEx 20250119-15:10:22 < cp -p /g100_work/OGS_prodC/OPA/V11C/prod/inpdir/forecast/20250119/CMCC_PHYS/medfs-eas9_6h_20250119_20250121_ALL_grid_W.nc /g100_work/OGS_prodC/OPA/V11C/prod/inpdir/forecast/20250119/CMCC_PHYS/login04.18715.23334 [Ok]
PrEx 20250119-15:10:22    > /g100/home/usera07ogs/a07ogs00/OPA/V11C/HOST/g100/bin/ncdump -h /g100_work/OGS_prodC/OPA/V11C/prod/inpdir/forecast/20250119/CMCC_PHYS/login04.18715.23334/medfs-eas9_6h_20250119_20250121_ALL_grid_W.nc > /dev/null
PrEx 20250119-15:10:22   0< /g100/home/usera07ogs/a07ogs00/OPA/V11C/HOST/g100/bin/ncdump -h /g100_work/OGS_prodC/OPA/V11C/prod/inpdir/forecast/20250119/CMCC_PHYS/login04.18715.23334/medfs-eas9_6h_20250119_20250121_ALL_grid_W.nc > /dev/null [ok]
PrEx 20250119-15:10:22 < mv     /g100_work/OGS_prodC/OPA/V11C/prod/inpdir/forecast/20250119/CMCC_PHYS/login04.18715.23334/medfs-eas9_6h_20250119_20250121_ALL_grid_W.nc /g100_work/OGS_prodC/OPA/V11C/prod/inpdir/forecast/20250119/CMCC_PHYS [Ok]
PrEx 20250119-15:10:22 < ln -fs /g100_work/OGS_prodC/OPA/V11C/prod/inpdir/forecast/20250119/CMCC_PHYS/medfs-eas9_6h_20250119_20250121_ALL_grid_W.nc /g100_work/OGS_prodC/OPA/V11C/prod/wrkdir/forecast/0/CMCC_PHYS/W20250121-12:00:00.nc [Ok]
DEBUG: /g100_work/OGS_prodC/OPA/V11C/prod/inpdir/forecast/20250119/CMCC_PHYS/medfs-eas9_6h_20250119_20250122_ALL_grid_T.nc esiste, _FORCE_DOWNLOAD=false
### file [medfs-eas9_6h_20250119_20250122_ALL_grid_T.nc] already exists, and FORCE_DOWNLOAD=false => try to resume download
PrEx 20250119-15:10:23 < cp -p /g100_work/OGS_prodC/OPA/V11C/prod/inpdir/forecast/20250119/CMCC_PHYS/medfs-eas9_6h_20250119_20250122_ALL_grid_T.nc /g100_work/OGS_prodC/OPA/V11C/prod/inpdir/forecast/20250119/CMCC_PHYS/login04.18715.23334 [Ok]
PrEx 20250119-15:10:23    > /g100/home/usera07ogs/a07ogs00/OPA/V11C/HOST/g100/bin/ncdump -h /g100_work/OGS_prodC/OPA/V11C/prod/inpdir/forecast/20250119/CMCC_PHYS/login04.18715.23334/medfs-eas9_6h_20250119_20250122_ALL_grid_T.nc > /dev/null
PrEx 20250119-15:10:23   0< /g100/home/usera07ogs/a07ogs00/OPA/V11C/HOST/g100/bin/ncdump -h /g100_work/OGS_prodC/OPA/V11C/prod/inpdir/forecast/20250119/CMCC_PHYS/login04.18715.23334/medfs-eas9_6h_20250119_20250122_ALL_grid_T.nc > /dev/null [ok]
PrEx 20250119-15:10:23 < mv     /g100_work/OGS_prodC/OPA/V11C/prod/inpdir/forecast/20250119/CMCC_PHYS/login04.18715.23334/medfs-eas9_6h_20250119_20250122_ALL_grid_T.nc /g100_work/OGS_prodC/OPA/V11C/prod/inpdir/forecast/20250119/CMCC_PHYS [Ok]
PrEx 20250119-15:10:23 < ln -fs /g100_work/OGS_prodC/OPA/V11C/prod/inpdir/forecast/20250119/CMCC_PHYS/medfs-eas9_6h_20250119_20250122_ALL_grid_T.nc /g100_work/OGS_prodC/OPA/V11C/prod/wrkdir/forecast/0/CMCC_PHYS/T20250122-12:00:00.nc [Ok]
DEBUG: /g100_work/OGS_prodC/OPA/V11C/prod/inpdir/forecast/20250119/CMCC_PHYS/medfs-eas9_6h_20250119_20250122_ALL_grid_U.nc esiste, _FORCE_DOWNLOAD=false
### file [medfs-eas9_6h_20250119_20250122_ALL_grid_U.nc] already exists, and FORCE_DOWNLOAD=false => try to resume download
PrEx 20250119-15:10:23 < cp -p /g100_work/OGS_prodC/OPA/V11C/prod/inpdir/forecast/20250119/CMCC_PHYS/medfs-eas9_6h_20250119_20250122_ALL_grid_U.nc /g100_work/OGS_prodC/OPA/V11C/prod/inpdir/forecast/20250119/CMCC_PHYS/login04.18715.23334 [Ok]
PrEx 20250119-15:10:23    > /g100/home/usera07ogs/a07ogs00/OPA/V11C/HOST/g100/bin/ncdump -h /g100_work/OGS_prodC/OPA/V11C/prod/inpdir/forecast/20250119/CMCC_PHYS/login04.18715.23334/medfs-eas9_6h_20250119_20250122_ALL_grid_U.nc > /dev/null
PrEx 20250119-15:10:23   0< /g100/home/usera07ogs/a07ogs00/OPA/V11C/HOST/g100/bin/ncdump -h /g100_work/OGS_prodC/OPA/V11C/prod/inpdir/forecast/20250119/CMCC_PHYS/login04.18715.23334/medfs-eas9_6h_20250119_20250122_ALL_grid_U.nc > /dev/null [ok]
PrEx 20250119-15:10:23 < mv     /g100_work/OGS_prodC/OPA/V11C/prod/inpdir/forecast/20250119/CMCC_PHYS/login04.18715.23334/medfs-eas9_6h_20250119_20250122_ALL_grid_U.nc /g100_work/OGS_prodC/OPA/V11C/prod/inpdir/forecast/20250119/CMCC_PHYS [Ok]
PrEx 20250119-15:10:23 < ln -fs /g100_work/OGS_prodC/OPA/V11C/prod/inpdir/forecast/20250119/CMCC_PHYS/medfs-eas9_6h_20250119_20250122_ALL_grid_U.nc /g100_work/OGS_prodC/OPA/V11C/prod/wrkdir/forecast/0/CMCC_PHYS/U20250122-12:00:00.nc [Ok]
DEBUG: /g100_work/OGS_prodC/OPA/V11C/prod/inpdir/forecast/20250119/CMCC_PHYS/medfs-eas9_6h_20250119_20250122_ALL_grid_V.nc esiste, _FORCE_DOWNLOAD=false
### file [medfs-eas9_6h_20250119_20250122_ALL_grid_V.nc] already exists, and FORCE_DOWNLOAD=false => try to resume download
PrEx 20250119-15:10:24 < cp -p /g100_work/OGS_prodC/OPA/V11C/prod/inpdir/forecast/20250119/CMCC_PHYS/medfs-eas9_6h_20250119_20250122_ALL_grid_V.nc /g100_work/OGS_prodC/OPA/V11C/prod/inpdir/forecast/20250119/CMCC_PHYS/login04.18715.23334 [Ok]
PrEx 20250119-15:10:24    > /g100/home/usera07ogs/a07ogs00/OPA/V11C/HOST/g100/bin/ncdump -h /g100_work/OGS_prodC/OPA/V11C/prod/inpdir/forecast/20250119/CMCC_PHYS/login04.18715.23334/medfs-eas9_6h_20250119_20250122_ALL_grid_V.nc > /dev/null
PrEx 20250119-15:10:24   0< /g100/home/usera07ogs/a07ogs00/OPA/V11C/HOST/g100/bin/ncdump -h /g100_work/OGS_prodC/OPA/V11C/prod/inpdir/forecast/20250119/CMCC_PHYS/login04.18715.23334/medfs-eas9_6h_20250119_20250122_ALL_grid_V.nc > /dev/null [ok]
PrEx 20250119-15:10:24 < mv     /g100_work/OGS_prodC/OPA/V11C/prod/inpdir/forecast/20250119/CMCC_PHYS/login04.18715.23334/medfs-eas9_6h_20250119_20250122_ALL_grid_V.nc /g100_work/OGS_prodC/OPA/V11C/prod/inpdir/forecast/20250119/CMCC_PHYS [Ok]
PrEx 20250119-15:10:24 < ln -fs /g100_work/OGS_prodC/OPA/V11C/prod/inpdir/forecast/20250119/CMCC_PHYS/medfs-eas9_6h_20250119_20250122_ALL_grid_V.nc /g100_work/OGS_prodC/OPA/V11C/prod/wrkdir/forecast/0/CMCC_PHYS/V20250122-12:00:00.nc [Ok]
DEBUG: /g100_work/OGS_prodC/OPA/V11C/prod/inpdir/forecast/20250119/CMCC_PHYS/medfs-eas9_6h_20250119_20250122_ALL_grid_W.nc esiste, _FORCE_DOWNLOAD=false
### file [medfs-eas9_6h_20250119_20250122_ALL_grid_W.nc] already exists, and FORCE_DOWNLOAD=false => try to resume download
PrEx 20250119-15:10:24 < cp -p /g100_work/OGS_prodC/OPA/V11C/prod/inpdir/forecast/20250119/CMCC_PHYS/medfs-eas9_6h_20250119_20250122_ALL_grid_W.nc /g100_work/OGS_prodC/OPA/V11C/prod/inpdir/forecast/20250119/CMCC_PHYS/login04.18715.23334 [Ok]
PrEx 20250119-15:10:24    > /g100/home/usera07ogs/a07ogs00/OPA/V11C/HOST/g100/bin/ncdump -h /g100_work/OGS_prodC/OPA/V11C/prod/inpdir/forecast/20250119/CMCC_PHYS/login04.18715.23334/medfs-eas9_6h_20250119_20250122_ALL_grid_W.nc > /dev/null
PrEx 20250119-15:10:24   0< /g100/home/usera07ogs/a07ogs00/OPA/V11C/HOST/g100/bin/ncdump -h /g100_work/OGS_prodC/OPA/V11C/prod/inpdir/forecast/20250119/CMCC_PHYS/login04.18715.23334/medfs-eas9_6h_20250119_20250122_ALL_grid_W.nc > /dev/null [ok]
PrEx 20250119-15:10:24 < mv     /g100_work/OGS_prodC/OPA/V11C/prod/inpdir/forecast/20250119/CMCC_PHYS/login04.18715.23334/medfs-eas9_6h_20250119_20250122_ALL_grid_W.nc /g100_work/OGS_prodC/OPA/V11C/prod/inpdir/forecast/20250119/CMCC_PHYS [Ok]
PrEx 20250119-15:10:24 < ln -fs /g100_work/OGS_prodC/OPA/V11C/prod/inpdir/forecast/20250119/CMCC_PHYS/medfs-eas9_6h_20250119_20250122_ALL_grid_W.nc /g100_work/OGS_prodC/OPA/V11C/prod/wrkdir/forecast/0/CMCC_PHYS/W20250122-12:00:00.nc [Ok]
DEBUG: /g100_work/OGS_prodC/OPA/V11C/prod/inpdir/forecast/20250119/CMCC_PHYS/medfs-eas9_6h_20250119_20250123_ALL_grid_T.nc esiste, _FORCE_DOWNLOAD=false
### file [medfs-eas9_6h_20250119_20250123_ALL_grid_T.nc] already exists, and FORCE_DOWNLOAD=false => try to resume download
PrEx 20250119-15:10:25 < cp -p /g100_work/OGS_prodC/OPA/V11C/prod/inpdir/forecast/20250119/CMCC_PHYS/medfs-eas9_6h_20250119_20250123_ALL_grid_T.nc /g100_work/OGS_prodC/OPA/V11C/prod/inpdir/forecast/20250119/CMCC_PHYS/login04.18715.23334 [Ok]
PrEx 20250119-15:10:25    > /g100/home/usera07ogs/a07ogs00/OPA/V11C/HOST/g100/bin/ncdump -h /g100_work/OGS_prodC/OPA/V11C/prod/inpdir/forecast/20250119/CMCC_PHYS/login04.18715.23334/medfs-eas9_6h_20250119_20250123_ALL_grid_T.nc > /dev/null
PrEx 20250119-15:10:25   0< /g100/home/usera07ogs/a07ogs00/OPA/V11C/HOST/g100/bin/ncdump -h /g100_work/OGS_prodC/OPA/V11C/prod/inpdir/forecast/20250119/CMCC_PHYS/login04.18715.23334/medfs-eas9_6h_20250119_20250123_ALL_grid_T.nc > /dev/null [ok]
PrEx 20250119-15:10:25 < mv     /g100_work/OGS_prodC/OPA/V11C/prod/inpdir/forecast/20250119/CMCC_PHYS/login04.18715.23334/medfs-eas9_6h_20250119_20250123_ALL_grid_T.nc /g100_work/OGS_prodC/OPA/V11C/prod/inpdir/forecast/20250119/CMCC_PHYS [Ok]
PrEx 20250119-15:10:25 < ln -fs /g100_work/OGS_prodC/OPA/V11C/prod/inpdir/forecast/20250119/CMCC_PHYS/medfs-eas9_6h_20250119_20250123_ALL_grid_T.nc /g100_work/OGS_prodC/OPA/V11C/prod/wrkdir/forecast/0/CMCC_PHYS/T20250123-12:00:00.nc [Ok]
DEBUG: /g100_work/OGS_prodC/OPA/V11C/prod/inpdir/forecast/20250119/CMCC_PHYS/medfs-eas9_6h_20250119_20250123_ALL_grid_U.nc esiste, _FORCE_DOWNLOAD=false
### file [medfs-eas9_6h_20250119_20250123_ALL_grid_U.nc] already exists, and FORCE_DOWNLOAD=false => try to resume download
PrEx 20250119-15:10:26 < cp -p /g100_work/OGS_prodC/OPA/V11C/prod/inpdir/forecast/20250119/CMCC_PHYS/medfs-eas9_6h_20250119_20250123_ALL_grid_U.nc /g100_work/OGS_prodC/OPA/V11C/prod/inpdir/forecast/20250119/CMCC_PHYS/login04.18715.23334 [Ok]
PrEx 20250119-15:10:26    > /g100/home/usera07ogs/a07ogs00/OPA/V11C/HOST/g100/bin/ncdump -h /g100_work/OGS_prodC/OPA/V11C/prod/inpdir/forecast/20250119/CMCC_PHYS/login04.18715.23334/medfs-eas9_6h_20250119_20250123_ALL_grid_U.nc > /dev/null
PrEx 20250119-15:10:26   0< /g100/home/usera07ogs/a07ogs00/OPA/V11C/HOST/g100/bin/ncdump -h /g100_work/OGS_prodC/OPA/V11C/prod/inpdir/forecast/20250119/CMCC_PHYS/login04.18715.23334/medfs-eas9_6h_20250119_20250123_ALL_grid_U.nc > /dev/null [ok]
PrEx 20250119-15:10:26 < mv     /g100_work/OGS_prodC/OPA/V11C/prod/inpdir/forecast/20250119/CMCC_PHYS/login04.18715.23334/medfs-eas9_6h_20250119_20250123_ALL_grid_U.nc /g100_work/OGS_prodC/OPA/V11C/prod/inpdir/forecast/20250119/CMCC_PHYS [Ok]
PrEx 20250119-15:10:26 < ln -fs /g100_work/OGS_prodC/OPA/V11C/prod/inpdir/forecast/20250119/CMCC_PHYS/medfs-eas9_6h_20250119_20250123_ALL_grid_U.nc /g100_work/OGS_prodC/OPA/V11C/prod/wrkdir/forecast/0/CMCC_PHYS/U20250123-12:00:00.nc [Ok]
DEBUG: /g100_work/OGS_prodC/OPA/V11C/prod/inpdir/forecast/20250119/CMCC_PHYS/medfs-eas9_6h_20250119_20250123_ALL_grid_V.nc esiste, _FORCE_DOWNLOAD=false
### file [medfs-eas9_6h_20250119_20250123_ALL_grid_V.nc] already exists, and FORCE_DOWNLOAD=false => try to resume download
PrEx 20250119-15:10:27 < cp -p /g100_work/OGS_prodC/OPA/V11C/prod/inpdir/forecast/20250119/CMCC_PHYS/medfs-eas9_6h_20250119_20250123_ALL_grid_V.nc /g100_work/OGS_prodC/OPA/V11C/prod/inpdir/forecast/20250119/CMCC_PHYS/login04.18715.23334 [Ok]
PrEx 20250119-15:10:27    > /g100/home/usera07ogs/a07ogs00/OPA/V11C/HOST/g100/bin/ncdump -h /g100_work/OGS_prodC/OPA/V11C/prod/inpdir/forecast/20250119/CMCC_PHYS/login04.18715.23334/medfs-eas9_6h_20250119_20250123_ALL_grid_V.nc > /dev/null
PrEx 20250119-15:10:27   0< /g100/home/usera07ogs/a07ogs00/OPA/V11C/HOST/g100/bin/ncdump -h /g100_work/OGS_prodC/OPA/V11C/prod/inpdir/forecast/20250119/CMCC_PHYS/login04.18715.23334/medfs-eas9_6h_20250119_20250123_ALL_grid_V.nc > /dev/null [ok]
PrEx 20250119-15:10:27 < mv     /g100_work/OGS_prodC/OPA/V11C/prod/inpdir/forecast/20250119/CMCC_PHYS/login04.18715.23334/medfs-eas9_6h_20250119_20250123_ALL_grid_V.nc /g100_work/OGS_prodC/OPA/V11C/prod/inpdir/forecast/20250119/CMCC_PHYS [Ok]
PrEx 20250119-15:10:27 < ln -fs /g100_work/OGS_prodC/OPA/V11C/prod/inpdir/forecast/20250119/CMCC_PHYS/medfs-eas9_6h_20250119_20250123_ALL_grid_V.nc /g100_work/OGS_prodC/OPA/V11C/prod/wrkdir/forecast/0/CMCC_PHYS/V20250123-12:00:00.nc [Ok]
DEBUG: /g100_work/OGS_prodC/OPA/V11C/prod/inpdir/forecast/20250119/CMCC_PHYS/medfs-eas9_6h_20250119_20250123_ALL_grid_W.nc esiste, _FORCE_DOWNLOAD=false
### file [medfs-eas9_6h_20250119_20250123_ALL_grid_W.nc] already exists, and FORCE_DOWNLOAD=false => try to resume download
PrEx 20250119-15:10:27 < cp -p /g100_work/OGS_prodC/OPA/V11C/prod/inpdir/forecast/20250119/CMCC_PHYS/medfs-eas9_6h_20250119_20250123_ALL_grid_W.nc /g100_work/OGS_prodC/OPA/V11C/prod/inpdir/forecast/20250119/CMCC_PHYS/login04.18715.23334 [Ok]
PrEx 20250119-15:10:27    > /g100/home/usera07ogs/a07ogs00/OPA/V11C/HOST/g100/bin/ncdump -h /g100_work/OGS_prodC/OPA/V11C/prod/inpdir/forecast/20250119/CMCC_PHYS/login04.18715.23334/medfs-eas9_6h_20250119_20250123_ALL_grid_W.nc > /dev/null
PrEx 20250119-15:10:27   0< /g100/home/usera07ogs/a07ogs00/OPA/V11C/HOST/g100/bin/ncdump -h /g100_work/OGS_prodC/OPA/V11C/prod/inpdir/forecast/20250119/CMCC_PHYS/login04.18715.23334/medfs-eas9_6h_20250119_20250123_ALL_grid_W.nc > /dev/null [ok]
PrEx 20250119-15:10:27 < mv     /g100_work/OGS_prodC/OPA/V11C/prod/inpdir/forecast/20250119/CMCC_PHYS/login04.18715.23334/medfs-eas9_6h_20250119_20250123_ALL_grid_W.nc /g100_work/OGS_prodC/OPA/V11C/prod/inpdir/forecast/20250119/CMCC_PHYS [Ok]
PrEx 20250119-15:10:27 < ln -fs /g100_work/OGS_prodC/OPA/V11C/prod/inpdir/forecast/20250119/CMCC_PHYS/medfs-eas9_6h_20250119_20250123_ALL_grid_W.nc /g100_work/OGS_prodC/OPA/V11C/prod/wrkdir/forecast/0/CMCC_PHYS/W20250123-12:00:00.nc [Ok]
DEBUG: /g100_work/OGS_prodC/OPA/V11C/prod/inpdir/forecast/20250119/CMCC_PHYS/medfs-eas9_6h_20250119_20250124_ALL_grid_T.nc esiste, _FORCE_DOWNLOAD=false
### file [medfs-eas9_6h_20250119_20250124_ALL_grid_T.nc] already exists, and FORCE_DOWNLOAD=false => try to resume download
PrEx 20250119-15:10:28 < cp -p /g100_work/OGS_prodC/OPA/V11C/prod/inpdir/forecast/20250119/CMCC_PHYS/medfs-eas9_6h_20250119_20250124_ALL_grid_T.nc /g100_work/OGS_prodC/OPA/V11C/prod/inpdir/forecast/20250119/CMCC_PHYS/login04.18715.23334 [Ok]
PrEx 20250119-15:10:28    > /g100/home/usera07ogs/a07ogs00/OPA/V11C/HOST/g100/bin/ncdump -h /g100_work/OGS_prodC/OPA/V11C/prod/inpdir/forecast/20250119/CMCC_PHYS/login04.18715.23334/medfs-eas9_6h_20250119_20250124_ALL_grid_T.nc > /dev/null
PrEx 20250119-15:10:28   0< /g100/home/usera07ogs/a07ogs00/OPA/V11C/HOST/g100/bin/ncdump -h /g100_work/OGS_prodC/OPA/V11C/prod/inpdir/forecast/20250119/CMCC_PHYS/login04.18715.23334/medfs-eas9_6h_20250119_20250124_ALL_grid_T.nc > /dev/null [ok]
PrEx 20250119-15:10:28 < mv     /g100_work/OGS_prodC/OPA/V11C/prod/inpdir/forecast/20250119/CMCC_PHYS/login04.18715.23334/medfs-eas9_6h_20250119_20250124_ALL_grid_T.nc /g100_work/OGS_prodC/OPA/V11C/prod/inpdir/forecast/20250119/CMCC_PHYS [Ok]
PrEx 20250119-15:10:28 < ln -fs /g100_work/OGS_prodC/OPA/V11C/prod/inpdir/forecast/20250119/CMCC_PHYS/medfs-eas9_6h_20250119_20250124_ALL_grid_T.nc /g100_work/OGS_prodC/OPA/V11C/prod/wrkdir/forecast/0/CMCC_PHYS/T20250124-12:00:00.nc [Ok]
DEBUG: /g100_work/OGS_prodC/OPA/V11C/prod/inpdir/forecast/20250119/CMCC_PHYS/medfs-eas9_6h_20250119_20250124_ALL_grid_U.nc esiste, _FORCE_DOWNLOAD=false
### file [medfs-eas9_6h_20250119_20250124_ALL_grid_U.nc] already exists, and FORCE_DOWNLOAD=false => try to resume download
PrEx 20250119-15:10:29 < cp -p /g100_work/OGS_prodC/OPA/V11C/prod/inpdir/forecast/20250119/CMCC_PHYS/medfs-eas9_6h_20250119_20250124_ALL_grid_U.nc /g100_work/OGS_prodC/OPA/V11C/prod/inpdir/forecast/20250119/CMCC_PHYS/login04.18715.23334 [Ok]
PrEx 20250119-15:10:29    > /g100/home/usera07ogs/a07ogs00/OPA/V11C/HOST/g100/bin/ncdump -h /g100_work/OGS_prodC/OPA/V11C/prod/inpdir/forecast/20250119/CMCC_PHYS/login04.18715.23334/medfs-eas9_6h_20250119_20250124_ALL_grid_U.nc > /dev/null
PrEx 20250119-15:10:29   0< /g100/home/usera07ogs/a07ogs00/OPA/V11C/HOST/g100/bin/ncdump -h /g100_work/OGS_prodC/OPA/V11C/prod/inpdir/forecast/20250119/CMCC_PHYS/login04.18715.23334/medfs-eas9_6h_20250119_20250124_ALL_grid_U.nc > /dev/null [ok]
PrEx 20250119-15:10:29 < mv     /g100_work/OGS_prodC/OPA/V11C/prod/inpdir/forecast/20250119/CMCC_PHYS/login04.18715.23334/medfs-eas9_6h_20250119_20250124_ALL_grid_U.nc /g100_work/OGS_prodC/OPA/V11C/prod/inpdir/forecast/20250119/CMCC_PHYS [Ok]
PrEx 20250119-15:10:29 < ln -fs /g100_work/OGS_prodC/OPA/V11C/prod/inpdir/forecast/20250119/CMCC_PHYS/medfs-eas9_6h_20250119_20250124_ALL_grid_U.nc /g100_work/OGS_prodC/OPA/V11C/prod/wrkdir/forecast/0/CMCC_PHYS/U20250124-12:00:00.nc [Ok]
DEBUG: /g100_work/OGS_prodC/OPA/V11C/prod/inpdir/forecast/20250119/CMCC_PHYS/medfs-eas9_6h_20250119_20250124_ALL_grid_V.nc esiste, _FORCE_DOWNLOAD=false
### file [medfs-eas9_6h_20250119_20250124_ALL_grid_V.nc] already exists, and FORCE_DOWNLOAD=false => try to resume download
PrEx 20250119-15:10:29 < cp -p /g100_work/OGS_prodC/OPA/V11C/prod/inpdir/forecast/20250119/CMCC_PHYS/medfs-eas9_6h_20250119_20250124_ALL_grid_V.nc /g100_work/OGS_prodC/OPA/V11C/prod/inpdir/forecast/20250119/CMCC_PHYS/login04.18715.23334 [Ok]
PrEx 20250119-15:10:29    > /g100/home/usera07ogs/a07ogs00/OPA/V11C/HOST/g100/bin/ncdump -h /g100_work/OGS_prodC/OPA/V11C/prod/inpdir/forecast/20250119/CMCC_PHYS/login04.18715.23334/medfs-eas9_6h_20250119_20250124_ALL_grid_V.nc > /dev/null
PrEx 20250119-15:10:30   0< /g100/home/usera07ogs/a07ogs00/OPA/V11C/HOST/g100/bin/ncdump -h /g100_work/OGS_prodC/OPA/V11C/prod/inpdir/forecast/20250119/CMCC_PHYS/login04.18715.23334/medfs-eas9_6h_20250119_20250124_ALL_grid_V.nc > /dev/null [ok]
PrEx 20250119-15:10:30 < mv     /g100_work/OGS_prodC/OPA/V11C/prod/inpdir/forecast/20250119/CMCC_PHYS/login04.18715.23334/medfs-eas9_6h_20250119_20250124_ALL_grid_V.nc /g100_work/OGS_prodC/OPA/V11C/prod/inpdir/forecast/20250119/CMCC_PHYS [Ok]
PrEx 20250119-15:10:30 < ln -fs /g100_work/OGS_prodC/OPA/V11C/prod/inpdir/forecast/20250119/CMCC_PHYS/medfs-eas9_6h_20250119_20250124_ALL_grid_V.nc /g100_work/OGS_prodC/OPA/V11C/prod/wrkdir/forecast/0/CMCC_PHYS/V20250124-12:00:00.nc [Ok]
DEBUG: /g100_work/OGS_prodC/OPA/V11C/prod/inpdir/forecast/20250119/CMCC_PHYS/medfs-eas9_6h_20250119_20250124_ALL_grid_W.nc esiste, _FORCE_DOWNLOAD=false
### file [medfs-eas9_6h_20250119_20250124_ALL_grid_W.nc] already exists, and FORCE_DOWNLOAD=false => try to resume download
PrEx 20250119-15:10:30 < cp -p /g100_work/OGS_prodC/OPA/V11C/prod/inpdir/forecast/20250119/CMCC_PHYS/medfs-eas9_6h_20250119_20250124_ALL_grid_W.nc /g100_work/OGS_prodC/OPA/V11C/prod/inpdir/forecast/20250119/CMCC_PHYS/login04.18715.23334 [Ok]
PrEx 20250119-15:10:30    > /g100/home/usera07ogs/a07ogs00/OPA/V11C/HOST/g100/bin/ncdump -h /g100_work/OGS_prodC/OPA/V11C/prod/inpdir/forecast/20250119/CMCC_PHYS/login04.18715.23334/medfs-eas9_6h_20250119_20250124_ALL_grid_W.nc > /dev/null
PrEx 20250119-15:10:30   0< /g100/home/usera07ogs/a07ogs00/OPA/V11C/HOST/g100/bin/ncdump -h /g100_work/OGS_prodC/OPA/V11C/prod/inpdir/forecast/20250119/CMCC_PHYS/login04.18715.23334/medfs-eas9_6h_20250119_20250124_ALL_grid_W.nc > /dev/null [ok]
PrEx 20250119-15:10:30 < mv     /g100_work/OGS_prodC/OPA/V11C/prod/inpdir/forecast/20250119/CMCC_PHYS/login04.18715.23334/medfs-eas9_6h_20250119_20250124_ALL_grid_W.nc /g100_work/OGS_prodC/OPA/V11C/prod/inpdir/forecast/20250119/CMCC_PHYS [Ok]
PrEx 20250119-15:10:30 < ln -fs /g100_work/OGS_prodC/OPA/V11C/prod/inpdir/forecast/20250119/CMCC_PHYS/medfs-eas9_6h_20250119_20250124_ALL_grid_W.nc /g100_work/OGS_prodC/OPA/V11C/prod/wrkdir/forecast/0/CMCC_PHYS/W20250124-12:00:00.nc [Ok]
DEBUG: /g100_work/OGS_prodC/OPA/V11C/prod/inpdir/forecast/20250119/CMCC_PHYS/medfs-eas9_6h_20250119_20250125_ALL_grid_T.nc esiste, _FORCE_DOWNLOAD=false
### file [medfs-eas9_6h_20250119_20250125_ALL_grid_T.nc] already exists, and FORCE_DOWNLOAD=false => try to resume download
PrEx 20250119-15:10:31 < cp -p /g100_work/OGS_prodC/OPA/V11C/prod/inpdir/forecast/20250119/CMCC_PHYS/medfs-eas9_6h_20250119_20250125_ALL_grid_T.nc /g100_work/OGS_prodC/OPA/V11C/prod/inpdir/forecast/20250119/CMCC_PHYS/login04.18715.23334 [Ok]
PrEx 20250119-15:10:31    > /g100/home/usera07ogs/a07ogs00/OPA/V11C/HOST/g100/bin/ncdump -h /g100_work/OGS_prodC/OPA/V11C/prod/inpdir/forecast/20250119/CMCC_PHYS/login04.18715.23334/medfs-eas9_6h_20250119_20250125_ALL_grid_T.nc > /dev/null
PrEx 20250119-15:10:31   0< /g100/home/usera07ogs/a07ogs00/OPA/V11C/HOST/g100/bin/ncdump -h /g100_work/OGS_prodC/OPA/V11C/prod/inpdir/forecast/20250119/CMCC_PHYS/login04.18715.23334/medfs-eas9_6h_20250119_20250125_ALL_grid_T.nc > /dev/null [ok]
PrEx 20250119-15:10:31 < mv     /g100_work/OGS_prodC/OPA/V11C/prod/inpdir/forecast/20250119/CMCC_PHYS/login04.18715.23334/medfs-eas9_6h_20250119_20250125_ALL_grid_T.nc /g100_work/OGS_prodC/OPA/V11C/prod/inpdir/forecast/20250119/CMCC_PHYS [Ok]
PrEx 20250119-15:10:31 < ln -fs /g100_work/OGS_prodC/OPA/V11C/prod/inpdir/forecast/20250119/CMCC_PHYS/medfs-eas9_6h_20250119_20250125_ALL_grid_T.nc /g100_work/OGS_prodC/OPA/V11C/prod/wrkdir/forecast/0/CMCC_PHYS/T20250125-12:00:00.nc [Ok]
DEBUG: /g100_work/OGS_prodC/OPA/V11C/prod/inpdir/forecast/20250119/CMCC_PHYS/medfs-eas9_6h_20250119_20250125_ALL_grid_U.nc esiste, _FORCE_DOWNLOAD=false
### file [medfs-eas9_6h_20250119_20250125_ALL_grid_U.nc] already exists, and FORCE_DOWNLOAD=false => try to resume download
PrEx 20250119-15:10:32 < cp -p /g100_work/OGS_prodC/OPA/V11C/prod/inpdir/forecast/20250119/CMCC_PHYS/medfs-eas9_6h_20250119_20250125_ALL_grid_U.nc /g100_work/OGS_prodC/OPA/V11C/prod/inpdir/forecast/20250119/CMCC_PHYS/login04.18715.23334 [Ok]
PrEx 20250119-15:10:32    > /g100/home/usera07ogs/a07ogs00/OPA/V11C/HOST/g100/bin/ncdump -h /g100_work/OGS_prodC/OPA/V11C/prod/inpdir/forecast/20250119/CMCC_PHYS/login04.18715.23334/medfs-eas9_6h_20250119_20250125_ALL_grid_U.nc > /dev/null
PrEx 20250119-15:10:32   0< /g100/home/usera07ogs/a07ogs00/OPA/V11C/HOST/g100/bin/ncdump -h /g100_work/OGS_prodC/OPA/V11C/prod/inpdir/forecast/20250119/CMCC_PHYS/login04.18715.23334/medfs-eas9_6h_20250119_20250125_ALL_grid_U.nc > /dev/null [ok]
PrEx 20250119-15:10:32 < mv     /g100_work/OGS_prodC/OPA/V11C/prod/inpdir/forecast/20250119/CMCC_PHYS/login04.18715.23334/medfs-eas9_6h_20250119_20250125_ALL_grid_U.nc /g100_work/OGS_prodC/OPA/V11C/prod/inpdir/forecast/20250119/CMCC_PHYS [Ok]
PrEx 20250119-15:10:32 < ln -fs /g100_work/OGS_prodC/OPA/V11C/prod/inpdir/forecast/20250119/CMCC_PHYS/medfs-eas9_6h_20250119_20250125_ALL_grid_U.nc /g100_work/OGS_prodC/OPA/V11C/prod/wrkdir/forecast/0/CMCC_PHYS/U20250125-12:00:00.nc [Ok]
DEBUG: /g100_work/OGS_prodC/OPA/V11C/prod/inpdir/forecast/20250119/CMCC_PHYS/medfs-eas9_6h_20250119_20250125_ALL_grid_V.nc esiste, _FORCE_DOWNLOAD=false
### file [medfs-eas9_6h_20250119_20250125_ALL_grid_V.nc] already exists, and FORCE_DOWNLOAD=false => try to resume download
PrEx 20250119-15:10:33 < cp -p /g100_work/OGS_prodC/OPA/V11C/prod/inpdir/forecast/20250119/CMCC_PHYS/medfs-eas9_6h_20250119_20250125_ALL_grid_V.nc /g100_work/OGS_prodC/OPA/V11C/prod/inpdir/forecast/20250119/CMCC_PHYS/login04.18715.23334 [Ok]
PrEx 20250119-15:10:33    > /g100/home/usera07ogs/a07ogs00/OPA/V11C/HOST/g100/bin/ncdump -h /g100_work/OGS_prodC/OPA/V11C/prod/inpdir/forecast/20250119/CMCC_PHYS/login04.18715.23334/medfs-eas9_6h_20250119_20250125_ALL_grid_V.nc > /dev/null
PrEx 20250119-15:10:33   0< /g100/home/usera07ogs/a07ogs00/OPA/V11C/HOST/g100/bin/ncdump -h /g100_work/OGS_prodC/OPA/V11C/prod/inpdir/forecast/20250119/CMCC_PHYS/login04.18715.23334/medfs-eas9_6h_20250119_20250125_ALL_grid_V.nc > /dev/null [ok]
PrEx 20250119-15:10:33 < mv     /g100_work/OGS_prodC/OPA/V11C/prod/inpdir/forecast/20250119/CMCC_PHYS/login04.18715.23334/medfs-eas9_6h_20250119_20250125_ALL_grid_V.nc /g100_work/OGS_prodC/OPA/V11C/prod/inpdir/forecast/20250119/CMCC_PHYS [Ok]
PrEx 20250119-15:10:33 < ln -fs /g100_work/OGS_prodC/OPA/V11C/prod/inpdir/forecast/20250119/CMCC_PHYS/medfs-eas9_6h_20250119_20250125_ALL_grid_V.nc /g100_work/OGS_prodC/OPA/V11C/prod/wrkdir/forecast/0/CMCC_PHYS/V20250125-12:00:00.nc [Ok]
DEBUG: /g100_work/OGS_prodC/OPA/V11C/prod/inpdir/forecast/20250119/CMCC_PHYS/medfs-eas9_6h_20250119_20250125_ALL_grid_W.nc esiste, _FORCE_DOWNLOAD=false
### file [medfs-eas9_6h_20250119_20250125_ALL_grid_W.nc] already exists, and FORCE_DOWNLOAD=false => try to resume download
PrEx 20250119-15:10:33 < cp -p /g100_work/OGS_prodC/OPA/V11C/prod/inpdir/forecast/20250119/CMCC_PHYS/medfs-eas9_6h_20250119_20250125_ALL_grid_W.nc /g100_work/OGS_prodC/OPA/V11C/prod/inpdir/forecast/20250119/CMCC_PHYS/login04.18715.23334 [Ok]
PrEx 20250119-15:10:33    > /g100/home/usera07ogs/a07ogs00/OPA/V11C/HOST/g100/bin/ncdump -h /g100_work/OGS_prodC/OPA/V11C/prod/inpdir/forecast/20250119/CMCC_PHYS/login04.18715.23334/medfs-eas9_6h_20250119_20250125_ALL_grid_W.nc > /dev/null
PrEx 20250119-15:10:33   0< /g100/home/usera07ogs/a07ogs00/OPA/V11C/HOST/g100/bin/ncdump -h /g100_work/OGS_prodC/OPA/V11C/prod/inpdir/forecast/20250119/CMCC_PHYS/login04.18715.23334/medfs-eas9_6h_20250119_20250125_ALL_grid_W.nc > /dev/null [ok]
PrEx 20250119-15:10:33 < mv     /g100_work/OGS_prodC/OPA/V11C/prod/inpdir/forecast/20250119/CMCC_PHYS/login04.18715.23334/medfs-eas9_6h_20250119_20250125_ALL_grid_W.nc /g100_work/OGS_prodC/OPA/V11C/prod/inpdir/forecast/20250119/CMCC_PHYS [Ok]
PrEx 20250119-15:10:33 < ln -fs /g100_work/OGS_prodC/OPA/V11C/prod/inpdir/forecast/20250119/CMCC_PHYS/medfs-eas9_6h_20250119_20250125_ALL_grid_W.nc /g100_work/OGS_prodC/OPA/V11C/prod/wrkdir/forecast/0/CMCC_PHYS/W20250125-12:00:00.nc [Ok]
DEBUG: /g100_work/OGS_prodC/OPA/V11C/prod/inpdir/forecast/20250119/CMCC_PHYS/medfs-eas9_6h_20250119_20250126_ALL_grid_T.nc esiste, _FORCE_DOWNLOAD=false
### file [medfs-eas9_6h_20250119_20250126_ALL_grid_T.nc] already exists, and FORCE_DOWNLOAD=false => try to resume download
PrEx 20250119-15:10:34 < cp -p /g100_work/OGS_prodC/OPA/V11C/prod/inpdir/forecast/20250119/CMCC_PHYS/medfs-eas9_6h_20250119_20250126_ALL_grid_T.nc /g100_work/OGS_prodC/OPA/V11C/prod/inpdir/forecast/20250119/CMCC_PHYS/login04.18715.23334 [Ok]
PrEx 20250119-15:10:34    > /g100/home/usera07ogs/a07ogs00/OPA/V11C/HOST/g100/bin/ncdump -h /g100_work/OGS_prodC/OPA/V11C/prod/inpdir/forecast/20250119/CMCC_PHYS/login04.18715.23334/medfs-eas9_6h_20250119_20250126_ALL_grid_T.nc > /dev/null
PrEx 20250119-15:10:34   0< /g100/home/usera07ogs/a07ogs00/OPA/V11C/HOST/g100/bin/ncdump -h /g100_work/OGS_prodC/OPA/V11C/prod/inpdir/forecast/20250119/CMCC_PHYS/login04.18715.23334/medfs-eas9_6h_20250119_20250126_ALL_grid_T.nc > /dev/null [ok]
PrEx 20250119-15:10:34 < mv     /g100_work/OGS_prodC/OPA/V11C/prod/inpdir/forecast/20250119/CMCC_PHYS/login04.18715.23334/medfs-eas9_6h_20250119_20250126_ALL_grid_T.nc /g100_work/OGS_prodC/OPA/V11C/prod/inpdir/forecast/20250119/CMCC_PHYS [Ok]
PrEx 20250119-15:10:34 < ln -fs /g100_work/OGS_prodC/OPA/V11C/prod/inpdir/forecast/20250119/CMCC_PHYS/medfs-eas9_6h_20250119_20250126_ALL_grid_T.nc /g100_work/OGS_prodC/OPA/V11C/prod/wrkdir/forecast/0/CMCC_PHYS/T20250126-12:00:00.nc [Ok]
DEBUG: /g100_work/OGS_prodC/OPA/V11C/prod/inpdir/forecast/20250119/CMCC_PHYS/medfs-eas9_6h_20250119_20250126_ALL_grid_U.nc esiste, _FORCE_DOWNLOAD=false
### file [medfs-eas9_6h_20250119_20250126_ALL_grid_U.nc] already exists, and FORCE_DOWNLOAD=false => try to resume download
PrEx 20250119-15:10:35 < cp -p /g100_work/OGS_prodC/OPA/V11C/prod/inpdir/forecast/20250119/CMCC_PHYS/medfs-eas9_6h_20250119_20250126_ALL_grid_U.nc /g100_work/OGS_prodC/OPA/V11C/prod/inpdir/forecast/20250119/CMCC_PHYS/login04.18715.23334 [Ok]
PrEx 20250119-15:10:35    > /g100/home/usera07ogs/a07ogs00/OPA/V11C/HOST/g100/bin/ncdump -h /g100_work/OGS_prodC/OPA/V11C/prod/inpdir/forecast/20250119/CMCC_PHYS/login04.18715.23334/medfs-eas9_6h_20250119_20250126_ALL_grid_U.nc > /dev/null
PrEx 20250119-15:10:35   0< /g100/home/usera07ogs/a07ogs00/OPA/V11C/HOST/g100/bin/ncdump -h /g100_work/OGS_prodC/OPA/V11C/prod/inpdir/forecast/20250119/CMCC_PHYS/login04.18715.23334/medfs-eas9_6h_20250119_20250126_ALL_grid_U.nc > /dev/null [ok]
PrEx 20250119-15:10:35 < mv     /g100_work/OGS_prodC/OPA/V11C/prod/inpdir/forecast/20250119/CMCC_PHYS/login04.18715.23334/medfs-eas9_6h_20250119_20250126_ALL_grid_U.nc /g100_work/OGS_prodC/OPA/V11C/prod/inpdir/forecast/20250119/CMCC_PHYS [Ok]
PrEx 20250119-15:10:35 < ln -fs /g100_work/OGS_prodC/OPA/V11C/prod/inpdir/forecast/20250119/CMCC_PHYS/medfs-eas9_6h_20250119_20250126_ALL_grid_U.nc /g100_work/OGS_prodC/OPA/V11C/prod/wrkdir/forecast/0/CMCC_PHYS/U20250126-12:00:00.nc [Ok]
DEBUG: /g100_work/OGS_prodC/OPA/V11C/prod/inpdir/forecast/20250119/CMCC_PHYS/medfs-eas9_6h_20250119_20250126_ALL_grid_V.nc esiste, _FORCE_DOWNLOAD=false
### file [medfs-eas9_6h_20250119_20250126_ALL_grid_V.nc] already exists, and FORCE_DOWNLOAD=false => try to resume download
PrEx 20250119-15:10:35 < cp -p /g100_work/OGS_prodC/OPA/V11C/prod/inpdir/forecast/20250119/CMCC_PHYS/medfs-eas9_6h_20250119_20250126_ALL_grid_V.nc /g100_work/OGS_prodC/OPA/V11C/prod/inpdir/forecast/20250119/CMCC_PHYS/login04.18715.23334 [Ok]
PrEx 20250119-15:10:35    > /g100/home/usera07ogs/a07ogs00/OPA/V11C/HOST/g100/bin/ncdump -h /g100_work/OGS_prodC/OPA/V11C/prod/inpdir/forecast/20250119/CMCC_PHYS/login04.18715.23334/medfs-eas9_6h_20250119_20250126_ALL_grid_V.nc > /dev/null
PrEx 20250119-15:10:35   0< /g100/home/usera07ogs/a07ogs00/OPA/V11C/HOST/g100/bin/ncdump -h /g100_work/OGS_prodC/OPA/V11C/prod/inpdir/forecast/20250119/CMCC_PHYS/login04.18715.23334/medfs-eas9_6h_20250119_20250126_ALL_grid_V.nc > /dev/null [ok]
PrEx 20250119-15:10:35 < mv     /g100_work/OGS_prodC/OPA/V11C/prod/inpdir/forecast/20250119/CMCC_PHYS/login04.18715.23334/medfs-eas9_6h_20250119_20250126_ALL_grid_V.nc /g100_work/OGS_prodC/OPA/V11C/prod/inpdir/forecast/20250119/CMCC_PHYS [Ok]
PrEx 20250119-15:10:35 < ln -fs /g100_work/OGS_prodC/OPA/V11C/prod/inpdir/forecast/20250119/CMCC_PHYS/medfs-eas9_6h_20250119_20250126_ALL_grid_V.nc /g100_work/OGS_prodC/OPA/V11C/prod/wrkdir/forecast/0/CMCC_PHYS/V20250126-12:00:00.nc [Ok]
DEBUG: /g100_work/OGS_prodC/OPA/V11C/prod/inpdir/forecast/20250119/CMCC_PHYS/medfs-eas9_6h_20250119_20250126_ALL_grid_W.nc esiste, _FORCE_DOWNLOAD=false
### file [medfs-eas9_6h_20250119_20250126_ALL_grid_W.nc] already exists, and FORCE_DOWNLOAD=false => try to resume download
PrEx 20250119-15:10:36 < cp -p /g100_work/OGS_prodC/OPA/V11C/prod/inpdir/forecast/20250119/CMCC_PHYS/medfs-eas9_6h_20250119_20250126_ALL_grid_W.nc /g100_work/OGS_prodC/OPA/V11C/prod/inpdir/forecast/20250119/CMCC_PHYS/login04.18715.23334 [Ok]
PrEx 20250119-15:10:36    > /g100/home/usera07ogs/a07ogs00/OPA/V11C/HOST/g100/bin/ncdump -h /g100_work/OGS_prodC/OPA/V11C/prod/inpdir/forecast/20250119/CMCC_PHYS/login04.18715.23334/medfs-eas9_6h_20250119_20250126_ALL_grid_W.nc > /dev/null
PrEx 20250119-15:10:36   0< /g100/home/usera07ogs/a07ogs00/OPA/V11C/HOST/g100/bin/ncdump -h /g100_work/OGS_prodC/OPA/V11C/prod/inpdir/forecast/20250119/CMCC_PHYS/login04.18715.23334/medfs-eas9_6h_20250119_20250126_ALL_grid_W.nc > /dev/null [ok]
PrEx 20250119-15:10:36 < mv     /g100_work/OGS_prodC/OPA/V11C/prod/inpdir/forecast/20250119/CMCC_PHYS/login04.18715.23334/medfs-eas9_6h_20250119_20250126_ALL_grid_W.nc /g100_work/OGS_prodC/OPA/V11C/prod/inpdir/forecast/20250119/CMCC_PHYS [Ok]
PrEx 20250119-15:10:36 < ln -fs /g100_work/OGS_prodC/OPA/V11C/prod/inpdir/forecast/20250119/CMCC_PHYS/medfs-eas9_6h_20250119_20250126_ALL_grid_W.nc /g100_work/OGS_prodC/OPA/V11C/prod/wrkdir/forecast/0/CMCC_PHYS/W20250126-12:00:00.nc [Ok]
### file [medfs-eas9_6h_20250119_20250127_ALL_grid_T.nc] does not exist => try to download
### [1] trying to download '/medsea_oce/nrt/op/out/mfs_eas9/o//20250119/medfs-eas9_6h_20250119_20250127_ALL_grid_T.nc'...
PrEx 20250119-15:10:36    >  echo " get /medsea_oce/nrt/op/out/mfs_eas9/o//20250119/medfs-eas9_6h_20250119_20250127_ALL_grid_T.nc /g100_work/OGS_prodC/OPA/V11C/prod/inpdir/forecast/20250119/CMCC_PHYS/login04.18715.23334 " | sftp -i /g100/home/usera07ogs/a07ogs00/OPA/V11C/etc/sftp-config/g100_cmcc-key -P 20022 ogs@dtn01.cmcc.it  
Connected to dtn01.cmcc.it.
sftp>  get /medsea_oce/nrt/op/out/mfs_eas9/o//20250119/medfs-eas9_6h_20250119_20250127_ALL_grid_T.nc /g100_work/OGS_prodC/OPA/V11C/prod/inpdir/forecast/20250119/CMCC_PHYS/login04.18715.23334 
Fetching /medsea_oce/nrt/op/out/mfs_eas9/o//20250119/medfs-eas9_6h_20250119_20250127_ALL_grid_T.nc to /g100_work/OGS_prodC/OPA/V11C/prod/inpdir/forecast/20250119/CMCC_PHYS/login04.18715.23334/medfs-eas9_6h_20250119_20250127_ALL_grid_T.nc
PrEx 20250119-15:10:50   0<  echo " get /medsea_oce/nrt/op/out/mfs_eas9/o//20250119/medfs-eas9_6h_20250119_20250127_ALL_grid_T.nc /g100_work/OGS_prodC/OPA/V11C/prod/inpdir/forecast/20250119/CMCC_PHYS/login04.18715.23334 " | sftp -i /g100/home/usera07ogs/a07ogs00/OPA/V11C/etc/sftp-config/g100_cmcc-key -P 20022 ogs@dtn01.cmcc.it   [ok]
PrEx 20250119-15:10:50    > /g100/home/usera07ogs/a07ogs00/OPA/V11C/HOST/g100/bin/ncdump -h /g100_work/OGS_prodC/OPA/V11C/prod/inpdir/forecast/20250119/CMCC_PHYS/login04.18715.23334/medfs-eas9_6h_20250119_20250127_ALL_grid_T.nc > /dev/null
PrEx 20250119-15:10:50   0< /g100/home/usera07ogs/a07ogs00/OPA/V11C/HOST/g100/bin/ncdump -h /g100_work/OGS_prodC/OPA/V11C/prod/inpdir/forecast/20250119/CMCC_PHYS/login04.18715.23334/medfs-eas9_6h_20250119_20250127_ALL_grid_T.nc > /dev/null [ok]
PrEx 20250119-15:10:50 < mv     /g100_work/OGS_prodC/OPA/V11C/prod/inpdir/forecast/20250119/CMCC_PHYS/login04.18715.23334/medfs-eas9_6h_20250119_20250127_ALL_grid_T.nc /g100_work/OGS_prodC/OPA/V11C/prod/inpdir/forecast/20250119/CMCC_PHYS [Ok]
PrEx 20250119-15:10:50 < ln -fs /g100_work/OGS_prodC/OPA/V11C/prod/inpdir/forecast/20250119/CMCC_PHYS/medfs-eas9_6h_20250119_20250127_ALL_grid_T.nc /g100_work/OGS_prodC/OPA/V11C/prod/wrkdir/forecast/0/CMCC_PHYS/T20250127-12:00:00.nc [Ok]
### file [medfs-eas9_6h_20250119_20250127_ALL_grid_U.nc] does not exist => try to download
### [1] trying to download '/medsea_oce/nrt/op/out/mfs_eas9/o//20250119/medfs-eas9_6h_20250119_20250127_ALL_grid_U.nc'...
PrEx 20250119-15:10:50    >  echo " get /medsea_oce/nrt/op/out/mfs_eas9/o//20250119/medfs-eas9_6h_20250119_20250127_ALL_grid_U.nc /g100_work/OGS_prodC/OPA/V11C/prod/inpdir/forecast/20250119/CMCC_PHYS/login04.18715.23334 " | sftp -i /g100/home/usera07ogs/a07ogs00/OPA/V11C/etc/sftp-config/g100_cmcc-key -P 20022 ogs@dtn01.cmcc.it  
Connected to dtn01.cmcc.it.
sftp>  get /medsea_oce/nrt/op/out/mfs_eas9/o//20250119/medfs-eas9_6h_20250119_20250127_ALL_grid_U.nc /g100_work/OGS_prodC/OPA/V11C/prod/inpdir/forecast/20250119/CMCC_PHYS/login04.18715.23334 
Fetching /medsea_oce/nrt/op/out/mfs_eas9/o//20250119/medfs-eas9_6h_20250119_20250127_ALL_grid_U.nc to /g100_work/OGS_prodC/OPA/V11C/prod/inpdir/forecast/20250119/CMCC_PHYS/login04.18715.23334/medfs-eas9_6h_20250119_20250127_ALL_grid_U.nc
PrEx 20250119-15:10:59   0<  echo " get /medsea_oce/nrt/op/out/mfs_eas9/o//20250119/medfs-eas9_6h_20250119_20250127_ALL_grid_U.nc /g100_work/OGS_prodC/OPA/V11C/prod/inpdir/forecast/20250119/CMCC_PHYS/login04.18715.23334 " | sftp -i /g100/home/usera07ogs/a07ogs00/OPA/V11C/etc/sftp-config/g100_cmcc-key -P 20022 ogs@dtn01.cmcc.it   [ok]
PrEx 20250119-15:10:59    > /g100/home/usera07ogs/a07ogs00/OPA/V11C/HOST/g100/bin/ncdump -h /g100_work/OGS_prodC/OPA/V11C/prod/inpdir/forecast/20250119/CMCC_PHYS/login04.18715.23334/medfs-eas9_6h_20250119_20250127_ALL_grid_U.nc > /dev/null
PrEx 20250119-15:10:59   0< /g100/home/usera07ogs/a07ogs00/OPA/V11C/HOST/g100/bin/ncdump -h /g100_work/OGS_prodC/OPA/V11C/prod/inpdir/forecast/20250119/CMCC_PHYS/login04.18715.23334/medfs-eas9_6h_20250119_20250127_ALL_grid_U.nc > /dev/null [ok]
PrEx 20250119-15:10:59 < mv     /g100_work/OGS_prodC/OPA/V11C/prod/inpdir/forecast/20250119/CMCC_PHYS/login04.18715.23334/medfs-eas9_6h_20250119_20250127_ALL_grid_U.nc /g100_work/OGS_prodC/OPA/V11C/prod/inpdir/forecast/20250119/CMCC_PHYS [Ok]
PrEx 20250119-15:10:59 < ln -fs /g100_work/OGS_prodC/OPA/V11C/prod/inpdir/forecast/20250119/CMCC_PHYS/medfs-eas9_6h_20250119_20250127_ALL_grid_U.nc /g100_work/OGS_prodC/OPA/V11C/prod/wrkdir/forecast/0/CMCC_PHYS/U20250127-12:00:00.nc [Ok]
### file [medfs-eas9_6h_20250119_20250127_ALL_grid_V.nc] does not exist => try to download
### [1] trying to download '/medsea_oce/nrt/op/out/mfs_eas9/o//20250119/medfs-eas9_6h_20250119_20250127_ALL_grid_V.nc'...
PrEx 20250119-15:10:59    >  echo " get /medsea_oce/nrt/op/out/mfs_eas9/o//20250119/medfs-eas9_6h_20250119_20250127_ALL_grid_V.nc /g100_work/OGS_prodC/OPA/V11C/prod/inpdir/forecast/20250119/CMCC_PHYS/login04.18715.23334 " | sftp -i /g100/home/usera07ogs/a07ogs00/OPA/V11C/etc/sftp-config/g100_cmcc-key -P 20022 ogs@dtn01.cmcc.it  
Connected to dtn01.cmcc.it.
sftp>  get /medsea_oce/nrt/op/out/mfs_eas9/o//20250119/medfs-eas9_6h_20250119_20250127_ALL_grid_V.nc /g100_work/OGS_prodC/OPA/V11C/prod/inpdir/forecast/20250119/CMCC_PHYS/login04.18715.23334 
Fetching /medsea_oce/nrt/op/out/mfs_eas9/o//20250119/medfs-eas9_6h_20250119_20250127_ALL_grid_V.nc to /g100_work/OGS_prodC/OPA/V11C/prod/inpdir/forecast/20250119/CMCC_PHYS/login04.18715.23334/medfs-eas9_6h_20250119_20250127_ALL_grid_V.nc
PrEx 20250119-15:11:07   0<  echo " get /medsea_oce/nrt/op/out/mfs_eas9/o//20250119/medfs-eas9_6h_20250119_20250127_ALL_grid_V.nc /g100_work/OGS_prodC/OPA/V11C/prod/inpdir/forecast/20250119/CMCC_PHYS/login04.18715.23334 " | sftp -i /g100/home/usera07ogs/a07ogs00/OPA/V11C/etc/sftp-config/g100_cmcc-key -P 20022 ogs@dtn01.cmcc.it   [ok]
PrEx 20250119-15:11:07    > /g100/home/usera07ogs/a07ogs00/OPA/V11C/HOST/g100/bin/ncdump -h /g100_work/OGS_prodC/OPA/V11C/prod/inpdir/forecast/20250119/CMCC_PHYS/login04.18715.23334/medfs-eas9_6h_20250119_20250127_ALL_grid_V.nc > /dev/null
PrEx 20250119-15:11:07   0< /g100/home/usera07ogs/a07ogs00/OPA/V11C/HOST/g100/bin/ncdump -h /g100_work/OGS_prodC/OPA/V11C/prod/inpdir/forecast/20250119/CMCC_PHYS/login04.18715.23334/medfs-eas9_6h_20250119_20250127_ALL_grid_V.nc > /dev/null [ok]
PrEx 20250119-15:11:07 < mv     /g100_work/OGS_prodC/OPA/V11C/prod/inpdir/forecast/20250119/CMCC_PHYS/login04.18715.23334/medfs-eas9_6h_20250119_20250127_ALL_grid_V.nc /g100_work/OGS_prodC/OPA/V11C/prod/inpdir/forecast/20250119/CMCC_PHYS [Ok]
PrEx 20250119-15:11:07 < ln -fs /g100_work/OGS_prodC/OPA/V11C/prod/inpdir/forecast/20250119/CMCC_PHYS/medfs-eas9_6h_20250119_20250127_ALL_grid_V.nc /g100_work/OGS_prodC/OPA/V11C/prod/wrkdir/forecast/0/CMCC_PHYS/V20250127-12:00:00.nc [Ok]
### file [medfs-eas9_6h_20250119_20250127_ALL_grid_W.nc] does not exist => try to download
### [1] trying to download '/medsea_oce/nrt/op/out/mfs_eas9/o//20250119/medfs-eas9_6h_20250119_20250127_ALL_grid_W.nc'...
PrEx 20250119-15:11:07    >  echo " get /medsea_oce/nrt/op/out/mfs_eas9/o//20250119/medfs-eas9_6h_20250119_20250127_ALL_grid_W.nc /g100_work/OGS_prodC/OPA/V11C/prod/inpdir/forecast/20250119/CMCC_PHYS/login04.18715.23334 " | sftp -i /g100/home/usera07ogs/a07ogs00/OPA/V11C/etc/sftp-config/g100_cmcc-key -P 20022 ogs@dtn01.cmcc.it  
Connected to dtn01.cmcc.it.
sftp>  get /medsea_oce/nrt/op/out/mfs_eas9/o//20250119/medfs-eas9_6h_20250119_20250127_ALL_grid_W.nc /g100_work/OGS_prodC/OPA/V11C/prod/inpdir/forecast/20250119/CMCC_PHYS/login04.18715.23334 
Fetching /medsea_oce/nrt/op/out/mfs_eas9/o//20250119/medfs-eas9_6h_20250119_20250127_ALL_grid_W.nc to /g100_work/OGS_prodC/OPA/V11C/prod/inpdir/forecast/20250119/CMCC_PHYS/login04.18715.23334/medfs-eas9_6h_20250119_20250127_ALL_grid_W.nc
PrEx 20250119-15:11:18   0<  echo " get /medsea_oce/nrt/op/out/mfs_eas9/o//20250119/medfs-eas9_6h_20250119_20250127_ALL_grid_W.nc /g100_work/OGS_prodC/OPA/V11C/prod/inpdir/forecast/20250119/CMCC_PHYS/login04.18715.23334 " | sftp -i /g100/home/usera07ogs/a07ogs00/OPA/V11C/etc/sftp-config/g100_cmcc-key -P 20022 ogs@dtn01.cmcc.it   [ok]
PrEx 20250119-15:11:18    > /g100/home/usera07ogs/a07ogs00/OPA/V11C/HOST/g100/bin/ncdump -h /g100_work/OGS_prodC/OPA/V11C/prod/inpdir/forecast/20250119/CMCC_PHYS/login04.18715.23334/medfs-eas9_6h_20250119_20250127_ALL_grid_W.nc > /dev/null
PrEx 20250119-15:11:18   0< /g100/home/usera07ogs/a07ogs00/OPA/V11C/HOST/g100/bin/ncdump -h /g100_work/OGS_prodC/OPA/V11C/prod/inpdir/forecast/20250119/CMCC_PHYS/login04.18715.23334/medfs-eas9_6h_20250119_20250127_ALL_grid_W.nc > /dev/null [ok]
PrEx 20250119-15:11:18 < mv     /g100_work/OGS_prodC/OPA/V11C/prod/inpdir/forecast/20250119/CMCC_PHYS/login04.18715.23334/medfs-eas9_6h_20250119_20250127_ALL_grid_W.nc /g100_work/OGS_prodC/OPA/V11C/prod/inpdir/forecast/20250119/CMCC_PHYS [Ok]
PrEx 20250119-15:11:18 < ln -fs /g100_work/OGS_prodC/OPA/V11C/prod/inpdir/forecast/20250119/CMCC_PHYS/medfs-eas9_6h_20250119_20250127_ALL_grid_W.nc /g100_work/OGS_prodC/OPA/V11C/prod/wrkdir/forecast/0/CMCC_PHYS/W20250127-12:00:00.nc [Ok]
### file [medfs-eas9_6h_20250119_20250128_ALL_grid_T.nc] does not exist => try to download
### [1] trying to download '/medsea_oce/nrt/op/out/mfs_eas9/o//20250119/medfs-eas9_6h_20250119_20250128_ALL_grid_T.nc'...
PrEx 20250119-15:11:18    >  echo " get /medsea_oce/nrt/op/out/mfs_eas9/o//20250119/medfs-eas9_6h_20250119_20250128_ALL_grid_T.nc /g100_work/OGS_prodC/OPA/V11C/prod/inpdir/forecast/20250119/CMCC_PHYS/login04.18715.23334 " | sftp -i /g100/home/usera07ogs/a07ogs00/OPA/V11C/etc/sftp-config/g100_cmcc-key -P 20022 ogs@dtn01.cmcc.it  
Connected to dtn01.cmcc.it.
sftp>  get /medsea_oce/nrt/op/out/mfs_eas9/o//20250119/medfs-eas9_6h_20250119_20250128_ALL_grid_T.nc /g100_work/OGS_prodC/OPA/V11C/prod/inpdir/forecast/20250119/CMCC_PHYS/login04.18715.23334 
Fetching /medsea_oce/nrt/op/out/mfs_eas9/o//20250119/medfs-eas9_6h_20250119_20250128_ALL_grid_T.nc to /g100_work/OGS_prodC/OPA/V11C/prod/inpdir/forecast/20250119/CMCC_PHYS/login04.18715.23334/medfs-eas9_6h_20250119_20250128_ALL_grid_T.nc
PrEx 20250119-15:11:32   0<  echo " get /medsea_oce/nrt/op/out/mfs_eas9/o//20250119/medfs-eas9_6h_20250119_20250128_ALL_grid_T.nc /g100_work/OGS_prodC/OPA/V11C/prod/inpdir/forecast/20250119/CMCC_PHYS/login04.18715.23334 " | sftp -i /g100/home/usera07ogs/a07ogs00/OPA/V11C/etc/sftp-config/g100_cmcc-key -P 20022 ogs@dtn01.cmcc.it   [ok]
PrEx 20250119-15:11:32    > /g100/home/usera07ogs/a07ogs00/OPA/V11C/HOST/g100/bin/ncdump -h /g100_work/OGS_prodC/OPA/V11C/prod/inpdir/forecast/20250119/CMCC_PHYS/login04.18715.23334/medfs-eas9_6h_20250119_20250128_ALL_grid_T.nc > /dev/null
PrEx 20250119-15:11:32   0< /g100/home/usera07ogs/a07ogs00/OPA/V11C/HOST/g100/bin/ncdump -h /g100_work/OGS_prodC/OPA/V11C/prod/inpdir/forecast/20250119/CMCC_PHYS/login04.18715.23334/medfs-eas9_6h_20250119_20250128_ALL_grid_T.nc > /dev/null [ok]
PrEx 20250119-15:11:32 < mv     /g100_work/OGS_prodC/OPA/V11C/prod/inpdir/forecast/20250119/CMCC_PHYS/login04.18715.23334/medfs-eas9_6h_20250119_20250128_ALL_grid_T.nc /g100_work/OGS_prodC/OPA/V11C/prod/inpdir/forecast/20250119/CMCC_PHYS [Ok]
PrEx 20250119-15:11:32 < ln -fs /g100_work/OGS_prodC/OPA/V11C/prod/inpdir/forecast/20250119/CMCC_PHYS/medfs-eas9_6h_20250119_20250128_ALL_grid_T.nc /g100_work/OGS_prodC/OPA/V11C/prod/wrkdir/forecast/0/CMCC_PHYS/T20250128-12:00:00.nc [Ok]
### file [medfs-eas9_6h_20250119_20250128_ALL_grid_U.nc] does not exist => try to download
### [1] trying to download '/medsea_oce/nrt/op/out/mfs_eas9/o//20250119/medfs-eas9_6h_20250119_20250128_ALL_grid_U.nc'...
PrEx 20250119-15:11:32    >  echo " get /medsea_oce/nrt/op/out/mfs_eas9/o//20250119/medfs-eas9_6h_20250119_20250128_ALL_grid_U.nc /g100_work/OGS_prodC/OPA/V11C/prod/inpdir/forecast/20250119/CMCC_PHYS/login04.18715.23334 " | sftp -i /g100/home/usera07ogs/a07ogs00/OPA/V11C/etc/sftp-config/g100_cmcc-key -P 20022 ogs@dtn01.cmcc.it  
Connected to dtn01.cmcc.it.
sftp>  get /medsea_oce/nrt/op/out/mfs_eas9/o//20250119/medfs-eas9_6h_20250119_20250128_ALL_grid_U.nc /g100_work/OGS_prodC/OPA/V11C/prod/inpdir/forecast/20250119/CMCC_PHYS/login04.18715.23334 
Fetching /medsea_oce/nrt/op/out/mfs_eas9/o//20250119/medfs-eas9_6h_20250119_20250128_ALL_grid_U.nc to /g100_work/OGS_prodC/OPA/V11C/prod/inpdir/forecast/20250119/CMCC_PHYS/login04.18715.23334/medfs-eas9_6h_20250119_20250128_ALL_grid_U.nc
PrEx 20250119-15:11:40   0<  echo " get /medsea_oce/nrt/op/out/mfs_eas9/o//20250119/medfs-eas9_6h_20250119_20250128_ALL_grid_U.nc /g100_work/OGS_prodC/OPA/V11C/prod/inpdir/forecast/20250119/CMCC_PHYS/login04.18715.23334 " | sftp -i /g100/home/usera07ogs/a07ogs00/OPA/V11C/etc/sftp-config/g100_cmcc-key -P 20022 ogs@dtn01.cmcc.it   [ok]
PrEx 20250119-15:11:40    > /g100/home/usera07ogs/a07ogs00/OPA/V11C/HOST/g100/bin/ncdump -h /g100_work/OGS_prodC/OPA/V11C/prod/inpdir/forecast/20250119/CMCC_PHYS/login04.18715.23334/medfs-eas9_6h_20250119_20250128_ALL_grid_U.nc > /dev/null
PrEx 20250119-15:11:40   0< /g100/home/usera07ogs/a07ogs00/OPA/V11C/HOST/g100/bin/ncdump -h /g100_work/OGS_prodC/OPA/V11C/prod/inpdir/forecast/20250119/CMCC_PHYS/login04.18715.23334/medfs-eas9_6h_20250119_20250128_ALL_grid_U.nc > /dev/null [ok]
PrEx 20250119-15:11:40 < mv     /g100_work/OGS_prodC/OPA/V11C/prod/inpdir/forecast/20250119/CMCC_PHYS/login04.18715.23334/medfs-eas9_6h_20250119_20250128_ALL_grid_U.nc /g100_work/OGS_prodC/OPA/V11C/prod/inpdir/forecast/20250119/CMCC_PHYS [Ok]
PrEx 20250119-15:11:40 < ln -fs /g100_work/OGS_prodC/OPA/V11C/prod/inpdir/forecast/20250119/CMCC_PHYS/medfs-eas9_6h_20250119_20250128_ALL_grid_U.nc /g100_work/OGS_prodC/OPA/V11C/prod/wrkdir/forecast/0/CMCC_PHYS/U20250128-12:00:00.nc [Ok]
### file [medfs-eas9_6h_20250119_20250128_ALL_grid_V.nc] does not exist => try to download
### [1] trying to download '/medsea_oce/nrt/op/out/mfs_eas9/o//20250119/medfs-eas9_6h_20250119_20250128_ALL_grid_V.nc'...
PrEx 20250119-15:11:40    >  echo " get /medsea_oce/nrt/op/out/mfs_eas9/o//20250119/medfs-eas9_6h_20250119_20250128_ALL_grid_V.nc /g100_work/OGS_prodC/OPA/V11C/prod/inpdir/forecast/20250119/CMCC_PHYS/login04.18715.23334 " | sftp -i /g100/home/usera07ogs/a07ogs00/OPA/V11C/etc/sftp-config/g100_cmcc-key -P 20022 ogs@dtn01.cmcc.it  
Connected to dtn01.cmcc.it.
sftp>  get /medsea_oce/nrt/op/out/mfs_eas9/o//20250119/medfs-eas9_6h_20250119_20250128_ALL_grid_V.nc /g100_work/OGS_prodC/OPA/V11C/prod/inpdir/forecast/20250119/CMCC_PHYS/login04.18715.23334 
Fetching /medsea_oce/nrt/op/out/mfs_eas9/o//20250119/medfs-eas9_6h_20250119_20250128_ALL_grid_V.nc to /g100_work/OGS_prodC/OPA/V11C/prod/inpdir/forecast/20250119/CMCC_PHYS/login04.18715.23334/medfs-eas9_6h_20250119_20250128_ALL_grid_V.nc
PrEx 20250119-15:11:49   0<  echo " get /medsea_oce/nrt/op/out/mfs_eas9/o//20250119/medfs-eas9_6h_20250119_20250128_ALL_grid_V.nc /g100_work/OGS_prodC/OPA/V11C/prod/inpdir/forecast/20250119/CMCC_PHYS/login04.18715.23334 " | sftp -i /g100/home/usera07ogs/a07ogs00/OPA/V11C/etc/sftp-config/g100_cmcc-key -P 20022 ogs@dtn01.cmcc.it   [ok]
PrEx 20250119-15:11:49    > /g100/home/usera07ogs/a07ogs00/OPA/V11C/HOST/g100/bin/ncdump -h /g100_work/OGS_prodC/OPA/V11C/prod/inpdir/forecast/20250119/CMCC_PHYS/login04.18715.23334/medfs-eas9_6h_20250119_20250128_ALL_grid_V.nc > /dev/null
PrEx 20250119-15:11:49   0< /g100/home/usera07ogs/a07ogs00/OPA/V11C/HOST/g100/bin/ncdump -h /g100_work/OGS_prodC/OPA/V11C/prod/inpdir/forecast/20250119/CMCC_PHYS/login04.18715.23334/medfs-eas9_6h_20250119_20250128_ALL_grid_V.nc > /dev/null [ok]
PrEx 20250119-15:11:49 < mv     /g100_work/OGS_prodC/OPA/V11C/prod/inpdir/forecast/20250119/CMCC_PHYS/login04.18715.23334/medfs-eas9_6h_20250119_20250128_ALL_grid_V.nc /g100_work/OGS_prodC/OPA/V11C/prod/inpdir/forecast/20250119/CMCC_PHYS [Ok]
PrEx 20250119-15:11:49 < ln -fs /g100_work/OGS_prodC/OPA/V11C/prod/inpdir/forecast/20250119/CMCC_PHYS/medfs-eas9_6h_20250119_20250128_ALL_grid_V.nc /g100_work/OGS_prodC/OPA/V11C/prod/wrkdir/forecast/0/CMCC_PHYS/V20250128-12:00:00.nc [Ok]
### file [medfs-eas9_6h_20250119_20250128_ALL_grid_W.nc] does not exist => try to download
### [1] trying to download '/medsea_oce/nrt/op/out/mfs_eas9/o//20250119/medfs-eas9_6h_20250119_20250128_ALL_grid_W.nc'...
PrEx 20250119-15:11:49    >  echo " get /medsea_oce/nrt/op/out/mfs_eas9/o//20250119/medfs-eas9_6h_20250119_20250128_ALL_grid_W.nc /g100_work/OGS_prodC/OPA/V11C/prod/inpdir/forecast/20250119/CMCC_PHYS/login04.18715.23334 " | sftp -i /g100/home/usera07ogs/a07ogs00/OPA/V11C/etc/sftp-config/g100_cmcc-key -P 20022 ogs@dtn01.cmcc.it  
Connected to dtn01.cmcc.it.
sftp>  get /medsea_oce/nrt/op/out/mfs_eas9/o//20250119/medfs-eas9_6h_20250119_20250128_ALL_grid_W.nc /g100_work/OGS_prodC/OPA/V11C/prod/inpdir/forecast/20250119/CMCC_PHYS/login04.18715.23334 
Fetching /medsea_oce/nrt/op/out/mfs_eas9/o//20250119/medfs-eas9_6h_20250119_20250128_ALL_grid_W.nc to /g100_work/OGS_prodC/OPA/V11C/prod/inpdir/forecast/20250119/CMCC_PHYS/login04.18715.23334/medfs-eas9_6h_20250119_20250128_ALL_grid_W.nc
PrEx 20250119-15:12:00   0<  echo " get /medsea_oce/nrt/op/out/mfs_eas9/o//20250119/medfs-eas9_6h_20250119_20250128_ALL_grid_W.nc /g100_work/OGS_prodC/OPA/V11C/prod/inpdir/forecast/20250119/CMCC_PHYS/login04.18715.23334 " | sftp -i /g100/home/usera07ogs/a07ogs00/OPA/V11C/etc/sftp-config/g100_cmcc-key -P 20022 ogs@dtn01.cmcc.it   [ok]
PrEx 20250119-15:12:00    > /g100/home/usera07ogs/a07ogs00/OPA/V11C/HOST/g100/bin/ncdump -h /g100_work/OGS_prodC/OPA/V11C/prod/inpdir/forecast/20250119/CMCC_PHYS/login04.18715.23334/medfs-eas9_6h_20250119_20250128_ALL_grid_W.nc > /dev/null
PrEx 20250119-15:12:00   0< /g100/home/usera07ogs/a07ogs00/OPA/V11C/HOST/g100/bin/ncdump -h /g100_work/OGS_prodC/OPA/V11C/prod/inpdir/forecast/20250119/CMCC_PHYS/login04.18715.23334/medfs-eas9_6h_20250119_20250128_ALL_grid_W.nc > /dev/null [ok]
PrEx 20250119-15:12:00 < mv     /g100_work/OGS_prodC/OPA/V11C/prod/inpdir/forecast/20250119/CMCC_PHYS/login04.18715.23334/medfs-eas9_6h_20250119_20250128_ALL_grid_W.nc /g100_work/OGS_prodC/OPA/V11C/prod/inpdir/forecast/20250119/CMCC_PHYS [Ok]
PrEx 20250119-15:12:00 < ln -fs /g100_work/OGS_prodC/OPA/V11C/prod/inpdir/forecast/20250119/CMCC_PHYS/medfs-eas9_6h_20250119_20250128_ALL_grid_W.nc /g100_work/OGS_prodC/OPA/V11C/prod/wrkdir/forecast/0/CMCC_PHYS/W20250128-12:00:00.nc [Ok]
EventID:2025/01/19:15:12:00 , TimeStamp:target_time_recover , ProdCycle:20250119 , TypeRegistration:bio_transfer-tl-input_forcing-fail
PrEx 20250119-15:12:00    > rm /g100/home/usera07ogs/a07ogs00/OPA/V11C/log/forecast/report/opa.20250119.log.tmp
PrEx 20250119-15:12:00   0< rm /g100/home/usera07ogs/a07ogs00/OPA/V11C/log/forecast/report/opa.20250119.log.tmp [ok]
2025/01/19:15:12:00 , target_time_recover , 20250119 , bio_transfer-tl-input_forcing
20250119-15:12:00 01 (002) : All files successfully downloaded!
EventID:2025/01/19:15:12:00 , TimeStamp:target_time_recover , ProdCycle:20250119 , TypeRegistration:bio_transfer-tl-input_available-fail
PrEx 20250119-15:12:00    > rm /g100/home/usera07ogs/a07ogs00/OPA/V11C/log/forecast/report/opa.20250119.log.tmp
PrEx 20250119-15:12:00   0< rm /g100/home/usera07ogs/a07ogs00/OPA/V11C/log/forecast/report/opa.20250119.log.tmp [ok]
2025/01/19:15:12:00 , target_time_recover , 20250119 , bio_transfer-tl-input_available
20250119-15:12:00 00 (002) : * EXIT(opa_get.ksh) [Ok]
