PrEx 20250119-15:12:06    > . /cineca/prod/opt/environment/module/4.7.0/none/init/ksh
PrEx 20250119-15:12:06   0< . /cineca/prod/opt/environment/module/4.7.0/none/init/ksh [ok]
PrEx 20250119-15:12:06    > module load autoload
PrEx 20250119-15:12:06   0< module load autoload [ok]
PrEx 20250119-15:12:06    > module load intelmpi/oneapi-2021--binary
PrEx 20250119-15:12:06   0< module load intelmpi/oneapi-2021--binary [ok]
PrEx 20250119-15:12:06    > module load mkl/oneapi-2021--binary
PrEx 20250119-15:12:06   0< module load mkl/oneapi-2021--binary [ok]
PrEx 20250119-15:12:06    > module load nco
PrEx 20250119-15:12:06   0< module load nco [ok]
PrEx 20250119-15:12:06    > module load python/3.11.7--gcc--10.2.0
PrEx 20250119-15:12:06   0< module load python/3.11.7--gcc--10.2.0 [ok]
PrEx 20250119-15:12:06    > ulimit -s unlimited
PrEx 20250119-15:12:06   0< ulimit -s unlimited [ok]
### OPA_RUNDATE ...................... '20250119'
### OPA_WEEKDAY ...................... '0'
### OPA_TODAY ........................ '20250119'
### OPA_DEFAULT_RUNDATE .............. '20250119'
### OPA_PRODDATE ..................... '20250119'
### OPA_RESTART_RUNDATE .............. '20250118'
### OPA_RESTART_WEEKDAY .............. '6'
20250119-15:12:06 00 (002) : * START(opa_model__phase_B1.ksh)
PrEx 20250119-15:12:06    > source /g100/home/usera07ogs/a07ogs00/OPA/V11C/HOST/g100/venv/bin/activate
PrEx 20250119-15:12:06   0< source /g100/home/usera07ogs/a07ogs00/OPA/V11C/HOST/g100/venv/bin/activate [ok]
PrEx 20250119-15:12:06    > mpirun python tagliafile.py -i /g100_work/OGS_prodC/OPA/V11C/prod/wrkdir/forecast/0/CMCC_PHYS -o /g100_work/OGS_prodC/OPA/V11C/prod/wrkdir/forecast/0/CMCC_PHYS/6h/ 
rank 2 executes ./cut_singlefile_op.sh -i /g100_work/OGS_prodC/OPA/V11C/prod/wrkdir/forecast/0/CMCC_PHYS/T20250119-12:00:00.nc -o /g100_work/OGS_prodC/OPA/V11C/prod/wrkdir/forecast/0/CMCC_PHYS/6h/
rank 6 executes ./cut_singlefile_op.sh -i /g100_work/OGS_prodC/OPA/V11C/prod/wrkdir/forecast/0/CMCC_PHYS/T20250123-12:00:00.nc -o /g100_work/OGS_prodC/OPA/V11C/prod/wrkdir/forecast/0/CMCC_PHYS/6h/
rank 21 executes ./cut_singlefile_op.sh -i /g100_work/OGS_prodC/OPA/V11C/prod/wrkdir/forecast/0/CMCC_PHYS/U20250125-12:00:00.nc -o /g100_work/OGS_prodC/OPA/V11C/prod/wrkdir/forecast/0/CMCC_PHYS/6h/
rank 33 executes ./cut_singlefile_op.sh -i /g100_work/OGS_prodC/OPA/V11C/prod/wrkdir/forecast/0/CMCC_PHYS/V20250124-12:00:00.nc -o /g100_work/OGS_prodC/OPA/V11C/prod/wrkdir/forecast/0/CMCC_PHYS/6h/
rank 39 executes ./cut_singlefile_op.sh -i /g100_work/OGS_prodC/OPA/V11C/prod/wrkdir/forecast/0/CMCC_PHYS/W20250118-00:00:00.nc -o /g100_work/OGS_prodC/OPA/V11C/prod/wrkdir/forecast/0/CMCC_PHYS/6h/
rank 14 executes ./cut_singlefile_op.sh -i /g100_work/OGS_prodC/OPA/V11C/prod/wrkdir/forecast/0/CMCC_PHYS/U20250118-12:00:00.nc -o /g100_work/OGS_prodC/OPA/V11C/prod/wrkdir/forecast/0/CMCC_PHYS/6h/
rank 34 executes ./cut_singlefile_op.sh -i /g100_work/OGS_prodC/OPA/V11C/prod/wrkdir/forecast/0/CMCC_PHYS/V20250125-12:00:00.nc -o /g100_work/OGS_prodC/OPA/V11C/prod/wrkdir/forecast/0/CMCC_PHYS/6h/
rank 26 executes ./cut_singlefile_op.sh -i /g100_work/OGS_prodC/OPA/V11C/prod/wrkdir/forecast/0/CMCC_PHYS/V20250118-00:00:00.nc -o /g100_work/OGS_prodC/OPA/V11C/prod/wrkdir/forecast/0/CMCC_PHYS/6h/
rank 9 executes ./cut_singlefile_op.sh -i /g100_work/OGS_prodC/OPA/V11C/prod/wrkdir/forecast/0/CMCC_PHYS/T20250126-12:00:00.nc -o /g100_work/OGS_prodC/OPA/V11C/prod/wrkdir/forecast/0/CMCC_PHYS/6h/
rank 31 executes ./cut_singlefile_op.sh -i /g100_work/OGS_prodC/OPA/V11C/prod/wrkdir/forecast/0/CMCC_PHYS/V20250122-12:00:00.nc -o /g100_work/OGS_prodC/OPA/V11C/prod/wrkdir/forecast/0/CMCC_PHYS/6h/
rank 17 executes ./cut_singlefile_op.sh -i /g100_work/OGS_prodC/OPA/V11C/prod/wrkdir/forecast/0/CMCC_PHYS/U20250121-12:00:00.nc -o /g100_work/OGS_prodC/OPA/V11C/prod/wrkdir/forecast/0/CMCC_PHYS/6h/
rank 16 executes ./cut_singlefile_op.sh -i /g100_work/OGS_prodC/OPA/V11C/prod/wrkdir/forecast/0/CMCC_PHYS/U20250120-12:00:00.nc -o /g100_work/OGS_prodC/OPA/V11C/prod/wrkdir/forecast/0/CMCC_PHYS/6h/
rank 1 executes ./cut_singlefile_op.sh -i /g100_work/OGS_prodC/OPA/V11C/prod/wrkdir/forecast/0/CMCC_PHYS/T20250118-12:00:00.nc -o /g100_work/OGS_prodC/OPA/V11C/prod/wrkdir/forecast/0/CMCC_PHYS/6h/
rank 15 executes ./cut_singlefile_op.sh -i /g100_work/OGS_prodC/OPA/V11C/prod/wrkdir/forecast/0/CMCC_PHYS/U20250119-12:00:00.nc -o /g100_work/OGS_prodC/OPA/V11C/prod/wrkdir/forecast/0/CMCC_PHYS/6h/
rank 20 executes ./cut_singlefile_op.sh -i /g100_work/OGS_prodC/OPA/V11C/prod/wrkdir/forecast/0/CMCC_PHYS/U20250124-12:00:00.nc -o /g100_work/OGS_prodC/OPA/V11C/prod/wrkdir/forecast/0/CMCC_PHYS/6h/
rank 4 executes ./cut_singlefile_op.sh -i /g100_work/OGS_prodC/OPA/V11C/prod/wrkdir/forecast/0/CMCC_PHYS/T20250121-12:00:00.nc -o /g100_work/OGS_prodC/OPA/V11C/prod/wrkdir/forecast/0/CMCC_PHYS/6h/
rank 38 executes ./cut_singlefile_op.sh -i /g100_work/OGS_prodC/OPA/V11C/prod/wrkdir/forecast/0/CMCC_PHYS/V20250129-12:00:00.nc -o /g100_work/OGS_prodC/OPA/V11C/prod/wrkdir/forecast/0/CMCC_PHYS/6h/
rank 19 executes ./cut_singlefile_op.sh -i /g100_work/OGS_prodC/OPA/V11C/prod/wrkdir/forecast/0/CMCC_PHYS/U20250123-12:00:00.nc -o /g100_work/OGS_prodC/OPA/V11C/prod/wrkdir/forecast/0/CMCC_PHYS/6h/
rank 45 executes ./cut_singlefile_op.sh -i /g100_work/OGS_prodC/OPA/V11C/prod/wrkdir/forecast/0/CMCC_PHYS/W20250123-12:00:00.nc -o /g100_work/OGS_prodC/OPA/V11C/prod/wrkdir/forecast/0/CMCC_PHYS/6h/
rank 32 executes ./cut_singlefile_op.sh -i /g100_work/OGS_prodC/OPA/V11C/prod/wrkdir/forecast/0/CMCC_PHYS/V20250123-12:00:00.nc -o /g100_work/OGS_prodC/OPA/V11C/prod/wrkdir/forecast/0/CMCC_PHYS/6h/
rank 46 executes ./cut_singlefile_op.sh -i /g100_work/OGS_prodC/OPA/V11C/prod/wrkdir/forecast/0/CMCC_PHYS/W20250124-12:00:00.nc -o /g100_work/OGS_prodC/OPA/V11C/prod/wrkdir/forecast/0/CMCC_PHYS/6h/
rank 3 executes ./cut_singlefile_op.sh -i /g100_work/OGS_prodC/OPA/V11C/prod/wrkdir/forecast/0/CMCC_PHYS/T20250120-12:00:00.nc -o /g100_work/OGS_prodC/OPA/V11C/prod/wrkdir/forecast/0/CMCC_PHYS/6h/
rank 22 executes ./cut_singlefile_op.sh -i /g100_work/OGS_prodC/OPA/V11C/prod/wrkdir/forecast/0/CMCC_PHYS/U20250126-12:00:00.nc -o /g100_work/OGS_prodC/OPA/V11C/prod/wrkdir/forecast/0/CMCC_PHYS/6h/
rank 29 executes ./cut_singlefile_op.sh -i /g100_work/OGS_prodC/OPA/V11C/prod/wrkdir/forecast/0/CMCC_PHYS/V20250120-12:00:00.nc -o /g100_work/OGS_prodC/OPA/V11C/prod/wrkdir/forecast/0/CMCC_PHYS/6h/
rank 36 executes ./cut_singlefile_op.sh -i /g100_work/OGS_prodC/OPA/V11C/prod/wrkdir/forecast/0/CMCC_PHYS/V20250127-12:00:00.nc -o /g100_work/OGS_prodC/OPA/V11C/prod/wrkdir/forecast/0/CMCC_PHYS/6h/
rank 0 executes ./cut_singlefile_op.sh -i /g100_work/OGS_prodC/OPA/V11C/prod/wrkdir/forecast/0/CMCC_PHYS/T20250118-00:00:00.nc -o /g100_work/OGS_prodC/OPA/V11C/prod/wrkdir/forecast/0/CMCC_PHYS/6h/
rank 5 executes ./cut_singlefile_op.sh -i /g100_work/OGS_prodC/OPA/V11C/prod/wrkdir/forecast/0/CMCC_PHYS/T20250122-12:00:00.nc -o /g100_work/OGS_prodC/OPA/V11C/prod/wrkdir/forecast/0/CMCC_PHYS/6h/
rank 7 executes ./cut_singlefile_op.sh -i /g100_work/OGS_prodC/OPA/V11C/prod/wrkdir/forecast/0/CMCC_PHYS/T20250124-12:00:00.nc -o /g100_work/OGS_prodC/OPA/V11C/prod/wrkdir/forecast/0/CMCC_PHYS/6h/
rank 8 executes ./cut_singlefile_op.sh -i /g100_work/OGS_prodC/OPA/V11C/prod/wrkdir/forecast/0/CMCC_PHYS/T20250125-12:00:00.nc -o /g100_work/OGS_prodC/OPA/V11C/prod/wrkdir/forecast/0/CMCC_PHYS/6h/
rank 10 executes ./cut_singlefile_op.sh -i /g100_work/OGS_prodC/OPA/V11C/prod/wrkdir/forecast/0/CMCC_PHYS/T20250127-12:00:00.nc -o /g100_work/OGS_prodC/OPA/V11C/prod/wrkdir/forecast/0/CMCC_PHYS/6h/
rank 11 executes ./cut_singlefile_op.sh -i /g100_work/OGS_prodC/OPA/V11C/prod/wrkdir/forecast/0/CMCC_PHYS/T20250128-12:00:00.nc -o /g100_work/OGS_prodC/OPA/V11C/prod/wrkdir/forecast/0/CMCC_PHYS/6h/
rank 12 executes ./cut_singlefile_op.sh -i /g100_work/OGS_prodC/OPA/V11C/prod/wrkdir/forecast/0/CMCC_PHYS/T20250129-12:00:00.nc -o /g100_work/OGS_prodC/OPA/V11C/prod/wrkdir/forecast/0/CMCC_PHYS/6h/
rank 13 executes ./cut_singlefile_op.sh -i /g100_work/OGS_prodC/OPA/V11C/prod/wrkdir/forecast/0/CMCC_PHYS/U20250118-00:00:00.nc -o /g100_work/OGS_prodC/OPA/V11C/prod/wrkdir/forecast/0/CMCC_PHYS/6h/
rank 18 executes ./cut_singlefile_op.sh -i /g100_work/OGS_prodC/OPA/V11C/prod/wrkdir/forecast/0/CMCC_PHYS/U20250122-12:00:00.nc -o /g100_work/OGS_prodC/OPA/V11C/prod/wrkdir/forecast/0/CMCC_PHYS/6h/
rank 23 executes ./cut_singlefile_op.sh -i /g100_work/OGS_prodC/OPA/V11C/prod/wrkdir/forecast/0/CMCC_PHYS/U20250127-12:00:00.nc -o /g100_work/OGS_prodC/OPA/V11C/prod/wrkdir/forecast/0/CMCC_PHYS/6h/
rank 24 executes ./cut_singlefile_op.sh -i /g100_work/OGS_prodC/OPA/V11C/prod/wrkdir/forecast/0/CMCC_PHYS/U20250128-12:00:00.nc -o /g100_work/OGS_prodC/OPA/V11C/prod/wrkdir/forecast/0/CMCC_PHYS/6h/
rank 25 executes ./cut_singlefile_op.sh -i /g100_work/OGS_prodC/OPA/V11C/prod/wrkdir/forecast/0/CMCC_PHYS/U20250129-12:00:00.nc -o /g100_work/OGS_prodC/OPA/V11C/prod/wrkdir/forecast/0/CMCC_PHYS/6h/
rank 27 executes ./cut_singlefile_op.sh -i /g100_work/OGS_prodC/OPA/V11C/prod/wrkdir/forecast/0/CMCC_PHYS/V20250118-12:00:00.nc -o /g100_work/OGS_prodC/OPA/V11C/prod/wrkdir/forecast/0/CMCC_PHYS/6h/
rank 28 executes ./cut_singlefile_op.sh -i /g100_work/OGS_prodC/OPA/V11C/prod/wrkdir/forecast/0/CMCC_PHYS/V20250119-12:00:00.nc -o /g100_work/OGS_prodC/OPA/V11C/prod/wrkdir/forecast/0/CMCC_PHYS/6h/
rank 30 executes ./cut_singlefile_op.sh -i /g100_work/OGS_prodC/OPA/V11C/prod/wrkdir/forecast/0/CMCC_PHYS/V20250121-12:00:00.nc -o /g100_work/OGS_prodC/OPA/V11C/prod/wrkdir/forecast/0/CMCC_PHYS/6h/
rank 35 executes ./cut_singlefile_op.sh -i /g100_work/OGS_prodC/OPA/V11C/prod/wrkdir/forecast/0/CMCC_PHYS/V20250126-12:00:00.nc -o /g100_work/OGS_prodC/OPA/V11C/prod/wrkdir/forecast/0/CMCC_PHYS/6h/
rank 37 executes ./cut_singlefile_op.sh -i /g100_work/OGS_prodC/OPA/V11C/prod/wrkdir/forecast/0/CMCC_PHYS/V20250128-12:00:00.nc -o /g100_work/OGS_prodC/OPA/V11C/prod/wrkdir/forecast/0/CMCC_PHYS/6h/
rank 40 executes ./cut_singlefile_op.sh -i /g100_work/OGS_prodC/OPA/V11C/prod/wrkdir/forecast/0/CMCC_PHYS/W20250118-12:00:00.nc -o /g100_work/OGS_prodC/OPA/V11C/prod/wrkdir/forecast/0/CMCC_PHYS/6h/
rank 41 executes ./cut_singlefile_op.sh -i /g100_work/OGS_prodC/OPA/V11C/prod/wrkdir/forecast/0/CMCC_PHYS/W20250119-12:00:00.nc -o /g100_work/OGS_prodC/OPA/V11C/prod/wrkdir/forecast/0/CMCC_PHYS/6h/
rank 42 executes ./cut_singlefile_op.sh -i /g100_work/OGS_prodC/OPA/V11C/prod/wrkdir/forecast/0/CMCC_PHYS/W20250120-12:00:00.nc -o /g100_work/OGS_prodC/OPA/V11C/prod/wrkdir/forecast/0/CMCC_PHYS/6h/
rank 43 executes ./cut_singlefile_op.sh -i /g100_work/OGS_prodC/OPA/V11C/prod/wrkdir/forecast/0/CMCC_PHYS/W20250121-12:00:00.nc -o /g100_work/OGS_prodC/OPA/V11C/prod/wrkdir/forecast/0/CMCC_PHYS/6h/
rank 44 executes ./cut_singlefile_op.sh -i /g100_work/OGS_prodC/OPA/V11C/prod/wrkdir/forecast/0/CMCC_PHYS/W20250122-12:00:00.nc -o /g100_work/OGS_prodC/OPA/V11C/prod/wrkdir/forecast/0/CMCC_PHYS/6h/
rank 47 executes ./cut_singlefile_op.sh -i /g100_work/OGS_prodC/OPA/V11C/prod/wrkdir/forecast/0/CMCC_PHYS/W20250125-12:00:00.nc -o /g100_work/OGS_prodC/OPA/V11C/prod/wrkdir/forecast/0/CMCC_PHYS/6h/
rank 49 executes ./cut_singlefile_op.sh -i /g100_work/OGS_prodC/OPA/V11C/prod/wrkdir/forecast/0/CMCC_PHYS/W20250127-12:00:00.nc -o /g100_work/OGS_prodC/OPA/V11C/prod/wrkdir/forecast/0/CMCC_PHYS/6h/
rank 48 executes ./cut_singlefile_op.sh -i /g100_work/OGS_prodC/OPA/V11C/prod/wrkdir/forecast/0/CMCC_PHYS/W20250126-12:00:00.nc -o /g100_work/OGS_prodC/OPA/V11C/prod/wrkdir/forecast/0/CMCC_PHYS/6h/
rank 50 executes ./cut_singlefile_op.sh -i /g100_work/OGS_prodC/OPA/V11C/prod/wrkdir/forecast/0/CMCC_PHYS/W20250128-12:00:00.nc -o /g100_work/OGS_prodC/OPA/V11C/prod/wrkdir/forecast/0/CMCC_PHYS/6h/
rank 51 executes ./cut_singlefile_op.sh -i /g100_work/OGS_prodC/OPA/V11C/prod/wrkdir/forecast/0/CMCC_PHYS/W20250129-12:00:00.nc -o /g100_work/OGS_prodC/OPA/V11C/prod/wrkdir/forecast/0/CMCC_PHYS/6h/
PrEx 20250119-15:13:00   0< mpirun python tagliafile.py -i /g100_work/OGS_prodC/OPA/V11C/prod/wrkdir/forecast/0/CMCC_PHYS -o /g100_work/OGS_prodC/OPA/V11C/prod/wrkdir/forecast/0/CMCC_PHYS/6h/  [ok]
PrEx 20250119-15:13:00    > mpirun python averager.py -i /g100_work/OGS_prodC/OPA/V11C/prod/wrkdir/forecast/0/CMCC_PHYS/6h/ -o /g100_work/OGS_prodC/OPA/V11C/prod/wrkdir/forecast/0/CMCC_PHYS/24h -f 24 
rank 9 /g100_work/OGS_prodC/OPA/V11C/prod/wrkdir/forecast/0/CMCC_PHYS/24h/U20250127-12:00:00.nc
rank 11 /g100_work/OGS_prodC/OPA/V11C/prod/wrkdir/forecast/0/CMCC_PHYS/24h/U20250129-12:00:00.nc
rank 0 /g100_work/OGS_prodC/OPA/V11C/prod/wrkdir/forecast/0/CMCC_PHYS/24h/U20250118-12:00:00.nc
rank 1 /g100_work/OGS_prodC/OPA/V11C/prod/wrkdir/forecast/0/CMCC_PHYS/24h/U20250119-12:00:00.nc
rank 2 /g100_work/OGS_prodC/OPA/V11C/prod/wrkdir/forecast/0/CMCC_PHYS/24h/U20250120-12:00:00.nc
rank 3 /g100_work/OGS_prodC/OPA/V11C/prod/wrkdir/forecast/0/CMCC_PHYS/24h/U20250121-12:00:00.nc
rank 4 /g100_work/OGS_prodC/OPA/V11C/prod/wrkdir/forecast/0/CMCC_PHYS/24h/U20250122-12:00:00.nc
rank 5 /g100_work/OGS_prodC/OPA/V11C/prod/wrkdir/forecast/0/CMCC_PHYS/24h/U20250123-12:00:00.nc
rank 6 /g100_work/OGS_prodC/OPA/V11C/prod/wrkdir/forecast/0/CMCC_PHYS/24h/U20250124-12:00:00.nc
rank 7 /g100_work/OGS_prodC/OPA/V11C/prod/wrkdir/forecast/0/CMCC_PHYS/24h/U20250125-12:00:00.nc
rank 8 /g100_work/OGS_prodC/OPA/V11C/prod/wrkdir/forecast/0/CMCC_PHYS/24h/U20250126-12:00:00.nc
rank 10 /g100_work/OGS_prodC/OPA/V11C/prod/wrkdir/forecast/0/CMCC_PHYS/24h/U20250128-12:00:00.nc
rank 2 /g100_work/OGS_prodC/OPA/V11C/prod/wrkdir/forecast/0/CMCC_PHYS/24h/V20250120-12:00:00.nc
rank 10 /g100_work/OGS_prodC/OPA/V11C/prod/wrkdir/forecast/0/CMCC_PHYS/24h/V20250128-12:00:00.nc
rank 11 /g100_work/OGS_prodC/OPA/V11C/prod/wrkdir/forecast/0/CMCC_PHYS/24h/V20250129-12:00:00.nc
rank 7 /g100_work/OGS_prodC/OPA/V11C/prod/wrkdir/forecast/0/CMCC_PHYS/24h/V20250125-12:00:00.nc
rank 6 /g100_work/OGS_prodC/OPA/V11C/prod/wrkdir/forecast/0/CMCC_PHYS/24h/V20250124-12:00:00.nc
rank 1 /g100_work/OGS_prodC/OPA/V11C/prod/wrkdir/forecast/0/CMCC_PHYS/24h/V20250119-12:00:00.nc
rank 4 /g100_work/OGS_prodC/OPA/V11C/prod/wrkdir/forecast/0/CMCC_PHYS/24h/V20250122-12:00:00.nc
rank 0 /g100_work/OGS_prodC/OPA/V11C/prod/wrkdir/forecast/0/CMCC_PHYS/24h/V20250118-12:00:00.nc
rank 8 /g100_work/OGS_prodC/OPA/V11C/prod/wrkdir/forecast/0/CMCC_PHYS/24h/V20250126-12:00:00.nc
rank 5 /g100_work/OGS_prodC/OPA/V11C/prod/wrkdir/forecast/0/CMCC_PHYS/24h/V20250123-12:00:00.nc
rank 9 /g100_work/OGS_prodC/OPA/V11C/prod/wrkdir/forecast/0/CMCC_PHYS/24h/V20250127-12:00:00.nc
rank 3 /g100_work/OGS_prodC/OPA/V11C/prod/wrkdir/forecast/0/CMCC_PHYS/24h/V20250121-12:00:00.nc
rank 2 /g100_work/OGS_prodC/OPA/V11C/prod/wrkdir/forecast/0/CMCC_PHYS/24h/W20250120-12:00:00.nc
rank 10 /g100_work/OGS_prodC/OPA/V11C/prod/wrkdir/forecast/0/CMCC_PHYS/24h/W20250128-12:00:00.nc
rank 6 /g100_work/OGS_prodC/OPA/V11C/prod/wrkdir/forecast/0/CMCC_PHYS/24h/W20250124-12:00:00.nc
rank 1 /g100_work/OGS_prodC/OPA/V11C/prod/wrkdir/forecast/0/CMCC_PHYS/24h/W20250119-12:00:00.nc
rank 0 /g100_work/OGS_prodC/OPA/V11C/prod/wrkdir/forecast/0/CMCC_PHYS/24h/W20250118-12:00:00.nc
rank 9 /g100_work/OGS_prodC/OPA/V11C/prod/wrkdir/forecast/0/CMCC_PHYS/24h/W20250127-12:00:00.nc
rank 3 /g100_work/OGS_prodC/OPA/V11C/prod/wrkdir/forecast/0/CMCC_PHYS/24h/W20250121-12:00:00.nc
rank 8 /g100_work/OGS_prodC/OPA/V11C/prod/wrkdir/forecast/0/CMCC_PHYS/24h/W20250126-12:00:00.nc
rank 5 /g100_work/OGS_prodC/OPA/V11C/prod/wrkdir/forecast/0/CMCC_PHYS/24h/W20250123-12:00:00.nc
rank 4 /g100_work/OGS_prodC/OPA/V11C/prod/wrkdir/forecast/0/CMCC_PHYS/24h/W20250122-12:00:00.nc
rank 7 /g100_work/OGS_prodC/OPA/V11C/prod/wrkdir/forecast/0/CMCC_PHYS/24h/W20250125-12:00:00.nc
rank 11 /g100_work/OGS_prodC/OPA/V11C/prod/wrkdir/forecast/0/CMCC_PHYS/24h/W20250129-12:00:00.nc
rank 2 /g100_work/OGS_prodC/OPA/V11C/prod/wrkdir/forecast/0/CMCC_PHYS/24h/T20250120-12:00:00.nc
rank 6 /g100_work/OGS_prodC/OPA/V11C/prod/wrkdir/forecast/0/CMCC_PHYS/24h/T20250124-12:00:00.nc
rank 10 /g100_work/OGS_prodC/OPA/V11C/prod/wrkdir/forecast/0/CMCC_PHYS/24h/T20250128-12:00:00.nc
rank 0 /g100_work/OGS_prodC/OPA/V11C/prod/wrkdir/forecast/0/CMCC_PHYS/24h/T20250118-12:00:00.nc
rank 3 /g100_work/OGS_prodC/OPA/V11C/prod/wrkdir/forecast/0/CMCC_PHYS/24h/T20250121-12:00:00.nc
rank 5 /g100_work/OGS_prodC/OPA/V11C/prod/wrkdir/forecast/0/CMCC_PHYS/24h/T20250123-12:00:00.nc
rank 1 /g100_work/OGS_prodC/OPA/V11C/prod/wrkdir/forecast/0/CMCC_PHYS/24h/T20250119-12:00:00.nc
rank 7 /g100_work/OGS_prodC/OPA/V11C/prod/wrkdir/forecast/0/CMCC_PHYS/24h/T20250125-12:00:00.nc
rank 8 /g100_work/OGS_prodC/OPA/V11C/prod/wrkdir/forecast/0/CMCC_PHYS/24h/T20250126-12:00:00.nc
rank 4 /g100_work/OGS_prodC/OPA/V11C/prod/wrkdir/forecast/0/CMCC_PHYS/24h/T20250122-12:00:00.nc
rank 9 /g100_work/OGS_prodC/OPA/V11C/prod/wrkdir/forecast/0/CMCC_PHYS/24h/T20250127-12:00:00.nc
rank 11 /g100_work/OGS_prodC/OPA/V11C/prod/wrkdir/forecast/0/CMCC_PHYS/24h/T20250129-12:00:00.nc
PrEx 20250119-15:13:58   0< mpirun python averager.py -i /g100_work/OGS_prodC/OPA/V11C/prod/wrkdir/forecast/0/CMCC_PHYS/6h/ -o /g100_work/OGS_prodC/OPA/V11C/prod/wrkdir/forecast/0/CMCC_PHYS/24h -f 24  [ok]
PrEx 20250119-15:13:58    > ln -fs /g100_work/OGS_prodC/OPA/V11C/prod/wrkdir/forecast/0/CMCC_PHYS/24h/U20250118-12:00:00.nc /g100_work/OGS_prodC/OPA/V11C/prod/wrkdir/forecast/0/CMCC_PHYS/24h/U20250118-00:00:00.nc
PrEx 20250119-15:13:58   0< ln -fs /g100_work/OGS_prodC/OPA/V11C/prod/wrkdir/forecast/0/CMCC_PHYS/24h/U20250118-12:00:00.nc /g100_work/OGS_prodC/OPA/V11C/prod/wrkdir/forecast/0/CMCC_PHYS/24h/U20250118-00:00:00.nc [ok]
PrEx 20250119-15:13:58    > ln -fs /g100_work/OGS_prodC/OPA/V11C/prod/wrkdir/forecast/0/CMCC_PHYS/24h/V20250118-12:00:00.nc /g100_work/OGS_prodC/OPA/V11C/prod/wrkdir/forecast/0/CMCC_PHYS/24h/V20250118-00:00:00.nc
PrEx 20250119-15:13:58   0< ln -fs /g100_work/OGS_prodC/OPA/V11C/prod/wrkdir/forecast/0/CMCC_PHYS/24h/V20250118-12:00:00.nc /g100_work/OGS_prodC/OPA/V11C/prod/wrkdir/forecast/0/CMCC_PHYS/24h/V20250118-00:00:00.nc [ok]
PrEx 20250119-15:13:58    > ln -fs /g100_work/OGS_prodC/OPA/V11C/prod/wrkdir/forecast/0/CMCC_PHYS/24h/W20250118-12:00:00.nc /g100_work/OGS_prodC/OPA/V11C/prod/wrkdir/forecast/0/CMCC_PHYS/24h/W20250118-00:00:00.nc
PrEx 20250119-15:13:58   0< ln -fs /g100_work/OGS_prodC/OPA/V11C/prod/wrkdir/forecast/0/CMCC_PHYS/24h/W20250118-12:00:00.nc /g100_work/OGS_prodC/OPA/V11C/prod/wrkdir/forecast/0/CMCC_PHYS/24h/W20250118-00:00:00.nc [ok]
PrEx 20250119-15:13:58    > ln -fs /g100_work/OGS_prodC/OPA/V11C/prod/wrkdir/forecast/0/CMCC_PHYS/24h/T20250118-12:00:00.nc /g100_work/OGS_prodC/OPA/V11C/prod/wrkdir/forecast/0/CMCC_PHYS/24h/T20250118-00:00:00.nc
PrEx 20250119-15:13:58   0< ln -fs /g100_work/OGS_prodC/OPA/V11C/prod/wrkdir/forecast/0/CMCC_PHYS/24h/T20250118-12:00:00.nc /g100_work/OGS_prodC/OPA/V11C/prod/wrkdir/forecast/0/CMCC_PHYS/24h/T20250118-00:00:00.nc [ok]
restart_arc_dir=/g100_work/OGS_prodC/OPA/V11C/prod/archive/forecast/20250118/MODEL
PrEx 20250119-15:13:58    > tar -xf /g100_work/OGS_prodC/OPA/V11C/prod/archive/forecast/20250118/MODEL/RST.20250118.tar -C /g100_work/OGS_prodC/OPA/V11C/prod/wrkdir/forecast/0/MODEL/RESTARTS/
PrEx 20250119-15:14:07   0< tar -xf /g100_work/OGS_prodC/OPA/V11C/prod/archive/forecast/20250118/MODEL/RST.20250118.tar -C /g100_work/OGS_prodC/OPA/V11C/prod/wrkdir/forecast/0/MODEL/RESTARTS/ [ok]
PrEx 20250119-15:14:08 < cp /g100/home/usera07ogs/a07ogs00/OPA/V11C/tpl/namelists/Benthic_Environment.nml /g100_work/OGS_prodC/OPA/V11C/prod/wrkdir/forecast/0/MODEL/Benthic_Environment.nml [Ok]
PrEx 20250119-15:14:08 < cp /g100/home/usera07ogs/a07ogs00/OPA/V11C/tpl/namelists/BFM_General.nml /g100_work/OGS_prodC/OPA/V11C/prod/wrkdir/forecast/0/MODEL/BFM_General.nml [Ok]
PrEx 20250119-15:14:08 < cp /g100/home/usera07ogs/a07ogs00/OPA/V11C/tpl/namelists/Carbonate_Dynamics.nml /g100_work/OGS_prodC/OPA/V11C/prod/wrkdir/forecast/0/MODEL/Carbonate_Dynamics.nml [Ok]
PrEx 20250119-15:14:08 < cp /g100/home/usera07ogs/a07ogs00/OPA/V11C/tpl/namelists/Pelagic_Ecology.nml /g100_work/OGS_prodC/OPA/V11C/prod/wrkdir/forecast/0/MODEL/Pelagic_Ecology.nml [Ok]
PrEx 20250119-15:14:08 < cp /g100/home/usera07ogs/a07ogs00/OPA/V11C/tpl/namelists/Pelagic_Environment.nml /g100_work/OGS_prodC/OPA/V11C/prod/wrkdir/forecast/0/MODEL/Pelagic_Environment.nml [Ok]
PrEx 20250119-15:14:08 < cp /g100/home/usera07ogs/a07ogs00/OPA/V11C/tpl/namelists/Standalone.nml /g100_work/OGS_prodC/OPA/V11C/prod/wrkdir/forecast/0/MODEL/Standalone.nml [Ok]
PrEx 20250119-15:14:08 < cp /g100/home/usera07ogs/a07ogs00/OPA/V11C/tpl/namelists/boundaries.nml /g100_work/OGS_prodC/OPA/V11C/prod/wrkdir/forecast/0/MODEL/boundaries.nml [Ok]
PrEx 20250119-15:14:08 < cp /g100/home/usera07ogs/a07ogs00/OPA/V11C/tpl/namelists/atl.nml /g100_work/OGS_prodC/OPA/V11C/prod/wrkdir/forecast/0/MODEL/atl.nml [Ok]
PrEx 20250119-15:14:08 < cp /g100/home/usera07ogs/a07ogs00/OPA/V11C/tpl/namelists/dar.nml /g100_work/OGS_prodC/OPA/V11C/prod/wrkdir/forecast/0/MODEL/dar.nml [Ok]
PrEx 20250119-15:14:08 < cp /g100/home/usera07ogs/a07ogs00/OPA/V11C/tpl/namelists/gi1.nml /g100_work/OGS_prodC/OPA/V11C/prod/wrkdir/forecast/0/MODEL/gi1.nml [Ok]
PrEx 20250119-15:14:08 < cp /g100/home/usera07ogs/a07ogs00/OPA/V11C/tpl/namelists/gi2.nml /g100_work/OGS_prodC/OPA/V11C/prod/wrkdir/forecast/0/MODEL/gi2.nml [Ok]
PrEx 20250119-15:14:08 < cp /g100/home/usera07ogs/a07ogs00/OPA/V11C/tpl/namelists/gi3.nml /g100_work/OGS_prodC/OPA/V11C/prod/wrkdir/forecast/0/MODEL/gi3.nml [Ok]
PrEx 20250119-15:14:08 < cp /g100/home/usera07ogs/a07ogs00/OPA/V11C/tpl/namelists/riv.nml /g100_work/OGS_prodC/OPA/V11C/prod/wrkdir/forecast/0/MODEL/riv.nml [Ok]
PrEx 20250119-15:14:08 < cp /g100/home/usera07ogs/a07ogs00/OPA/V11C/tpl/namelists/po_.nml /g100_work/OGS_prodC/OPA/V11C/prod/wrkdir/forecast/0/MODEL/po_.nml [Ok]
PrEx 20250119-15:14:08 < cp /g100/home/usera07ogs/a07ogs00/OPA/V11C/tpl/namelists/namelist.passivetrc /g100_work/OGS_prodC/OPA/V11C/prod/wrkdir/forecast/0/MODEL/namelist.passivetrc [Ok]
PrEx 20250119-15:14:09 < cp /g100/home/usera07ogs/a07ogs00/OPA/V11C/tpl/namelists/namelist.init /g100_work/OGS_prodC/OPA/V11C/prod/wrkdir/forecast/0/MODEL/namelist.init [Ok]
PrEx 20250119-15:14:09 < cp /g100/home/usera07ogs/a07ogs00/OPA/V11C/tpl/namelists/namelist.phys /g100_work/OGS_prodC/OPA/V11C/prod/wrkdir/forecast/0/MODEL/namelist.phys [Ok]
PrEx 20250119-15:14:09 < cp /g100/home/usera07ogs/a07ogs00/OPA/V11C/tpl/namelists/namelist.optics /g100_work/OGS_prodC/OPA/V11C/prod/wrkdir/forecast/0/MODEL/namelist.optics [Ok]
PrEx 20250119-15:14:09 < cp /g100/home/usera07ogs/a07ogs00/OPA/V11C/tpl/namelists/oasim_config.yaml /g100_work/OGS_prodC/OPA/V11C/prod/wrkdir/forecast/0/MODEL/oasim_config.yaml [Ok]
PrEx 20250119-15:14:09 < cp /g100/home/usera07ogs/a07ogs00/OPA/V11C/tpl/namelists/var_3d_nml /g100_work/OGS_prodC/OPA/V11C/prod/wrkdir/forecast/0/MODEL/var_3d_nml [Ok]
PrEx 20250119-15:14:09 < cp /g100/home/usera07ogs/a07ogs00/OPA/V11C/tpl/namelists/bcs/abso_nn.dat /g100_work/OGS_prodC/OPA/V11C/prod/wrkdir/forecast/0/MODEL/bcs/abso_nn.dat [Ok]
PrEx 20250119-15:14:09 < cp /g100/home/usera07ogs/a07ogs00/OPA/V11C/tpl/namelists/bcs/abw25_morel.dat /g100_work/OGS_prodC/OPA/V11C/prod/wrkdir/forecast/0/MODEL/bcs/abw25_morel.dat [Ok]
PrEx 20250119-15:14:09 < cp /g100/home/usera07ogs/a07ogs00/OPA/V11C/tpl/namelists/bcs/acbc25b.dat /g100_work/OGS_prodC/OPA/V11C/prod/wrkdir/forecast/0/MODEL/bcs/acbc25b.dat [Ok]
PrEx 20250119-15:14:09 < cp /g100/home/usera07ogs/a07ogs00/OPA/V11C/tpl/namelists/bcs/atmo_nn.dat /g100_work/OGS_prodC/OPA/V11C/prod/wrkdir/forecast/0/MODEL/bcs/atmo_nn.dat [Ok]
PrEx 20250119-15:14:09 < cp /g100/home/usera07ogs/a07ogs00/OPA/V11C/tpl/namelists/bcs/bin_n.dat /g100_work/OGS_prodC/OPA/V11C/prod/wrkdir/forecast/0/MODEL/bcs/bin_n.dat [Ok]
PrEx 20250119-15:14:09 < cp /g100/home/usera07ogs/a07ogs00/OPA/V11C/tpl/namelists/bcs/cdom25b.dat /g100_work/OGS_prodC/OPA/V11C/prod/wrkdir/forecast/0/MODEL/bcs/cdom25b.dat [Ok]
PrEx 20250119-15:14:09 < cp /g100/home/usera07ogs/a07ogs00/OPA/V11C/tpl/namelists/bcs/poc25b.dat /g100_work/OGS_prodC/OPA/V11C/prod/wrkdir/forecast/0/MODEL/bcs/poc25b.dat [Ok]
PrEx 20250119-15:14:09 < cp /g100/home/usera07ogs/a07ogs00/OPA/V11C/tpl/namelists/bcs/slingo_nn.dat /g100_work/OGS_prodC/OPA/V11C/prod/wrkdir/forecast/0/MODEL/bcs/slingo_nn.dat [Ok]
PrEx 20250119-15:14:09 < cp /g100/home/usera07ogs/a07ogs00/OPA/V11C/etc/static-data/DOMAIN/5nodes-csl/domdec.txt /g100_work/OGS_prodC/OPA/V11C/prod/wrkdir/forecast/0/MODEL/domdec.txt [Ok]
PrEx 20250119-15:14:10 < cp /g100/home/usera07ogs/a07ogs00/OPA/V11C/etc/static-data/MODEL/bfmmask.nc /g100_work/OGS_prodC/OPA/V11C/prod/wrkdir/forecast/0/MODEL/bfmmask.nc [Ok]
PrEx 20250119-15:14:26 < cp /g100/home/usera07ogs/a07ogs00/OPA/V11C/etc/static-data/MED24_125/bounmask.nc /g100_work/OGS_prodC/OPA/V11C/prod/wrkdir/forecast/0/MODEL/bounmask.nc [Ok]
PrEx 20250119-15:14:29 < cp /g100/home/usera07ogs/a07ogs00/OPA/V11C/etc/static-data/MED24_125/meshmask.nc /g100_work/OGS_prodC/OPA/V11C/prod/wrkdir/forecast/0/MODEL/meshmask.nc [Ok]
PrEx 20250119-15:14:29    > cd /g100_work/OGS_prodC/OPA/V11C/prod/wrkdir/forecast/0/MODEL
PrEx 20250119-15:14:29   0< cd /g100_work/OGS_prodC/OPA/V11C/prod/wrkdir/forecast/0/MODEL [ok]
PrEx 20250119-15:14:29 < cp /g100/home/usera07ogs/a07ogs00/OPA/V11C/etc/static-data/MODEL/ATM/climatm.yyyy0115-00:00:00.nc /g100_work/OGS_prodC/OPA/V11C/prod/wrkdir/forecast/0/MODEL/OPTICS/climatm.yyyy0115-00:00:00.nc [Ok]
PrEx 20250119-15:14:30 < cp /g100/home/usera07ogs/a07ogs00/OPA/V11C/etc/static-data/MODEL/ATM/climatm.yyyy0215-00:00:00.nc /g100_work/OGS_prodC/OPA/V11C/prod/wrkdir/forecast/0/MODEL/OPTICS/climatm.yyyy0215-00:00:00.nc [Ok]
PrEx 20250119-15:14:30 < cp /g100/home/usera07ogs/a07ogs00/OPA/V11C/etc/static-data/MODEL/ATM/climatm.yyyy0315-00:00:00.nc /g100_work/OGS_prodC/OPA/V11C/prod/wrkdir/forecast/0/MODEL/OPTICS/climatm.yyyy0315-00:00:00.nc [Ok]
PrEx 20250119-15:14:30 < cp /g100/home/usera07ogs/a07ogs00/OPA/V11C/etc/static-data/MODEL/ATM/climatm.yyyy0415-00:00:00.nc /g100_work/OGS_prodC/OPA/V11C/prod/wrkdir/forecast/0/MODEL/OPTICS/climatm.yyyy0415-00:00:00.nc [Ok]
PrEx 20250119-15:14:30 < cp /g100/home/usera07ogs/a07ogs00/OPA/V11C/etc/static-data/MODEL/ATM/climatm.yyyy0515-00:00:00.nc /g100_work/OGS_prodC/OPA/V11C/prod/wrkdir/forecast/0/MODEL/OPTICS/climatm.yyyy0515-00:00:00.nc [Ok]
PrEx 20250119-15:14:30 < cp /g100/home/usera07ogs/a07ogs00/OPA/V11C/etc/static-data/MODEL/ATM/climatm.yyyy0615-00:00:00.nc /g100_work/OGS_prodC/OPA/V11C/prod/wrkdir/forecast/0/MODEL/OPTICS/climatm.yyyy0615-00:00:00.nc [Ok]
PrEx 20250119-15:14:30 < cp /g100/home/usera07ogs/a07ogs00/OPA/V11C/etc/static-data/MODEL/ATM/climatm.yyyy0715-00:00:00.nc /g100_work/OGS_prodC/OPA/V11C/prod/wrkdir/forecast/0/MODEL/OPTICS/climatm.yyyy0715-00:00:00.nc [Ok]
PrEx 20250119-15:14:30 < cp /g100/home/usera07ogs/a07ogs00/OPA/V11C/etc/static-data/MODEL/ATM/climatm.yyyy0815-00:00:00.nc /g100_work/OGS_prodC/OPA/V11C/prod/wrkdir/forecast/0/MODEL/OPTICS/climatm.yyyy0815-00:00:00.nc [Ok]
PrEx 20250119-15:14:30 < cp /g100/home/usera07ogs/a07ogs00/OPA/V11C/etc/static-data/MODEL/ATM/climatm.yyyy0915-00:00:00.nc /g100_work/OGS_prodC/OPA/V11C/prod/wrkdir/forecast/0/MODEL/OPTICS/climatm.yyyy0915-00:00:00.nc [Ok]
PrEx 20250119-15:14:31 < cp /g100/home/usera07ogs/a07ogs00/OPA/V11C/etc/static-data/MODEL/ATM/climatm.yyyy1015-00:00:00.nc /g100_work/OGS_prodC/OPA/V11C/prod/wrkdir/forecast/0/MODEL/OPTICS/climatm.yyyy1015-00:00:00.nc [Ok]
PrEx 20250119-15:14:31 < cp /g100/home/usera07ogs/a07ogs00/OPA/V11C/etc/static-data/MODEL/ATM/climatm.yyyy1115-00:00:00.nc /g100_work/OGS_prodC/OPA/V11C/prod/wrkdir/forecast/0/MODEL/OPTICS/climatm.yyyy1115-00:00:00.nc [Ok]
PrEx 20250119-15:14:31 < cp /g100/home/usera07ogs/a07ogs00/OPA/V11C/etc/static-data/MODEL/ATM/climatm.yyyy1215-00:00:00.nc /g100_work/OGS_prodC/OPA/V11C/prod/wrkdir/forecast/0/MODEL/OPTICS/climatm.yyyy1215-00:00:00.nc [Ok]
PrEx 20250119-15:14:31 < cp /g100/home/usera07ogs/a07ogs00/OPA/V11C/etc/static-data/MODEL/ATM/aero.yyyy0115-00:00:00.nc /g100_work/OGS_prodC/OPA/V11C/prod/wrkdir/forecast/0/MODEL/OPTICS/aero.yyyy0115-00:00:00.nc [Ok]
PrEx 20250119-15:14:31 < cp /g100/home/usera07ogs/a07ogs00/OPA/V11C/etc/static-data/MODEL/ATM/aero.yyyy0215-00:00:00.nc /g100_work/OGS_prodC/OPA/V11C/prod/wrkdir/forecast/0/MODEL/OPTICS/aero.yyyy0215-00:00:00.nc [Ok]
PrEx 20250119-15:14:32 < cp /g100/home/usera07ogs/a07ogs00/OPA/V11C/etc/static-data/MODEL/ATM/aero.yyyy0315-00:00:00.nc /g100_work/OGS_prodC/OPA/V11C/prod/wrkdir/forecast/0/MODEL/OPTICS/aero.yyyy0315-00:00:00.nc [Ok]
PrEx 20250119-15:14:32 < cp /g100/home/usera07ogs/a07ogs00/OPA/V11C/etc/static-data/MODEL/ATM/aero.yyyy0415-00:00:00.nc /g100_work/OGS_prodC/OPA/V11C/prod/wrkdir/forecast/0/MODEL/OPTICS/aero.yyyy0415-00:00:00.nc [Ok]
PrEx 20250119-15:14:32 < cp /g100/home/usera07ogs/a07ogs00/OPA/V11C/etc/static-data/MODEL/ATM/aero.yyyy0515-00:00:00.nc /g100_work/OGS_prodC/OPA/V11C/prod/wrkdir/forecast/0/MODEL/OPTICS/aero.yyyy0515-00:00:00.nc [Ok]
PrEx 20250119-15:14:32 < cp /g100/home/usera07ogs/a07ogs00/OPA/V11C/etc/static-data/MODEL/ATM/aero.yyyy0615-00:00:00.nc /g100_work/OGS_prodC/OPA/V11C/prod/wrkdir/forecast/0/MODEL/OPTICS/aero.yyyy0615-00:00:00.nc [Ok]
PrEx 20250119-15:14:32 < cp /g100/home/usera07ogs/a07ogs00/OPA/V11C/etc/static-data/MODEL/ATM/aero.yyyy0715-00:00:00.nc /g100_work/OGS_prodC/OPA/V11C/prod/wrkdir/forecast/0/MODEL/OPTICS/aero.yyyy0715-00:00:00.nc [Ok]
PrEx 20250119-15:14:32 < cp /g100/home/usera07ogs/a07ogs00/OPA/V11C/etc/static-data/MODEL/ATM/aero.yyyy0815-00:00:00.nc /g100_work/OGS_prodC/OPA/V11C/prod/wrkdir/forecast/0/MODEL/OPTICS/aero.yyyy0815-00:00:00.nc [Ok]
PrEx 20250119-15:14:33 < cp /g100/home/usera07ogs/a07ogs00/OPA/V11C/etc/static-data/MODEL/ATM/aero.yyyy0915-00:00:00.nc /g100_work/OGS_prodC/OPA/V11C/prod/wrkdir/forecast/0/MODEL/OPTICS/aero.yyyy0915-00:00:00.nc [Ok]
PrEx 20250119-15:14:33 < cp /g100/home/usera07ogs/a07ogs00/OPA/V11C/etc/static-data/MODEL/ATM/aero.yyyy1015-00:00:00.nc /g100_work/OGS_prodC/OPA/V11C/prod/wrkdir/forecast/0/MODEL/OPTICS/aero.yyyy1015-00:00:00.nc [Ok]
PrEx 20250119-15:14:33 < cp /g100/home/usera07ogs/a07ogs00/OPA/V11C/etc/static-data/MODEL/ATM/aero.yyyy1115-00:00:00.nc /g100_work/OGS_prodC/OPA/V11C/prod/wrkdir/forecast/0/MODEL/OPTICS/aero.yyyy1115-00:00:00.nc [Ok]
PrEx 20250119-15:14:33 < cp /g100/home/usera07ogs/a07ogs00/OPA/V11C/etc/static-data/MODEL/ATM/aero.yyyy1215-00:00:00.nc /g100_work/OGS_prodC/OPA/V11C/prod/wrkdir/forecast/0/MODEL/OPTICS/aero.yyyy1215-00:00:00.nc [Ok]
PrEx 20250119-15:14:33 < cp /g100/home/usera07ogs/a07ogs00/OPA/V11C/etc/static-data/MODEL/BC/OPE_yyyy0630-00:00:00.nc /g100_work/OGS_prodC/OPA/V11C/prod/wrkdir/forecast/0/MODEL/BC//OPE_yyyy0630-00:00:00.nc [Ok]
PrEx 20250119-15:14:34 < cp /g100/home/usera07ogs/a07ogs00/OPA/V11C/etc/static-data/MODEL/BC/ATL_yyyy0630-00:00:00.nc /g100_work/OGS_prodC/OPA/V11C/prod/wrkdir/forecast/0/MODEL/BC//ATL_yyyy0630-00:00:00.nc [Ok]
PrEx 20250119-15:14:34 < cp /g100/home/usera07ogs/a07ogs00/OPA/V11C/etc/static-data/MODEL/BC/CO2_20220702-12:00:00.nc /g100_work/OGS_prodC/OPA/V11C/prod/wrkdir/forecast/0/MODEL/BC//CO2_20220702-12:00:00.nc [Ok]
PrEx 20250119-15:14:34 < cp /g100/home/usera07ogs/a07ogs00/OPA/V11C/etc/static-data/MODEL/BC/CO2_20230702-12:00:00.nc /g100_work/OGS_prodC/OPA/V11C/prod/wrkdir/forecast/0/MODEL/BC//CO2_20230702-12:00:00.nc [Ok]
PrEx 20250119-15:14:34 < cp /g100/home/usera07ogs/a07ogs00/OPA/V11C/etc/static-data/MODEL/BC/CO2_20240702-12:00:00.nc /g100_work/OGS_prodC/OPA/V11C/prod/wrkdir/forecast/0/MODEL/BC//CO2_20240702-12:00:00.nc [Ok]
PrEx 20250119-15:14:34 < cp /g100/home/usera07ogs/a07ogs00/OPA/V11C/etc/static-data/MODEL/BC/CO2_20250702-12:00:00.nc /g100_work/OGS_prodC/OPA/V11C/prod/wrkdir/forecast/0/MODEL/BC//CO2_20250702-12:00:00.nc [Ok]
PrEx 20250119-15:14:34 < cp /g100/home/usera07ogs/a07ogs00/OPA/V11C/etc/static-data/MODEL/BC/CO2_20260702-12:00:00.nc /g100_work/OGS_prodC/OPA/V11C/prod/wrkdir/forecast/0/MODEL/BC//CO2_20260702-12:00:00.nc [Ok]
PrEx 20250119-15:14:34 < cp /g100/home/usera07ogs/a07ogs00/OPA/V11C/etc/static-data/MODEL/BC/CO2_20270702-12:00:00.nc /g100_work/OGS_prodC/OPA/V11C/prod/wrkdir/forecast/0/MODEL/BC//CO2_20270702-12:00:00.nc [Ok]
PrEx 20250119-15:14:34 < cp /g100/home/usera07ogs/a07ogs00/OPA/V11C/etc/static-data/MODEL/BC/ATM_yyyy0630-00:00:00.nc /g100_work/OGS_prodC/OPA/V11C/prod/wrkdir/forecast/0/MODEL/BC//ATM_yyyy0630-00:00:00.nc [Ok]
PrEx 20250119-15:14:36 < cp /g100/home/usera07ogs/a07ogs00/OPA/V11C/etc/static-data/MODEL/BC/GIB_yyyy0630-00:00:00.nc /g100_work/OGS_prodC/OPA/V11C/prod/wrkdir/forecast/0/MODEL/BC//GIB_yyyy0630-00:00:00.nc [Ok]
PrEx 20250119-15:14:36 < cp /g100/home/usera07ogs/a07ogs00/OPA/V11C/etc/static-data/MODEL/BC/TIN_yyyy0115-00:00:00.nc /g100_work/OGS_prodC/OPA/V11C/prod/wrkdir/forecast/0/MODEL/BC//TIN_yyyy0115-00:00:00.nc [Ok]
PrEx 20250119-15:14:36 < cp /g100/home/usera07ogs/a07ogs00/OPA/V11C/etc/static-data/MODEL/BC/TIN_yyyy0215-00:00:00.nc /g100_work/OGS_prodC/OPA/V11C/prod/wrkdir/forecast/0/MODEL/BC//TIN_yyyy0215-00:00:00.nc [Ok]
PrEx 20250119-15:14:37 < cp /g100/home/usera07ogs/a07ogs00/OPA/V11C/etc/static-data/MODEL/BC/TIN_yyyy0315-00:00:00.nc /g100_work/OGS_prodC/OPA/V11C/prod/wrkdir/forecast/0/MODEL/BC//TIN_yyyy0315-00:00:00.nc [Ok]
PrEx 20250119-15:14:37 < cp /g100/home/usera07ogs/a07ogs00/OPA/V11C/etc/static-data/MODEL/BC/TIN_yyyy0415-00:00:00.nc /g100_work/OGS_prodC/OPA/V11C/prod/wrkdir/forecast/0/MODEL/BC//TIN_yyyy0415-00:00:00.nc [Ok]
PrEx 20250119-15:14:37 < cp /g100/home/usera07ogs/a07ogs00/OPA/V11C/etc/static-data/MODEL/BC/TIN_yyyy0515-00:00:00.nc /g100_work/OGS_prodC/OPA/V11C/prod/wrkdir/forecast/0/MODEL/BC//TIN_yyyy0515-00:00:00.nc [Ok]
PrEx 20250119-15:14:37 < cp /g100/home/usera07ogs/a07ogs00/OPA/V11C/etc/static-data/MODEL/BC/TIN_yyyy0615-00:00:00.nc /g100_work/OGS_prodC/OPA/V11C/prod/wrkdir/forecast/0/MODEL/BC//TIN_yyyy0615-00:00:00.nc [Ok]
PrEx 20250119-15:14:37 < cp /g100/home/usera07ogs/a07ogs00/OPA/V11C/etc/static-data/MODEL/BC/TIN_yyyy0715-00:00:00.nc /g100_work/OGS_prodC/OPA/V11C/prod/wrkdir/forecast/0/MODEL/BC//TIN_yyyy0715-00:00:00.nc [Ok]
PrEx 20250119-15:14:37 < cp /g100/home/usera07ogs/a07ogs00/OPA/V11C/etc/static-data/MODEL/BC/TIN_yyyy0815-00:00:00.nc /g100_work/OGS_prodC/OPA/V11C/prod/wrkdir/forecast/0/MODEL/BC//TIN_yyyy0815-00:00:00.nc [Ok]
PrEx 20250119-15:14:37 < cp /g100/home/usera07ogs/a07ogs00/OPA/V11C/etc/static-data/MODEL/BC/TIN_yyyy0915-00:00:00.nc /g100_work/OGS_prodC/OPA/V11C/prod/wrkdir/forecast/0/MODEL/BC//TIN_yyyy0915-00:00:00.nc [Ok]
PrEx 20250119-15:14:38 < cp /g100/home/usera07ogs/a07ogs00/OPA/V11C/etc/static-data/MODEL/BC/TIN_yyyy1015-00:00:00.nc /g100_work/OGS_prodC/OPA/V11C/prod/wrkdir/forecast/0/MODEL/BC//TIN_yyyy1015-00:00:00.nc [Ok]
PrEx 20250119-15:14:38 < cp /g100/home/usera07ogs/a07ogs00/OPA/V11C/etc/static-data/MODEL/BC/TIN_yyyy1115-00:00:00.nc /g100_work/OGS_prodC/OPA/V11C/prod/wrkdir/forecast/0/MODEL/BC//TIN_yyyy1115-00:00:00.nc [Ok]
PrEx 20250119-15:14:38 < cp /g100/home/usera07ogs/a07ogs00/OPA/V11C/etc/static-data/MODEL/BC/TIN_yyyy1215-00:00:00.nc /g100_work/OGS_prodC/OPA/V11C/prod/wrkdir/forecast/0/MODEL/BC//TIN_yyyy1215-00:00:00.nc [Ok]
PrEx 20250119-15:14:38 < ln -fs /g100_work/OGS_prodC/OPA/V11C/prod/wrkdir/forecast/0/CMCC_PHYS/24h/T20250118-00:00:00.nc /g100_work/OGS_prodC/OPA/V11C/prod/wrkdir/forecast/0/MODEL/FORCINGS/T20250118-00:00:00.nc [Ok]
PrEx 20250119-15:14:38 < ln -fs /g100_work/OGS_prodC/OPA/V11C/prod/wrkdir/forecast/0/CMCC_PHYS/24h/T20250118-12:00:00.nc /g100_work/OGS_prodC/OPA/V11C/prod/wrkdir/forecast/0/MODEL/FORCINGS/T20250118-12:00:00.nc [Ok]
PrEx 20250119-15:14:38 < ln -fs /g100_work/OGS_prodC/OPA/V11C/prod/wrkdir/forecast/0/CMCC_PHYS/24h/T20250119-12:00:00.nc /g100_work/OGS_prodC/OPA/V11C/prod/wrkdir/forecast/0/MODEL/FORCINGS/T20250119-12:00:00.nc [Ok]
PrEx 20250119-15:14:38 < ln -fs /g100_work/OGS_prodC/OPA/V11C/prod/wrkdir/forecast/0/CMCC_PHYS/24h/T20250120-12:00:00.nc /g100_work/OGS_prodC/OPA/V11C/prod/wrkdir/forecast/0/MODEL/FORCINGS/T20250120-12:00:00.nc [Ok]
PrEx 20250119-15:14:38 < ln -fs /g100_work/OGS_prodC/OPA/V11C/prod/wrkdir/forecast/0/CMCC_PHYS/24h/T20250121-12:00:00.nc /g100_work/OGS_prodC/OPA/V11C/prod/wrkdir/forecast/0/MODEL/FORCINGS/T20250121-12:00:00.nc [Ok]
PrEx 20250119-15:14:38 < ln -fs /g100_work/OGS_prodC/OPA/V11C/prod/wrkdir/forecast/0/CMCC_PHYS/24h/T20250122-12:00:00.nc /g100_work/OGS_prodC/OPA/V11C/prod/wrkdir/forecast/0/MODEL/FORCINGS/T20250122-12:00:00.nc [Ok]
PrEx 20250119-15:14:38 < ln -fs /g100_work/OGS_prodC/OPA/V11C/prod/wrkdir/forecast/0/CMCC_PHYS/24h/T20250123-12:00:00.nc /g100_work/OGS_prodC/OPA/V11C/prod/wrkdir/forecast/0/MODEL/FORCINGS/T20250123-12:00:00.nc [Ok]
PrEx 20250119-15:14:38 < ln -fs /g100_work/OGS_prodC/OPA/V11C/prod/wrkdir/forecast/0/CMCC_PHYS/24h/T20250124-12:00:00.nc /g100_work/OGS_prodC/OPA/V11C/prod/wrkdir/forecast/0/MODEL/FORCINGS/T20250124-12:00:00.nc [Ok]
PrEx 20250119-15:14:38 < ln -fs /g100_work/OGS_prodC/OPA/V11C/prod/wrkdir/forecast/0/CMCC_PHYS/24h/T20250125-12:00:00.nc /g100_work/OGS_prodC/OPA/V11C/prod/wrkdir/forecast/0/MODEL/FORCINGS/T20250125-12:00:00.nc [Ok]
PrEx 20250119-15:14:38 < ln -fs /g100_work/OGS_prodC/OPA/V11C/prod/wrkdir/forecast/0/CMCC_PHYS/24h/T20250126-12:00:00.nc /g100_work/OGS_prodC/OPA/V11C/prod/wrkdir/forecast/0/MODEL/FORCINGS/T20250126-12:00:00.nc [Ok]
PrEx 20250119-15:14:38 < ln -fs /g100_work/OGS_prodC/OPA/V11C/prod/wrkdir/forecast/0/CMCC_PHYS/24h/T20250127-12:00:00.nc /g100_work/OGS_prodC/OPA/V11C/prod/wrkdir/forecast/0/MODEL/FORCINGS/T20250127-12:00:00.nc [Ok]
PrEx 20250119-15:14:38 < ln -fs /g100_work/OGS_prodC/OPA/V11C/prod/wrkdir/forecast/0/CMCC_PHYS/24h/T20250128-12:00:00.nc /g100_work/OGS_prodC/OPA/V11C/prod/wrkdir/forecast/0/MODEL/FORCINGS/T20250128-12:00:00.nc [Ok]
PrEx 20250119-15:14:38 < ln -fs /g100_work/OGS_prodC/OPA/V11C/prod/wrkdir/forecast/0/CMCC_PHYS/24h/T20250129-12:00:00.nc /g100_work/OGS_prodC/OPA/V11C/prod/wrkdir/forecast/0/MODEL/FORCINGS/T20250129-12:00:00.nc [Ok]
PrEx 20250119-15:14:38 < ln -fs /g100_work/OGS_prodC/OPA/V11C/prod/wrkdir/forecast/0/CMCC_PHYS/24h/U20250118-00:00:00.nc /g100_work/OGS_prodC/OPA/V11C/prod/wrkdir/forecast/0/MODEL/FORCINGS/U20250118-00:00:00.nc [Ok]
PrEx 20250119-15:14:38 < ln -fs /g100_work/OGS_prodC/OPA/V11C/prod/wrkdir/forecast/0/CMCC_PHYS/24h/U20250118-12:00:00.nc /g100_work/OGS_prodC/OPA/V11C/prod/wrkdir/forecast/0/MODEL/FORCINGS/U20250118-12:00:00.nc [Ok]
PrEx 20250119-15:14:38 < ln -fs /g100_work/OGS_prodC/OPA/V11C/prod/wrkdir/forecast/0/CMCC_PHYS/24h/U20250119-12:00:00.nc /g100_work/OGS_prodC/OPA/V11C/prod/wrkdir/forecast/0/MODEL/FORCINGS/U20250119-12:00:00.nc [Ok]
PrEx 20250119-15:14:38 < ln -fs /g100_work/OGS_prodC/OPA/V11C/prod/wrkdir/forecast/0/CMCC_PHYS/24h/U20250120-12:00:00.nc /g100_work/OGS_prodC/OPA/V11C/prod/wrkdir/forecast/0/MODEL/FORCINGS/U20250120-12:00:00.nc [Ok]
PrEx 20250119-15:14:38 < ln -fs /g100_work/OGS_prodC/OPA/V11C/prod/wrkdir/forecast/0/CMCC_PHYS/24h/U20250121-12:00:00.nc /g100_work/OGS_prodC/OPA/V11C/prod/wrkdir/forecast/0/MODEL/FORCINGS/U20250121-12:00:00.nc [Ok]
PrEx 20250119-15:14:38 < ln -fs /g100_work/OGS_prodC/OPA/V11C/prod/wrkdir/forecast/0/CMCC_PHYS/24h/U20250122-12:00:00.nc /g100_work/OGS_prodC/OPA/V11C/prod/wrkdir/forecast/0/MODEL/FORCINGS/U20250122-12:00:00.nc [Ok]
PrEx 20250119-15:14:38 < ln -fs /g100_work/OGS_prodC/OPA/V11C/prod/wrkdir/forecast/0/CMCC_PHYS/24h/U20250123-12:00:00.nc /g100_work/OGS_prodC/OPA/V11C/prod/wrkdir/forecast/0/MODEL/FORCINGS/U20250123-12:00:00.nc [Ok]
PrEx 20250119-15:14:38 < ln -fs /g100_work/OGS_prodC/OPA/V11C/prod/wrkdir/forecast/0/CMCC_PHYS/24h/U20250124-12:00:00.nc /g100_work/OGS_prodC/OPA/V11C/prod/wrkdir/forecast/0/MODEL/FORCINGS/U20250124-12:00:00.nc [Ok]
PrEx 20250119-15:14:38 < ln -fs /g100_work/OGS_prodC/OPA/V11C/prod/wrkdir/forecast/0/CMCC_PHYS/24h/U20250125-12:00:00.nc /g100_work/OGS_prodC/OPA/V11C/prod/wrkdir/forecast/0/MODEL/FORCINGS/U20250125-12:00:00.nc [Ok]
PrEx 20250119-15:14:38 < ln -fs /g100_work/OGS_prodC/OPA/V11C/prod/wrkdir/forecast/0/CMCC_PHYS/24h/U20250126-12:00:00.nc /g100_work/OGS_prodC/OPA/V11C/prod/wrkdir/forecast/0/MODEL/FORCINGS/U20250126-12:00:00.nc [Ok]
PrEx 20250119-15:14:38 < ln -fs /g100_work/OGS_prodC/OPA/V11C/prod/wrkdir/forecast/0/CMCC_PHYS/24h/U20250127-12:00:00.nc /g100_work/OGS_prodC/OPA/V11C/prod/wrkdir/forecast/0/MODEL/FORCINGS/U20250127-12:00:00.nc [Ok]
PrEx 20250119-15:14:38 < ln -fs /g100_work/OGS_prodC/OPA/V11C/prod/wrkdir/forecast/0/CMCC_PHYS/24h/U20250128-12:00:00.nc /g100_work/OGS_prodC/OPA/V11C/prod/wrkdir/forecast/0/MODEL/FORCINGS/U20250128-12:00:00.nc [Ok]
PrEx 20250119-15:14:38 < ln -fs /g100_work/OGS_prodC/OPA/V11C/prod/wrkdir/forecast/0/CMCC_PHYS/24h/U20250129-12:00:00.nc /g100_work/OGS_prodC/OPA/V11C/prod/wrkdir/forecast/0/MODEL/FORCINGS/U20250129-12:00:00.nc [Ok]
PrEx 20250119-15:14:38 < ln -fs /g100_work/OGS_prodC/OPA/V11C/prod/wrkdir/forecast/0/CMCC_PHYS/24h/V20250118-00:00:00.nc /g100_work/OGS_prodC/OPA/V11C/prod/wrkdir/forecast/0/MODEL/FORCINGS/V20250118-00:00:00.nc [Ok]
PrEx 20250119-15:14:38 < ln -fs /g100_work/OGS_prodC/OPA/V11C/prod/wrkdir/forecast/0/CMCC_PHYS/24h/V20250118-12:00:00.nc /g100_work/OGS_prodC/OPA/V11C/prod/wrkdir/forecast/0/MODEL/FORCINGS/V20250118-12:00:00.nc [Ok]
PrEx 20250119-15:14:38 < ln -fs /g100_work/OGS_prodC/OPA/V11C/prod/wrkdir/forecast/0/CMCC_PHYS/24h/V20250119-12:00:00.nc /g100_work/OGS_prodC/OPA/V11C/prod/wrkdir/forecast/0/MODEL/FORCINGS/V20250119-12:00:00.nc [Ok]
PrEx 20250119-15:14:38 < ln -fs /g100_work/OGS_prodC/OPA/V11C/prod/wrkdir/forecast/0/CMCC_PHYS/24h/V20250120-12:00:00.nc /g100_work/OGS_prodC/OPA/V11C/prod/wrkdir/forecast/0/MODEL/FORCINGS/V20250120-12:00:00.nc [Ok]
PrEx 20250119-15:14:38 < ln -fs /g100_work/OGS_prodC/OPA/V11C/prod/wrkdir/forecast/0/CMCC_PHYS/24h/V20250121-12:00:00.nc /g100_work/OGS_prodC/OPA/V11C/prod/wrkdir/forecast/0/MODEL/FORCINGS/V20250121-12:00:00.nc [Ok]
PrEx 20250119-15:14:38 < ln -fs /g100_work/OGS_prodC/OPA/V11C/prod/wrkdir/forecast/0/CMCC_PHYS/24h/V20250122-12:00:00.nc /g100_work/OGS_prodC/OPA/V11C/prod/wrkdir/forecast/0/MODEL/FORCINGS/V20250122-12:00:00.nc [Ok]
PrEx 20250119-15:14:38 < ln -fs /g100_work/OGS_prodC/OPA/V11C/prod/wrkdir/forecast/0/CMCC_PHYS/24h/V20250123-12:00:00.nc /g100_work/OGS_prodC/OPA/V11C/prod/wrkdir/forecast/0/MODEL/FORCINGS/V20250123-12:00:00.nc [Ok]
PrEx 20250119-15:14:38 < ln -fs /g100_work/OGS_prodC/OPA/V11C/prod/wrkdir/forecast/0/CMCC_PHYS/24h/V20250124-12:00:00.nc /g100_work/OGS_prodC/OPA/V11C/prod/wrkdir/forecast/0/MODEL/FORCINGS/V20250124-12:00:00.nc [Ok]
PrEx 20250119-15:14:38 < ln -fs /g100_work/OGS_prodC/OPA/V11C/prod/wrkdir/forecast/0/CMCC_PHYS/24h/V20250125-12:00:00.nc /g100_work/OGS_prodC/OPA/V11C/prod/wrkdir/forecast/0/MODEL/FORCINGS/V20250125-12:00:00.nc [Ok]
PrEx 20250119-15:14:38 < ln -fs /g100_work/OGS_prodC/OPA/V11C/prod/wrkdir/forecast/0/CMCC_PHYS/24h/V20250126-12:00:00.nc /g100_work/OGS_prodC/OPA/V11C/prod/wrkdir/forecast/0/MODEL/FORCINGS/V20250126-12:00:00.nc [Ok]
PrEx 20250119-15:14:38 < ln -fs /g100_work/OGS_prodC/OPA/V11C/prod/wrkdir/forecast/0/CMCC_PHYS/24h/V20250127-12:00:00.nc /g100_work/OGS_prodC/OPA/V11C/prod/wrkdir/forecast/0/MODEL/FORCINGS/V20250127-12:00:00.nc [Ok]
PrEx 20250119-15:14:38 < ln -fs /g100_work/OGS_prodC/OPA/V11C/prod/wrkdir/forecast/0/CMCC_PHYS/24h/V20250128-12:00:00.nc /g100_work/OGS_prodC/OPA/V11C/prod/wrkdir/forecast/0/MODEL/FORCINGS/V20250128-12:00:00.nc [Ok]
PrEx 20250119-15:14:38 < ln -fs /g100_work/OGS_prodC/OPA/V11C/prod/wrkdir/forecast/0/CMCC_PHYS/24h/V20250129-12:00:00.nc /g100_work/OGS_prodC/OPA/V11C/prod/wrkdir/forecast/0/MODEL/FORCINGS/V20250129-12:00:00.nc [Ok]
PrEx 20250119-15:14:38 < ln -fs /g100_work/OGS_prodC/OPA/V11C/prod/wrkdir/forecast/0/CMCC_PHYS/24h/W20250118-00:00:00.nc /g100_work/OGS_prodC/OPA/V11C/prod/wrkdir/forecast/0/MODEL/FORCINGS/W20250118-00:00:00.nc [Ok]
PrEx 20250119-15:14:38 < ln -fs /g100_work/OGS_prodC/OPA/V11C/prod/wrkdir/forecast/0/CMCC_PHYS/24h/W20250118-12:00:00.nc /g100_work/OGS_prodC/OPA/V11C/prod/wrkdir/forecast/0/MODEL/FORCINGS/W20250118-12:00:00.nc [Ok]
PrEx 20250119-15:14:38 < ln -fs /g100_work/OGS_prodC/OPA/V11C/prod/wrkdir/forecast/0/CMCC_PHYS/24h/W20250119-12:00:00.nc /g100_work/OGS_prodC/OPA/V11C/prod/wrkdir/forecast/0/MODEL/FORCINGS/W20250119-12:00:00.nc [Ok]
PrEx 20250119-15:14:38 < ln -fs /g100_work/OGS_prodC/OPA/V11C/prod/wrkdir/forecast/0/CMCC_PHYS/24h/W20250120-12:00:00.nc /g100_work/OGS_prodC/OPA/V11C/prod/wrkdir/forecast/0/MODEL/FORCINGS/W20250120-12:00:00.nc [Ok]
PrEx 20250119-15:14:38 < ln -fs /g100_work/OGS_prodC/OPA/V11C/prod/wrkdir/forecast/0/CMCC_PHYS/24h/W20250121-12:00:00.nc /g100_work/OGS_prodC/OPA/V11C/prod/wrkdir/forecast/0/MODEL/FORCINGS/W20250121-12:00:00.nc [Ok]
PrEx 20250119-15:14:38 < ln -fs /g100_work/OGS_prodC/OPA/V11C/prod/wrkdir/forecast/0/CMCC_PHYS/24h/W20250122-12:00:00.nc /g100_work/OGS_prodC/OPA/V11C/prod/wrkdir/forecast/0/MODEL/FORCINGS/W20250122-12:00:00.nc [Ok]
PrEx 20250119-15:14:38 < ln -fs /g100_work/OGS_prodC/OPA/V11C/prod/wrkdir/forecast/0/CMCC_PHYS/24h/W20250123-12:00:00.nc /g100_work/OGS_prodC/OPA/V11C/prod/wrkdir/forecast/0/MODEL/FORCINGS/W20250123-12:00:00.nc [Ok]
PrEx 20250119-15:14:38 < ln -fs /g100_work/OGS_prodC/OPA/V11C/prod/wrkdir/forecast/0/CMCC_PHYS/24h/W20250124-12:00:00.nc /g100_work/OGS_prodC/OPA/V11C/prod/wrkdir/forecast/0/MODEL/FORCINGS/W20250124-12:00:00.nc [Ok]
PrEx 20250119-15:14:38 < ln -fs /g100_work/OGS_prodC/OPA/V11C/prod/wrkdir/forecast/0/CMCC_PHYS/24h/W20250125-12:00:00.nc /g100_work/OGS_prodC/OPA/V11C/prod/wrkdir/forecast/0/MODEL/FORCINGS/W20250125-12:00:00.nc [Ok]
PrEx 20250119-15:14:38 < ln -fs /g100_work/OGS_prodC/OPA/V11C/prod/wrkdir/forecast/0/CMCC_PHYS/24h/W20250126-12:00:00.nc /g100_work/OGS_prodC/OPA/V11C/prod/wrkdir/forecast/0/MODEL/FORCINGS/W20250126-12:00:00.nc [Ok]
PrEx 20250119-15:14:38 < ln -fs /g100_work/OGS_prodC/OPA/V11C/prod/wrkdir/forecast/0/CMCC_PHYS/24h/W20250127-12:00:00.nc /g100_work/OGS_prodC/OPA/V11C/prod/wrkdir/forecast/0/MODEL/FORCINGS/W20250127-12:00:00.nc [Ok]
PrEx 20250119-15:14:38 < ln -fs /g100_work/OGS_prodC/OPA/V11C/prod/wrkdir/forecast/0/CMCC_PHYS/24h/W20250128-12:00:00.nc /g100_work/OGS_prodC/OPA/V11C/prod/wrkdir/forecast/0/MODEL/FORCINGS/W20250128-12:00:00.nc [Ok]
PrEx 20250119-15:14:38 < ln -fs /g100_work/OGS_prodC/OPA/V11C/prod/wrkdir/forecast/0/CMCC_PHYS/24h/W20250129-12:00:00.nc /g100_work/OGS_prodC/OPA/V11C/prod/wrkdir/forecast/0/MODEL/FORCINGS/W20250129-12:00:00.nc [Ok]
PrEx 20250119-15:14:46 < cp /g100/home/usera07ogs/a07ogs00/OPA/V11C/etc/static-data/MED24_141/meshmask.nc /g100_work/OGS_prodC/OPA/V11C/prod/wrkdir/forecast/0/MODEL/DELTA_T/meshmask.nc [Ok]
PrEx 20250119-15:14:46    > mpirun -np 18 python /g100/home/usera07ogs/a07ogs00/OPA/V11C/HOST/g100/ogstm_preproc/FORCINGS/check/delta_t_from_uvw.py -i /g100_work/OGS_prodC/OPA/V11C/prod/wrkdir/forecast/0/MODEL/FORCINGS/ -o /g100_work/OGS_prodC/OPA/V11C/prod/wrkdir/forecast/0/MODEL/DELTA_T -m  /g100_work/OGS_prodC/OPA/V11C/prod/wrkdir/forecast/0/MODEL/DELTA_T/meshmask.nc 
20250126-12:00:00
20250127-12:00:00
20250129-12:00:00
20250128-12:00:00
20250123-12:00:00
20250119-12:00:00
20250125-12:00:00
20250121-12:00:00
20250124-12:00:00
20250122-12:00:00
20250118-12:00:00
20250118-00:00:00
20250120-12:00:00
PrEx 20250119-15:15:37   0< mpirun -np 18 python /g100/home/usera07ogs/a07ogs00/OPA/V11C/HOST/g100/ogstm_preproc/FORCINGS/check/delta_t_from_uvw.py -i /g100_work/OGS_prodC/OPA/V11C/prod/wrkdir/forecast/0/MODEL/FORCINGS/ -o /g100_work/OGS_prodC/OPA/V11C/prod/wrkdir/forecast/0/MODEL/DELTA_T -m  /g100_work/OGS_prodC/OPA/V11C/prod/wrkdir/forecast/0/MODEL/DELTA_T/meshmask.nc  [ok]
PrEx 20250119-15:15:37    > mpirun -np 11 python /g100/home/usera07ogs/a07ogs00/OPA/V11C/HOST/g100/ogstm_preproc/BC/Po/online/po_generation.py -i /g100_work/OGS_prodC/OPA/V11C/prod/wrkdir/forecast/0/MODEL/FORCINGS/ -M /g100_work/OGS_prodC/OPA/V11C/prod/wrkdir/forecast/0/MODEL/DELTA_T/meshmask.nc -m /g100_work/OGS_prodC/OPA/V11C/prod/wrkdir/forecast/0/MODEL/meshmask.nc -o /g100_work/OGS_prodC/OPA/V11C/prod/wrkdir/forecast/0/MODEL/BC 
/g100/home/usera07ogs/a07ogs00/OPA/V11C/HOST/g100/ogstm_preproc/BC/Po/online/po_generation.py:34: UserWarning: The seawater library is deprecated! Please use gsw instead.
  import seawater as sw
/g100/home/usera07ogs/a07ogs00/OPA/V11C/HOST/g100/ogstm_preproc/BC/Po/online/po_generation.py:34: UserWarning: The seawater library is deprecated! Please use gsw instead.
  import seawater as sw
/g100/home/usera07ogs/a07ogs00/OPA/V11C/HOST/g100/ogstm_preproc/BC/Po/online/po_generation.py:34: UserWarning: The seawater library is deprecated! Please use gsw instead.
  import seawater as sw
/g100/home/usera07ogs/a07ogs00/OPA/V11C/HOST/g100/ogstm_preproc/BC/Po/online/po_generation.py:34: UserWarning: The seawater library is deprecated! Please use gsw instead.
  import seawater as sw
/g100/home/usera07ogs/a07ogs00/OPA/V11C/HOST/g100/ogstm_preproc/BC/Po/online/po_generation.py:34: UserWarning: The seawater library is deprecated! Please use gsw instead.
  import seawater as sw
/g100/home/usera07ogs/a07ogs00/OPA/V11C/HOST/g100/ogstm_preproc/BC/Po/online/po_generation.py:34: UserWarning: The seawater library is deprecated! Please use gsw instead.
  import seawater as sw
/g100/home/usera07ogs/a07ogs00/OPA/V11C/HOST/g100/ogstm_preproc/BC/Po/online/po_generation.py:34: UserWarning: The seawater library is deprecated! Please use gsw instead.
  import seawater as sw
/g100/home/usera07ogs/a07ogs00/OPA/V11C/HOST/g100/ogstm_preproc/BC/Po/online/po_generation.py:34: UserWarning: The seawater library is deprecated! Please use gsw instead.
  import seawater as sw
/g100/home/usera07ogs/a07ogs00/OPA/V11C/HOST/g100/ogstm_preproc/BC/Po/online/po_generation.py:34: UserWarning: The seawater library is deprecated! Please use gsw instead.
  import seawater as sw
/g100/home/usera07ogs/a07ogs00/OPA/V11C/HOST/g100/ogstm_preproc/BC/Po/online/po_generation.py:34: UserWarning: The seawater library is deprecated! Please use gsw instead.
  import seawater as sw
/g100/home/usera07ogs/a07ogs00/OPA/V11C/HOST/g100/ogstm_preproc/BC/Po/online/po_generation.py:34: UserWarning: The seawater library is deprecated! Please use gsw instead.
  import seawater as sw
/g100_work/OGS_prodC/OPA/V11C/prod/wrkdir/forecast/0/MODEL/BC/PO__20250126-12:00:00.nc
/g100_work/OGS_prodC/OPA/V11C/prod/wrkdir/forecast/0/MODEL/BC/PO__20250120-12:00:00.nc
/g100_work/OGS_prodC/OPA/V11C/prod/wrkdir/forecast/0/MODEL/BC/PO__20250121-12:00:00.nc
/g100_work/OGS_prodC/OPA/V11C/prod/wrkdir/forecast/0/MODEL/BC/PO__20250119-12:00:00.nc
/g100_work/OGS_prodC/OPA/V11C/prod/wrkdir/forecast/0/MODEL/BC/PO__20250127-12:00:00.nc
/g100_work/OGS_prodC/OPA/V11C/prod/wrkdir/forecast/0/MODEL/BC/PO__20250123-12:00:00.nc
/g100_work/OGS_prodC/OPA/V11C/prod/wrkdir/forecast/0/MODEL/BC/PO__20250125-12:00:00.nc
/g100_work/OGS_prodC/OPA/V11C/prod/wrkdir/forecast/0/MODEL/BC/PO__20250122-12:00:00.nc
/g100_work/OGS_prodC/OPA/V11C/prod/wrkdir/forecast/0/MODEL/BC/PO__20250118-12:00:00.nc
/g100_work/OGS_prodC/OPA/V11C/prod/wrkdir/forecast/0/MODEL/BC/PO__20250118-00:00:00.nc
/g100_work/OGS_prodC/OPA/V11C/prod/wrkdir/forecast/0/MODEL/BC/PO__20250124-12:00:00.nc
/g100_work/OGS_prodC/OPA/V11C/prod/wrkdir/forecast/0/MODEL/BC/PO__20250129-12:00:00.nc
/g100_work/OGS_prodC/OPA/V11C/prod/wrkdir/forecast/0/MODEL/BC/PO__20250128-12:00:00.nc
PrEx 20250119-15:15:49   0< mpirun -np 11 python /g100/home/usera07ogs/a07ogs00/OPA/V11C/HOST/g100/ogstm_preproc/BC/Po/online/po_generation.py -i /g100_work/OGS_prodC/OPA/V11C/prod/wrkdir/forecast/0/MODEL/FORCINGS/ -M /g100_work/OGS_prodC/OPA/V11C/prod/wrkdir/forecast/0/MODEL/DELTA_T/meshmask.nc -m /g100_work/OGS_prodC/OPA/V11C/prod/wrkdir/forecast/0/MODEL/meshmask.nc -o /g100_work/OGS_prodC/OPA/V11C/prod/wrkdir/forecast/0/MODEL/BC  [ok]
PrEx 20250119-15:15:49    > mpirun -np 10 python /g100/home/usera07ogs/a07ogs00/OPA/V11C/HOST/g100/ogstm_preproc/ATMOSPHERE/online/forecast_input_gen.py -i /g100_work/OGS_prodC/OPA/V11C/prod/inpdir/forecast/20250119/ECMWF//20250119_20250129-ECMWF---AM0100-MEDATL-b20250119_fc00-fv11.00.nc -o /g100_work/OGS_prodC/OPA/V11C/prod/inpdir/forecast/20250119/ECMWF/ -m /g100_work/OGS_prodC/OPA/V11C/prod/wrkdir/forecast/0/MODEL/meshmask.nc
/g100_work/OGS_prodC/OPA/V11C/prod/inpdir/forecast/20250119/ECMWF/atm.20250119-01:00:00.nc
/g100_work/OGS_prodC/OPA/V11C/prod/inpdir/forecast/20250119/ECMWF/atm.20250119-02:00:00.nc
/g100_work/OGS_prodC/OPA/V11C/prod/inpdir/forecast/20250119/ECMWF/atm.20250119-03:00:00.nc
/g100_work/OGS_prodC/OPA/V11C/prod/inpdir/forecast/20250119/ECMWF/atm.20250119-04:00:00.nc
/g100_work/OGS_prodC/OPA/V11C/prod/inpdir/forecast/20250119/ECMWF/atm.20250119-00:00:00.nc
/g100_work/OGS_prodC/OPA/V11C/prod/inpdir/forecast/20250119/ECMWF/atm.20250119-06:00:00.nc
/g100_work/OGS_prodC/OPA/V11C/prod/inpdir/forecast/20250119/ECMWF/atm.20250119-07:00:00.nc
/g100_work/OGS_prodC/OPA/V11C/prod/inpdir/forecast/20250119/ECMWF/atm.20250119-08:00:00.nc
/g100_work/OGS_prodC/OPA/V11C/prod/inpdir/forecast/20250119/ECMWF/atm.20250119-09:00:00.nc
/g100_work/OGS_prodC/OPA/V11C/prod/inpdir/forecast/20250119/ECMWF/atm.20250119-05:00:00.nc
/g100_work/OGS_prodC/OPA/V11C/prod/inpdir/forecast/20250119/ECMWF/atm.20250119-10:00:00.nc
/g100_work/OGS_prodC/OPA/V11C/prod/inpdir/forecast/20250119/ECMWF/atm.20250119-14:00:00.nc
/g100_work/OGS_prodC/OPA/V11C/prod/inpdir/forecast/20250119/ECMWF/atm.20250119-15:00:00.nc
/g100_work/OGS_prodC/OPA/V11C/prod/inpdir/forecast/20250119/ECMWF/atm.20250119-16:00:00.nc
/g100_work/OGS_prodC/OPA/V11C/prod/inpdir/forecast/20250119/ECMWF/atm.20250119-19:00:00.nc
/g100_work/OGS_prodC/OPA/V11C/prod/inpdir/forecast/20250119/ECMWF/atm.20250119-11:00:00.nc
/g100_work/OGS_prodC/OPA/V11C/prod/inpdir/forecast/20250119/ECMWF/atm.20250119-12:00:00.nc
/g100_work/OGS_prodC/OPA/V11C/prod/inpdir/forecast/20250119/ECMWF/atm.20250119-13:00:00.nc
/g100_work/OGS_prodC/OPA/V11C/prod/inpdir/forecast/20250119/ECMWF/atm.20250119-18:00:00.nc
/g100_work/OGS_prodC/OPA/V11C/prod/inpdir/forecast/20250119/ECMWF/atm.20250119-17:00:00.nc
/g100_work/OGS_prodC/OPA/V11C/prod/inpdir/forecast/20250119/ECMWF/atm.20250120-05:00:00.nc
/g100_work/OGS_prodC/OPA/V11C/prod/inpdir/forecast/20250119/ECMWF/atm.20250120-02:00:00.nc
/g100_work/OGS_prodC/OPA/V11C/prod/inpdir/forecast/20250119/ECMWF/atm.20250120-03:00:00.nc
/g100_work/OGS_prodC/OPA/V11C/prod/inpdir/forecast/20250119/ECMWF/atm.20250120-01:00:00.nc
/g100_work/OGS_prodC/OPA/V11C/prod/inpdir/forecast/20250119/ECMWF/atm.20250120-04:00:00.nc
/g100_work/OGS_prodC/OPA/V11C/prod/inpdir/forecast/20250119/ECMWF/atm.20250119-22:00:00.nc
/g100_work/OGS_prodC/OPA/V11C/prod/inpdir/forecast/20250119/ECMWF/atm.20250120-00:00:00.nc
/g100_work/OGS_prodC/OPA/V11C/prod/inpdir/forecast/20250119/ECMWF/atm.20250119-23:00:00.nc
/g100_work/OGS_prodC/OPA/V11C/prod/inpdir/forecast/20250119/ECMWF/atm.20250119-21:00:00.nc
/g100_work/OGS_prodC/OPA/V11C/prod/inpdir/forecast/20250119/ECMWF/atm.20250119-20:00:00.nc
/g100_work/OGS_prodC/OPA/V11C/prod/inpdir/forecast/20250119/ECMWF/atm.20250120-15:00:00.nc
/g100_work/OGS_prodC/OPA/V11C/prod/inpdir/forecast/20250119/ECMWF/atm.20250120-13:00:00.nc
/g100_work/OGS_prodC/OPA/V11C/prod/inpdir/forecast/20250119/ECMWF/atm.20250120-11:00:00.nc
/g100_work/OGS_prodC/OPA/V11C/prod/inpdir/forecast/20250119/ECMWF/atm.20250120-12:00:00.nc
/g100_work/OGS_prodC/OPA/V11C/prod/inpdir/forecast/20250119/ECMWF/atm.20250120-10:00:00.nc
/g100_work/OGS_prodC/OPA/V11C/prod/inpdir/forecast/20250119/ECMWF/atm.20250120-08:00:00.nc
/g100_work/OGS_prodC/OPA/V11C/prod/inpdir/forecast/20250119/ECMWF/atm.20250120-09:00:00.nc
/g100_work/OGS_prodC/OPA/V11C/prod/inpdir/forecast/20250119/ECMWF/atm.20250120-07:00:00.nc
/g100_work/OGS_prodC/OPA/V11C/prod/inpdir/forecast/20250119/ECMWF/atm.20250120-06:00:00.nc
/g100_work/OGS_prodC/OPA/V11C/prod/inpdir/forecast/20250119/ECMWF/atm.20250120-14:00:00.nc
/g100_work/OGS_prodC/OPA/V11C/prod/inpdir/forecast/20250119/ECMWF/atm.20250120-23:00:00.nc
/g100_work/OGS_prodC/OPA/V11C/prod/inpdir/forecast/20250119/ECMWF/atm.20250120-21:00:00.nc
/g100_work/OGS_prodC/OPA/V11C/prod/inpdir/forecast/20250119/ECMWF/atm.20250120-22:00:00.nc
/g100_work/OGS_prodC/OPA/V11C/prod/inpdir/forecast/20250119/ECMWF/atm.20250121-01:00:00.nc
/g100_work/OGS_prodC/OPA/V11C/prod/inpdir/forecast/20250119/ECMWF/atm.20250121-00:00:00.nc
/g100_work/OGS_prodC/OPA/V11C/prod/inpdir/forecast/20250119/ECMWF/atm.20250120-20:00:00.nc
/g100_work/OGS_prodC/OPA/V11C/prod/inpdir/forecast/20250119/ECMWF/atm.20250120-18:00:00.nc
/g100_work/OGS_prodC/OPA/V11C/prod/inpdir/forecast/20250119/ECMWF/atm.20250120-17:00:00.nc
/g100_work/OGS_prodC/OPA/V11C/prod/inpdir/forecast/20250119/ECMWF/atm.20250120-19:00:00.nc
/g100_work/OGS_prodC/OPA/V11C/prod/inpdir/forecast/20250119/ECMWF/atm.20250120-16:00:00.nc
/g100_work/OGS_prodC/OPA/V11C/prod/inpdir/forecast/20250119/ECMWF/atm.20250121-11:00:00.nc
/g100_work/OGS_prodC/OPA/V11C/prod/inpdir/forecast/20250119/ECMWF/atm.20250121-10:00:00.nc
/g100_work/OGS_prodC/OPA/V11C/prod/inpdir/forecast/20250119/ECMWF/atm.20250121-09:00:00.nc
/g100_work/OGS_prodC/OPA/V11C/prod/inpdir/forecast/20250119/ECMWF/atm.20250121-08:00:00.nc
/g100_work/OGS_prodC/OPA/V11C/prod/inpdir/forecast/20250119/ECMWF/atm.20250121-07:00:00.nc
/g100_work/OGS_prodC/OPA/V11C/prod/inpdir/forecast/20250119/ECMWF/atm.20250121-04:00:00.nc
/g100_work/OGS_prodC/OPA/V11C/prod/inpdir/forecast/20250119/ECMWF/atm.20250121-06:00:00.nc
/g100_work/OGS_prodC/OPA/V11C/prod/inpdir/forecast/20250119/ECMWF/atm.20250121-03:00:00.nc
/g100_work/OGS_prodC/OPA/V11C/prod/inpdir/forecast/20250119/ECMWF/atm.20250121-05:00:00.nc
/g100_work/OGS_prodC/OPA/V11C/prod/inpdir/forecast/20250119/ECMWF/atm.20250121-02:00:00.nc
/g100_work/OGS_prodC/OPA/V11C/prod/inpdir/forecast/20250119/ECMWF/atm.20250121-19:00:00.nc
/g100_work/OGS_prodC/OPA/V11C/prod/inpdir/forecast/20250119/ECMWF/atm.20250121-21:00:00.nc
/g100_work/OGS_prodC/OPA/V11C/prod/inpdir/forecast/20250119/ECMWF/atm.20250121-20:00:00.nc
/g100_work/OGS_prodC/OPA/V11C/prod/inpdir/forecast/20250119/ECMWF/atm.20250121-18:00:00.nc
/g100_work/OGS_prodC/OPA/V11C/prod/inpdir/forecast/20250119/ECMWF/atm.20250121-17:00:00.nc
/g100_work/OGS_prodC/OPA/V11C/prod/inpdir/forecast/20250119/ECMWF/atm.20250121-14:00:00.nc
/g100_work/OGS_prodC/OPA/V11C/prod/inpdir/forecast/20250119/ECMWF/atm.20250121-13:00:00.nc
/g100_work/OGS_prodC/OPA/V11C/prod/inpdir/forecast/20250119/ECMWF/atm.20250121-16:00:00.nc
/g100_work/OGS_prodC/OPA/V11C/prod/inpdir/forecast/20250119/ECMWF/atm.20250121-15:00:00.nc
/g100_work/OGS_prodC/OPA/V11C/prod/inpdir/forecast/20250119/ECMWF/atm.20250121-12:00:00.nc
/g100_work/OGS_prodC/OPA/V11C/prod/inpdir/forecast/20250119/ECMWF/atm.20250122-22:30:00.nc
/g100_work/OGS_prodC/OPA/V11C/prod/inpdir/forecast/20250119/ECMWF/atm.20250122-16:30:00.nc
/g100_work/OGS_prodC/OPA/V11C/prod/inpdir/forecast/20250119/ECMWF/atm.20250122-19:30:00.nc
/g100_work/OGS_prodC/OPA/V11C/prod/inpdir/forecast/20250119/ECMWF/atm.20250122-10:30:00.nc
/g100_work/OGS_prodC/OPA/V11C/prod/inpdir/forecast/20250119/ECMWF/atm.20250122-13:30:00.nc
/g100_work/OGS_prodC/OPA/V11C/prod/inpdir/forecast/20250119/ECMWF/atm.20250122-01:30:00.nc
/g100_work/OGS_prodC/OPA/V11C/prod/inpdir/forecast/20250119/ECMWF/atm.20250122-07:30:00.nc
/g100_work/OGS_prodC/OPA/V11C/prod/inpdir/forecast/20250119/ECMWF/atm.20250122-04:30:00.nc
/g100_work/OGS_prodC/OPA/V11C/prod/inpdir/forecast/20250119/ECMWF/atm.20250121-23:00:00.nc
/g100_work/OGS_prodC/OPA/V11C/prod/inpdir/forecast/20250119/ECMWF/atm.20250121-22:00:00.nc
/g100_work/OGS_prodC/OPA/V11C/prod/inpdir/forecast/20250119/ECMWF/atm.20250124-04:30:00.nc
/g100_work/OGS_prodC/OPA/V11C/prod/inpdir/forecast/20250119/ECMWF/atm.20250123-22:30:00.nc
/g100_work/OGS_prodC/OPA/V11C/prod/inpdir/forecast/20250119/ECMWF/atm.20250124-01:30:00.nc
/g100_work/OGS_prodC/OPA/V11C/prod/inpdir/forecast/20250119/ECMWF/atm.20250123-16:30:00.nc
/g100_work/OGS_prodC/OPA/V11C/prod/inpdir/forecast/20250119/ECMWF/atm.20250123-19:30:00.nc
/g100_work/OGS_prodC/OPA/V11C/prod/inpdir/forecast/20250119/ECMWF/atm.20250123-07:30:00.nc
/g100_work/OGS_prodC/OPA/V11C/prod/inpdir/forecast/20250119/ECMWF/atm.20250123-10:30:00.nc
/g100_work/OGS_prodC/OPA/V11C/prod/inpdir/forecast/20250119/ECMWF/atm.20250123-04:30:00.nc
/g100_work/OGS_prodC/OPA/V11C/prod/inpdir/forecast/20250119/ECMWF/atm.20250123-01:30:00.nc
/g100_work/OGS_prodC/OPA/V11C/prod/inpdir/forecast/20250119/ECMWF/atm.20250123-13:30:00.nc
/g100_work/OGS_prodC/OPA/V11C/prod/inpdir/forecast/20250119/ECMWF/atm.20250125-21:00:00.nc
/g100_work/OGS_prodC/OPA/V11C/prod/inpdir/forecast/20250119/ECMWF/atm.20250125-09:00:00.nc
/g100_work/OGS_prodC/OPA/V11C/prod/inpdir/forecast/20250119/ECMWF/atm.20250125-15:00:00.nc
/g100_work/OGS_prodC/OPA/V11C/prod/inpdir/forecast/20250119/ECMWF/atm.20250125-03:00:00.nc
/g100_work/OGS_prodC/OPA/V11C/prod/inpdir/forecast/20250119/ECMWF/atm.20250124-22:30:00.nc
/g100_work/OGS_prodC/OPA/V11C/prod/inpdir/forecast/20250119/ECMWF/atm.20250124-19:30:00.nc
/g100_work/OGS_prodC/OPA/V11C/prod/inpdir/forecast/20250119/ECMWF/atm.20250124-13:30:00.nc
/g100_work/OGS_prodC/OPA/V11C/prod/inpdir/forecast/20250119/ECMWF/atm.20250124-16:30:00.nc
/g100_work/OGS_prodC/OPA/V11C/prod/inpdir/forecast/20250119/ECMWF/atm.20250124-10:30:00.nc
/g100_work/OGS_prodC/OPA/V11C/prod/inpdir/forecast/20250119/ECMWF/atm.20250124-07:30:00.nc
/g100_work/OGS_prodC/OPA/V11C/prod/inpdir/forecast/20250119/ECMWF/atm.20250128-09:00:00.nc
/g100_work/OGS_prodC/OPA/V11C/prod/inpdir/forecast/20250119/ECMWF/atm.20250127-21:00:00.nc
/g100_work/OGS_prodC/OPA/V11C/prod/inpdir/forecast/20250119/ECMWF/atm.20250128-03:00:00.nc
/g100_work/OGS_prodC/OPA/V11C/prod/inpdir/forecast/20250119/ECMWF/atm.20250127-15:00:00.nc
/g100_work/OGS_prodC/OPA/V11C/prod/inpdir/forecast/20250119/ECMWF/atm.20250127-09:00:00.nc
/g100_work/OGS_prodC/OPA/V11C/prod/inpdir/forecast/20250119/ECMWF/atm.20250127-03:00:00.nc
/g100_work/OGS_prodC/OPA/V11C/prod/inpdir/forecast/20250119/ECMWF/atm.20250126-15:00:00.nc
/g100_work/OGS_prodC/OPA/V11C/prod/inpdir/forecast/20250119/ECMWF/atm.20250126-21:00:00.nc
/g100_work/OGS_prodC/OPA/V11C/prod/inpdir/forecast/20250119/ECMWF/atm.20250126-09:00:00.nc
/g100_work/OGS_prodC/OPA/V11C/prod/inpdir/forecast/20250119/ECMWF/atm.20250126-03:00:00.nc
/g100_work/OGS_prodC/OPA/V11C/prod/inpdir/forecast/20250119/ECMWF/atm.20250128-21:00:00.nc
/g100_work/OGS_prodC/OPA/V11C/prod/inpdir/forecast/20250119/ECMWF/atm.20250128-15:00:00.nc
PrEx 20250119-15:16:54   0< mpirun -np 10 python /g100/home/usera07ogs/a07ogs00/OPA/V11C/HOST/g100/ogstm_preproc/ATMOSPHERE/online/forecast_input_gen.py -i /g100_work/OGS_prodC/OPA/V11C/prod/inpdir/forecast/20250119/ECMWF//20250119_20250129-ECMWF---AM0100-MEDATL-b20250119_fc00-fv11.00.nc -o /g100_work/OGS_prodC/OPA/V11C/prod/inpdir/forecast/20250119/ECMWF/ -m /g100_work/OGS_prodC/OPA/V11C/prod/wrkdir/forecast/0/MODEL/meshmask.nc [ok]
PrEx 20250119-15:16:54    > python /g100/home/usera07ogs/a07ogs00/OPA/V11C/HOST/g100/ogstm_preproc/ATMOSPHERE/online/analysis_input_gen.py -i /g100_work/OGS_prodC/OPA/V11C/prod/inpdir/forecast/20250119/ECMWF/ -o /g100_work/OGS_prodC/OPA/V11C/prod/inpdir/forecast/20250119/ECMWF/ -m /g100_work/OGS_prodC/OPA/V11C/prod/wrkdir/forecast/0/MODEL/meshmask.nc
MPI startup(): PMI server not found. Please set I_MPI_PMI_LIBRARY variable if it is not a singleton case.
/g100_work/OGS_prodC/OPA/V11C/prod/inpdir/forecast/20250119/ECMWF/atm.20250118-03:00:00.nc
/g100_work/OGS_prodC/OPA/V11C/prod/inpdir/forecast/20250119/ECMWF/atm.20250118-09:00:00.nc
/g100_work/OGS_prodC/OPA/V11C/prod/inpdir/forecast/20250119/ECMWF/atm.20250118-15:00:00.nc
/g100_work/OGS_prodC/OPA/V11C/prod/inpdir/forecast/20250119/ECMWF/atm.20250118-21:00:00.nc
PrEx 20250119-15:17:05   0< python /g100/home/usera07ogs/a07ogs00/OPA/V11C/HOST/g100/ogstm_preproc/ATMOSPHERE/online/analysis_input_gen.py -i /g100_work/OGS_prodC/OPA/V11C/prod/inpdir/forecast/20250119/ECMWF/ -o /g100_work/OGS_prodC/OPA/V11C/prod/inpdir/forecast/20250119/ECMWF/ -m /g100_work/OGS_prodC/OPA/V11C/prod/wrkdir/forecast/0/MODEL/meshmask.nc [ok]
PrEx 20250119-15:17:06    > ln -fs /g100_work/OGS_prodC/OPA/V11C/prod/inpdir/forecast/20250119/ECMWF//atm.20250118-03:00:00.nc 
PrEx 20250119-15:17:06   0< ln -fs /g100_work/OGS_prodC/OPA/V11C/prod/inpdir/forecast/20250119/ECMWF//atm.20250118-03:00:00.nc  [ok]
PrEx 20250119-15:17:06    > ln -fs /g100_work/OGS_prodC/OPA/V11C/prod/inpdir/forecast/20250119/ECMWF//atm.20250118-09:00:00.nc 
PrEx 20250119-15:17:06   0< ln -fs /g100_work/OGS_prodC/OPA/V11C/prod/inpdir/forecast/20250119/ECMWF//atm.20250118-09:00:00.nc  [ok]
PrEx 20250119-15:17:06    > ln -fs /g100_work/OGS_prodC/OPA/V11C/prod/inpdir/forecast/20250119/ECMWF//atm.20250118-15:00:00.nc 
PrEx 20250119-15:17:06   0< ln -fs /g100_work/OGS_prodC/OPA/V11C/prod/inpdir/forecast/20250119/ECMWF//atm.20250118-15:00:00.nc  [ok]
PrEx 20250119-15:17:06    > ln -fs /g100_work/OGS_prodC/OPA/V11C/prod/inpdir/forecast/20250119/ECMWF//atm.20250118-21:00:00.nc 
PrEx 20250119-15:17:06   0< ln -fs /g100_work/OGS_prodC/OPA/V11C/prod/inpdir/forecast/20250119/ECMWF//atm.20250118-21:00:00.nc  [ok]
PrEx 20250119-15:17:06    > ln -fs /g100_work/OGS_prodC/OPA/V11C/prod/inpdir/forecast/20250119/ECMWF//atm.20250119-00:00:00.nc 
PrEx 20250119-15:17:06   0< ln -fs /g100_work/OGS_prodC/OPA/V11C/prod/inpdir/forecast/20250119/ECMWF//atm.20250119-00:00:00.nc  [ok]
PrEx 20250119-15:17:06    > ln -fs /g100_work/OGS_prodC/OPA/V11C/prod/inpdir/forecast/20250119/ECMWF//atm.20250119-01:00:00.nc 
PrEx 20250119-15:17:06   0< ln -fs /g100_work/OGS_prodC/OPA/V11C/prod/inpdir/forecast/20250119/ECMWF//atm.20250119-01:00:00.nc  [ok]
PrEx 20250119-15:17:06    > ln -fs /g100_work/OGS_prodC/OPA/V11C/prod/inpdir/forecast/20250119/ECMWF//atm.20250119-02:00:00.nc 
PrEx 20250119-15:17:06   0< ln -fs /g100_work/OGS_prodC/OPA/V11C/prod/inpdir/forecast/20250119/ECMWF//atm.20250119-02:00:00.nc  [ok]
PrEx 20250119-15:17:06    > ln -fs /g100_work/OGS_prodC/OPA/V11C/prod/inpdir/forecast/20250119/ECMWF//atm.20250119-03:00:00.nc 
PrEx 20250119-15:17:06   0< ln -fs /g100_work/OGS_prodC/OPA/V11C/prod/inpdir/forecast/20250119/ECMWF//atm.20250119-03:00:00.nc  [ok]
PrEx 20250119-15:17:06    > ln -fs /g100_work/OGS_prodC/OPA/V11C/prod/inpdir/forecast/20250119/ECMWF//atm.20250119-04:00:00.nc 
PrEx 20250119-15:17:06   0< ln -fs /g100_work/OGS_prodC/OPA/V11C/prod/inpdir/forecast/20250119/ECMWF//atm.20250119-04:00:00.nc  [ok]
PrEx 20250119-15:17:06    > ln -fs /g100_work/OGS_prodC/OPA/V11C/prod/inpdir/forecast/20250119/ECMWF//atm.20250119-05:00:00.nc 
PrEx 20250119-15:17:06   0< ln -fs /g100_work/OGS_prodC/OPA/V11C/prod/inpdir/forecast/20250119/ECMWF//atm.20250119-05:00:00.nc  [ok]
PrEx 20250119-15:17:06    > ln -fs /g100_work/OGS_prodC/OPA/V11C/prod/inpdir/forecast/20250119/ECMWF//atm.20250119-06:00:00.nc 
PrEx 20250119-15:17:06   0< ln -fs /g100_work/OGS_prodC/OPA/V11C/prod/inpdir/forecast/20250119/ECMWF//atm.20250119-06:00:00.nc  [ok]
PrEx 20250119-15:17:06    > ln -fs /g100_work/OGS_prodC/OPA/V11C/prod/inpdir/forecast/20250119/ECMWF//atm.20250119-07:00:00.nc 
PrEx 20250119-15:17:06   0< ln -fs /g100_work/OGS_prodC/OPA/V11C/prod/inpdir/forecast/20250119/ECMWF//atm.20250119-07:00:00.nc  [ok]
PrEx 20250119-15:17:06    > ln -fs /g100_work/OGS_prodC/OPA/V11C/prod/inpdir/forecast/20250119/ECMWF//atm.20250119-08:00:00.nc 
PrEx 20250119-15:17:06   0< ln -fs /g100_work/OGS_prodC/OPA/V11C/prod/inpdir/forecast/20250119/ECMWF//atm.20250119-08:00:00.nc  [ok]
PrEx 20250119-15:17:06    > ln -fs /g100_work/OGS_prodC/OPA/V11C/prod/inpdir/forecast/20250119/ECMWF//atm.20250119-09:00:00.nc 
PrEx 20250119-15:17:06   0< ln -fs /g100_work/OGS_prodC/OPA/V11C/prod/inpdir/forecast/20250119/ECMWF//atm.20250119-09:00:00.nc  [ok]
PrEx 20250119-15:17:06    > ln -fs /g100_work/OGS_prodC/OPA/V11C/prod/inpdir/forecast/20250119/ECMWF//atm.20250119-10:00:00.nc 
PrEx 20250119-15:17:06   0< ln -fs /g100_work/OGS_prodC/OPA/V11C/prod/inpdir/forecast/20250119/ECMWF//atm.20250119-10:00:00.nc  [ok]
PrEx 20250119-15:17:06    > ln -fs /g100_work/OGS_prodC/OPA/V11C/prod/inpdir/forecast/20250119/ECMWF//atm.20250119-11:00:00.nc 
PrEx 20250119-15:17:06   0< ln -fs /g100_work/OGS_prodC/OPA/V11C/prod/inpdir/forecast/20250119/ECMWF//atm.20250119-11:00:00.nc  [ok]
PrEx 20250119-15:17:06    > ln -fs /g100_work/OGS_prodC/OPA/V11C/prod/inpdir/forecast/20250119/ECMWF//atm.20250119-12:00:00.nc 
PrEx 20250119-15:17:06   0< ln -fs /g100_work/OGS_prodC/OPA/V11C/prod/inpdir/forecast/20250119/ECMWF//atm.20250119-12:00:00.nc  [ok]
PrEx 20250119-15:17:06    > ln -fs /g100_work/OGS_prodC/OPA/V11C/prod/inpdir/forecast/20250119/ECMWF//atm.20250119-13:00:00.nc 
PrEx 20250119-15:17:06   0< ln -fs /g100_work/OGS_prodC/OPA/V11C/prod/inpdir/forecast/20250119/ECMWF//atm.20250119-13:00:00.nc  [ok]
PrEx 20250119-15:17:06    > ln -fs /g100_work/OGS_prodC/OPA/V11C/prod/inpdir/forecast/20250119/ECMWF//atm.20250119-14:00:00.nc 
PrEx 20250119-15:17:06   0< ln -fs /g100_work/OGS_prodC/OPA/V11C/prod/inpdir/forecast/20250119/ECMWF//atm.20250119-14:00:00.nc  [ok]
PrEx 20250119-15:17:06    > ln -fs /g100_work/OGS_prodC/OPA/V11C/prod/inpdir/forecast/20250119/ECMWF//atm.20250119-15:00:00.nc 
PrEx 20250119-15:17:06   0< ln -fs /g100_work/OGS_prodC/OPA/V11C/prod/inpdir/forecast/20250119/ECMWF//atm.20250119-15:00:00.nc  [ok]
PrEx 20250119-15:17:06    > ln -fs /g100_work/OGS_prodC/OPA/V11C/prod/inpdir/forecast/20250119/ECMWF//atm.20250119-16:00:00.nc 
PrEx 20250119-15:17:06   0< ln -fs /g100_work/OGS_prodC/OPA/V11C/prod/inpdir/forecast/20250119/ECMWF//atm.20250119-16:00:00.nc  [ok]
PrEx 20250119-15:17:06    > ln -fs /g100_work/OGS_prodC/OPA/V11C/prod/inpdir/forecast/20250119/ECMWF//atm.20250119-17:00:00.nc 
PrEx 20250119-15:17:06   0< ln -fs /g100_work/OGS_prodC/OPA/V11C/prod/inpdir/forecast/20250119/ECMWF//atm.20250119-17:00:00.nc  [ok]
PrEx 20250119-15:17:06    > ln -fs /g100_work/OGS_prodC/OPA/V11C/prod/inpdir/forecast/20250119/ECMWF//atm.20250119-18:00:00.nc 
PrEx 20250119-15:17:06   0< ln -fs /g100_work/OGS_prodC/OPA/V11C/prod/inpdir/forecast/20250119/ECMWF//atm.20250119-18:00:00.nc  [ok]
PrEx 20250119-15:17:06    > ln -fs /g100_work/OGS_prodC/OPA/V11C/prod/inpdir/forecast/20250119/ECMWF//atm.20250119-19:00:00.nc 
PrEx 20250119-15:17:06   0< ln -fs /g100_work/OGS_prodC/OPA/V11C/prod/inpdir/forecast/20250119/ECMWF//atm.20250119-19:00:00.nc  [ok]
PrEx 20250119-15:17:06    > ln -fs /g100_work/OGS_prodC/OPA/V11C/prod/inpdir/forecast/20250119/ECMWF//atm.20250119-20:00:00.nc 
PrEx 20250119-15:17:06   0< ln -fs /g100_work/OGS_prodC/OPA/V11C/prod/inpdir/forecast/20250119/ECMWF//atm.20250119-20:00:00.nc  [ok]
PrEx 20250119-15:17:06    > ln -fs /g100_work/OGS_prodC/OPA/V11C/prod/inpdir/forecast/20250119/ECMWF//atm.20250119-21:00:00.nc 
PrEx 20250119-15:17:06   0< ln -fs /g100_work/OGS_prodC/OPA/V11C/prod/inpdir/forecast/20250119/ECMWF//atm.20250119-21:00:00.nc  [ok]
PrEx 20250119-15:17:06    > ln -fs /g100_work/OGS_prodC/OPA/V11C/prod/inpdir/forecast/20250119/ECMWF//atm.20250119-22:00:00.nc 
PrEx 20250119-15:17:06   0< ln -fs /g100_work/OGS_prodC/OPA/V11C/prod/inpdir/forecast/20250119/ECMWF//atm.20250119-22:00:00.nc  [ok]
PrEx 20250119-15:17:06    > ln -fs /g100_work/OGS_prodC/OPA/V11C/prod/inpdir/forecast/20250119/ECMWF//atm.20250119-23:00:00.nc 
PrEx 20250119-15:17:06   0< ln -fs /g100_work/OGS_prodC/OPA/V11C/prod/inpdir/forecast/20250119/ECMWF//atm.20250119-23:00:00.nc  [ok]
PrEx 20250119-15:17:06    > ln -fs /g100_work/OGS_prodC/OPA/V11C/prod/inpdir/forecast/20250119/ECMWF//atm.20250120-00:00:00.nc 
PrEx 20250119-15:17:06   0< ln -fs /g100_work/OGS_prodC/OPA/V11C/prod/inpdir/forecast/20250119/ECMWF//atm.20250120-00:00:00.nc  [ok]
PrEx 20250119-15:17:06    > ln -fs /g100_work/OGS_prodC/OPA/V11C/prod/inpdir/forecast/20250119/ECMWF//atm.20250120-01:00:00.nc 
PrEx 20250119-15:17:07   0< ln -fs /g100_work/OGS_prodC/OPA/V11C/prod/inpdir/forecast/20250119/ECMWF//atm.20250120-01:00:00.nc  [ok]
PrEx 20250119-15:17:07    > ln -fs /g100_work/OGS_prodC/OPA/V11C/prod/inpdir/forecast/20250119/ECMWF//atm.20250120-02:00:00.nc 
PrEx 20250119-15:17:07   0< ln -fs /g100_work/OGS_prodC/OPA/V11C/prod/inpdir/forecast/20250119/ECMWF//atm.20250120-02:00:00.nc  [ok]
PrEx 20250119-15:17:07    > ln -fs /g100_work/OGS_prodC/OPA/V11C/prod/inpdir/forecast/20250119/ECMWF//atm.20250120-03:00:00.nc 
PrEx 20250119-15:17:07   0< ln -fs /g100_work/OGS_prodC/OPA/V11C/prod/inpdir/forecast/20250119/ECMWF//atm.20250120-03:00:00.nc  [ok]
PrEx 20250119-15:17:07    > ln -fs /g100_work/OGS_prodC/OPA/V11C/prod/inpdir/forecast/20250119/ECMWF//atm.20250120-04:00:00.nc 
PrEx 20250119-15:17:07   0< ln -fs /g100_work/OGS_prodC/OPA/V11C/prod/inpdir/forecast/20250119/ECMWF//atm.20250120-04:00:00.nc  [ok]
PrEx 20250119-15:17:07    > ln -fs /g100_work/OGS_prodC/OPA/V11C/prod/inpdir/forecast/20250119/ECMWF//atm.20250120-05:00:00.nc 
PrEx 20250119-15:17:07   0< ln -fs /g100_work/OGS_prodC/OPA/V11C/prod/inpdir/forecast/20250119/ECMWF//atm.20250120-05:00:00.nc  [ok]
PrEx 20250119-15:17:07    > ln -fs /g100_work/OGS_prodC/OPA/V11C/prod/inpdir/forecast/20250119/ECMWF//atm.20250120-06:00:00.nc 
PrEx 20250119-15:17:07   0< ln -fs /g100_work/OGS_prodC/OPA/V11C/prod/inpdir/forecast/20250119/ECMWF//atm.20250120-06:00:00.nc  [ok]
PrEx 20250119-15:17:07    > ln -fs /g100_work/OGS_prodC/OPA/V11C/prod/inpdir/forecast/20250119/ECMWF//atm.20250120-07:00:00.nc 
PrEx 20250119-15:17:07   0< ln -fs /g100_work/OGS_prodC/OPA/V11C/prod/inpdir/forecast/20250119/ECMWF//atm.20250120-07:00:00.nc  [ok]
PrEx 20250119-15:17:07    > ln -fs /g100_work/OGS_prodC/OPA/V11C/prod/inpdir/forecast/20250119/ECMWF//atm.20250120-08:00:00.nc 
PrEx 20250119-15:17:07   0< ln -fs /g100_work/OGS_prodC/OPA/V11C/prod/inpdir/forecast/20250119/ECMWF//atm.20250120-08:00:00.nc  [ok]
PrEx 20250119-15:17:07    > ln -fs /g100_work/OGS_prodC/OPA/V11C/prod/inpdir/forecast/20250119/ECMWF//atm.20250120-09:00:00.nc 
PrEx 20250119-15:17:07   0< ln -fs /g100_work/OGS_prodC/OPA/V11C/prod/inpdir/forecast/20250119/ECMWF//atm.20250120-09:00:00.nc  [ok]
PrEx 20250119-15:17:07    > ln -fs /g100_work/OGS_prodC/OPA/V11C/prod/inpdir/forecast/20250119/ECMWF//atm.20250120-10:00:00.nc 
PrEx 20250119-15:17:07   0< ln -fs /g100_work/OGS_prodC/OPA/V11C/prod/inpdir/forecast/20250119/ECMWF//atm.20250120-10:00:00.nc  [ok]
PrEx 20250119-15:17:07    > ln -fs /g100_work/OGS_prodC/OPA/V11C/prod/inpdir/forecast/20250119/ECMWF//atm.20250120-11:00:00.nc 
PrEx 20250119-15:17:07   0< ln -fs /g100_work/OGS_prodC/OPA/V11C/prod/inpdir/forecast/20250119/ECMWF//atm.20250120-11:00:00.nc  [ok]
PrEx 20250119-15:17:07    > ln -fs /g100_work/OGS_prodC/OPA/V11C/prod/inpdir/forecast/20250119/ECMWF//atm.20250120-12:00:00.nc 
PrEx 20250119-15:17:07   0< ln -fs /g100_work/OGS_prodC/OPA/V11C/prod/inpdir/forecast/20250119/ECMWF//atm.20250120-12:00:00.nc  [ok]
PrEx 20250119-15:17:07    > ln -fs /g100_work/OGS_prodC/OPA/V11C/prod/inpdir/forecast/20250119/ECMWF//atm.20250120-13:00:00.nc 
PrEx 20250119-15:17:07   0< ln -fs /g100_work/OGS_prodC/OPA/V11C/prod/inpdir/forecast/20250119/ECMWF//atm.20250120-13:00:00.nc  [ok]
PrEx 20250119-15:17:07    > ln -fs /g100_work/OGS_prodC/OPA/V11C/prod/inpdir/forecast/20250119/ECMWF//atm.20250120-14:00:00.nc 
PrEx 20250119-15:17:07   0< ln -fs /g100_work/OGS_prodC/OPA/V11C/prod/inpdir/forecast/20250119/ECMWF//atm.20250120-14:00:00.nc  [ok]
PrEx 20250119-15:17:07    > ln -fs /g100_work/OGS_prodC/OPA/V11C/prod/inpdir/forecast/20250119/ECMWF//atm.20250120-15:00:00.nc 
PrEx 20250119-15:17:07   0< ln -fs /g100_work/OGS_prodC/OPA/V11C/prod/inpdir/forecast/20250119/ECMWF//atm.20250120-15:00:00.nc  [ok]
PrEx 20250119-15:17:07    > ln -fs /g100_work/OGS_prodC/OPA/V11C/prod/inpdir/forecast/20250119/ECMWF//atm.20250120-16:00:00.nc 
PrEx 20250119-15:17:07   0< ln -fs /g100_work/OGS_prodC/OPA/V11C/prod/inpdir/forecast/20250119/ECMWF//atm.20250120-16:00:00.nc  [ok]
PrEx 20250119-15:17:07    > ln -fs /g100_work/OGS_prodC/OPA/V11C/prod/inpdir/forecast/20250119/ECMWF//atm.20250120-17:00:00.nc 
PrEx 20250119-15:17:07   0< ln -fs /g100_work/OGS_prodC/OPA/V11C/prod/inpdir/forecast/20250119/ECMWF//atm.20250120-17:00:00.nc  [ok]
PrEx 20250119-15:17:07    > ln -fs /g100_work/OGS_prodC/OPA/V11C/prod/inpdir/forecast/20250119/ECMWF//atm.20250120-18:00:00.nc 
PrEx 20250119-15:17:07   0< ln -fs /g100_work/OGS_prodC/OPA/V11C/prod/inpdir/forecast/20250119/ECMWF//atm.20250120-18:00:00.nc  [ok]
PrEx 20250119-15:17:07    > ln -fs /g100_work/OGS_prodC/OPA/V11C/prod/inpdir/forecast/20250119/ECMWF//atm.20250120-19:00:00.nc 
PrEx 20250119-15:17:07   0< ln -fs /g100_work/OGS_prodC/OPA/V11C/prod/inpdir/forecast/20250119/ECMWF//atm.20250120-19:00:00.nc  [ok]
PrEx 20250119-15:17:07    > ln -fs /g100_work/OGS_prodC/OPA/V11C/prod/inpdir/forecast/20250119/ECMWF//atm.20250120-20:00:00.nc 
PrEx 20250119-15:17:07   0< ln -fs /g100_work/OGS_prodC/OPA/V11C/prod/inpdir/forecast/20250119/ECMWF//atm.20250120-20:00:00.nc  [ok]
PrEx 20250119-15:17:07    > ln -fs /g100_work/OGS_prodC/OPA/V11C/prod/inpdir/forecast/20250119/ECMWF//atm.20250120-21:00:00.nc 
PrEx 20250119-15:17:07   0< ln -fs /g100_work/OGS_prodC/OPA/V11C/prod/inpdir/forecast/20250119/ECMWF//atm.20250120-21:00:00.nc  [ok]
PrEx 20250119-15:17:07    > ln -fs /g100_work/OGS_prodC/OPA/V11C/prod/inpdir/forecast/20250119/ECMWF//atm.20250120-22:00:00.nc 
PrEx 20250119-15:17:07   0< ln -fs /g100_work/OGS_prodC/OPA/V11C/prod/inpdir/forecast/20250119/ECMWF//atm.20250120-22:00:00.nc  [ok]
PrEx 20250119-15:17:07    > ln -fs /g100_work/OGS_prodC/OPA/V11C/prod/inpdir/forecast/20250119/ECMWF//atm.20250120-23:00:00.nc 
PrEx 20250119-15:17:07   0< ln -fs /g100_work/OGS_prodC/OPA/V11C/prod/inpdir/forecast/20250119/ECMWF//atm.20250120-23:00:00.nc  [ok]
PrEx 20250119-15:17:07    > ln -fs /g100_work/OGS_prodC/OPA/V11C/prod/inpdir/forecast/20250119/ECMWF//atm.20250121-00:00:00.nc 
PrEx 20250119-15:17:07   0< ln -fs /g100_work/OGS_prodC/OPA/V11C/prod/inpdir/forecast/20250119/ECMWF//atm.20250121-00:00:00.nc  [ok]
PrEx 20250119-15:17:07    > ln -fs /g100_work/OGS_prodC/OPA/V11C/prod/inpdir/forecast/20250119/ECMWF//atm.20250121-01:00:00.nc 
PrEx 20250119-15:17:07   0< ln -fs /g100_work/OGS_prodC/OPA/V11C/prod/inpdir/forecast/20250119/ECMWF//atm.20250121-01:00:00.nc  [ok]
PrEx 20250119-15:17:07    > ln -fs /g100_work/OGS_prodC/OPA/V11C/prod/inpdir/forecast/20250119/ECMWF//atm.20250121-02:00:00.nc 
PrEx 20250119-15:17:07   0< ln -fs /g100_work/OGS_prodC/OPA/V11C/prod/inpdir/forecast/20250119/ECMWF//atm.20250121-02:00:00.nc  [ok]
PrEx 20250119-15:17:07    > ln -fs /g100_work/OGS_prodC/OPA/V11C/prod/inpdir/forecast/20250119/ECMWF//atm.20250121-03:00:00.nc 
PrEx 20250119-15:17:07   0< ln -fs /g100_work/OGS_prodC/OPA/V11C/prod/inpdir/forecast/20250119/ECMWF//atm.20250121-03:00:00.nc  [ok]
PrEx 20250119-15:17:07    > ln -fs /g100_work/OGS_prodC/OPA/V11C/prod/inpdir/forecast/20250119/ECMWF//atm.20250121-04:00:00.nc 
PrEx 20250119-15:17:07   0< ln -fs /g100_work/OGS_prodC/OPA/V11C/prod/inpdir/forecast/20250119/ECMWF//atm.20250121-04:00:00.nc  [ok]
PrEx 20250119-15:17:07    > ln -fs /g100_work/OGS_prodC/OPA/V11C/prod/inpdir/forecast/20250119/ECMWF//atm.20250121-05:00:00.nc 
PrEx 20250119-15:17:07   0< ln -fs /g100_work/OGS_prodC/OPA/V11C/prod/inpdir/forecast/20250119/ECMWF//atm.20250121-05:00:00.nc  [ok]
PrEx 20250119-15:17:07    > ln -fs /g100_work/OGS_prodC/OPA/V11C/prod/inpdir/forecast/20250119/ECMWF//atm.20250121-06:00:00.nc 
PrEx 20250119-15:17:07   0< ln -fs /g100_work/OGS_prodC/OPA/V11C/prod/inpdir/forecast/20250119/ECMWF//atm.20250121-06:00:00.nc  [ok]
PrEx 20250119-15:17:07    > ln -fs /g100_work/OGS_prodC/OPA/V11C/prod/inpdir/forecast/20250119/ECMWF//atm.20250121-07:00:00.nc 
PrEx 20250119-15:17:07   0< ln -fs /g100_work/OGS_prodC/OPA/V11C/prod/inpdir/forecast/20250119/ECMWF//atm.20250121-07:00:00.nc  [ok]
PrEx 20250119-15:17:07    > ln -fs /g100_work/OGS_prodC/OPA/V11C/prod/inpdir/forecast/20250119/ECMWF//atm.20250121-08:00:00.nc 
PrEx 20250119-15:17:07   0< ln -fs /g100_work/OGS_prodC/OPA/V11C/prod/inpdir/forecast/20250119/ECMWF//atm.20250121-08:00:00.nc  [ok]
PrEx 20250119-15:17:07    > ln -fs /g100_work/OGS_prodC/OPA/V11C/prod/inpdir/forecast/20250119/ECMWF//atm.20250121-09:00:00.nc 
PrEx 20250119-15:17:07   0< ln -fs /g100_work/OGS_prodC/OPA/V11C/prod/inpdir/forecast/20250119/ECMWF//atm.20250121-09:00:00.nc  [ok]
PrEx 20250119-15:17:07    > ln -fs /g100_work/OGS_prodC/OPA/V11C/prod/inpdir/forecast/20250119/ECMWF//atm.20250121-10:00:00.nc 
PrEx 20250119-15:17:07   0< ln -fs /g100_work/OGS_prodC/OPA/V11C/prod/inpdir/forecast/20250119/ECMWF//atm.20250121-10:00:00.nc  [ok]
PrEx 20250119-15:17:07    > ln -fs /g100_work/OGS_prodC/OPA/V11C/prod/inpdir/forecast/20250119/ECMWF//atm.20250121-11:00:00.nc 
PrEx 20250119-15:17:07   0< ln -fs /g100_work/OGS_prodC/OPA/V11C/prod/inpdir/forecast/20250119/ECMWF//atm.20250121-11:00:00.nc  [ok]
PrEx 20250119-15:17:07    > ln -fs /g100_work/OGS_prodC/OPA/V11C/prod/inpdir/forecast/20250119/ECMWF//atm.20250121-12:00:00.nc 
PrEx 20250119-15:17:07   0< ln -fs /g100_work/OGS_prodC/OPA/V11C/prod/inpdir/forecast/20250119/ECMWF//atm.20250121-12:00:00.nc  [ok]
PrEx 20250119-15:17:07    > ln -fs /g100_work/OGS_prodC/OPA/V11C/prod/inpdir/forecast/20250119/ECMWF//atm.20250121-13:00:00.nc 
PrEx 20250119-15:17:07   0< ln -fs /g100_work/OGS_prodC/OPA/V11C/prod/inpdir/forecast/20250119/ECMWF//atm.20250121-13:00:00.nc  [ok]
PrEx 20250119-15:17:07    > ln -fs /g100_work/OGS_prodC/OPA/V11C/prod/inpdir/forecast/20250119/ECMWF//atm.20250121-14:00:00.nc 
PrEx 20250119-15:17:07   0< ln -fs /g100_work/OGS_prodC/OPA/V11C/prod/inpdir/forecast/20250119/ECMWF//atm.20250121-14:00:00.nc  [ok]
PrEx 20250119-15:17:07    > ln -fs /g100_work/OGS_prodC/OPA/V11C/prod/inpdir/forecast/20250119/ECMWF//atm.20250121-15:00:00.nc 
PrEx 20250119-15:17:07   0< ln -fs /g100_work/OGS_prodC/OPA/V11C/prod/inpdir/forecast/20250119/ECMWF//atm.20250121-15:00:00.nc  [ok]
PrEx 20250119-15:17:07    > ln -fs /g100_work/OGS_prodC/OPA/V11C/prod/inpdir/forecast/20250119/ECMWF//atm.20250121-16:00:00.nc 
PrEx 20250119-15:17:07   0< ln -fs /g100_work/OGS_prodC/OPA/V11C/prod/inpdir/forecast/20250119/ECMWF//atm.20250121-16:00:00.nc  [ok]
PrEx 20250119-15:17:07    > ln -fs /g100_work/OGS_prodC/OPA/V11C/prod/inpdir/forecast/20250119/ECMWF//atm.20250121-17:00:00.nc 
PrEx 20250119-15:17:07   0< ln -fs /g100_work/OGS_prodC/OPA/V11C/prod/inpdir/forecast/20250119/ECMWF//atm.20250121-17:00:00.nc  [ok]
PrEx 20250119-15:17:07    > ln -fs /g100_work/OGS_prodC/OPA/V11C/prod/inpdir/forecast/20250119/ECMWF//atm.20250121-18:00:00.nc 
PrEx 20250119-15:17:07   0< ln -fs /g100_work/OGS_prodC/OPA/V11C/prod/inpdir/forecast/20250119/ECMWF//atm.20250121-18:00:00.nc  [ok]
PrEx 20250119-15:17:07    > ln -fs /g100_work/OGS_prodC/OPA/V11C/prod/inpdir/forecast/20250119/ECMWF//atm.20250121-19:00:00.nc 
PrEx 20250119-15:17:07   0< ln -fs /g100_work/OGS_prodC/OPA/V11C/prod/inpdir/forecast/20250119/ECMWF//atm.20250121-19:00:00.nc  [ok]
PrEx 20250119-15:17:07    > ln -fs /g100_work/OGS_prodC/OPA/V11C/prod/inpdir/forecast/20250119/ECMWF//atm.20250121-20:00:00.nc 
PrEx 20250119-15:17:07   0< ln -fs /g100_work/OGS_prodC/OPA/V11C/prod/inpdir/forecast/20250119/ECMWF//atm.20250121-20:00:00.nc  [ok]
PrEx 20250119-15:17:07    > ln -fs /g100_work/OGS_prodC/OPA/V11C/prod/inpdir/forecast/20250119/ECMWF//atm.20250121-21:00:00.nc 
PrEx 20250119-15:17:07   0< ln -fs /g100_work/OGS_prodC/OPA/V11C/prod/inpdir/forecast/20250119/ECMWF//atm.20250121-21:00:00.nc  [ok]
PrEx 20250119-15:17:07    > ln -fs /g100_work/OGS_prodC/OPA/V11C/prod/inpdir/forecast/20250119/ECMWF//atm.20250121-22:00:00.nc 
PrEx 20250119-15:17:07   0< ln -fs /g100_work/OGS_prodC/OPA/V11C/prod/inpdir/forecast/20250119/ECMWF//atm.20250121-22:00:00.nc  [ok]
PrEx 20250119-15:17:07    > ln -fs /g100_work/OGS_prodC/OPA/V11C/prod/inpdir/forecast/20250119/ECMWF//atm.20250121-23:00:00.nc 
PrEx 20250119-15:17:07   0< ln -fs /g100_work/OGS_prodC/OPA/V11C/prod/inpdir/forecast/20250119/ECMWF//atm.20250121-23:00:00.nc  [ok]
PrEx 20250119-15:17:07    > ln -fs /g100_work/OGS_prodC/OPA/V11C/prod/inpdir/forecast/20250119/ECMWF//atm.20250122-01:30:00.nc 
PrEx 20250119-15:17:07   0< ln -fs /g100_work/OGS_prodC/OPA/V11C/prod/inpdir/forecast/20250119/ECMWF//atm.20250122-01:30:00.nc  [ok]
PrEx 20250119-15:17:07    > ln -fs /g100_work/OGS_prodC/OPA/V11C/prod/inpdir/forecast/20250119/ECMWF//atm.20250122-04:30:00.nc 
PrEx 20250119-15:17:07   0< ln -fs /g100_work/OGS_prodC/OPA/V11C/prod/inpdir/forecast/20250119/ECMWF//atm.20250122-04:30:00.nc  [ok]
PrEx 20250119-15:17:07    > ln -fs /g100_work/OGS_prodC/OPA/V11C/prod/inpdir/forecast/20250119/ECMWF//atm.20250122-07:30:00.nc 
PrEx 20250119-15:17:07   0< ln -fs /g100_work/OGS_prodC/OPA/V11C/prod/inpdir/forecast/20250119/ECMWF//atm.20250122-07:30:00.nc  [ok]
PrEx 20250119-15:17:07    > ln -fs /g100_work/OGS_prodC/OPA/V11C/prod/inpdir/forecast/20250119/ECMWF//atm.20250122-10:30:00.nc 
PrEx 20250119-15:17:07   0< ln -fs /g100_work/OGS_prodC/OPA/V11C/prod/inpdir/forecast/20250119/ECMWF//atm.20250122-10:30:00.nc  [ok]
PrEx 20250119-15:17:07    > ln -fs /g100_work/OGS_prodC/OPA/V11C/prod/inpdir/forecast/20250119/ECMWF//atm.20250122-13:30:00.nc 
PrEx 20250119-15:17:07   0< ln -fs /g100_work/OGS_prodC/OPA/V11C/prod/inpdir/forecast/20250119/ECMWF//atm.20250122-13:30:00.nc  [ok]
PrEx 20250119-15:17:07    > ln -fs /g100_work/OGS_prodC/OPA/V11C/prod/inpdir/forecast/20250119/ECMWF//atm.20250122-16:30:00.nc 
PrEx 20250119-15:17:07   0< ln -fs /g100_work/OGS_prodC/OPA/V11C/prod/inpdir/forecast/20250119/ECMWF//atm.20250122-16:30:00.nc  [ok]
PrEx 20250119-15:17:07    > ln -fs /g100_work/OGS_prodC/OPA/V11C/prod/inpdir/forecast/20250119/ECMWF//atm.20250122-19:30:00.nc 
PrEx 20250119-15:17:07   0< ln -fs /g100_work/OGS_prodC/OPA/V11C/prod/inpdir/forecast/20250119/ECMWF//atm.20250122-19:30:00.nc  [ok]
PrEx 20250119-15:17:07    > ln -fs /g100_work/OGS_prodC/OPA/V11C/prod/inpdir/forecast/20250119/ECMWF//atm.20250122-22:30:00.nc 
PrEx 20250119-15:17:07   0< ln -fs /g100_work/OGS_prodC/OPA/V11C/prod/inpdir/forecast/20250119/ECMWF//atm.20250122-22:30:00.nc  [ok]
PrEx 20250119-15:17:07    > ln -fs /g100_work/OGS_prodC/OPA/V11C/prod/inpdir/forecast/20250119/ECMWF//atm.20250123-01:30:00.nc 
PrEx 20250119-15:17:07   0< ln -fs /g100_work/OGS_prodC/OPA/V11C/prod/inpdir/forecast/20250119/ECMWF//atm.20250123-01:30:00.nc  [ok]
PrEx 20250119-15:17:07    > ln -fs /g100_work/OGS_prodC/OPA/V11C/prod/inpdir/forecast/20250119/ECMWF//atm.20250123-04:30:00.nc 
PrEx 20250119-15:17:07   0< ln -fs /g100_work/OGS_prodC/OPA/V11C/prod/inpdir/forecast/20250119/ECMWF//atm.20250123-04:30:00.nc  [ok]
PrEx 20250119-15:17:07    > ln -fs /g100_work/OGS_prodC/OPA/V11C/prod/inpdir/forecast/20250119/ECMWF//atm.20250123-07:30:00.nc 
PrEx 20250119-15:17:07   0< ln -fs /g100_work/OGS_prodC/OPA/V11C/prod/inpdir/forecast/20250119/ECMWF//atm.20250123-07:30:00.nc  [ok]
PrEx 20250119-15:17:07    > ln -fs /g100_work/OGS_prodC/OPA/V11C/prod/inpdir/forecast/20250119/ECMWF//atm.20250123-10:30:00.nc 
PrEx 20250119-15:17:07   0< ln -fs /g100_work/OGS_prodC/OPA/V11C/prod/inpdir/forecast/20250119/ECMWF//atm.20250123-10:30:00.nc  [ok]
PrEx 20250119-15:17:07    > ln -fs /g100_work/OGS_prodC/OPA/V11C/prod/inpdir/forecast/20250119/ECMWF//atm.20250123-13:30:00.nc 
PrEx 20250119-15:17:07   0< ln -fs /g100_work/OGS_prodC/OPA/V11C/prod/inpdir/forecast/20250119/ECMWF//atm.20250123-13:30:00.nc  [ok]
PrEx 20250119-15:17:07    > ln -fs /g100_work/OGS_prodC/OPA/V11C/prod/inpdir/forecast/20250119/ECMWF//atm.20250123-16:30:00.nc 
PrEx 20250119-15:17:07   0< ln -fs /g100_work/OGS_prodC/OPA/V11C/prod/inpdir/forecast/20250119/ECMWF//atm.20250123-16:30:00.nc  [ok]
PrEx 20250119-15:17:07    > ln -fs /g100_work/OGS_prodC/OPA/V11C/prod/inpdir/forecast/20250119/ECMWF//atm.20250123-19:30:00.nc 
PrEx 20250119-15:17:07   0< ln -fs /g100_work/OGS_prodC/OPA/V11C/prod/inpdir/forecast/20250119/ECMWF//atm.20250123-19:30:00.nc  [ok]
PrEx 20250119-15:17:07    > ln -fs /g100_work/OGS_prodC/OPA/V11C/prod/inpdir/forecast/20250119/ECMWF//atm.20250123-22:30:00.nc 
PrEx 20250119-15:17:07   0< ln -fs /g100_work/OGS_prodC/OPA/V11C/prod/inpdir/forecast/20250119/ECMWF//atm.20250123-22:30:00.nc  [ok]
PrEx 20250119-15:17:07    > ln -fs /g100_work/OGS_prodC/OPA/V11C/prod/inpdir/forecast/20250119/ECMWF//atm.20250124-01:30:00.nc 
PrEx 20250119-15:17:07   0< ln -fs /g100_work/OGS_prodC/OPA/V11C/prod/inpdir/forecast/20250119/ECMWF//atm.20250124-01:30:00.nc  [ok]
PrEx 20250119-15:17:07    > ln -fs /g100_work/OGS_prodC/OPA/V11C/prod/inpdir/forecast/20250119/ECMWF//atm.20250124-04:30:00.nc 
PrEx 20250119-15:17:07   0< ln -fs /g100_work/OGS_prodC/OPA/V11C/prod/inpdir/forecast/20250119/ECMWF//atm.20250124-04:30:00.nc  [ok]
PrEx 20250119-15:17:07    > ln -fs /g100_work/OGS_prodC/OPA/V11C/prod/inpdir/forecast/20250119/ECMWF//atm.20250124-07:30:00.nc 
PrEx 20250119-15:17:07   0< ln -fs /g100_work/OGS_prodC/OPA/V11C/prod/inpdir/forecast/20250119/ECMWF//atm.20250124-07:30:00.nc  [ok]
PrEx 20250119-15:17:07    > ln -fs /g100_work/OGS_prodC/OPA/V11C/prod/inpdir/forecast/20250119/ECMWF//atm.20250124-10:30:00.nc 
PrEx 20250119-15:17:07   0< ln -fs /g100_work/OGS_prodC/OPA/V11C/prod/inpdir/forecast/20250119/ECMWF//atm.20250124-10:30:00.nc  [ok]
PrEx 20250119-15:17:07    > ln -fs /g100_work/OGS_prodC/OPA/V11C/prod/inpdir/forecast/20250119/ECMWF//atm.20250124-13:30:00.nc 
PrEx 20250119-15:17:07   0< ln -fs /g100_work/OGS_prodC/OPA/V11C/prod/inpdir/forecast/20250119/ECMWF//atm.20250124-13:30:00.nc  [ok]
PrEx 20250119-15:17:07    > ln -fs /g100_work/OGS_prodC/OPA/V11C/prod/inpdir/forecast/20250119/ECMWF//atm.20250124-16:30:00.nc 
PrEx 20250119-15:17:07   0< ln -fs /g100_work/OGS_prodC/OPA/V11C/prod/inpdir/forecast/20250119/ECMWF//atm.20250124-16:30:00.nc  [ok]
PrEx 20250119-15:17:07    > ln -fs /g100_work/OGS_prodC/OPA/V11C/prod/inpdir/forecast/20250119/ECMWF//atm.20250124-19:30:00.nc 
PrEx 20250119-15:17:07   0< ln -fs /g100_work/OGS_prodC/OPA/V11C/prod/inpdir/forecast/20250119/ECMWF//atm.20250124-19:30:00.nc  [ok]
PrEx 20250119-15:17:07    > ln -fs /g100_work/OGS_prodC/OPA/V11C/prod/inpdir/forecast/20250119/ECMWF//atm.20250124-22:30:00.nc 
PrEx 20250119-15:17:07   0< ln -fs /g100_work/OGS_prodC/OPA/V11C/prod/inpdir/forecast/20250119/ECMWF//atm.20250124-22:30:00.nc  [ok]
PrEx 20250119-15:17:07    > ln -fs /g100_work/OGS_prodC/OPA/V11C/prod/inpdir/forecast/20250119/ECMWF//atm.20250125-03:00:00.nc 
PrEx 20250119-15:17:07   0< ln -fs /g100_work/OGS_prodC/OPA/V11C/prod/inpdir/forecast/20250119/ECMWF//atm.20250125-03:00:00.nc  [ok]
PrEx 20250119-15:17:07    > ln -fs /g100_work/OGS_prodC/OPA/V11C/prod/inpdir/forecast/20250119/ECMWF//atm.20250125-09:00:00.nc 
PrEx 20250119-15:17:07   0< ln -fs /g100_work/OGS_prodC/OPA/V11C/prod/inpdir/forecast/20250119/ECMWF//atm.20250125-09:00:00.nc  [ok]
PrEx 20250119-15:17:07    > ln -fs /g100_work/OGS_prodC/OPA/V11C/prod/inpdir/forecast/20250119/ECMWF//atm.20250125-15:00:00.nc 
PrEx 20250119-15:17:07   0< ln -fs /g100_work/OGS_prodC/OPA/V11C/prod/inpdir/forecast/20250119/ECMWF//atm.20250125-15:00:00.nc  [ok]
PrEx 20250119-15:17:07    > ln -fs /g100_work/OGS_prodC/OPA/V11C/prod/inpdir/forecast/20250119/ECMWF//atm.20250125-21:00:00.nc 
PrEx 20250119-15:17:07   0< ln -fs /g100_work/OGS_prodC/OPA/V11C/prod/inpdir/forecast/20250119/ECMWF//atm.20250125-21:00:00.nc  [ok]
PrEx 20250119-15:17:07    > ln -fs /g100_work/OGS_prodC/OPA/V11C/prod/inpdir/forecast/20250119/ECMWF//atm.20250126-03:00:00.nc 
PrEx 20250119-15:17:07   0< ln -fs /g100_work/OGS_prodC/OPA/V11C/prod/inpdir/forecast/20250119/ECMWF//atm.20250126-03:00:00.nc  [ok]
PrEx 20250119-15:17:07    > ln -fs /g100_work/OGS_prodC/OPA/V11C/prod/inpdir/forecast/20250119/ECMWF//atm.20250126-09:00:00.nc 
PrEx 20250119-15:17:07   0< ln -fs /g100_work/OGS_prodC/OPA/V11C/prod/inpdir/forecast/20250119/ECMWF//atm.20250126-09:00:00.nc  [ok]
PrEx 20250119-15:17:07    > ln -fs /g100_work/OGS_prodC/OPA/V11C/prod/inpdir/forecast/20250119/ECMWF//atm.20250126-15:00:00.nc 
PrEx 20250119-15:17:07   0< ln -fs /g100_work/OGS_prodC/OPA/V11C/prod/inpdir/forecast/20250119/ECMWF//atm.20250126-15:00:00.nc  [ok]
PrEx 20250119-15:17:07    > ln -fs /g100_work/OGS_prodC/OPA/V11C/prod/inpdir/forecast/20250119/ECMWF//atm.20250126-21:00:00.nc 
PrEx 20250119-15:17:07   0< ln -fs /g100_work/OGS_prodC/OPA/V11C/prod/inpdir/forecast/20250119/ECMWF//atm.20250126-21:00:00.nc  [ok]
PrEx 20250119-15:17:07    > ln -fs /g100_work/OGS_prodC/OPA/V11C/prod/inpdir/forecast/20250119/ECMWF//atm.20250127-03:00:00.nc 
PrEx 20250119-15:17:07   0< ln -fs /g100_work/OGS_prodC/OPA/V11C/prod/inpdir/forecast/20250119/ECMWF//atm.20250127-03:00:00.nc  [ok]
PrEx 20250119-15:17:07    > ln -fs /g100_work/OGS_prodC/OPA/V11C/prod/inpdir/forecast/20250119/ECMWF//atm.20250127-09:00:00.nc 
PrEx 20250119-15:17:07   0< ln -fs /g100_work/OGS_prodC/OPA/V11C/prod/inpdir/forecast/20250119/ECMWF//atm.20250127-09:00:00.nc  [ok]
PrEx 20250119-15:17:07    > ln -fs /g100_work/OGS_prodC/OPA/V11C/prod/inpdir/forecast/20250119/ECMWF//atm.20250127-15:00:00.nc 
PrEx 20250119-15:17:07   0< ln -fs /g100_work/OGS_prodC/OPA/V11C/prod/inpdir/forecast/20250119/ECMWF//atm.20250127-15:00:00.nc  [ok]
PrEx 20250119-15:17:07    > ln -fs /g100_work/OGS_prodC/OPA/V11C/prod/inpdir/forecast/20250119/ECMWF//atm.20250127-21:00:00.nc 
PrEx 20250119-15:17:07   0< ln -fs /g100_work/OGS_prodC/OPA/V11C/prod/inpdir/forecast/20250119/ECMWF//atm.20250127-21:00:00.nc  [ok]
PrEx 20250119-15:17:07    > ln -fs /g100_work/OGS_prodC/OPA/V11C/prod/inpdir/forecast/20250119/ECMWF//atm.20250128-03:00:00.nc 
PrEx 20250119-15:17:07   0< ln -fs /g100_work/OGS_prodC/OPA/V11C/prod/inpdir/forecast/20250119/ECMWF//atm.20250128-03:00:00.nc  [ok]
PrEx 20250119-15:17:07    > ln -fs /g100_work/OGS_prodC/OPA/V11C/prod/inpdir/forecast/20250119/ECMWF//atm.20250128-09:00:00.nc 
PrEx 20250119-15:17:07   0< ln -fs /g100_work/OGS_prodC/OPA/V11C/prod/inpdir/forecast/20250119/ECMWF//atm.20250128-09:00:00.nc  [ok]
PrEx 20250119-15:17:07    > ln -fs /g100_work/OGS_prodC/OPA/V11C/prod/inpdir/forecast/20250119/ECMWF//atm.20250128-15:00:00.nc 
PrEx 20250119-15:17:07   0< ln -fs /g100_work/OGS_prodC/OPA/V11C/prod/inpdir/forecast/20250119/ECMWF//atm.20250128-15:00:00.nc  [ok]
PrEx 20250119-15:17:07    > ln -fs /g100_work/OGS_prodC/OPA/V11C/prod/inpdir/forecast/20250119/ECMWF//atm.20250128-21:00:00.nc 
PrEx 20250119-15:17:07   0< ln -fs /g100_work/OGS_prodC/OPA/V11C/prod/inpdir/forecast/20250119/ECMWF//atm.20250128-21:00:00.nc  [ok]
PrEx 20250119-15:17:07    > ln -fs atm.20250118-03:00:00.nc atm.20250118-00:00:00.nc
PrEx 20250119-15:17:07   0< ln -fs atm.20250118-03:00:00.nc atm.20250118-00:00:00.nc [ok]
PrEx 20250119-15:17:07    > ln -fs atm.20250128-21:00:00.nc atm.20250129-03:00:00.nc
PrEx 20250119-15:17:07   0< ln -fs atm.20250128-21:00:00.nc atm.20250129-03:00:00.nc [ok]
PrEx 20250119-15:17:07    > datelist_MB BC/ATL_       > files_namelist_atl.dat
PrEx 20250119-15:17:08   0< datelist_MB BC/ATL_       > files_namelist_atl.dat [ok]
PrEx 20250119-15:17:08    > datelist_MB BC/TIN_       > files_namelist_riv.dat
PrEx 20250119-15:17:08   0< datelist_MB BC/TIN_       > files_namelist_riv.dat [ok]
PrEx 20250119-15:17:08    > datelist_MB BC/GIB_       > files_namelist_gib.dat
PrEx 20250119-15:17:08   0< datelist_MB BC/GIB_       > files_namelist_gib.dat [ok]
PrEx 20250119-15:17:08    > datelist_MB BC/OPE_       > files_namelist_dar.dat
PrEx 20250119-15:17:08   0< datelist_MB BC/OPE_       > files_namelist_dar.dat [ok]
PrEx 20250119-15:17:08    > datelist_MB BC/PO__       > files_namelist_po_.dat
PrEx 20250119-15:17:08   0< datelist_MB BC/PO__       > files_namelist_po_.dat [ok]
PrEx 20250119-15:17:08    > datelist BC/ATM_          >    AtmTimes
PrEx 20250119-15:17:08   0< datelist BC/ATM_          >    AtmTimes [ok]
PrEx 20250119-15:17:08    > datelist BC/CO2_          > carbonTimes
PrEx 20250119-15:17:08   0< datelist BC/CO2_          > carbonTimes [ok]
PrEx 20250119-15:17:08    > datelist FORCINGS/U      > forcingsTimes
PrEx 20250119-15:17:08   0< datelist FORCINGS/U      > forcingsTimes [ok]
PrEx 20250119-15:17:08    > datelist OPTICS/atm.     >  optatmTimes
PrEx 20250119-15:17:08   0< datelist OPTICS/atm.     >  optatmTimes [ok]
PrEx 20250119-15:17:08    > datelist OPTICS/climatm. >  optclimTimes
PrEx 20250119-15:17:08   0< datelist OPTICS/climatm. >  optclimTimes [ok]
PrEx 20250119-15:17:08    > datelist OPTICS/aero.    >  optAeroTimes
PrEx 20250119-15:17:08   0< datelist OPTICS/aero.    >  optAeroTimes [ok]
PrEx 20250119-15:17:08    > rm -f Start_End_Times 1.aveTimes 2.aveTimes restartTimes
PrEx 20250119-15:17:08   0< rm -f Start_End_Times 1.aveTimes 2.aveTimes restartTimes [ok]
20250119-15:17:09 00 (002) : * EXIT(opa_model__phase_B1.ksh) [Ok]
