PrEx 20250119-15:12:05    > . /cineca/prod/opt/environment/module/4.7.0/none/init/ksh
PrEx 20250119-15:12:05   0< . /cineca/prod/opt/environment/module/4.7.0/none/init/ksh [ok]
PrEx 20250119-15:12:05    > module load autoload
PrEx 20250119-15:12:05   0< module load autoload [ok]
PrEx 20250119-15:12:05    > module load intelmpi/oneapi-2021--binary
PrEx 20250119-15:12:05   0< module load intelmpi/oneapi-2021--binary [ok]
PrEx 20250119-15:12:05    > module load mkl/oneapi-2021--binary
PrEx 20250119-15:12:05   0< module load mkl/oneapi-2021--binary [ok]
PrEx 20250119-15:12:05    > module load nco
PrEx 20250119-15:12:05   0< module load nco [ok]
PrEx 20250119-15:12:05    > module load python/3.11.7--gcc--10.2.0
PrEx 20250119-15:12:05   0< module load python/3.11.7--gcc--10.2.0 [ok]
PrEx 20250119-15:12:05    > ulimit -s unlimited
PrEx 20250119-15:12:05   0< ulimit -s unlimited [ok]
### OPA_RUNDATE ...................... '20250119'
### OPA_WEEKDAY ...................... '0'
### OPA_TODAY ........................ '20250119'
### OPA_DEFAULT_RUNDATE .............. '20250119'
### OPA_PRODDATE ..................... '20250119'
### OPA_RESTART_RUNDATE .............. '20250118'
### OPA_RESTART_WEEKDAY .............. '6'
20250119-15:12:05 00 (002) : * START(opa_model.ksh)
PrEx 20250119-15:12:05    > /g100/home/usera07ogs/a07ogs00/OPA/V11C/bin/opa_model__phase_B1.ksh  1>/g100/home/usera07ogs/a07ogs00/OPA/V11C/log/forecast/20250119/opa.g100.002.opa_model__phase_B1.out 2>&1
PrEx 20250119-15:17:09   0< /g100/home/usera07ogs/a07ogs00/OPA/V11C/bin/opa_model__phase_B1.ksh  1>/g100/home/usera07ogs/a07ogs00/OPA/V11C/log/forecast/20250119/opa.g100.002.opa_model__phase_B1.out 2>&1 [ok]
PrEx 20250119-15:17:09    > /g100/home/usera07ogs/a07ogs00/OPA/V11C/bin/opa_model__phase_B2.ksh  1>/g100/home/usera07ogs/a07ogs00/OPA/V11C/log/forecast/20250119/opa.g100.002.opa_model__phase_B2.out 2>&1
PrEx 20250119-16:33:40   0< /g100/home/usera07ogs/a07ogs00/OPA/V11C/bin/opa_model__phase_B2.ksh  1>/g100/home/usera07ogs/a07ogs00/OPA/V11C/log/forecast/20250119/opa.g100.002.opa_model__phase_B2.out 2>&1 [ok]
PrEx 20250119-16:33:40    > /g100/home/usera07ogs/a07ogs00/OPA/V11C/bin/opa_postproc__phase_C1.ksh  1>/g100/home/usera07ogs/a07ogs00/OPA/V11C/log/forecast/20250119/opa.g100.002.opa_postproc__phase_C1.out 2>&1
PrEx 20250119-16:48:04   0< /g100/home/usera07ogs/a07ogs00/OPA/V11C/bin/opa_postproc__phase_C1.ksh  1>/g100/home/usera07ogs/a07ogs00/OPA/V11C/log/forecast/20250119/opa.g100.002.opa_postproc__phase_C1.out 2>&1 [ok]
20250119-16:48:04 00 (002) : * EXIT(opa_model.ksh) [Ok]
