20250119-15:00:04 00 (---) : Running command </g100/home/usera07ogs/a07ogs00/OPA/V11C/bin/opa_submit.ksh  --runtype 'forecast'  --submit   '--job-multiple'  '--try-resume' >
20250119-15:00:05 01 (---) : Submitting JCF [opa.g100.001.jcf_slurm.multiple.pre]...
20250119-15:00:05 00 (---) : JCF [opa.g100.001.jcf_slurm.multiple.pre] has been submitted [Ok]
20250119-15:00:05 01 (---) :    JOBID: 14987701
20250119-15:00:05 01 (---) : Submitting JCF [opa.g100.001.jcf_slurm.multiple.model]...
20250119-15:00:05 00 (---) : JCF [opa.g100.001.jcf_slurm.multiple.model] has been submitted [Ok]
20250119-15:00:05 01 (---) :    JOBID: 14987702
20250119-15:00:05 01 (---) : Submitting JCF [opa.g100.001.jcf_slurm.multiple.post]...
20250119-15:00:05 00 (---) : JCF [opa.g100.001.jcf_slurm.multiple.post] has been submitted [Ok]
20250119-15:00:05 01 (---) :    JOBID: 14987703
20250119-15:00:05 00 (---) : Chain has been submitted [Ok]
20250119-15:00:08 00 (001) : === ^^^^^^^^^^^^^^^^^^^^^^^^^^^^^^^^^^^^^^^^^^^^^^
20250119-15:00:08 00 (001) : === JOB '14987701' STARTED
20250119-15:00:08 01 (001) : ===  #PROCS: 1
20250119-15:00:08 01 (001) : ===  #NODES: 1
20250119-15:00:09 00 (001) : * START(opa_pre_wrapper.ksh)
20250119-15:00:09 00 (001) : !!! STEP 'pre' STARTED 001
20250119-15:00:09 00 (001) : ### preprocessing input files...
20250119-15:00:09 00 (001) : * START(opa_preproc.ksh)
20250119-15:00:10 00 (001) : * START(opa_run_setup.ksh)
20250119-15:00:10 01 (001) : cleaning directory [MODEL] ...
20250119-15:00:11 00 (001) : cleaning directory [MODEL] [Ok]
20250119-15:00:11 00 (001) : making directory [MODEL] [Ok]
20250119-15:00:11 01 (001) : cleaning directory [MODEL/BC] ...
20250119-15:00:11 00 (001) : cleaning directory [MODEL/BC] [Ok]
20250119-15:00:11 00 (001) : making directory [MODEL/BC] [Ok]
20250119-15:00:11 01 (001) : cleaning directory [MODEL/FORCINGS] ...
20250119-15:00:11 00 (001) : cleaning directory [MODEL/FORCINGS] [Ok]
20250119-15:00:11 00 (001) : making directory [MODEL/FORCINGS] [Ok]
20250119-15:00:11 01 (001) : cleaning directory [MODEL/DELTA_T] ...
20250119-15:00:11 00 (001) : cleaning directory [MODEL/DELTA_T] [Ok]
20250119-15:00:11 00 (001) : making directory [MODEL/DELTA_T] [Ok]
20250119-15:00:11 01 (001) : cleaning directory [MODEL/AVE_FREQ_1] ...
20250119-15:00:11 00 (001) : cleaning directory [MODEL/AVE_FREQ_1] [Ok]
20250119-15:00:11 00 (001) : making directory [MODEL/AVE_FREQ_1] [Ok]
20250119-15:00:11 01 (001) : cleaning directory [MODEL/AVE_FREQ_2] ...
20250119-15:00:11 00 (001) : cleaning directory [MODEL/AVE_FREQ_2] [Ok]
20250119-15:00:11 00 (001) : making directory [MODEL/AVE_FREQ_2] [Ok]
20250119-15:00:11 01 (001) : cleaning directory [MODEL/AVE_FREQ_3] ...
20250119-15:00:11 00 (001) : cleaning directory [MODEL/AVE_FREQ_3] [Ok]
20250119-15:00:11 00 (001) : making directory [MODEL/AVE_FREQ_3] [Ok]
20250119-15:00:11 01 (001) : cleaning directory [MODEL/RESTARTS] ...
20250119-15:00:11 00 (001) : cleaning directory [MODEL/RESTARTS] [Ok]
20250119-15:00:11 00 (001) : making directory [MODEL/RESTARTS] [Ok]
20250119-15:00:11 01 (001) : cleaning directory [MODEL/DA__FREQ_1] ...
20250119-15:00:11 00 (001) : cleaning directory [MODEL/DA__FREQ_1] [Ok]
20250119-15:00:12 00 (001) : making directory [MODEL/DA__FREQ_1] [Ok]
20250119-15:00:12 01 (001) : cleaning directory [MODEL/bcs] ...
20250119-15:00:12 00 (001) : cleaning directory [MODEL/bcs] [Ok]
20250119-15:00:12 00 (001) : making directory [MODEL/bcs] [Ok]
20250119-15:00:12 01 (001) : cleaning directory [MODEL/OPTICS] ...
20250119-15:00:12 00 (001) : cleaning directory [MODEL/OPTICS] [Ok]
20250119-15:00:12 00 (001) : making directory [MODEL/OPTICS] [Ok]
20250119-15:00:12 01 (001) : cleaning directory [POSTPROC] ...
20250119-15:00:20 00 (001) : cleaning directory [POSTPROC] [Ok]
20250119-15:00:20 00 (001) : making directory [POSTPROC] [Ok]
20250119-15:00:20 01 (001) : cleaning directory [POSTPROC/AVE_FREQ_1] ...
20250119-15:00:20 00 (001) : cleaning directory [POSTPROC/AVE_FREQ_1] [Ok]
20250119-15:00:20 00 (001) : making directory [POSTPROC/AVE_FREQ_1] [Ok]
20250119-15:00:20 01 (001) : cleaning directory [POSTPROC/AVE_FREQ_1/INTEGRALS] ...
20250119-15:00:20 00 (001) : cleaning directory [POSTPROC/AVE_FREQ_1/INTEGRALS] [Ok]
20250119-15:00:20 00 (001) : making directory [POSTPROC/AVE_FREQ_1/INTEGRALS] [Ok]
20250119-15:00:20 01 (001) : cleaning directory [POSTPROC/AVE_FREQ_1/STAT_PROFILES] ...
20250119-15:00:20 00 (001) : cleaning directory [POSTPROC/AVE_FREQ_1/STAT_PROFILES] [Ok]
20250119-15:00:20 00 (001) : making directory [POSTPROC/AVE_FREQ_1/STAT_PROFILES] [Ok]
20250119-15:00:20 01 (001) : cleaning directory [POSTPROC/AVE_FREQ_1/PROFILES] ...
20250119-15:00:20 00 (001) : cleaning directory [POSTPROC/AVE_FREQ_1/PROFILES] [Ok]
20250119-15:00:20 00 (001) : making directory [POSTPROC/AVE_FREQ_1/PROFILES] [Ok]
20250119-15:00:20 01 (001) : cleaning directory [POSTPROC/AVE_FREQ_2] ...
20250119-15:00:20 00 (001) : cleaning directory [POSTPROC/AVE_FREQ_2] [Ok]
20250119-15:00:20 00 (001) : making directory [POSTPROC/AVE_FREQ_2] [Ok]
20250119-15:00:20 01 (001) : cleaning directory [POSTPROC/AVE_FREQ_2/INTEGRALS] ...
20250119-15:00:20 00 (001) : cleaning directory [POSTPROC/AVE_FREQ_2/INTEGRALS] [Ok]
20250119-15:00:20 00 (001) : making directory [POSTPROC/AVE_FREQ_2/INTEGRALS] [Ok]
20250119-15:00:20 01 (001) : cleaning directory [POSTPROC/AVE_FREQ_2/STAT_PROFILES] ...
20250119-15:00:20 00 (001) : cleaning directory [POSTPROC/AVE_FREQ_2/STAT_PROFILES] [Ok]
20250119-15:00:20 00 (001) : making directory [POSTPROC/AVE_FREQ_2/STAT_PROFILES] [Ok]
20250119-15:00:20 01 (001) : cleaning directory [POSTPROC/AVE_FREQ_2/PROFILES] ...
20250119-15:00:20 00 (001) : cleaning directory [POSTPROC/AVE_FREQ_2/PROFILES] [Ok]
20250119-15:00:20 00 (001) : making directory [POSTPROC/AVE_FREQ_2/PROFILES] [Ok]
20250119-15:00:20 01 (001) : cleaning directory [POSTPROC/COMPRESSED_FOR_ARCHIVE] ...
20250119-15:00:20 00 (001) : cleaning directory [POSTPROC/COMPRESSED_FOR_ARCHIVE] [Ok]
20250119-15:00:20 00 (001) : making directory [POSTPROC/COMPRESSED_FOR_ARCHIVE] [Ok]
20250119-15:00:20 01 (001) : cleaning directory [POSTPROC/COMPRESSED_FOR_ARCHIVE/AVE_FREQ_1] ...
20250119-15:00:20 00 (001) : cleaning directory [POSTPROC/COMPRESSED_FOR_ARCHIVE/AVE_FREQ_1] [Ok]
20250119-15:00:20 00 (001) : making directory [POSTPROC/COMPRESSED_FOR_ARCHIVE/AVE_FREQ_1] [Ok]
20250119-15:00:20 01 (001) : cleaning directory [POSTPROC/COMPRESSED_FOR_ARCHIVE/RST] ...
20250119-15:00:20 00 (001) : cleaning directory [POSTPROC/COMPRESSED_FOR_ARCHIVE/RST] [Ok]
20250119-15:00:20 00 (001) : making directory [POSTPROC/COMPRESSED_FOR_ARCHIVE/RST] [Ok]
20250119-15:00:20 01 (001) : cleaning directory [CMCC_PHYS] ...
20250119-15:00:21 00 (001) : cleaning directory [CMCC_PHYS] [Ok]
20250119-15:00:21 00 (001) : making directory [CMCC_PHYS] [Ok]
20250119-15:00:21 00 (001) : * EXIT(opa_run_setup.ksh) [Ok]
20250119-15:00:21 00 (001) : * START(opa_get.ksh)
20250119-15:10:03 00 (---) : Running command </g100/home/usera07ogs/a07ogs00/OPA/V11C/bin/opa_submit.ksh  --runtype 'forecast'  --submit   '--job-multiple'  '--try-resume' >
20250119-15:10:04 01 (---) : Submitting JCF [opa.g100.002.jcf_slurm.multiple.pre]...
20250119-15:10:04 00 (---) : JCF [opa.g100.002.jcf_slurm.multiple.pre] has been submitted [Ok]
20250119-15:10:04 01 (---) :    JOBID: 14987719
20250119-15:10:04 01 (---) : Submitting JCF [opa.g100.002.jcf_slurm.multiple.model]...
20250119-15:10:04 00 (---) : JCF [opa.g100.002.jcf_slurm.multiple.model] has been submitted [Ok]
20250119-15:10:04 01 (---) :    JOBID: 14987720
20250119-15:10:04 01 (---) : Submitting JCF [opa.g100.002.jcf_slurm.multiple.post]...
20250119-15:10:04 00 (---) : JCF [opa.g100.002.jcf_slurm.multiple.post] has been submitted [Ok]
20250119-15:10:04 01 (---) :    JOBID: 14987721
20250119-15:10:04 00 (---) : Chain has been submitted [Ok]
20250119-15:10:07 00 (002) : === ^^^^^^^^^^^^^^^^^^^^^^^^^^^^^^^^^^^^^^^^^^^^^^
20250119-15:10:07 00 (002) : === JOB '14987719' STARTED
20250119-15:10:07 01 (002) : ===  #PROCS: 1
20250119-15:10:07 01 (002) : ===  #NODES: 1
20250119-15:10:08 00 (002) : * START(opa_pre_wrapper.ksh)
20250119-15:10:08 00 (002) : !!! STEP 'pre' STARTED 002
20250119-15:10:08 00 (002) : ### preprocessing input files...
20250119-15:10:08 00 (002) : * START(opa_preproc.ksh)
20250119-15:10:09 00 (002) : * START(opa_run_setup.ksh)
20250119-15:10:09 01 (002) : cleaning directory [MODEL] ...
20250119-15:10:09 00 (002) : cleaning directory [MODEL] [Ok]
20250119-15:10:09 00 (002) : making directory [MODEL] [Ok]
20250119-15:10:09 01 (002) : cleaning directory [MODEL/BC] ...
20250119-15:10:09 00 (002) : cleaning directory [MODEL/BC] [Ok]
20250119-15:10:09 00 (002) : making directory [MODEL/BC] [Ok]
20250119-15:10:09 01 (002) : cleaning directory [MODEL/FORCINGS] ...
20250119-15:10:09 00 (002) : cleaning directory [MODEL/FORCINGS] [Ok]
20250119-15:10:09 00 (002) : making directory [MODEL/FORCINGS] [Ok]
20250119-15:10:09 01 (002) : cleaning directory [MODEL/DELTA_T] ...
20250119-15:10:09 00 (002) : cleaning directory [MODEL/DELTA_T] [Ok]
20250119-15:10:09 00 (002) : making directory [MODEL/DELTA_T] [Ok]
20250119-15:10:09 01 (002) : cleaning directory [MODEL/AVE_FREQ_1] ...
20250119-15:10:09 00 (002) : cleaning directory [MODEL/AVE_FREQ_1] [Ok]
20250119-15:10:09 00 (002) : making directory [MODEL/AVE_FREQ_1] [Ok]
20250119-15:10:09 01 (002) : cleaning directory [MODEL/AVE_FREQ_2] ...
20250119-15:10:09 00 (002) : cleaning directory [MODEL/AVE_FREQ_2] [Ok]
20250119-15:10:09 00 (002) : making directory [MODEL/AVE_FREQ_2] [Ok]
20250119-15:10:09 01 (002) : cleaning directory [MODEL/AVE_FREQ_3] ...
20250119-15:10:09 00 (002) : cleaning directory [MODEL/AVE_FREQ_3] [Ok]
20250119-15:10:09 00 (002) : making directory [MODEL/AVE_FREQ_3] [Ok]
20250119-15:10:09 01 (002) : cleaning directory [MODEL/RESTARTS] ...
20250119-15:10:09 00 (002) : cleaning directory [MODEL/RESTARTS] [Ok]
20250119-15:10:09 00 (002) : making directory [MODEL/RESTARTS] [Ok]
20250119-15:10:09 01 (002) : cleaning directory [MODEL/DA__FREQ_1] ...
20250119-15:10:09 00 (002) : cleaning directory [MODEL/DA__FREQ_1] [Ok]
20250119-15:10:09 00 (002) : making directory [MODEL/DA__FREQ_1] [Ok]
20250119-15:10:09 01 (002) : cleaning directory [MODEL/bcs] ...
20250119-15:10:09 00 (002) : cleaning directory [MODEL/bcs] [Ok]
20250119-15:10:09 00 (002) : making directory [MODEL/bcs] [Ok]
20250119-15:10:09 01 (002) : cleaning directory [MODEL/OPTICS] ...
20250119-15:10:09 00 (002) : cleaning directory [MODEL/OPTICS] [Ok]
20250119-15:10:09 00 (002) : making directory [MODEL/OPTICS] [Ok]
20250119-15:10:09 01 (002) : cleaning directory [POSTPROC] ...
20250119-15:10:09 00 (002) : cleaning directory [POSTPROC] [Ok]
20250119-15:10:09 00 (002) : making directory [POSTPROC] [Ok]
20250119-15:10:09 01 (002) : cleaning directory [POSTPROC/AVE_FREQ_1] ...
20250119-15:10:09 00 (002) : cleaning directory [POSTPROC/AVE_FREQ_1] [Ok]
20250119-15:10:09 00 (002) : making directory [POSTPROC/AVE_FREQ_1] [Ok]
20250119-15:10:09 01 (002) : cleaning directory [POSTPROC/AVE_FREQ_1/INTEGRALS] ...
20250119-15:10:09 00 (002) : cleaning directory [POSTPROC/AVE_FREQ_1/INTEGRALS] [Ok]
20250119-15:10:09 00 (002) : making directory [POSTPROC/AVE_FREQ_1/INTEGRALS] [Ok]
20250119-15:10:09 01 (002) : cleaning directory [POSTPROC/AVE_FREQ_1/STAT_PROFILES] ...
20250119-15:10:09 00 (002) : cleaning directory [POSTPROC/AVE_FREQ_1/STAT_PROFILES] [Ok]
20250119-15:10:09 00 (002) : making directory [POSTPROC/AVE_FREQ_1/STAT_PROFILES] [Ok]
20250119-15:10:09 01 (002) : cleaning directory [POSTPROC/AVE_FREQ_1/PROFILES] ...
20250119-15:10:09 00 (002) : cleaning directory [POSTPROC/AVE_FREQ_1/PROFILES] [Ok]
20250119-15:10:10 00 (002) : making directory [POSTPROC/AVE_FREQ_1/PROFILES] [Ok]
20250119-15:10:10 01 (002) : cleaning directory [POSTPROC/AVE_FREQ_2] ...
20250119-15:10:10 00 (002) : cleaning directory [POSTPROC/AVE_FREQ_2] [Ok]
20250119-15:10:10 00 (002) : making directory [POSTPROC/AVE_FREQ_2] [Ok]
20250119-15:10:10 01 (002) : cleaning directory [POSTPROC/AVE_FREQ_2/INTEGRALS] ...
20250119-15:10:10 00 (002) : cleaning directory [POSTPROC/AVE_FREQ_2/INTEGRALS] [Ok]
20250119-15:10:10 00 (002) : making directory [POSTPROC/AVE_FREQ_2/INTEGRALS] [Ok]
20250119-15:10:10 01 (002) : cleaning directory [POSTPROC/AVE_FREQ_2/STAT_PROFILES] ...
20250119-15:10:10 00 (002) : cleaning directory [POSTPROC/AVE_FREQ_2/STAT_PROFILES] [Ok]
20250119-15:10:10 00 (002) : making directory [POSTPROC/AVE_FREQ_2/STAT_PROFILES] [Ok]
20250119-15:10:10 01 (002) : cleaning directory [POSTPROC/AVE_FREQ_2/PROFILES] ...
20250119-15:10:10 00 (002) : cleaning directory [POSTPROC/AVE_FREQ_2/PROFILES] [Ok]
20250119-15:10:10 00 (002) : making directory [POSTPROC/AVE_FREQ_2/PROFILES] [Ok]
20250119-15:10:10 01 (002) : cleaning directory [POSTPROC/COMPRESSED_FOR_ARCHIVE] ...
20250119-15:10:10 00 (002) : cleaning directory [POSTPROC/COMPRESSED_FOR_ARCHIVE] [Ok]
20250119-15:10:10 00 (002) : making directory [POSTPROC/COMPRESSED_FOR_ARCHIVE] [Ok]
20250119-15:10:10 01 (002) : cleaning directory [POSTPROC/COMPRESSED_FOR_ARCHIVE/AVE_FREQ_1] ...
20250119-15:10:10 00 (002) : cleaning directory [POSTPROC/COMPRESSED_FOR_ARCHIVE/AVE_FREQ_1] [Ok]
20250119-15:10:10 00 (002) : making directory [POSTPROC/COMPRESSED_FOR_ARCHIVE/AVE_FREQ_1] [Ok]
20250119-15:10:10 01 (002) : cleaning directory [POSTPROC/COMPRESSED_FOR_ARCHIVE/RST] ...
20250119-15:10:10 00 (002) : cleaning directory [POSTPROC/COMPRESSED_FOR_ARCHIVE/RST] [Ok]
20250119-15:10:10 00 (002) : making directory [POSTPROC/COMPRESSED_FOR_ARCHIVE/RST] [Ok]
20250119-15:10:10 01 (002) : cleaning directory [CMCC_PHYS] ...
20250119-15:10:10 00 (002) : cleaning directory [CMCC_PHYS] [Ok]
20250119-15:10:10 00 (002) : making directory [CMCC_PHYS] [Ok]
20250119-15:10:10 00 (002) : * EXIT(opa_run_setup.ksh) [Ok]
20250119-15:10:10 00 (002) : * START(opa_get.ksh)
20250119-15:12:00 01 (002) : All files successfully downloaded!
20250119-15:12:00 00 (002) : * EXIT(opa_get.ksh) [Ok]
20250119-15:12:01 00 (002) : * START(opa_preproc__phase_A1.ksh)
20250119-15:12:01 00 (002) : * EXIT(opa_preproc__phase_A1.ksh) [Ok] (from last executed command)
20250119-15:12:01 00 (002) : * EXIT(opa_preproc.ksh) [Ok]
20250119-15:12:01 00 (002) : ### preprocessing input files... done [Ok]
20250119-15:12:01 00 (002) : * EXIT(opa_pre_wrapper.ksh) [Ok]
20250119-15:12:01 00 (002) : === JOB '14987719' COMPLETED [0]
20250119-15:12:02 00 (002) : === vvvvvvvvvvvvvvvvvvvvvvvvvvvvvvvvvvvvvvvvvvvvvv
20250119-15:12:04 00 (002) : === ^^^^^^^^^^^^^^^^^^^^^^^^^^^^^^^^^^^^^^^^^^^^^^
20250119-15:12:04 00 (002) : === JOB '14987720' STARTED
20250119-15:12:04 01 (002) : ===  #PROCS: 240
20250119-15:12:04 01 (002) : ===  #NODES: 5
20250119-15:12:05 00 (002) : * START(opa_model_wrapper.ksh)
20250119-15:12:05 00 (002) : !!! STEP 'model' STARTED 002
20250119-15:12:05 00 (002) : ### running the OPA-offline model...
20250119-15:12:05 00 (002) : * START(opa_model.ksh)
20250119-15:12:06 00 (002) : * START(opa_model__phase_B1.ksh)
20250119-15:17:09 00 (002) : * EXIT(opa_model__phase_B1.ksh) [Ok]
20250119-15:17:09 00 (002) : * START(opa_model__phase_B2.ksh)
20250119-15:17:09 00 (002) : model execution on [5] nodes <>, using [240] processors
20250119-16:33:40 00 (002) : * EXIT(opa_model__phase_B2.ksh) [Ok]
20250119-16:33:40 00 (002) : * START(opa_postproc__phase_C1.ksh)
20250119-16:48:04 00 (002) : postprocess_C1 done [Ok]
20250119-16:48:04 00 (002) : * EXIT(opa_postproc__phase_C1.ksh) [Ok]
20250119-16:48:04 00 (002) : * EXIT(opa_model.ksh) [Ok]
20250119-16:48:04 00 (002) : ### running the OPA-offline model... done [Ok]
20250119-16:48:04 00 (002) : * EXIT(opa_model_wrapper.ksh) [Ok]
20250119-16:48:05 00 (002) : === JOB '14987720' COMPLETED [0]
20250119-16:48:05 00 (002) : === vvvvvvvvvvvvvvvvvvvvvvvvvvvvvvvvvvvvvvvvvvvvvv
20250119-16:48:08 00 (002) : === ^^^^^^^^^^^^^^^^^^^^^^^^^^^^^^^^^^^^^^^^^^^^^^
20250119-16:48:08 00 (002) : === JOB '14987721' STARTED
20250119-16:48:08 01 (002) : ===  #PROCS: 1
20250119-16:48:08 01 (002) : ===  #NODES: 1
20250119-16:48:09 00 (002) : * START(opa_post_wrapper.ksh)
20250119-16:48:09 00 (002) : !!! STEP 'post' STARTED 002
20250119-16:48:09 00 (002) : ### postprocessing output files...
20250119-16:48:09 00 (002) : * START(opa_postproc.ksh)
20250119-16:48:10 00 (002) : * START(opa_postproc__phase_C2.ksh)
20250119-16:48:10 00 (002) : postprocess_C2 begin
20250119-16:48:10 00 (002) : delivering to CMEMS DU
20250119-16:48:11 00 (002) : * START(opa_put_phase_2.ksh)
20250119-16:50:11 00 (002) : pro upload on ftp server completed successfully
20250119-16:50:11 00 (002) : * EXIT(opa_put_phase_2.ksh) [Ok]
20250119-16:50:11 00 (002) : * START(opa_put_phase_2.ksh)
20250119-16:52:03 00 (002) : pro upload on ftp server completed successfully
20250119-16:52:03 00 (002) : * EXIT(opa_put_phase_2.ksh) [Ok]
20250119-16:52:04 00 (002) : * START(opa_put_phase_2.ksh)
20250119-16:53:55 00 (002) : pro upload on ftp server completed successfully
20250119-16:53:55 00 (002) : * EXIT(opa_put_phase_2.ksh) [Ok]
20250119-16:53:56 00 (002) : * START(opa_put_phase_2.ksh)
20250119-16:56:15 00 (002) : pro upload on ftp server completed successfully
20250119-16:56:15 00 (002) : * EXIT(opa_put_phase_2.ksh) [Ok]
20250119-16:56:16 00 (002) : * START(opa_put_phase_2.ksh)
20250119-16:57:35 00 (002) : pro upload on ftp server completed successfully
20250119-16:57:35 00 (002) : * EXIT(opa_put_phase_2.ksh) [Ok]
20250119-16:57:36 00 (002) : * START(opa_put_phase_2.ksh)
20250119-16:58:54 00 (002) : pro upload on ftp server completed successfully
20250119-16:58:55 00 (002) : * EXIT(opa_put_phase_2.ksh) [Ok]
20250119-16:58:55 00 (002) : postprocess_C5 done [Ok]
20250119-16:58:55 00 (002) : * EXIT(opa_postproc__phase_C2.ksh) [Ok]
20250119-16:58:55 00 (002) : * START(opa_postproc__phase_C4.ksh)
20250119-16:58:56 00 (002) : * START(opa_archive.ksh)
20250119-16:58:56 01 (002) : Archiving CMCC_PHYS and ECMWF in [/g100_work/OGS_prodC/OPA/V11C/prod/archive/forecast/20250119]...
20250119-16:58:56 03 (002) : [CMCC_PHYS/medfs-eas8*] archived [Ok]
20250119-16:59:03 03 (002) : [ECMWF/2*] archived [Ok]
20250119-16:59:03 00 (002) : Archiving CMCC_PHYS and ECMWF in [/g100_work/OGS_prodC/OPA/V11C/prod/archive/forecast/20250119]... done [Ok]
20250119-16:59:03 00 (002) : * EXIT(opa_archive.ksh) [Ok]
20250119-16:59:03 00 (002) : * START(opa_archive.ksh)
20250119-16:59:04 01 (002) : Archiving MODEL in [/g100_work/OGS_prodC/OPA/V11C/prod/archive/forecast/20250119]...
20250119-16:59:09 03 (002) : [POSTPROC/COMPRESSED_FOR_ARCHIVE/RST/RST*.tar] archived [Ok]
20250119-16:59:09 00 (002) : Archiving MODEL in [/g100_work/OGS_prodC/OPA/V11C/prod/archive/forecast/20250119]... done [Ok]
20250119-16:59:09 01 (002) : Archiving POSTPROC in [/g100_work/OGS_prodC/OPA/V11C/prod/archive/forecast/20250119]...
20250119-16:59:20 03 (002) : [POSTPROC/PRODUCTS/*nc] archived [Ok]
20250119-16:59:20 03 (002) : [POSTPROC/PRODUCTS/*xml] archived [Ok]
20250119-17:00:45 03 (002) : [POSTPROC/COMPRESSED_FOR_ARCHIVE/AVE_FREQ_1/*.nc] archived [Ok]
20250119-17:00:46 03 (002) : [POSTPROC/AVE_FREQ_1/INTEGRALS/*nc] archived [Ok]
20250119-17:00:46 03 (002) : [POSTPROC/AVE_FREQ_1/STAT_PROFILES/*nc] archived [Ok]
20250119-17:00:47 03 (002) : [POSTPROC/AVE_FREQ_1/INTEGRALS/PPN/*nc] archived [Ok]
20250119-17:00:47 00 (002) : Archiving POSTPROC in [/g100_work/OGS_prodC/OPA/V11C/prod/archive/forecast/20250119]... done [Ok]
20250119-17:00:47 03 (002) : [POSTPROC/AVE_FREQ_1/maps.tar ] archived [Ok]
20250119-17:00:47 00 (002) : * EXIT(opa_archive.ksh) [Ok]
20250119-17:01:44 00 (002) : postprocess_C4 done [Ok]
20250119-17:01:44 00 (002) : * EXIT(opa_postproc__phase_C4.ksh) [Ok]
20250119-17:01:44 00 (002) : postprocess done [Ok]
20250119-17:01:44 00 (002) : * EXIT(opa_postproc.ksh) [Ok]
20250119-17:01:44 00 (002) : ### postprocessing output files... done [Ok]
20250119-17:01:44 00 (002) : * EXIT(opa_post_wrapper.ksh) [Ok]
20250119-17:01:45 00 (002) : === JOB '14987721' COMPLETED [0]
20250119-17:01:45 00 (002) : === vvvvvvvvvvvvvvvvvvvvvvvvvvvvvvvvvvvvvvvvvvvvvv
