PrEx 20250108-18:50:27    > . /cineca/prod/opt/environment/module/4.7.0/none/init/ksh
PrEx 20250108-18:50:27   0< . /cineca/prod/opt/environment/module/4.7.0/none/init/ksh [ok]
PrEx 20250108-18:50:27    > module load autoload
PrEx 20250108-18:50:27   0< module load autoload [ok]
PrEx 20250108-18:50:27    > module load intelmpi/oneapi-2021--binary
PrEx 20250108-18:50:27   0< module load intelmpi/oneapi-2021--binary [ok]
PrEx 20250108-18:50:27    > module load mkl/oneapi-2021--binary
PrEx 20250108-18:50:27   0< module load mkl/oneapi-2021--binary [ok]
PrEx 20250108-18:50:27    > module load nco
PrEx 20250108-18:50:27   0< module load nco [ok]
PrEx 20250108-18:50:27    > module load python/3.11.7--gcc--10.2.0
PrEx 20250108-18:50:27   0< module load python/3.11.7--gcc--10.2.0 [ok]
PrEx 20250108-18:50:27    > ulimit -s unlimited
PrEx 20250108-18:50:27   0< ulimit -s unlimited [ok]
### OPA_RUNDATE ...................... '20250108'
### OPA_WEEKDAY ...................... '3'
### OPA_TODAY ........................ '20250108'
### OPA_DEFAULT_RUNDATE .............. '20250108'
### OPA_PRODDATE ..................... '20250108'
### OPA_RESTART_RUNDATE .............. '20250107'
### OPA_RESTART_WEEKDAY .............. '2'
20250108-18:50:27 00 (004) : * START(opa_model.ksh)
PrEx 20250108-18:50:27    > /g100/home/usera07ogs/a07ogs00/OPA/V11C/bin/opa_model__phase_B1.ksh  1>/g100/home/usera07ogs/a07ogs00/OPA/V11C/log/forecast/20250108/opa.g100.004.opa_model__phase_B1.out 2>&1
PrEx 20250108-18:55:21   0< /g100/home/usera07ogs/a07ogs00/OPA/V11C/bin/opa_model__phase_B1.ksh  1>/g100/home/usera07ogs/a07ogs00/OPA/V11C/log/forecast/20250108/opa.g100.004.opa_model__phase_B1.out 2>&1 [ok]
PrEx 20250108-18:55:21    > /g100/home/usera07ogs/a07ogs00/OPA/V11C/bin/opa_model__phase_B2.ksh  1>/g100/home/usera07ogs/a07ogs00/OPA/V11C/log/forecast/20250108/opa.g100.004.opa_model__phase_B2.out 2>&1
PrEx 20250108-20:24:48   0< /g100/home/usera07ogs/a07ogs00/OPA/V11C/bin/opa_model__phase_B2.ksh  1>/g100/home/usera07ogs/a07ogs00/OPA/V11C/log/forecast/20250108/opa.g100.004.opa_model__phase_B2.out 2>&1 [ok]
PrEx 20250108-20:24:48    > /g100/home/usera07ogs/a07ogs00/OPA/V11C/bin/opa_postproc__phase_C1.ksh  1>/g100/home/usera07ogs/a07ogs00/OPA/V11C/log/forecast/20250108/opa.g100.004.opa_postproc__phase_C1.out 2>&1
PrEx 20250108-20:39:01   0< /g100/home/usera07ogs/a07ogs00/OPA/V11C/bin/opa_postproc__phase_C1.ksh  1>/g100/home/usera07ogs/a07ogs00/OPA/V11C/log/forecast/20250108/opa.g100.004.opa_postproc__phase_C1.out 2>&1 [ok]
20250108-20:39:01 00 (004) : * EXIT(opa_model.ksh) [Ok]
