PrEx 20250108-18:50:28    > . /cineca/prod/opt/environment/module/4.7.0/none/init/ksh
PrEx 20250108-18:50:28   0< . /cineca/prod/opt/environment/module/4.7.0/none/init/ksh [ok]
PrEx 20250108-18:50:28    > module load autoload
PrEx 20250108-18:50:28   0< module load autoload [ok]
PrEx 20250108-18:50:28    > module load intelmpi/oneapi-2021--binary
PrEx 20250108-18:50:28   0< module load intelmpi/oneapi-2021--binary [ok]
PrEx 20250108-18:50:28    > module load mkl/oneapi-2021--binary
PrEx 20250108-18:50:28   0< module load mkl/oneapi-2021--binary [ok]
PrEx 20250108-18:50:28    > module load nco
PrEx 20250108-18:50:28   0< module load nco [ok]
PrEx 20250108-18:50:28    > module load python/3.11.7--gcc--10.2.0
PrEx 20250108-18:50:28   0< module load python/3.11.7--gcc--10.2.0 [ok]
PrEx 20250108-18:50:28    > ulimit -s unlimited
PrEx 20250108-18:50:28   0< ulimit -s unlimited [ok]
### OPA_RUNDATE ...................... '20250108'
### OPA_WEEKDAY ...................... '3'
### OPA_TODAY ........................ '20250108'
### OPA_DEFAULT_RUNDATE .............. '20250108'
### OPA_PRODDATE ..................... '20250108'
### OPA_RESTART_RUNDATE .............. '20250107'
### OPA_RESTART_WEEKDAY .............. '2'
20250108-18:50:28 00 (004) : * START(opa_model__phase_B1.ksh)
PrEx 20250108-18:50:28    > source /g100/home/usera07ogs/a07ogs00/OPA/V11C/HOST/g100/venv/bin/activate
PrEx 20250108-18:50:28   0< source /g100/home/usera07ogs/a07ogs00/OPA/V11C/HOST/g100/venv/bin/activate [ok]
PrEx 20250108-18:50:28    > mpirun python tagliafile.py -i /g100_work/OGS_prodC/OPA/V11C/prod/wrkdir/forecast/3/CMCC_PHYS -o /g100_work/OGS_prodC/OPA/V11C/prod/wrkdir/forecast/3/CMCC_PHYS/6h/ 
rank 48 executes ./cut_singlefile_op.sh -i /g100_work/OGS_prodC/OPA/V11C/prod/wrkdir/forecast/3/CMCC_PHYS/W20250115-12:00:00.nc -o /g100_work/OGS_prodC/OPA/V11C/prod/wrkdir/forecast/3/CMCC_PHYS/6h/
rank 50 executes ./cut_singlefile_op.sh -i /g100_work/OGS_prodC/OPA/V11C/prod/wrkdir/forecast/3/CMCC_PHYS/W20250117-12:00:00.nc -o /g100_work/OGS_prodC/OPA/V11C/prod/wrkdir/forecast/3/CMCC_PHYS/6h/
rank 51 executes ./cut_singlefile_op.sh -i /g100_work/OGS_prodC/OPA/V11C/prod/wrkdir/forecast/3/CMCC_PHYS/W20250118-12:00:00.nc -o /g100_work/OGS_prodC/OPA/V11C/prod/wrkdir/forecast/3/CMCC_PHYS/6h/
rank 49 executes ./cut_singlefile_op.sh -i /g100_work/OGS_prodC/OPA/V11C/prod/wrkdir/forecast/3/CMCC_PHYS/W20250116-12:00:00.nc -o /g100_work/OGS_prodC/OPA/V11C/prod/wrkdir/forecast/3/CMCC_PHYS/6h/
rank 24 executes ./cut_singlefile_op.sh -i /g100_work/OGS_prodC/OPA/V11C/prod/wrkdir/forecast/3/CMCC_PHYS/U20250117-12:00:00.nc -o /g100_work/OGS_prodC/OPA/V11C/prod/wrkdir/forecast/3/CMCC_PHYS/6h/
rank 45 executes ./cut_singlefile_op.sh -i /g100_work/OGS_prodC/OPA/V11C/prod/wrkdir/forecast/3/CMCC_PHYS/W20250112-12:00:00.nc -o /g100_work/OGS_prodC/OPA/V11C/prod/wrkdir/forecast/3/CMCC_PHYS/6h/
rank 11 executes ./cut_singlefile_op.sh -i /g100_work/OGS_prodC/OPA/V11C/prod/wrkdir/forecast/3/CMCC_PHYS/T20250117-12:00:00.nc -o /g100_work/OGS_prodC/OPA/V11C/prod/wrkdir/forecast/3/CMCC_PHYS/6h/
rank 16 executes ./cut_singlefile_op.sh -i /g100_work/OGS_prodC/OPA/V11C/prod/wrkdir/forecast/3/CMCC_PHYS/U20250109-12:00:00.nc -o /g100_work/OGS_prodC/OPA/V11C/prod/wrkdir/forecast/3/CMCC_PHYS/6h/
rank 7 executes ./cut_singlefile_op.sh -i /g100_work/OGS_prodC/OPA/V11C/prod/wrkdir/forecast/3/CMCC_PHYS/T20250113-12:00:00.nc -o /g100_work/OGS_prodC/OPA/V11C/prod/wrkdir/forecast/3/CMCC_PHYS/6h/
rank 31 executes ./cut_singlefile_op.sh -i /g100_work/OGS_prodC/OPA/V11C/prod/wrkdir/forecast/3/CMCC_PHYS/V20250111-12:00:00.nc -o /g100_work/OGS_prodC/OPA/V11C/prod/wrkdir/forecast/3/CMCC_PHYS/6h/
rank 25 executes ./cut_singlefile_op.sh -i /g100_work/OGS_prodC/OPA/V11C/prod/wrkdir/forecast/3/CMCC_PHYS/U20250118-12:00:00.nc -o /g100_work/OGS_prodC/OPA/V11C/prod/wrkdir/forecast/3/CMCC_PHYS/6h/
rank 34 executes ./cut_singlefile_op.sh -i /g100_work/OGS_prodC/OPA/V11C/prod/wrkdir/forecast/3/CMCC_PHYS/V20250114-12:00:00.nc -o /g100_work/OGS_prodC/OPA/V11C/prod/wrkdir/forecast/3/CMCC_PHYS/6h/
rank 46 executes ./cut_singlefile_op.sh -i /g100_work/OGS_prodC/OPA/V11C/prod/wrkdir/forecast/3/CMCC_PHYS/W20250113-12:00:00.nc -o /g100_work/OGS_prodC/OPA/V11C/prod/wrkdir/forecast/3/CMCC_PHYS/6h/
rank 12 executes ./cut_singlefile_op.sh -i /g100_work/OGS_prodC/OPA/V11C/prod/wrkdir/forecast/3/CMCC_PHYS/T20250118-12:00:00.nc -o /g100_work/OGS_prodC/OPA/V11C/prod/wrkdir/forecast/3/CMCC_PHYS/6h/
rank 9 executes ./cut_singlefile_op.sh -i /g100_work/OGS_prodC/OPA/V11C/prod/wrkdir/forecast/3/CMCC_PHYS/T20250115-12:00:00.nc -o /g100_work/OGS_prodC/OPA/V11C/prod/wrkdir/forecast/3/CMCC_PHYS/6h/
rank 13 executes ./cut_singlefile_op.sh -i /g100_work/OGS_prodC/OPA/V11C/prod/wrkdir/forecast/3/CMCC_PHYS/U20250107-00:00:00.nc -o /g100_work/OGS_prodC/OPA/V11C/prod/wrkdir/forecast/3/CMCC_PHYS/6h/
rank 35 executes ./cut_singlefile_op.sh -i /g100_work/OGS_prodC/OPA/V11C/prod/wrkdir/forecast/3/CMCC_PHYS/V20250115-12:00:00.nc -o /g100_work/OGS_prodC/OPA/V11C/prod/wrkdir/forecast/3/CMCC_PHYS/6h/
rank 0 executes ./cut_singlefile_op.sh -i /g100_work/OGS_prodC/OPA/V11C/prod/wrkdir/forecast/3/CMCC_PHYS/T20250107-00:00:00.nc -o /g100_work/OGS_prodC/OPA/V11C/prod/wrkdir/forecast/3/CMCC_PHYS/6h/
rank 17 executes ./cut_singlefile_op.sh -i /g100_work/OGS_prodC/OPA/V11C/prod/wrkdir/forecast/3/CMCC_PHYS/U20250110-12:00:00.nc -o /g100_work/OGS_prodC/OPA/V11C/prod/wrkdir/forecast/3/CMCC_PHYS/6h/
rank 39 executes ./cut_singlefile_op.sh -i /g100_work/OGS_prodC/OPA/V11C/prod/wrkdir/forecast/3/CMCC_PHYS/W20250107-00:00:00.nc -o /g100_work/OGS_prodC/OPA/V11C/prod/wrkdir/forecast/3/CMCC_PHYS/6h/
rank 42 executes ./cut_singlefile_op.sh -i /g100_work/OGS_prodC/OPA/V11C/prod/wrkdir/forecast/3/CMCC_PHYS/W20250109-12:00:00.nc -o /g100_work/OGS_prodC/OPA/V11C/prod/wrkdir/forecast/3/CMCC_PHYS/6h/
rank 1 executes ./cut_singlefile_op.sh -i /g100_work/OGS_prodC/OPA/V11C/prod/wrkdir/forecast/3/CMCC_PHYS/T20250107-12:00:00.nc -o /g100_work/OGS_prodC/OPA/V11C/prod/wrkdir/forecast/3/CMCC_PHYS/6h/
rank 20 executes ./cut_singlefile_op.sh -i /g100_work/OGS_prodC/OPA/V11C/prod/wrkdir/forecast/3/CMCC_PHYS/U20250113-12:00:00.nc -o /g100_work/OGS_prodC/OPA/V11C/prod/wrkdir/forecast/3/CMCC_PHYS/6h/
rank 26 executes ./cut_singlefile_op.sh -i /g100_work/OGS_prodC/OPA/V11C/prod/wrkdir/forecast/3/CMCC_PHYS/V20250107-00:00:00.nc -o /g100_work/OGS_prodC/OPA/V11C/prod/wrkdir/forecast/3/CMCC_PHYS/6h/
rank 29 executes ./cut_singlefile_op.sh -i /g100_work/OGS_prodC/OPA/V11C/prod/wrkdir/forecast/3/CMCC_PHYS/V20250109-12:00:00.nc -o /g100_work/OGS_prodC/OPA/V11C/prod/wrkdir/forecast/3/CMCC_PHYS/6h/
rank 30 executes ./cut_singlefile_op.sh -i /g100_work/OGS_prodC/OPA/V11C/prod/wrkdir/forecast/3/CMCC_PHYS/V20250110-12:00:00.nc -o /g100_work/OGS_prodC/OPA/V11C/prod/wrkdir/forecast/3/CMCC_PHYS/6h/
rank 2 executes ./cut_singlefile_op.sh -i /g100_work/OGS_prodC/OPA/V11C/prod/wrkdir/forecast/3/CMCC_PHYS/T20250108-12:00:00.nc -o /g100_work/OGS_prodC/OPA/V11C/prod/wrkdir/forecast/3/CMCC_PHYS/6h/
rank 3 executes ./cut_singlefile_op.sh -i /g100_work/OGS_prodC/OPA/V11C/prod/wrkdir/forecast/3/CMCC_PHYS/T20250109-12:00:00.nc -o /g100_work/OGS_prodC/OPA/V11C/prod/wrkdir/forecast/3/CMCC_PHYS/6h/
rank 4 executes ./cut_singlefile_op.sh -i /g100_work/OGS_prodC/OPA/V11C/prod/wrkdir/forecast/3/CMCC_PHYS/T20250110-12:00:00.nc -o /g100_work/OGS_prodC/OPA/V11C/prod/wrkdir/forecast/3/CMCC_PHYS/6h/
rank 5 executes ./cut_singlefile_op.sh -i /g100_work/OGS_prodC/OPA/V11C/prod/wrkdir/forecast/3/CMCC_PHYS/T20250111-12:00:00.nc -o /g100_work/OGS_prodC/OPA/V11C/prod/wrkdir/forecast/3/CMCC_PHYS/6h/
rank 6 executes ./cut_singlefile_op.sh -i /g100_work/OGS_prodC/OPA/V11C/prod/wrkdir/forecast/3/CMCC_PHYS/T20250112-12:00:00.nc -o /g100_work/OGS_prodC/OPA/V11C/prod/wrkdir/forecast/3/CMCC_PHYS/6h/
rank 8 executes ./cut_singlefile_op.sh -i /g100_work/OGS_prodC/OPA/V11C/prod/wrkdir/forecast/3/CMCC_PHYS/T20250114-12:00:00.nc -o /g100_work/OGS_prodC/OPA/V11C/prod/wrkdir/forecast/3/CMCC_PHYS/6h/
rank 14 executes ./cut_singlefile_op.sh -i /g100_work/OGS_prodC/OPA/V11C/prod/wrkdir/forecast/3/CMCC_PHYS/U20250107-12:00:00.nc -o /g100_work/OGS_prodC/OPA/V11C/prod/wrkdir/forecast/3/CMCC_PHYS/6h/
rank 15 executes ./cut_singlefile_op.sh -i /g100_work/OGS_prodC/OPA/V11C/prod/wrkdir/forecast/3/CMCC_PHYS/U20250108-12:00:00.nc -o /g100_work/OGS_prodC/OPA/V11C/prod/wrkdir/forecast/3/CMCC_PHYS/6h/
rank 18 executes ./cut_singlefile_op.sh -i /g100_work/OGS_prodC/OPA/V11C/prod/wrkdir/forecast/3/CMCC_PHYS/U20250111-12:00:00.nc -o /g100_work/OGS_prodC/OPA/V11C/prod/wrkdir/forecast/3/CMCC_PHYS/6h/
rank 19 executes ./cut_singlefile_op.sh -i /g100_work/OGS_prodC/OPA/V11C/prod/wrkdir/forecast/3/CMCC_PHYS/U20250112-12:00:00.nc -o /g100_work/OGS_prodC/OPA/V11C/prod/wrkdir/forecast/3/CMCC_PHYS/6h/
rank 21 executes ./cut_singlefile_op.sh -i /g100_work/OGS_prodC/OPA/V11C/prod/wrkdir/forecast/3/CMCC_PHYS/U20250114-12:00:00.nc -o /g100_work/OGS_prodC/OPA/V11C/prod/wrkdir/forecast/3/CMCC_PHYS/6h/
rank 22 executes ./cut_singlefile_op.sh -i /g100_work/OGS_prodC/OPA/V11C/prod/wrkdir/forecast/3/CMCC_PHYS/U20250115-12:00:00.nc -o /g100_work/OGS_prodC/OPA/V11C/prod/wrkdir/forecast/3/CMCC_PHYS/6h/
rank 23 executes ./cut_singlefile_op.sh -i /g100_work/OGS_prodC/OPA/V11C/prod/wrkdir/forecast/3/CMCC_PHYS/U20250116-12:00:00.nc -o /g100_work/OGS_prodC/OPA/V11C/prod/wrkdir/forecast/3/CMCC_PHYS/6h/
rank 27 executes ./cut_singlefile_op.sh -i /g100_work/OGS_prodC/OPA/V11C/prod/wrkdir/forecast/3/CMCC_PHYS/V20250107-12:00:00.nc -o /g100_work/OGS_prodC/OPA/V11C/prod/wrkdir/forecast/3/CMCC_PHYS/6h/
rank 28 executes ./cut_singlefile_op.sh -i /g100_work/OGS_prodC/OPA/V11C/prod/wrkdir/forecast/3/CMCC_PHYS/V20250108-12:00:00.nc -o /g100_work/OGS_prodC/OPA/V11C/prod/wrkdir/forecast/3/CMCC_PHYS/6h/
rank 32 executes ./cut_singlefile_op.sh -i /g100_work/OGS_prodC/OPA/V11C/prod/wrkdir/forecast/3/CMCC_PHYS/V20250112-12:00:00.nc -o /g100_work/OGS_prodC/OPA/V11C/prod/wrkdir/forecast/3/CMCC_PHYS/6h/
rank 33 executes ./cut_singlefile_op.sh -i /g100_work/OGS_prodC/OPA/V11C/prod/wrkdir/forecast/3/CMCC_PHYS/V20250113-12:00:00.nc -o /g100_work/OGS_prodC/OPA/V11C/prod/wrkdir/forecast/3/CMCC_PHYS/6h/
rank 36 executes ./cut_singlefile_op.sh -i /g100_work/OGS_prodC/OPA/V11C/prod/wrkdir/forecast/3/CMCC_PHYS/V20250116-12:00:00.nc -o /g100_work/OGS_prodC/OPA/V11C/prod/wrkdir/forecast/3/CMCC_PHYS/6h/
rank 37 executes ./cut_singlefile_op.sh -i /g100_work/OGS_prodC/OPA/V11C/prod/wrkdir/forecast/3/CMCC_PHYS/V20250117-12:00:00.nc -o /g100_work/OGS_prodC/OPA/V11C/prod/wrkdir/forecast/3/CMCC_PHYS/6h/
rank 38 executes ./cut_singlefile_op.sh -i /g100_work/OGS_prodC/OPA/V11C/prod/wrkdir/forecast/3/CMCC_PHYS/V20250118-12:00:00.nc -o /g100_work/OGS_prodC/OPA/V11C/prod/wrkdir/forecast/3/CMCC_PHYS/6h/
rank 40 executes ./cut_singlefile_op.sh -i /g100_work/OGS_prodC/OPA/V11C/prod/wrkdir/forecast/3/CMCC_PHYS/W20250107-12:00:00.nc -o /g100_work/OGS_prodC/OPA/V11C/prod/wrkdir/forecast/3/CMCC_PHYS/6h/
rank 41 executes ./cut_singlefile_op.sh -i /g100_work/OGS_prodC/OPA/V11C/prod/wrkdir/forecast/3/CMCC_PHYS/W20250108-12:00:00.nc -o /g100_work/OGS_prodC/OPA/V11C/prod/wrkdir/forecast/3/CMCC_PHYS/6h/
rank 43 executes ./cut_singlefile_op.sh -i /g100_work/OGS_prodC/OPA/V11C/prod/wrkdir/forecast/3/CMCC_PHYS/W20250110-12:00:00.nc -o /g100_work/OGS_prodC/OPA/V11C/prod/wrkdir/forecast/3/CMCC_PHYS/6h/
rank 44 executes ./cut_singlefile_op.sh -i /g100_work/OGS_prodC/OPA/V11C/prod/wrkdir/forecast/3/CMCC_PHYS/W20250111-12:00:00.nc -o /g100_work/OGS_prodC/OPA/V11C/prod/wrkdir/forecast/3/CMCC_PHYS/6h/
rank 47 executes ./cut_singlefile_op.sh -i /g100_work/OGS_prodC/OPA/V11C/prod/wrkdir/forecast/3/CMCC_PHYS/W20250114-12:00:00.nc -o /g100_work/OGS_prodC/OPA/V11C/prod/wrkdir/forecast/3/CMCC_PHYS/6h/
rank 10 executes ./cut_singlefile_op.sh -i /g100_work/OGS_prodC/OPA/V11C/prod/wrkdir/forecast/3/CMCC_PHYS/T20250116-12:00:00.nc -o /g100_work/OGS_prodC/OPA/V11C/prod/wrkdir/forecast/3/CMCC_PHYS/6h/
PrEx 20250108-18:51:20   0< mpirun python tagliafile.py -i /g100_work/OGS_prodC/OPA/V11C/prod/wrkdir/forecast/3/CMCC_PHYS -o /g100_work/OGS_prodC/OPA/V11C/prod/wrkdir/forecast/3/CMCC_PHYS/6h/  [ok]
PrEx 20250108-18:51:20    > mpirun python averager.py -i /g100_work/OGS_prodC/OPA/V11C/prod/wrkdir/forecast/3/CMCC_PHYS/6h/ -o /g100_work/OGS_prodC/OPA/V11C/prod/wrkdir/forecast/3/CMCC_PHYS/24h -f 24 
rank 2 /g100_work/OGS_prodC/OPA/V11C/prod/wrkdir/forecast/3/CMCC_PHYS/24h/U20250109-12:00:00.nc
rank 11 /g100_work/OGS_prodC/OPA/V11C/prod/wrkdir/forecast/3/CMCC_PHYS/24h/U20250118-12:00:00.nc
rank 3 /g100_work/OGS_prodC/OPA/V11C/prod/wrkdir/forecast/3/CMCC_PHYS/24h/U20250110-12:00:00.nc
rank 4 /g100_work/OGS_prodC/OPA/V11C/prod/wrkdir/forecast/3/CMCC_PHYS/24h/U20250111-12:00:00.nc
rank 5 /g100_work/OGS_prodC/OPA/V11C/prod/wrkdir/forecast/3/CMCC_PHYS/24h/U20250112-12:00:00.nc
rank 6 /g100_work/OGS_prodC/OPA/V11C/prod/wrkdir/forecast/3/CMCC_PHYS/24h/U20250113-12:00:00.nc
rank 8 /g100_work/OGS_prodC/OPA/V11C/prod/wrkdir/forecast/3/CMCC_PHYS/24h/U20250115-12:00:00.nc
rank 9 /g100_work/OGS_prodC/OPA/V11C/prod/wrkdir/forecast/3/CMCC_PHYS/24h/U20250116-12:00:00.nc
rank 10 /g100_work/OGS_prodC/OPA/V11C/prod/wrkdir/forecast/3/CMCC_PHYS/24h/U20250117-12:00:00.nc
rank 0 /g100_work/OGS_prodC/OPA/V11C/prod/wrkdir/forecast/3/CMCC_PHYS/24h/U20250107-12:00:00.nc
rank 1 /g100_work/OGS_prodC/OPA/V11C/prod/wrkdir/forecast/3/CMCC_PHYS/24h/U20250108-12:00:00.nc
rank 7 /g100_work/OGS_prodC/OPA/V11C/prod/wrkdir/forecast/3/CMCC_PHYS/24h/U20250114-12:00:00.nc
rank 8 /g100_work/OGS_prodC/OPA/V11C/prod/wrkdir/forecast/3/CMCC_PHYS/24h/V20250115-12:00:00.nc
rank 10 /g100_work/OGS_prodC/OPA/V11C/prod/wrkdir/forecast/3/CMCC_PHYS/24h/V20250117-12:00:00.nc
rank 0 /g100_work/OGS_prodC/OPA/V11C/prod/wrkdir/forecast/3/CMCC_PHYS/24h/V20250107-12:00:00.nc
rank 1 /g100_work/OGS_prodC/OPA/V11C/prod/wrkdir/forecast/3/CMCC_PHYS/24h/V20250108-12:00:00.nc
rank 7 /g100_work/OGS_prodC/OPA/V11C/prod/wrkdir/forecast/3/CMCC_PHYS/24h/V20250114-12:00:00.nc
rank 6 /g100_work/OGS_prodC/OPA/V11C/prod/wrkdir/forecast/3/CMCC_PHYS/24h/V20250113-12:00:00.nc
rank 9 /g100_work/OGS_prodC/OPA/V11C/prod/wrkdir/forecast/3/CMCC_PHYS/24h/V20250116-12:00:00.nc
rank 11 /g100_work/OGS_prodC/OPA/V11C/prod/wrkdir/forecast/3/CMCC_PHYS/24h/V20250118-12:00:00.nc
rank 2 /g100_work/OGS_prodC/OPA/V11C/prod/wrkdir/forecast/3/CMCC_PHYS/24h/V20250109-12:00:00.nc
rank 3 /g100_work/OGS_prodC/OPA/V11C/prod/wrkdir/forecast/3/CMCC_PHYS/24h/V20250110-12:00:00.nc
rank 4 /g100_work/OGS_prodC/OPA/V11C/prod/wrkdir/forecast/3/CMCC_PHYS/24h/V20250111-12:00:00.nc
rank 5 /g100_work/OGS_prodC/OPA/V11C/prod/wrkdir/forecast/3/CMCC_PHYS/24h/V20250112-12:00:00.nc
rank 8 /g100_work/OGS_prodC/OPA/V11C/prod/wrkdir/forecast/3/CMCC_PHYS/24h/W20250115-12:00:00.nc
rank 0 /g100_work/OGS_prodC/OPA/V11C/prod/wrkdir/forecast/3/CMCC_PHYS/24h/W20250107-12:00:00.nc
rank 10 /g100_work/OGS_prodC/OPA/V11C/prod/wrkdir/forecast/3/CMCC_PHYS/24h/W20250117-12:00:00.nc
rank 1 /g100_work/OGS_prodC/OPA/V11C/prod/wrkdir/forecast/3/CMCC_PHYS/24h/W20250108-12:00:00.nc
rank 7 /g100_work/OGS_prodC/OPA/V11C/prod/wrkdir/forecast/3/CMCC_PHYS/24h/W20250114-12:00:00.nc
rank 9 /g100_work/OGS_prodC/OPA/V11C/prod/wrkdir/forecast/3/CMCC_PHYS/24h/W20250116-12:00:00.nc
rank 5 /g100_work/OGS_prodC/OPA/V11C/prod/wrkdir/forecast/3/CMCC_PHYS/24h/W20250112-12:00:00.nc
rank 2 /g100_work/OGS_prodC/OPA/V11C/prod/wrkdir/forecast/3/CMCC_PHYS/24h/W20250109-12:00:00.nc
rank 3 /g100_work/OGS_prodC/OPA/V11C/prod/wrkdir/forecast/3/CMCC_PHYS/24h/W20250110-12:00:00.nc
rank 6 /g100_work/OGS_prodC/OPA/V11C/prod/wrkdir/forecast/3/CMCC_PHYS/24h/W20250113-12:00:00.nc
rank 4 /g100_work/OGS_prodC/OPA/V11C/prod/wrkdir/forecast/3/CMCC_PHYS/24h/W20250111-12:00:00.nc
rank 11 /g100_work/OGS_prodC/OPA/V11C/prod/wrkdir/forecast/3/CMCC_PHYS/24h/W20250118-12:00:00.nc
rank 8 /g100_work/OGS_prodC/OPA/V11C/prod/wrkdir/forecast/3/CMCC_PHYS/24h/T20250115-12:00:00.nc
rank 0 /g100_work/OGS_prodC/OPA/V11C/prod/wrkdir/forecast/3/CMCC_PHYS/24h/T20250107-12:00:00.nc
rank 1 /g100_work/OGS_prodC/OPA/V11C/prod/wrkdir/forecast/3/CMCC_PHYS/24h/T20250108-12:00:00.nc
rank 7 /g100_work/OGS_prodC/OPA/V11C/prod/wrkdir/forecast/3/CMCC_PHYS/24h/T20250114-12:00:00.nc
rank 6 /g100_work/OGS_prodC/OPA/V11C/prod/wrkdir/forecast/3/CMCC_PHYS/24h/T20250113-12:00:00.nc
rank 5 /g100_work/OGS_prodC/OPA/V11C/prod/wrkdir/forecast/3/CMCC_PHYS/24h/T20250112-12:00:00.nc
rank 9 /g100_work/OGS_prodC/OPA/V11C/prod/wrkdir/forecast/3/CMCC_PHYS/24h/T20250116-12:00:00.nc
rank 10 /g100_work/OGS_prodC/OPA/V11C/prod/wrkdir/forecast/3/CMCC_PHYS/24h/T20250117-12:00:00.nc
rank 3 /g100_work/OGS_prodC/OPA/V11C/prod/wrkdir/forecast/3/CMCC_PHYS/24h/T20250110-12:00:00.nc
rank 11 /g100_work/OGS_prodC/OPA/V11C/prod/wrkdir/forecast/3/CMCC_PHYS/24h/T20250118-12:00:00.nc
rank 2 /g100_work/OGS_prodC/OPA/V11C/prod/wrkdir/forecast/3/CMCC_PHYS/24h/T20250109-12:00:00.nc
rank 4 /g100_work/OGS_prodC/OPA/V11C/prod/wrkdir/forecast/3/CMCC_PHYS/24h/T20250111-12:00:00.nc
PrEx 20250108-18:52:17   0< mpirun python averager.py -i /g100_work/OGS_prodC/OPA/V11C/prod/wrkdir/forecast/3/CMCC_PHYS/6h/ -o /g100_work/OGS_prodC/OPA/V11C/prod/wrkdir/forecast/3/CMCC_PHYS/24h -f 24  [ok]
PrEx 20250108-18:52:17    > ln -fs /g100_work/OGS_prodC/OPA/V11C/prod/wrkdir/forecast/3/CMCC_PHYS/24h/U20250107-12:00:00.nc /g100_work/OGS_prodC/OPA/V11C/prod/wrkdir/forecast/3/CMCC_PHYS/24h/U20250107-00:00:00.nc
PrEx 20250108-18:52:17   0< ln -fs /g100_work/OGS_prodC/OPA/V11C/prod/wrkdir/forecast/3/CMCC_PHYS/24h/U20250107-12:00:00.nc /g100_work/OGS_prodC/OPA/V11C/prod/wrkdir/forecast/3/CMCC_PHYS/24h/U20250107-00:00:00.nc [ok]
PrEx 20250108-18:52:17    > ln -fs /g100_work/OGS_prodC/OPA/V11C/prod/wrkdir/forecast/3/CMCC_PHYS/24h/V20250107-12:00:00.nc /g100_work/OGS_prodC/OPA/V11C/prod/wrkdir/forecast/3/CMCC_PHYS/24h/V20250107-00:00:00.nc
PrEx 20250108-18:52:17   0< ln -fs /g100_work/OGS_prodC/OPA/V11C/prod/wrkdir/forecast/3/CMCC_PHYS/24h/V20250107-12:00:00.nc /g100_work/OGS_prodC/OPA/V11C/prod/wrkdir/forecast/3/CMCC_PHYS/24h/V20250107-00:00:00.nc [ok]
PrEx 20250108-18:52:17    > ln -fs /g100_work/OGS_prodC/OPA/V11C/prod/wrkdir/forecast/3/CMCC_PHYS/24h/W20250107-12:00:00.nc /g100_work/OGS_prodC/OPA/V11C/prod/wrkdir/forecast/3/CMCC_PHYS/24h/W20250107-00:00:00.nc
PrEx 20250108-18:52:17   0< ln -fs /g100_work/OGS_prodC/OPA/V11C/prod/wrkdir/forecast/3/CMCC_PHYS/24h/W20250107-12:00:00.nc /g100_work/OGS_prodC/OPA/V11C/prod/wrkdir/forecast/3/CMCC_PHYS/24h/W20250107-00:00:00.nc [ok]
PrEx 20250108-18:52:17    > ln -fs /g100_work/OGS_prodC/OPA/V11C/prod/wrkdir/forecast/3/CMCC_PHYS/24h/T20250107-12:00:00.nc /g100_work/OGS_prodC/OPA/V11C/prod/wrkdir/forecast/3/CMCC_PHYS/24h/T20250107-00:00:00.nc
PrEx 20250108-18:52:17   0< ln -fs /g100_work/OGS_prodC/OPA/V11C/prod/wrkdir/forecast/3/CMCC_PHYS/24h/T20250107-12:00:00.nc /g100_work/OGS_prodC/OPA/V11C/prod/wrkdir/forecast/3/CMCC_PHYS/24h/T20250107-00:00:00.nc [ok]
restart_arc_dir=/g100_work/OGS_prodC/OPA/V11C/prod/archive/forecast/20250107/MODEL
PrEx 20250108-18:52:17    > tar -xf /g100_work/OGS_prodC/OPA/V11C/prod/archive/forecast/20250107/MODEL/RST.20250107.tar -C /g100_work/OGS_prodC/OPA/V11C/prod/wrkdir/forecast/3/MODEL/RESTARTS/
PrEx 20250108-18:52:25   0< tar -xf /g100_work/OGS_prodC/OPA/V11C/prod/archive/forecast/20250107/MODEL/RST.20250107.tar -C /g100_work/OGS_prodC/OPA/V11C/prod/wrkdir/forecast/3/MODEL/RESTARTS/ [ok]
PrEx 20250108-18:52:25 < cp /g100/home/usera07ogs/a07ogs00/OPA/V11C/tpl/namelists/Benthic_Environment.nml /g100_work/OGS_prodC/OPA/V11C/prod/wrkdir/forecast/3/MODEL/Benthic_Environment.nml [Ok]
PrEx 20250108-18:52:25 < cp /g100/home/usera07ogs/a07ogs00/OPA/V11C/tpl/namelists/BFM_General.nml /g100_work/OGS_prodC/OPA/V11C/prod/wrkdir/forecast/3/MODEL/BFM_General.nml [Ok]
PrEx 20250108-18:52:25 < cp /g100/home/usera07ogs/a07ogs00/OPA/V11C/tpl/namelists/Carbonate_Dynamics.nml /g100_work/OGS_prodC/OPA/V11C/prod/wrkdir/forecast/3/MODEL/Carbonate_Dynamics.nml [Ok]
PrEx 20250108-18:52:25 < cp /g100/home/usera07ogs/a07ogs00/OPA/V11C/tpl/namelists/Pelagic_Ecology.nml /g100_work/OGS_prodC/OPA/V11C/prod/wrkdir/forecast/3/MODEL/Pelagic_Ecology.nml [Ok]
PrEx 20250108-18:52:25 < cp /g100/home/usera07ogs/a07ogs00/OPA/V11C/tpl/namelists/Pelagic_Environment.nml /g100_work/OGS_prodC/OPA/V11C/prod/wrkdir/forecast/3/MODEL/Pelagic_Environment.nml [Ok]
PrEx 20250108-18:52:25 < cp /g100/home/usera07ogs/a07ogs00/OPA/V11C/tpl/namelists/Standalone.nml /g100_work/OGS_prodC/OPA/V11C/prod/wrkdir/forecast/3/MODEL/Standalone.nml [Ok]
PrEx 20250108-18:52:25 < cp /g100/home/usera07ogs/a07ogs00/OPA/V11C/tpl/namelists/boundaries.nml /g100_work/OGS_prodC/OPA/V11C/prod/wrkdir/forecast/3/MODEL/boundaries.nml [Ok]
PrEx 20250108-18:52:25 < cp /g100/home/usera07ogs/a07ogs00/OPA/V11C/tpl/namelists/atl.nml /g100_work/OGS_prodC/OPA/V11C/prod/wrkdir/forecast/3/MODEL/atl.nml [Ok]
PrEx 20250108-18:52:25 < cp /g100/home/usera07ogs/a07ogs00/OPA/V11C/tpl/namelists/dar.nml /g100_work/OGS_prodC/OPA/V11C/prod/wrkdir/forecast/3/MODEL/dar.nml [Ok]
PrEx 20250108-18:52:25 < cp /g100/home/usera07ogs/a07ogs00/OPA/V11C/tpl/namelists/gi1.nml /g100_work/OGS_prodC/OPA/V11C/prod/wrkdir/forecast/3/MODEL/gi1.nml [Ok]
PrEx 20250108-18:52:26 < cp /g100/home/usera07ogs/a07ogs00/OPA/V11C/tpl/namelists/gi2.nml /g100_work/OGS_prodC/OPA/V11C/prod/wrkdir/forecast/3/MODEL/gi2.nml [Ok]
PrEx 20250108-18:52:26 < cp /g100/home/usera07ogs/a07ogs00/OPA/V11C/tpl/namelists/gi3.nml /g100_work/OGS_prodC/OPA/V11C/prod/wrkdir/forecast/3/MODEL/gi3.nml [Ok]
PrEx 20250108-18:52:26 < cp /g100/home/usera07ogs/a07ogs00/OPA/V11C/tpl/namelists/riv.nml /g100_work/OGS_prodC/OPA/V11C/prod/wrkdir/forecast/3/MODEL/riv.nml [Ok]
PrEx 20250108-18:52:26 < cp /g100/home/usera07ogs/a07ogs00/OPA/V11C/tpl/namelists/po_.nml /g100_work/OGS_prodC/OPA/V11C/prod/wrkdir/forecast/3/MODEL/po_.nml [Ok]
PrEx 20250108-18:52:26 < cp /g100/home/usera07ogs/a07ogs00/OPA/V11C/tpl/namelists/namelist.passivetrc /g100_work/OGS_prodC/OPA/V11C/prod/wrkdir/forecast/3/MODEL/namelist.passivetrc [Ok]
PrEx 20250108-18:52:26 < cp /g100/home/usera07ogs/a07ogs00/OPA/V11C/tpl/namelists/namelist.init /g100_work/OGS_prodC/OPA/V11C/prod/wrkdir/forecast/3/MODEL/namelist.init [Ok]
PrEx 20250108-18:52:26 < cp /g100/home/usera07ogs/a07ogs00/OPA/V11C/tpl/namelists/namelist.phys /g100_work/OGS_prodC/OPA/V11C/prod/wrkdir/forecast/3/MODEL/namelist.phys [Ok]
PrEx 20250108-18:52:26 < cp /g100/home/usera07ogs/a07ogs00/OPA/V11C/tpl/namelists/namelist.optics /g100_work/OGS_prodC/OPA/V11C/prod/wrkdir/forecast/3/MODEL/namelist.optics [Ok]
PrEx 20250108-18:52:26 < cp /g100/home/usera07ogs/a07ogs00/OPA/V11C/tpl/namelists/oasim_config.yaml /g100_work/OGS_prodC/OPA/V11C/prod/wrkdir/forecast/3/MODEL/oasim_config.yaml [Ok]
PrEx 20250108-18:52:26 < cp /g100/home/usera07ogs/a07ogs00/OPA/V11C/tpl/namelists/var_3d_nml /g100_work/OGS_prodC/OPA/V11C/prod/wrkdir/forecast/3/MODEL/var_3d_nml [Ok]
PrEx 20250108-18:52:26 < cp /g100/home/usera07ogs/a07ogs00/OPA/V11C/tpl/namelists/bcs/abso_nn.dat /g100_work/OGS_prodC/OPA/V11C/prod/wrkdir/forecast/3/MODEL/bcs/abso_nn.dat [Ok]
PrEx 20250108-18:52:26 < cp /g100/home/usera07ogs/a07ogs00/OPA/V11C/tpl/namelists/bcs/abw25_morel.dat /g100_work/OGS_prodC/OPA/V11C/prod/wrkdir/forecast/3/MODEL/bcs/abw25_morel.dat [Ok]
PrEx 20250108-18:52:26 < cp /g100/home/usera07ogs/a07ogs00/OPA/V11C/tpl/namelists/bcs/acbc25b.dat /g100_work/OGS_prodC/OPA/V11C/prod/wrkdir/forecast/3/MODEL/bcs/acbc25b.dat [Ok]
PrEx 20250108-18:52:26 < cp /g100/home/usera07ogs/a07ogs00/OPA/V11C/tpl/namelists/bcs/atmo_nn.dat /g100_work/OGS_prodC/OPA/V11C/prod/wrkdir/forecast/3/MODEL/bcs/atmo_nn.dat [Ok]
PrEx 20250108-18:52:26 < cp /g100/home/usera07ogs/a07ogs00/OPA/V11C/tpl/namelists/bcs/bin_n.dat /g100_work/OGS_prodC/OPA/V11C/prod/wrkdir/forecast/3/MODEL/bcs/bin_n.dat [Ok]
PrEx 20250108-18:52:27 < cp /g100/home/usera07ogs/a07ogs00/OPA/V11C/tpl/namelists/bcs/cdom25b.dat /g100_work/OGS_prodC/OPA/V11C/prod/wrkdir/forecast/3/MODEL/bcs/cdom25b.dat [Ok]
PrEx 20250108-18:52:27 < cp /g100/home/usera07ogs/a07ogs00/OPA/V11C/tpl/namelists/bcs/poc25b.dat /g100_work/OGS_prodC/OPA/V11C/prod/wrkdir/forecast/3/MODEL/bcs/poc25b.dat [Ok]
PrEx 20250108-18:52:27 < cp /g100/home/usera07ogs/a07ogs00/OPA/V11C/tpl/namelists/bcs/slingo_nn.dat /g100_work/OGS_prodC/OPA/V11C/prod/wrkdir/forecast/3/MODEL/bcs/slingo_nn.dat [Ok]
PrEx 20250108-18:52:27 < cp /g100/home/usera07ogs/a07ogs00/OPA/V11C/etc/static-data/DOMAIN/5nodes-csl/domdec.txt /g100_work/OGS_prodC/OPA/V11C/prod/wrkdir/forecast/3/MODEL/domdec.txt [Ok]
PrEx 20250108-18:52:27 < cp /g100/home/usera07ogs/a07ogs00/OPA/V11C/etc/static-data/MODEL/bfmmask.nc /g100_work/OGS_prodC/OPA/V11C/prod/wrkdir/forecast/3/MODEL/bfmmask.nc [Ok]
PrEx 20250108-18:52:41 < cp /g100/home/usera07ogs/a07ogs00/OPA/V11C/etc/static-data/MED24_125/bounmask.nc /g100_work/OGS_prodC/OPA/V11C/prod/wrkdir/forecast/3/MODEL/bounmask.nc [Ok]
PrEx 20250108-18:52:45 < cp /g100/home/usera07ogs/a07ogs00/OPA/V11C/etc/static-data/MED24_125/meshmask.nc /g100_work/OGS_prodC/OPA/V11C/prod/wrkdir/forecast/3/MODEL/meshmask.nc [Ok]
PrEx 20250108-18:52:45    > cd /g100_work/OGS_prodC/OPA/V11C/prod/wrkdir/forecast/3/MODEL
PrEx 20250108-18:52:45   0< cd /g100_work/OGS_prodC/OPA/V11C/prod/wrkdir/forecast/3/MODEL [ok]
PrEx 20250108-18:52:45 < cp /g100/home/usera07ogs/a07ogs00/OPA/V11C/etc/static-data/MODEL/ATM/climatm.yyyy0115-00:00:00.nc /g100_work/OGS_prodC/OPA/V11C/prod/wrkdir/forecast/3/MODEL/OPTICS/climatm.yyyy0115-00:00:00.nc [Ok]
PrEx 20250108-18:52:45 < cp /g100/home/usera07ogs/a07ogs00/OPA/V11C/etc/static-data/MODEL/ATM/climatm.yyyy0215-00:00:00.nc /g100_work/OGS_prodC/OPA/V11C/prod/wrkdir/forecast/3/MODEL/OPTICS/climatm.yyyy0215-00:00:00.nc [Ok]
PrEx 20250108-18:52:45 < cp /g100/home/usera07ogs/a07ogs00/OPA/V11C/etc/static-data/MODEL/ATM/climatm.yyyy0315-00:00:00.nc /g100_work/OGS_prodC/OPA/V11C/prod/wrkdir/forecast/3/MODEL/OPTICS/climatm.yyyy0315-00:00:00.nc [Ok]
PrEx 20250108-18:52:45 < cp /g100/home/usera07ogs/a07ogs00/OPA/V11C/etc/static-data/MODEL/ATM/climatm.yyyy0415-00:00:00.nc /g100_work/OGS_prodC/OPA/V11C/prod/wrkdir/forecast/3/MODEL/OPTICS/climatm.yyyy0415-00:00:00.nc [Ok]
PrEx 20250108-18:52:46 < cp /g100/home/usera07ogs/a07ogs00/OPA/V11C/etc/static-data/MODEL/ATM/climatm.yyyy0515-00:00:00.nc /g100_work/OGS_prodC/OPA/V11C/prod/wrkdir/forecast/3/MODEL/OPTICS/climatm.yyyy0515-00:00:00.nc [Ok]
PrEx 20250108-18:52:46 < cp /g100/home/usera07ogs/a07ogs00/OPA/V11C/etc/static-data/MODEL/ATM/climatm.yyyy0615-00:00:00.nc /g100_work/OGS_prodC/OPA/V11C/prod/wrkdir/forecast/3/MODEL/OPTICS/climatm.yyyy0615-00:00:00.nc [Ok]
PrEx 20250108-18:52:46 < cp /g100/home/usera07ogs/a07ogs00/OPA/V11C/etc/static-data/MODEL/ATM/climatm.yyyy0715-00:00:00.nc /g100_work/OGS_prodC/OPA/V11C/prod/wrkdir/forecast/3/MODEL/OPTICS/climatm.yyyy0715-00:00:00.nc [Ok]
PrEx 20250108-18:52:46 < cp /g100/home/usera07ogs/a07ogs00/OPA/V11C/etc/static-data/MODEL/ATM/climatm.yyyy0815-00:00:00.nc /g100_work/OGS_prodC/OPA/V11C/prod/wrkdir/forecast/3/MODEL/OPTICS/climatm.yyyy0815-00:00:00.nc [Ok]
PrEx 20250108-18:52:47 < cp /g100/home/usera07ogs/a07ogs00/OPA/V11C/etc/static-data/MODEL/ATM/climatm.yyyy0915-00:00:00.nc /g100_work/OGS_prodC/OPA/V11C/prod/wrkdir/forecast/3/MODEL/OPTICS/climatm.yyyy0915-00:00:00.nc [Ok]
PrEx 20250108-18:52:48 < cp /g100/home/usera07ogs/a07ogs00/OPA/V11C/etc/static-data/MODEL/ATM/climatm.yyyy1015-00:00:00.nc /g100_work/OGS_prodC/OPA/V11C/prod/wrkdir/forecast/3/MODEL/OPTICS/climatm.yyyy1015-00:00:00.nc [Ok]
PrEx 20250108-18:52:48 < cp /g100/home/usera07ogs/a07ogs00/OPA/V11C/etc/static-data/MODEL/ATM/climatm.yyyy1115-00:00:00.nc /g100_work/OGS_prodC/OPA/V11C/prod/wrkdir/forecast/3/MODEL/OPTICS/climatm.yyyy1115-00:00:00.nc [Ok]
PrEx 20250108-18:52:48 < cp /g100/home/usera07ogs/a07ogs00/OPA/V11C/etc/static-data/MODEL/ATM/climatm.yyyy1215-00:00:00.nc /g100_work/OGS_prodC/OPA/V11C/prod/wrkdir/forecast/3/MODEL/OPTICS/climatm.yyyy1215-00:00:00.nc [Ok]
PrEx 20250108-18:52:48 < cp /g100/home/usera07ogs/a07ogs00/OPA/V11C/etc/static-data/MODEL/ATM/aero.yyyy0115-00:00:00.nc /g100_work/OGS_prodC/OPA/V11C/prod/wrkdir/forecast/3/MODEL/OPTICS/aero.yyyy0115-00:00:00.nc [Ok]
PrEx 20250108-18:52:48 < cp /g100/home/usera07ogs/a07ogs00/OPA/V11C/etc/static-data/MODEL/ATM/aero.yyyy0215-00:00:00.nc /g100_work/OGS_prodC/OPA/V11C/prod/wrkdir/forecast/3/MODEL/OPTICS/aero.yyyy0215-00:00:00.nc [Ok]
PrEx 20250108-18:52:48 < cp /g100/home/usera07ogs/a07ogs00/OPA/V11C/etc/static-data/MODEL/ATM/aero.yyyy0315-00:00:00.nc /g100_work/OGS_prodC/OPA/V11C/prod/wrkdir/forecast/3/MODEL/OPTICS/aero.yyyy0315-00:00:00.nc [Ok]
PrEx 20250108-18:52:49 < cp /g100/home/usera07ogs/a07ogs00/OPA/V11C/etc/static-data/MODEL/ATM/aero.yyyy0415-00:00:00.nc /g100_work/OGS_prodC/OPA/V11C/prod/wrkdir/forecast/3/MODEL/OPTICS/aero.yyyy0415-00:00:00.nc [Ok]
PrEx 20250108-18:52:49 < cp /g100/home/usera07ogs/a07ogs00/OPA/V11C/etc/static-data/MODEL/ATM/aero.yyyy0515-00:00:00.nc /g100_work/OGS_prodC/OPA/V11C/prod/wrkdir/forecast/3/MODEL/OPTICS/aero.yyyy0515-00:00:00.nc [Ok]
PrEx 20250108-18:52:49 < cp /g100/home/usera07ogs/a07ogs00/OPA/V11C/etc/static-data/MODEL/ATM/aero.yyyy0615-00:00:00.nc /g100_work/OGS_prodC/OPA/V11C/prod/wrkdir/forecast/3/MODEL/OPTICS/aero.yyyy0615-00:00:00.nc [Ok]
PrEx 20250108-18:52:49 < cp /g100/home/usera07ogs/a07ogs00/OPA/V11C/etc/static-data/MODEL/ATM/aero.yyyy0715-00:00:00.nc /g100_work/OGS_prodC/OPA/V11C/prod/wrkdir/forecast/3/MODEL/OPTICS/aero.yyyy0715-00:00:00.nc [Ok]
PrEx 20250108-18:52:49 < cp /g100/home/usera07ogs/a07ogs00/OPA/V11C/etc/static-data/MODEL/ATM/aero.yyyy0815-00:00:00.nc /g100_work/OGS_prodC/OPA/V11C/prod/wrkdir/forecast/3/MODEL/OPTICS/aero.yyyy0815-00:00:00.nc [Ok]
PrEx 20250108-18:52:50 < cp /g100/home/usera07ogs/a07ogs00/OPA/V11C/etc/static-data/MODEL/ATM/aero.yyyy0915-00:00:00.nc /g100_work/OGS_prodC/OPA/V11C/prod/wrkdir/forecast/3/MODEL/OPTICS/aero.yyyy0915-00:00:00.nc [Ok]
PrEx 20250108-18:52:50 < cp /g100/home/usera07ogs/a07ogs00/OPA/V11C/etc/static-data/MODEL/ATM/aero.yyyy1015-00:00:00.nc /g100_work/OGS_prodC/OPA/V11C/prod/wrkdir/forecast/3/MODEL/OPTICS/aero.yyyy1015-00:00:00.nc [Ok]
PrEx 20250108-18:52:50 < cp /g100/home/usera07ogs/a07ogs00/OPA/V11C/etc/static-data/MODEL/ATM/aero.yyyy1115-00:00:00.nc /g100_work/OGS_prodC/OPA/V11C/prod/wrkdir/forecast/3/MODEL/OPTICS/aero.yyyy1115-00:00:00.nc [Ok]
PrEx 20250108-18:52:50 < cp /g100/home/usera07ogs/a07ogs00/OPA/V11C/etc/static-data/MODEL/ATM/aero.yyyy1215-00:00:00.nc /g100_work/OGS_prodC/OPA/V11C/prod/wrkdir/forecast/3/MODEL/OPTICS/aero.yyyy1215-00:00:00.nc [Ok]
PrEx 20250108-18:52:50 < cp /g100/home/usera07ogs/a07ogs00/OPA/V11C/etc/static-data/MODEL/BC/OPE_yyyy0630-00:00:00.nc /g100_work/OGS_prodC/OPA/V11C/prod/wrkdir/forecast/3/MODEL/BC//OPE_yyyy0630-00:00:00.nc [Ok]
PrEx 20250108-18:52:51 < cp /g100/home/usera07ogs/a07ogs00/OPA/V11C/etc/static-data/MODEL/BC/ATL_yyyy0630-00:00:00.nc /g100_work/OGS_prodC/OPA/V11C/prod/wrkdir/forecast/3/MODEL/BC//ATL_yyyy0630-00:00:00.nc [Ok]
PrEx 20250108-18:52:51 < cp /g100/home/usera07ogs/a07ogs00/OPA/V11C/etc/static-data/MODEL/BC/CO2_20220702-12:00:00.nc /g100_work/OGS_prodC/OPA/V11C/prod/wrkdir/forecast/3/MODEL/BC//CO2_20220702-12:00:00.nc [Ok]
PrEx 20250108-18:52:51 < cp /g100/home/usera07ogs/a07ogs00/OPA/V11C/etc/static-data/MODEL/BC/CO2_20230702-12:00:00.nc /g100_work/OGS_prodC/OPA/V11C/prod/wrkdir/forecast/3/MODEL/BC//CO2_20230702-12:00:00.nc [Ok]
PrEx 20250108-18:52:51 < cp /g100/home/usera07ogs/a07ogs00/OPA/V11C/etc/static-data/MODEL/BC/CO2_20240702-12:00:00.nc /g100_work/OGS_prodC/OPA/V11C/prod/wrkdir/forecast/3/MODEL/BC//CO2_20240702-12:00:00.nc [Ok]
PrEx 20250108-18:52:51 < cp /g100/home/usera07ogs/a07ogs00/OPA/V11C/etc/static-data/MODEL/BC/CO2_20250702-12:00:00.nc /g100_work/OGS_prodC/OPA/V11C/prod/wrkdir/forecast/3/MODEL/BC//CO2_20250702-12:00:00.nc [Ok]
PrEx 20250108-18:52:51 < cp /g100/home/usera07ogs/a07ogs00/OPA/V11C/etc/static-data/MODEL/BC/CO2_20260702-12:00:00.nc /g100_work/OGS_prodC/OPA/V11C/prod/wrkdir/forecast/3/MODEL/BC//CO2_20260702-12:00:00.nc [Ok]
PrEx 20250108-18:52:51 < cp /g100/home/usera07ogs/a07ogs00/OPA/V11C/etc/static-data/MODEL/BC/CO2_20270702-12:00:00.nc /g100_work/OGS_prodC/OPA/V11C/prod/wrkdir/forecast/3/MODEL/BC//CO2_20270702-12:00:00.nc [Ok]
PrEx 20250108-18:52:51 < cp /g100/home/usera07ogs/a07ogs00/OPA/V11C/etc/static-data/MODEL/BC/ATM_yyyy0630-00:00:00.nc /g100_work/OGS_prodC/OPA/V11C/prod/wrkdir/forecast/3/MODEL/BC//ATM_yyyy0630-00:00:00.nc [Ok]
PrEx 20250108-18:52:53 < cp /g100/home/usera07ogs/a07ogs00/OPA/V11C/etc/static-data/MODEL/BC/GIB_yyyy0630-00:00:00.nc /g100_work/OGS_prodC/OPA/V11C/prod/wrkdir/forecast/3/MODEL/BC//GIB_yyyy0630-00:00:00.nc [Ok]
PrEx 20250108-18:52:53 < cp /g100/home/usera07ogs/a07ogs00/OPA/V11C/etc/static-data/MODEL/BC/TIN_yyyy0115-00:00:00.nc /g100_work/OGS_prodC/OPA/V11C/prod/wrkdir/forecast/3/MODEL/BC//TIN_yyyy0115-00:00:00.nc [Ok]
PrEx 20250108-18:52:53 < cp /g100/home/usera07ogs/a07ogs00/OPA/V11C/etc/static-data/MODEL/BC/TIN_yyyy0215-00:00:00.nc /g100_work/OGS_prodC/OPA/V11C/prod/wrkdir/forecast/3/MODEL/BC//TIN_yyyy0215-00:00:00.nc [Ok]
PrEx 20250108-18:52:53 < cp /g100/home/usera07ogs/a07ogs00/OPA/V11C/etc/static-data/MODEL/BC/TIN_yyyy0315-00:00:00.nc /g100_work/OGS_prodC/OPA/V11C/prod/wrkdir/forecast/3/MODEL/BC//TIN_yyyy0315-00:00:00.nc [Ok]
PrEx 20250108-18:52:53 < cp /g100/home/usera07ogs/a07ogs00/OPA/V11C/etc/static-data/MODEL/BC/TIN_yyyy0415-00:00:00.nc /g100_work/OGS_prodC/OPA/V11C/prod/wrkdir/forecast/3/MODEL/BC//TIN_yyyy0415-00:00:00.nc [Ok]
PrEx 20250108-18:52:53 < cp /g100/home/usera07ogs/a07ogs00/OPA/V11C/etc/static-data/MODEL/BC/TIN_yyyy0515-00:00:00.nc /g100_work/OGS_prodC/OPA/V11C/prod/wrkdir/forecast/3/MODEL/BC//TIN_yyyy0515-00:00:00.nc [Ok]
PrEx 20250108-18:52:54 < cp /g100/home/usera07ogs/a07ogs00/OPA/V11C/etc/static-data/MODEL/BC/TIN_yyyy0615-00:00:00.nc /g100_work/OGS_prodC/OPA/V11C/prod/wrkdir/forecast/3/MODEL/BC//TIN_yyyy0615-00:00:00.nc [Ok]
PrEx 20250108-18:52:54 < cp /g100/home/usera07ogs/a07ogs00/OPA/V11C/etc/static-data/MODEL/BC/TIN_yyyy0715-00:00:00.nc /g100_work/OGS_prodC/OPA/V11C/prod/wrkdir/forecast/3/MODEL/BC//TIN_yyyy0715-00:00:00.nc [Ok]
PrEx 20250108-18:52:54 < cp /g100/home/usera07ogs/a07ogs00/OPA/V11C/etc/static-data/MODEL/BC/TIN_yyyy0815-00:00:00.nc /g100_work/OGS_prodC/OPA/V11C/prod/wrkdir/forecast/3/MODEL/BC//TIN_yyyy0815-00:00:00.nc [Ok]
PrEx 20250108-18:52:54 < cp /g100/home/usera07ogs/a07ogs00/OPA/V11C/etc/static-data/MODEL/BC/TIN_yyyy0915-00:00:00.nc /g100_work/OGS_prodC/OPA/V11C/prod/wrkdir/forecast/3/MODEL/BC//TIN_yyyy0915-00:00:00.nc [Ok]
PrEx 20250108-18:52:54 < cp /g100/home/usera07ogs/a07ogs00/OPA/V11C/etc/static-data/MODEL/BC/TIN_yyyy1015-00:00:00.nc /g100_work/OGS_prodC/OPA/V11C/prod/wrkdir/forecast/3/MODEL/BC//TIN_yyyy1015-00:00:00.nc [Ok]
PrEx 20250108-18:52:54 < cp /g100/home/usera07ogs/a07ogs00/OPA/V11C/etc/static-data/MODEL/BC/TIN_yyyy1115-00:00:00.nc /g100_work/OGS_prodC/OPA/V11C/prod/wrkdir/forecast/3/MODEL/BC//TIN_yyyy1115-00:00:00.nc [Ok]
PrEx 20250108-18:52:54 < cp /g100/home/usera07ogs/a07ogs00/OPA/V11C/etc/static-data/MODEL/BC/TIN_yyyy1215-00:00:00.nc /g100_work/OGS_prodC/OPA/V11C/prod/wrkdir/forecast/3/MODEL/BC//TIN_yyyy1215-00:00:00.nc [Ok]
PrEx 20250108-18:52:54 < ln -fs /g100_work/OGS_prodC/OPA/V11C/prod/wrkdir/forecast/3/CMCC_PHYS/24h/T20250107-00:00:00.nc /g100_work/OGS_prodC/OPA/V11C/prod/wrkdir/forecast/3/MODEL/FORCINGS/T20250107-00:00:00.nc [Ok]
PrEx 20250108-18:52:54 < ln -fs /g100_work/OGS_prodC/OPA/V11C/prod/wrkdir/forecast/3/CMCC_PHYS/24h/T20250107-12:00:00.nc /g100_work/OGS_prodC/OPA/V11C/prod/wrkdir/forecast/3/MODEL/FORCINGS/T20250107-12:00:00.nc [Ok]
PrEx 20250108-18:52:54 < ln -fs /g100_work/OGS_prodC/OPA/V11C/prod/wrkdir/forecast/3/CMCC_PHYS/24h/T20250108-12:00:00.nc /g100_work/OGS_prodC/OPA/V11C/prod/wrkdir/forecast/3/MODEL/FORCINGS/T20250108-12:00:00.nc [Ok]
PrEx 20250108-18:52:54 < ln -fs /g100_work/OGS_prodC/OPA/V11C/prod/wrkdir/forecast/3/CMCC_PHYS/24h/T20250109-12:00:00.nc /g100_work/OGS_prodC/OPA/V11C/prod/wrkdir/forecast/3/MODEL/FORCINGS/T20250109-12:00:00.nc [Ok]
PrEx 20250108-18:52:54 < ln -fs /g100_work/OGS_prodC/OPA/V11C/prod/wrkdir/forecast/3/CMCC_PHYS/24h/T20250110-12:00:00.nc /g100_work/OGS_prodC/OPA/V11C/prod/wrkdir/forecast/3/MODEL/FORCINGS/T20250110-12:00:00.nc [Ok]
PrEx 20250108-18:52:54 < ln -fs /g100_work/OGS_prodC/OPA/V11C/prod/wrkdir/forecast/3/CMCC_PHYS/24h/T20250111-12:00:00.nc /g100_work/OGS_prodC/OPA/V11C/prod/wrkdir/forecast/3/MODEL/FORCINGS/T20250111-12:00:00.nc [Ok]
PrEx 20250108-18:52:54 < ln -fs /g100_work/OGS_prodC/OPA/V11C/prod/wrkdir/forecast/3/CMCC_PHYS/24h/T20250112-12:00:00.nc /g100_work/OGS_prodC/OPA/V11C/prod/wrkdir/forecast/3/MODEL/FORCINGS/T20250112-12:00:00.nc [Ok]
PrEx 20250108-18:52:54 < ln -fs /g100_work/OGS_prodC/OPA/V11C/prod/wrkdir/forecast/3/CMCC_PHYS/24h/T20250113-12:00:00.nc /g100_work/OGS_prodC/OPA/V11C/prod/wrkdir/forecast/3/MODEL/FORCINGS/T20250113-12:00:00.nc [Ok]
PrEx 20250108-18:52:54 < ln -fs /g100_work/OGS_prodC/OPA/V11C/prod/wrkdir/forecast/3/CMCC_PHYS/24h/T20250114-12:00:00.nc /g100_work/OGS_prodC/OPA/V11C/prod/wrkdir/forecast/3/MODEL/FORCINGS/T20250114-12:00:00.nc [Ok]
PrEx 20250108-18:52:54 < ln -fs /g100_work/OGS_prodC/OPA/V11C/prod/wrkdir/forecast/3/CMCC_PHYS/24h/T20250115-12:00:00.nc /g100_work/OGS_prodC/OPA/V11C/prod/wrkdir/forecast/3/MODEL/FORCINGS/T20250115-12:00:00.nc [Ok]
PrEx 20250108-18:52:54 < ln -fs /g100_work/OGS_prodC/OPA/V11C/prod/wrkdir/forecast/3/CMCC_PHYS/24h/T20250116-12:00:00.nc /g100_work/OGS_prodC/OPA/V11C/prod/wrkdir/forecast/3/MODEL/FORCINGS/T20250116-12:00:00.nc [Ok]
PrEx 20250108-18:52:54 < ln -fs /g100_work/OGS_prodC/OPA/V11C/prod/wrkdir/forecast/3/CMCC_PHYS/24h/T20250117-12:00:00.nc /g100_work/OGS_prodC/OPA/V11C/prod/wrkdir/forecast/3/MODEL/FORCINGS/T20250117-12:00:00.nc [Ok]
PrEx 20250108-18:52:54 < ln -fs /g100_work/OGS_prodC/OPA/V11C/prod/wrkdir/forecast/3/CMCC_PHYS/24h/T20250118-12:00:00.nc /g100_work/OGS_prodC/OPA/V11C/prod/wrkdir/forecast/3/MODEL/FORCINGS/T20250118-12:00:00.nc [Ok]
PrEx 20250108-18:52:54 < ln -fs /g100_work/OGS_prodC/OPA/V11C/prod/wrkdir/forecast/3/CMCC_PHYS/24h/U20250107-00:00:00.nc /g100_work/OGS_prodC/OPA/V11C/prod/wrkdir/forecast/3/MODEL/FORCINGS/U20250107-00:00:00.nc [Ok]
PrEx 20250108-18:52:54 < ln -fs /g100_work/OGS_prodC/OPA/V11C/prod/wrkdir/forecast/3/CMCC_PHYS/24h/U20250107-12:00:00.nc /g100_work/OGS_prodC/OPA/V11C/prod/wrkdir/forecast/3/MODEL/FORCINGS/U20250107-12:00:00.nc [Ok]
PrEx 20250108-18:52:54 < ln -fs /g100_work/OGS_prodC/OPA/V11C/prod/wrkdir/forecast/3/CMCC_PHYS/24h/U20250108-12:00:00.nc /g100_work/OGS_prodC/OPA/V11C/prod/wrkdir/forecast/3/MODEL/FORCINGS/U20250108-12:00:00.nc [Ok]
PrEx 20250108-18:52:55 < ln -fs /g100_work/OGS_prodC/OPA/V11C/prod/wrkdir/forecast/3/CMCC_PHYS/24h/U20250109-12:00:00.nc /g100_work/OGS_prodC/OPA/V11C/prod/wrkdir/forecast/3/MODEL/FORCINGS/U20250109-12:00:00.nc [Ok]
PrEx 20250108-18:52:55 < ln -fs /g100_work/OGS_prodC/OPA/V11C/prod/wrkdir/forecast/3/CMCC_PHYS/24h/U20250110-12:00:00.nc /g100_work/OGS_prodC/OPA/V11C/prod/wrkdir/forecast/3/MODEL/FORCINGS/U20250110-12:00:00.nc [Ok]
PrEx 20250108-18:52:55 < ln -fs /g100_work/OGS_prodC/OPA/V11C/prod/wrkdir/forecast/3/CMCC_PHYS/24h/U20250111-12:00:00.nc /g100_work/OGS_prodC/OPA/V11C/prod/wrkdir/forecast/3/MODEL/FORCINGS/U20250111-12:00:00.nc [Ok]
PrEx 20250108-18:52:55 < ln -fs /g100_work/OGS_prodC/OPA/V11C/prod/wrkdir/forecast/3/CMCC_PHYS/24h/U20250112-12:00:00.nc /g100_work/OGS_prodC/OPA/V11C/prod/wrkdir/forecast/3/MODEL/FORCINGS/U20250112-12:00:00.nc [Ok]
PrEx 20250108-18:52:55 < ln -fs /g100_work/OGS_prodC/OPA/V11C/prod/wrkdir/forecast/3/CMCC_PHYS/24h/U20250113-12:00:00.nc /g100_work/OGS_prodC/OPA/V11C/prod/wrkdir/forecast/3/MODEL/FORCINGS/U20250113-12:00:00.nc [Ok]
PrEx 20250108-18:52:55 < ln -fs /g100_work/OGS_prodC/OPA/V11C/prod/wrkdir/forecast/3/CMCC_PHYS/24h/U20250114-12:00:00.nc /g100_work/OGS_prodC/OPA/V11C/prod/wrkdir/forecast/3/MODEL/FORCINGS/U20250114-12:00:00.nc [Ok]
PrEx 20250108-18:52:55 < ln -fs /g100_work/OGS_prodC/OPA/V11C/prod/wrkdir/forecast/3/CMCC_PHYS/24h/U20250115-12:00:00.nc /g100_work/OGS_prodC/OPA/V11C/prod/wrkdir/forecast/3/MODEL/FORCINGS/U20250115-12:00:00.nc [Ok]
PrEx 20250108-18:52:55 < ln -fs /g100_work/OGS_prodC/OPA/V11C/prod/wrkdir/forecast/3/CMCC_PHYS/24h/U20250116-12:00:00.nc /g100_work/OGS_prodC/OPA/V11C/prod/wrkdir/forecast/3/MODEL/FORCINGS/U20250116-12:00:00.nc [Ok]
PrEx 20250108-18:52:55 < ln -fs /g100_work/OGS_prodC/OPA/V11C/prod/wrkdir/forecast/3/CMCC_PHYS/24h/U20250117-12:00:00.nc /g100_work/OGS_prodC/OPA/V11C/prod/wrkdir/forecast/3/MODEL/FORCINGS/U20250117-12:00:00.nc [Ok]
PrEx 20250108-18:52:55 < ln -fs /g100_work/OGS_prodC/OPA/V11C/prod/wrkdir/forecast/3/CMCC_PHYS/24h/U20250118-12:00:00.nc /g100_work/OGS_prodC/OPA/V11C/prod/wrkdir/forecast/3/MODEL/FORCINGS/U20250118-12:00:00.nc [Ok]
PrEx 20250108-18:52:55 < ln -fs /g100_work/OGS_prodC/OPA/V11C/prod/wrkdir/forecast/3/CMCC_PHYS/24h/V20250107-00:00:00.nc /g100_work/OGS_prodC/OPA/V11C/prod/wrkdir/forecast/3/MODEL/FORCINGS/V20250107-00:00:00.nc [Ok]
PrEx 20250108-18:52:55 < ln -fs /g100_work/OGS_prodC/OPA/V11C/prod/wrkdir/forecast/3/CMCC_PHYS/24h/V20250107-12:00:00.nc /g100_work/OGS_prodC/OPA/V11C/prod/wrkdir/forecast/3/MODEL/FORCINGS/V20250107-12:00:00.nc [Ok]
PrEx 20250108-18:52:55 < ln -fs /g100_work/OGS_prodC/OPA/V11C/prod/wrkdir/forecast/3/CMCC_PHYS/24h/V20250108-12:00:00.nc /g100_work/OGS_prodC/OPA/V11C/prod/wrkdir/forecast/3/MODEL/FORCINGS/V20250108-12:00:00.nc [Ok]
PrEx 20250108-18:52:55 < ln -fs /g100_work/OGS_prodC/OPA/V11C/prod/wrkdir/forecast/3/CMCC_PHYS/24h/V20250109-12:00:00.nc /g100_work/OGS_prodC/OPA/V11C/prod/wrkdir/forecast/3/MODEL/FORCINGS/V20250109-12:00:00.nc [Ok]
PrEx 20250108-18:52:55 < ln -fs /g100_work/OGS_prodC/OPA/V11C/prod/wrkdir/forecast/3/CMCC_PHYS/24h/V20250110-12:00:00.nc /g100_work/OGS_prodC/OPA/V11C/prod/wrkdir/forecast/3/MODEL/FORCINGS/V20250110-12:00:00.nc [Ok]
PrEx 20250108-18:52:55 < ln -fs /g100_work/OGS_prodC/OPA/V11C/prod/wrkdir/forecast/3/CMCC_PHYS/24h/V20250111-12:00:00.nc /g100_work/OGS_prodC/OPA/V11C/prod/wrkdir/forecast/3/MODEL/FORCINGS/V20250111-12:00:00.nc [Ok]
PrEx 20250108-18:52:55 < ln -fs /g100_work/OGS_prodC/OPA/V11C/prod/wrkdir/forecast/3/CMCC_PHYS/24h/V20250112-12:00:00.nc /g100_work/OGS_prodC/OPA/V11C/prod/wrkdir/forecast/3/MODEL/FORCINGS/V20250112-12:00:00.nc [Ok]
PrEx 20250108-18:52:55 < ln -fs /g100_work/OGS_prodC/OPA/V11C/prod/wrkdir/forecast/3/CMCC_PHYS/24h/V20250113-12:00:00.nc /g100_work/OGS_prodC/OPA/V11C/prod/wrkdir/forecast/3/MODEL/FORCINGS/V20250113-12:00:00.nc [Ok]
PrEx 20250108-18:52:55 < ln -fs /g100_work/OGS_prodC/OPA/V11C/prod/wrkdir/forecast/3/CMCC_PHYS/24h/V20250114-12:00:00.nc /g100_work/OGS_prodC/OPA/V11C/prod/wrkdir/forecast/3/MODEL/FORCINGS/V20250114-12:00:00.nc [Ok]
PrEx 20250108-18:52:55 < ln -fs /g100_work/OGS_prodC/OPA/V11C/prod/wrkdir/forecast/3/CMCC_PHYS/24h/V20250115-12:00:00.nc /g100_work/OGS_prodC/OPA/V11C/prod/wrkdir/forecast/3/MODEL/FORCINGS/V20250115-12:00:00.nc [Ok]
PrEx 20250108-18:52:55 < ln -fs /g100_work/OGS_prodC/OPA/V11C/prod/wrkdir/forecast/3/CMCC_PHYS/24h/V20250116-12:00:00.nc /g100_work/OGS_prodC/OPA/V11C/prod/wrkdir/forecast/3/MODEL/FORCINGS/V20250116-12:00:00.nc [Ok]
PrEx 20250108-18:52:55 < ln -fs /g100_work/OGS_prodC/OPA/V11C/prod/wrkdir/forecast/3/CMCC_PHYS/24h/V20250117-12:00:00.nc /g100_work/OGS_prodC/OPA/V11C/prod/wrkdir/forecast/3/MODEL/FORCINGS/V20250117-12:00:00.nc [Ok]
PrEx 20250108-18:52:55 < ln -fs /g100_work/OGS_prodC/OPA/V11C/prod/wrkdir/forecast/3/CMCC_PHYS/24h/V20250118-12:00:00.nc /g100_work/OGS_prodC/OPA/V11C/prod/wrkdir/forecast/3/MODEL/FORCINGS/V20250118-12:00:00.nc [Ok]
PrEx 20250108-18:52:55 < ln -fs /g100_work/OGS_prodC/OPA/V11C/prod/wrkdir/forecast/3/CMCC_PHYS/24h/W20250107-00:00:00.nc /g100_work/OGS_prodC/OPA/V11C/prod/wrkdir/forecast/3/MODEL/FORCINGS/W20250107-00:00:00.nc [Ok]
PrEx 20250108-18:52:55 < ln -fs /g100_work/OGS_prodC/OPA/V11C/prod/wrkdir/forecast/3/CMCC_PHYS/24h/W20250107-12:00:00.nc /g100_work/OGS_prodC/OPA/V11C/prod/wrkdir/forecast/3/MODEL/FORCINGS/W20250107-12:00:00.nc [Ok]
PrEx 20250108-18:52:55 < ln -fs /g100_work/OGS_prodC/OPA/V11C/prod/wrkdir/forecast/3/CMCC_PHYS/24h/W20250108-12:00:00.nc /g100_work/OGS_prodC/OPA/V11C/prod/wrkdir/forecast/3/MODEL/FORCINGS/W20250108-12:00:00.nc [Ok]
PrEx 20250108-18:52:55 < ln -fs /g100_work/OGS_prodC/OPA/V11C/prod/wrkdir/forecast/3/CMCC_PHYS/24h/W20250109-12:00:00.nc /g100_work/OGS_prodC/OPA/V11C/prod/wrkdir/forecast/3/MODEL/FORCINGS/W20250109-12:00:00.nc [Ok]
PrEx 20250108-18:52:55 < ln -fs /g100_work/OGS_prodC/OPA/V11C/prod/wrkdir/forecast/3/CMCC_PHYS/24h/W20250110-12:00:00.nc /g100_work/OGS_prodC/OPA/V11C/prod/wrkdir/forecast/3/MODEL/FORCINGS/W20250110-12:00:00.nc [Ok]
PrEx 20250108-18:52:55 < ln -fs /g100_work/OGS_prodC/OPA/V11C/prod/wrkdir/forecast/3/CMCC_PHYS/24h/W20250111-12:00:00.nc /g100_work/OGS_prodC/OPA/V11C/prod/wrkdir/forecast/3/MODEL/FORCINGS/W20250111-12:00:00.nc [Ok]
PrEx 20250108-18:52:55 < ln -fs /g100_work/OGS_prodC/OPA/V11C/prod/wrkdir/forecast/3/CMCC_PHYS/24h/W20250112-12:00:00.nc /g100_work/OGS_prodC/OPA/V11C/prod/wrkdir/forecast/3/MODEL/FORCINGS/W20250112-12:00:00.nc [Ok]
PrEx 20250108-18:52:55 < ln -fs /g100_work/OGS_prodC/OPA/V11C/prod/wrkdir/forecast/3/CMCC_PHYS/24h/W20250113-12:00:00.nc /g100_work/OGS_prodC/OPA/V11C/prod/wrkdir/forecast/3/MODEL/FORCINGS/W20250113-12:00:00.nc [Ok]
PrEx 20250108-18:52:55 < ln -fs /g100_work/OGS_prodC/OPA/V11C/prod/wrkdir/forecast/3/CMCC_PHYS/24h/W20250114-12:00:00.nc /g100_work/OGS_prodC/OPA/V11C/prod/wrkdir/forecast/3/MODEL/FORCINGS/W20250114-12:00:00.nc [Ok]
PrEx 20250108-18:52:55 < ln -fs /g100_work/OGS_prodC/OPA/V11C/prod/wrkdir/forecast/3/CMCC_PHYS/24h/W20250115-12:00:00.nc /g100_work/OGS_prodC/OPA/V11C/prod/wrkdir/forecast/3/MODEL/FORCINGS/W20250115-12:00:00.nc [Ok]
PrEx 20250108-18:52:55 < ln -fs /g100_work/OGS_prodC/OPA/V11C/prod/wrkdir/forecast/3/CMCC_PHYS/24h/W20250116-12:00:00.nc /g100_work/OGS_prodC/OPA/V11C/prod/wrkdir/forecast/3/MODEL/FORCINGS/W20250116-12:00:00.nc [Ok]
PrEx 20250108-18:52:55 < ln -fs /g100_work/OGS_prodC/OPA/V11C/prod/wrkdir/forecast/3/CMCC_PHYS/24h/W20250117-12:00:00.nc /g100_work/OGS_prodC/OPA/V11C/prod/wrkdir/forecast/3/MODEL/FORCINGS/W20250117-12:00:00.nc [Ok]
PrEx 20250108-18:52:55 < ln -fs /g100_work/OGS_prodC/OPA/V11C/prod/wrkdir/forecast/3/CMCC_PHYS/24h/W20250118-12:00:00.nc /g100_work/OGS_prodC/OPA/V11C/prod/wrkdir/forecast/3/MODEL/FORCINGS/W20250118-12:00:00.nc [Ok]
PrEx 20250108-18:53:03 < cp /g100/home/usera07ogs/a07ogs00/OPA/V11C/etc/static-data/MED24_141/meshmask.nc /g100_work/OGS_prodC/OPA/V11C/prod/wrkdir/forecast/3/MODEL/DELTA_T/meshmask.nc [Ok]
PrEx 20250108-18:53:03    > mpirun -np 18 python /g100/home/usera07ogs/a07ogs00/OPA/V11C/HOST/g100/ogstm_preproc/FORCINGS/check/delta_t_from_uvw.py -i /g100_work/OGS_prodC/OPA/V11C/prod/wrkdir/forecast/3/MODEL/FORCINGS/ -o /g100_work/OGS_prodC/OPA/V11C/prod/wrkdir/forecast/3/MODEL/DELTA_T -m  /g100_work/OGS_prodC/OPA/V11C/prod/wrkdir/forecast/3/MODEL/DELTA_T/meshmask.nc 
20250115-12:00:00
20250116-12:00:00
20250118-12:00:00
20250117-12:00:00
20250111-12:00:00
20250108-12:00:00
20250114-12:00:00
20250110-12:00:00
20250112-12:00:00
20250107-12:00:00
20250107-00:00:00
20250109-12:00:00
20250113-12:00:00
PrEx 20250108-18:53:52   0< mpirun -np 18 python /g100/home/usera07ogs/a07ogs00/OPA/V11C/HOST/g100/ogstm_preproc/FORCINGS/check/delta_t_from_uvw.py -i /g100_work/OGS_prodC/OPA/V11C/prod/wrkdir/forecast/3/MODEL/FORCINGS/ -o /g100_work/OGS_prodC/OPA/V11C/prod/wrkdir/forecast/3/MODEL/DELTA_T -m  /g100_work/OGS_prodC/OPA/V11C/prod/wrkdir/forecast/3/MODEL/DELTA_T/meshmask.nc  [ok]
PrEx 20250108-18:53:52    > mpirun -np 11 python /g100/home/usera07ogs/a07ogs00/OPA/V11C/HOST/g100/ogstm_preproc/BC/Po/online/po_generation.py -i /g100_work/OGS_prodC/OPA/V11C/prod/wrkdir/forecast/3/MODEL/FORCINGS/ -M /g100_work/OGS_prodC/OPA/V11C/prod/wrkdir/forecast/3/MODEL/DELTA_T/meshmask.nc -m /g100_work/OGS_prodC/OPA/V11C/prod/wrkdir/forecast/3/MODEL/meshmask.nc -o /g100_work/OGS_prodC/OPA/V11C/prod/wrkdir/forecast/3/MODEL/BC 
/g100/home/usera07ogs/a07ogs00/OPA/V11C/HOST/g100/ogstm_preproc/BC/Po/online/po_generation.py:34: UserWarning: The seawater library is deprecated! Please use gsw instead.
  import seawater as sw
/g100/home/usera07ogs/a07ogs00/OPA/V11C/HOST/g100/ogstm_preproc/BC/Po/online/po_generation.py:34: UserWarning: The seawater library is deprecated! Please use gsw instead.
  import seawater as sw
/g100/home/usera07ogs/a07ogs00/OPA/V11C/HOST/g100/ogstm_preproc/BC/Po/online/po_generation.py:34: UserWarning: The seawater library is deprecated! Please use gsw instead.
  import seawater as sw
/g100/home/usera07ogs/a07ogs00/OPA/V11C/HOST/g100/ogstm_preproc/BC/Po/online/po_generation.py:34: UserWarning: The seawater library is deprecated! Please use gsw instead.
  import seawater as sw
/g100/home/usera07ogs/a07ogs00/OPA/V11C/HOST/g100/ogstm_preproc/BC/Po/online/po_generation.py:34: UserWarning: The seawater library is deprecated! Please use gsw instead.
  import seawater as sw
/g100/home/usera07ogs/a07ogs00/OPA/V11C/HOST/g100/ogstm_preproc/BC/Po/online/po_generation.py:34: UserWarning: The seawater library is deprecated! Please use gsw instead.
  import seawater as sw
/g100/home/usera07ogs/a07ogs00/OPA/V11C/HOST/g100/ogstm_preproc/BC/Po/online/po_generation.py:34: UserWarning: The seawater library is deprecated! Please use gsw instead.
  import seawater as sw
/g100/home/usera07ogs/a07ogs00/OPA/V11C/HOST/g100/ogstm_preproc/BC/Po/online/po_generation.py:34: UserWarning: The seawater library is deprecated! Please use gsw instead.
  import seawater as sw
/g100/home/usera07ogs/a07ogs00/OPA/V11C/HOST/g100/ogstm_preproc/BC/Po/online/po_generation.py:34: UserWarning: The seawater library is deprecated! Please use gsw instead.
  import seawater as sw
/g100/home/usera07ogs/a07ogs00/OPA/V11C/HOST/g100/ogstm_preproc/BC/Po/online/po_generation.py:34: UserWarning: The seawater library is deprecated! Please use gsw instead.
  import seawater as sw
/g100/home/usera07ogs/a07ogs00/OPA/V11C/HOST/g100/ogstm_preproc/BC/Po/online/po_generation.py:34: UserWarning: The seawater library is deprecated! Please use gsw instead.
  import seawater as sw
/g100_work/OGS_prodC/OPA/V11C/prod/wrkdir/forecast/3/MODEL/BC/PO__20250109-12:00:00.nc
/g100_work/OGS_prodC/OPA/V11C/prod/wrkdir/forecast/3/MODEL/BC/PO__20250111-12:00:00.nc
/g100_work/OGS_prodC/OPA/V11C/prod/wrkdir/forecast/3/MODEL/BC/PO__20250115-12:00:00.nc
/g100_work/OGS_prodC/OPA/V11C/prod/wrkdir/forecast/3/MODEL/BC/PO__20250116-12:00:00.nc
/g100_work/OGS_prodC/OPA/V11C/prod/wrkdir/forecast/3/MODEL/BC/PO__20250113-12:00:00.nc
/g100_work/OGS_prodC/OPA/V11C/prod/wrkdir/forecast/3/MODEL/BC/PO__20250110-12:00:00.nc
/g100_work/OGS_prodC/OPA/V11C/prod/wrkdir/forecast/3/MODEL/BC/PO__20250112-12:00:00.nc
/g100_work/OGS_prodC/OPA/V11C/prod/wrkdir/forecast/3/MODEL/BC/PO__20250107-00:00:00.nc
/g100_work/OGS_prodC/OPA/V11C/prod/wrkdir/forecast/3/MODEL/BC/PO__20250108-12:00:00.nc
/g100_work/OGS_prodC/OPA/V11C/prod/wrkdir/forecast/3/MODEL/BC/PO__20250114-12:00:00.nc
/g100_work/OGS_prodC/OPA/V11C/prod/wrkdir/forecast/3/MODEL/BC/PO__20250107-12:00:00.nc
/g100_work/OGS_prodC/OPA/V11C/prod/wrkdir/forecast/3/MODEL/BC/PO__20250118-12:00:00.nc
/g100_work/OGS_prodC/OPA/V11C/prod/wrkdir/forecast/3/MODEL/BC/PO__20250117-12:00:00.nc
PrEx 20250108-18:54:03   0< mpirun -np 11 python /g100/home/usera07ogs/a07ogs00/OPA/V11C/HOST/g100/ogstm_preproc/BC/Po/online/po_generation.py -i /g100_work/OGS_prodC/OPA/V11C/prod/wrkdir/forecast/3/MODEL/FORCINGS/ -M /g100_work/OGS_prodC/OPA/V11C/prod/wrkdir/forecast/3/MODEL/DELTA_T/meshmask.nc -m /g100_work/OGS_prodC/OPA/V11C/prod/wrkdir/forecast/3/MODEL/meshmask.nc -o /g100_work/OGS_prodC/OPA/V11C/prod/wrkdir/forecast/3/MODEL/BC  [ok]
PrEx 20250108-18:54:03    > mpirun -np 10 python /g100/home/usera07ogs/a07ogs00/OPA/V11C/HOST/g100/ogstm_preproc/ATMOSPHERE/online/forecast_input_gen.py -i /g100_work/OGS_prodC/OPA/V11C/prod/inpdir/forecast/20250108/ECMWF//20250108_20250118-ECMWF---AM0100-MEDATL-b20250108_fc00-fv11.00.nc -o /g100_work/OGS_prodC/OPA/V11C/prod/inpdir/forecast/20250108/ECMWF/ -m /g100_work/OGS_prodC/OPA/V11C/prod/wrkdir/forecast/3/MODEL/meshmask.nc
/g100_work/OGS_prodC/OPA/V11C/prod/inpdir/forecast/20250108/ECMWF/atm.20250108-00:00:00.nc
/g100_work/OGS_prodC/OPA/V11C/prod/inpdir/forecast/20250108/ECMWF/atm.20250108-04:00:00.nc
/g100_work/OGS_prodC/OPA/V11C/prod/inpdir/forecast/20250108/ECMWF/atm.20250108-06:00:00.nc
/g100_work/OGS_prodC/OPA/V11C/prod/inpdir/forecast/20250108/ECMWF/atm.20250108-08:00:00.nc
/g100_work/OGS_prodC/OPA/V11C/prod/inpdir/forecast/20250108/ECMWF/atm.20250108-09:00:00.nc
/g100_work/OGS_prodC/OPA/V11C/prod/inpdir/forecast/20250108/ECMWF/atm.20250108-01:00:00.nc
/g100_work/OGS_prodC/OPA/V11C/prod/inpdir/forecast/20250108/ECMWF/atm.20250108-02:00:00.nc
/g100_work/OGS_prodC/OPA/V11C/prod/inpdir/forecast/20250108/ECMWF/atm.20250108-03:00:00.nc
/g100_work/OGS_prodC/OPA/V11C/prod/inpdir/forecast/20250108/ECMWF/atm.20250108-07:00:00.nc
/g100_work/OGS_prodC/OPA/V11C/prod/inpdir/forecast/20250108/ECMWF/atm.20250108-05:00:00.nc
/g100_work/OGS_prodC/OPA/V11C/prod/inpdir/forecast/20250108/ECMWF/atm.20250108-10:00:00.nc
/g100_work/OGS_prodC/OPA/V11C/prod/inpdir/forecast/20250108/ECMWF/atm.20250108-15:00:00.nc
/g100_work/OGS_prodC/OPA/V11C/prod/inpdir/forecast/20250108/ECMWF/atm.20250108-16:00:00.nc
/g100_work/OGS_prodC/OPA/V11C/prod/inpdir/forecast/20250108/ECMWF/atm.20250108-18:00:00.nc
/g100_work/OGS_prodC/OPA/V11C/prod/inpdir/forecast/20250108/ECMWF/atm.20250108-11:00:00.nc
/g100_work/OGS_prodC/OPA/V11C/prod/inpdir/forecast/20250108/ECMWF/atm.20250108-12:00:00.nc
/g100_work/OGS_prodC/OPA/V11C/prod/inpdir/forecast/20250108/ECMWF/atm.20250108-14:00:00.nc
/g100_work/OGS_prodC/OPA/V11C/prod/inpdir/forecast/20250108/ECMWF/atm.20250108-17:00:00.nc
/g100_work/OGS_prodC/OPA/V11C/prod/inpdir/forecast/20250108/ECMWF/atm.20250108-19:00:00.nc
/g100_work/OGS_prodC/OPA/V11C/prod/inpdir/forecast/20250108/ECMWF/atm.20250108-13:00:00.nc
/g100_work/OGS_prodC/OPA/V11C/prod/inpdir/forecast/20250108/ECMWF/atm.20250109-03:00:00.nc
/g100_work/OGS_prodC/OPA/V11C/prod/inpdir/forecast/20250108/ECMWF/atm.20250109-02:00:00.nc
/g100_work/OGS_prodC/OPA/V11C/prod/inpdir/forecast/20250108/ECMWF/atm.20250109-05:00:00.nc
/g100_work/OGS_prodC/OPA/V11C/prod/inpdir/forecast/20250108/ECMWF/atm.20250109-04:00:00.nc
/g100_work/OGS_prodC/OPA/V11C/prod/inpdir/forecast/20250108/ECMWF/atm.20250109-01:00:00.nc
/g100_work/OGS_prodC/OPA/V11C/prod/inpdir/forecast/20250108/ECMWF/atm.20250109-00:00:00.nc
/g100_work/OGS_prodC/OPA/V11C/prod/inpdir/forecast/20250108/ECMWF/atm.20250108-23:00:00.nc
/g100_work/OGS_prodC/OPA/V11C/prod/inpdir/forecast/20250108/ECMWF/atm.20250108-22:00:00.nc
/g100_work/OGS_prodC/OPA/V11C/prod/inpdir/forecast/20250108/ECMWF/atm.20250108-21:00:00.nc
/g100_work/OGS_prodC/OPA/V11C/prod/inpdir/forecast/20250108/ECMWF/atm.20250108-20:00:00.nc
/g100_work/OGS_prodC/OPA/V11C/prod/inpdir/forecast/20250108/ECMWF/atm.20250109-10:00:00.nc
/g100_work/OGS_prodC/OPA/V11C/prod/inpdir/forecast/20250108/ECMWF/atm.20250109-15:00:00.nc
/g100_work/OGS_prodC/OPA/V11C/prod/inpdir/forecast/20250108/ECMWF/atm.20250109-13:00:00.nc
/g100_work/OGS_prodC/OPA/V11C/prod/inpdir/forecast/20250108/ECMWF/atm.20250109-12:00:00.nc
/g100_work/OGS_prodC/OPA/V11C/prod/inpdir/forecast/20250108/ECMWF/atm.20250109-14:00:00.nc
/g100_work/OGS_prodC/OPA/V11C/prod/inpdir/forecast/20250108/ECMWF/atm.20250109-11:00:00.nc
/g100_work/OGS_prodC/OPA/V11C/prod/inpdir/forecast/20250108/ECMWF/atm.20250109-07:00:00.nc
/g100_work/OGS_prodC/OPA/V11C/prod/inpdir/forecast/20250108/ECMWF/atm.20250109-08:00:00.nc
/g100_work/OGS_prodC/OPA/V11C/prod/inpdir/forecast/20250108/ECMWF/atm.20250109-06:00:00.nc
/g100_work/OGS_prodC/OPA/V11C/prod/inpdir/forecast/20250108/ECMWF/atm.20250109-09:00:00.nc
/g100_work/OGS_prodC/OPA/V11C/prod/inpdir/forecast/20250108/ECMWF/atm.20250109-20:00:00.nc
/g100_work/OGS_prodC/OPA/V11C/prod/inpdir/forecast/20250108/ECMWF/atm.20250110-01:00:00.nc
/g100_work/OGS_prodC/OPA/V11C/prod/inpdir/forecast/20250108/ECMWF/atm.20250109-23:00:00.nc
/g100_work/OGS_prodC/OPA/V11C/prod/inpdir/forecast/20250108/ECMWF/atm.20250109-22:00:00.nc
/g100_work/OGS_prodC/OPA/V11C/prod/inpdir/forecast/20250108/ECMWF/atm.20250110-00:00:00.nc
/g100_work/OGS_prodC/OPA/V11C/prod/inpdir/forecast/20250108/ECMWF/atm.20250109-21:00:00.nc
/g100_work/OGS_prodC/OPA/V11C/prod/inpdir/forecast/20250108/ECMWF/atm.20250109-19:00:00.nc
/g100_work/OGS_prodC/OPA/V11C/prod/inpdir/forecast/20250108/ECMWF/atm.20250109-17:00:00.nc
/g100_work/OGS_prodC/OPA/V11C/prod/inpdir/forecast/20250108/ECMWF/atm.20250109-18:00:00.nc
/g100_work/OGS_prodC/OPA/V11C/prod/inpdir/forecast/20250108/ECMWF/atm.20250109-16:00:00.nc
/g100_work/OGS_prodC/OPA/V11C/prod/inpdir/forecast/20250108/ECMWF/atm.20250110-06:00:00.nc
/g100_work/OGS_prodC/OPA/V11C/prod/inpdir/forecast/20250108/ECMWF/atm.20250110-11:00:00.nc
/g100_work/OGS_prodC/OPA/V11C/prod/inpdir/forecast/20250108/ECMWF/atm.20250110-08:00:00.nc
/g100_work/OGS_prodC/OPA/V11C/prod/inpdir/forecast/20250108/ECMWF/atm.20250110-10:00:00.nc
/g100_work/OGS_prodC/OPA/V11C/prod/inpdir/forecast/20250108/ECMWF/atm.20250110-09:00:00.nc
/g100_work/OGS_prodC/OPA/V11C/prod/inpdir/forecast/20250108/ECMWF/atm.20250110-07:00:00.nc
/g100_work/OGS_prodC/OPA/V11C/prod/inpdir/forecast/20250108/ECMWF/atm.20250110-05:00:00.nc
/g100_work/OGS_prodC/OPA/V11C/prod/inpdir/forecast/20250108/ECMWF/atm.20250110-03:00:00.nc
/g100_work/OGS_prodC/OPA/V11C/prod/inpdir/forecast/20250108/ECMWF/atm.20250110-02:00:00.nc
/g100_work/OGS_prodC/OPA/V11C/prod/inpdir/forecast/20250108/ECMWF/atm.20250110-04:00:00.nc
/g100_work/OGS_prodC/OPA/V11C/prod/inpdir/forecast/20250108/ECMWF/atm.20250110-16:00:00.nc
/g100_work/OGS_prodC/OPA/V11C/prod/inpdir/forecast/20250108/ECMWF/atm.20250110-21:00:00.nc
/g100_work/OGS_prodC/OPA/V11C/prod/inpdir/forecast/20250108/ECMWF/atm.20250110-19:00:00.nc
/g100_work/OGS_prodC/OPA/V11C/prod/inpdir/forecast/20250108/ECMWF/atm.20250110-18:00:00.nc
/g100_work/OGS_prodC/OPA/V11C/prod/inpdir/forecast/20250108/ECMWF/atm.20250110-20:00:00.nc
/g100_work/OGS_prodC/OPA/V11C/prod/inpdir/forecast/20250108/ECMWF/atm.20250110-17:00:00.nc
/g100_work/OGS_prodC/OPA/V11C/prod/inpdir/forecast/20250108/ECMWF/atm.20250110-13:00:00.nc
/g100_work/OGS_prodC/OPA/V11C/prod/inpdir/forecast/20250108/ECMWF/atm.20250110-14:00:00.nc
/g100_work/OGS_prodC/OPA/V11C/prod/inpdir/forecast/20250108/ECMWF/atm.20250110-12:00:00.nc
/g100_work/OGS_prodC/OPA/V11C/prod/inpdir/forecast/20250108/ECMWF/atm.20250110-15:00:00.nc
/g100_work/OGS_prodC/OPA/V11C/prod/inpdir/forecast/20250108/ECMWF/atm.20250111-07:30:00.nc
/g100_work/OGS_prodC/OPA/V11C/prod/inpdir/forecast/20250108/ECMWF/atm.20250111-22:30:00.nc
/g100_work/OGS_prodC/OPA/V11C/prod/inpdir/forecast/20250108/ECMWF/atm.20250111-16:30:00.nc
/g100_work/OGS_prodC/OPA/V11C/prod/inpdir/forecast/20250108/ECMWF/atm.20250111-13:30:00.nc
/g100_work/OGS_prodC/OPA/V11C/prod/inpdir/forecast/20250108/ECMWF/atm.20250111-19:30:00.nc
/g100_work/OGS_prodC/OPA/V11C/prod/inpdir/forecast/20250108/ECMWF/atm.20250111-10:30:00.nc
/g100_work/OGS_prodC/OPA/V11C/prod/inpdir/forecast/20250108/ECMWF/atm.20250110-22:00:00.nc
/g100_work/OGS_prodC/OPA/V11C/prod/inpdir/forecast/20250108/ECMWF/atm.20250111-04:30:00.nc
/g100_work/OGS_prodC/OPA/V11C/prod/inpdir/forecast/20250108/ECMWF/atm.20250110-23:00:00.nc
/g100_work/OGS_prodC/OPA/V11C/prod/inpdir/forecast/20250108/ECMWF/atm.20250111-01:30:00.nc
/g100_work/OGS_prodC/OPA/V11C/prod/inpdir/forecast/20250108/ECMWF/atm.20250112-13:30:00.nc
/g100_work/OGS_prodC/OPA/V11C/prod/inpdir/forecast/20250108/ECMWF/atm.20250113-04:30:00.nc
/g100_work/OGS_prodC/OPA/V11C/prod/inpdir/forecast/20250108/ECMWF/atm.20250112-22:30:00.nc
/g100_work/OGS_prodC/OPA/V11C/prod/inpdir/forecast/20250108/ECMWF/atm.20250113-01:30:00.nc
/g100_work/OGS_prodC/OPA/V11C/prod/inpdir/forecast/20250108/ECMWF/atm.20250112-19:30:00.nc
/g100_work/OGS_prodC/OPA/V11C/prod/inpdir/forecast/20250108/ECMWF/atm.20250112-16:30:00.nc
/g100_work/OGS_prodC/OPA/V11C/prod/inpdir/forecast/20250108/ECMWF/atm.20250112-07:30:00.nc
/g100_work/OGS_prodC/OPA/V11C/prod/inpdir/forecast/20250108/ECMWF/atm.20250112-10:30:00.nc
/g100_work/OGS_prodC/OPA/V11C/prod/inpdir/forecast/20250108/ECMWF/atm.20250112-04:30:00.nc
/g100_work/OGS_prodC/OPA/V11C/prod/inpdir/forecast/20250108/ECMWF/atm.20250112-01:30:00.nc
/g100_work/OGS_prodC/OPA/V11C/prod/inpdir/forecast/20250108/ECMWF/atm.20250113-19:30:00.nc
/g100_work/OGS_prodC/OPA/V11C/prod/inpdir/forecast/20250108/ECMWF/atm.20250114-21:00:00.nc
/g100_work/OGS_prodC/OPA/V11C/prod/inpdir/forecast/20250108/ECMWF/atm.20250114-09:00:00.nc
/g100_work/OGS_prodC/OPA/V11C/prod/inpdir/forecast/20250108/ECMWF/atm.20250114-03:00:00.nc
/g100_work/OGS_prodC/OPA/V11C/prod/inpdir/forecast/20250108/ECMWF/atm.20250114-15:00:00.nc
/g100_work/OGS_prodC/OPA/V11C/prod/inpdir/forecast/20250108/ECMWF/atm.20250113-22:30:00.nc
/g100_work/OGS_prodC/OPA/V11C/prod/inpdir/forecast/20250108/ECMWF/atm.20250113-10:30:00.nc
/g100_work/OGS_prodC/OPA/V11C/prod/inpdir/forecast/20250108/ECMWF/atm.20250113-16:30:00.nc
/g100_work/OGS_prodC/OPA/V11C/prod/inpdir/forecast/20250108/ECMWF/atm.20250113-13:30:00.nc
/g100_work/OGS_prodC/OPA/V11C/prod/inpdir/forecast/20250108/ECMWF/atm.20250113-07:30:00.nc
/g100_work/OGS_prodC/OPA/V11C/prod/inpdir/forecast/20250108/ECMWF/atm.20250116-03:00:00.nc
/g100_work/OGS_prodC/OPA/V11C/prod/inpdir/forecast/20250108/ECMWF/atm.20250117-09:00:00.nc
/g100_work/OGS_prodC/OPA/V11C/prod/inpdir/forecast/20250108/ECMWF/atm.20250116-21:00:00.nc
/g100_work/OGS_prodC/OPA/V11C/prod/inpdir/forecast/20250108/ECMWF/atm.20250116-15:00:00.nc
/g100_work/OGS_prodC/OPA/V11C/prod/inpdir/forecast/20250108/ECMWF/atm.20250117-03:00:00.nc
/g100_work/OGS_prodC/OPA/V11C/prod/inpdir/forecast/20250108/ECMWF/atm.20250116-09:00:00.nc
/g100_work/OGS_prodC/OPA/V11C/prod/inpdir/forecast/20250108/ECMWF/atm.20250115-09:00:00.nc
/g100_work/OGS_prodC/OPA/V11C/prod/inpdir/forecast/20250108/ECMWF/atm.20250115-21:00:00.nc
/g100_work/OGS_prodC/OPA/V11C/prod/inpdir/forecast/20250108/ECMWF/atm.20250115-03:00:00.nc
/g100_work/OGS_prodC/OPA/V11C/prod/inpdir/forecast/20250108/ECMWF/atm.20250115-15:00:00.nc
/g100_work/OGS_prodC/OPA/V11C/prod/inpdir/forecast/20250108/ECMWF/atm.20250117-21:00:00.nc
/g100_work/OGS_prodC/OPA/V11C/prod/inpdir/forecast/20250108/ECMWF/atm.20250117-15:00:00.nc
PrEx 20250108-18:55:09   0< mpirun -np 10 python /g100/home/usera07ogs/a07ogs00/OPA/V11C/HOST/g100/ogstm_preproc/ATMOSPHERE/online/forecast_input_gen.py -i /g100_work/OGS_prodC/OPA/V11C/prod/inpdir/forecast/20250108/ECMWF//20250108_20250118-ECMWF---AM0100-MEDATL-b20250108_fc00-fv11.00.nc -o /g100_work/OGS_prodC/OPA/V11C/prod/inpdir/forecast/20250108/ECMWF/ -m /g100_work/OGS_prodC/OPA/V11C/prod/wrkdir/forecast/3/MODEL/meshmask.nc [ok]
PrEx 20250108-18:55:09    > python /g100/home/usera07ogs/a07ogs00/OPA/V11C/HOST/g100/ogstm_preproc/ATMOSPHERE/online/analysis_input_gen.py -i /g100_work/OGS_prodC/OPA/V11C/prod/inpdir/forecast/20250108/ECMWF/ -o /g100_work/OGS_prodC/OPA/V11C/prod/inpdir/forecast/20250108/ECMWF/ -m /g100_work/OGS_prodC/OPA/V11C/prod/wrkdir/forecast/3/MODEL/meshmask.nc
MPI startup(): PMI server not found. Please set I_MPI_PMI_LIBRARY variable if it is not a singleton case.
/g100_work/OGS_prodC/OPA/V11C/prod/inpdir/forecast/20250108/ECMWF/atm.20250107-03:00:00.nc
/g100_work/OGS_prodC/OPA/V11C/prod/inpdir/forecast/20250108/ECMWF/atm.20250107-09:00:00.nc
/g100_work/OGS_prodC/OPA/V11C/prod/inpdir/forecast/20250108/ECMWF/atm.20250107-15:00:00.nc
/g100_work/OGS_prodC/OPA/V11C/prod/inpdir/forecast/20250108/ECMWF/atm.20250107-21:00:00.nc
PrEx 20250108-18:55:20   0< python /g100/home/usera07ogs/a07ogs00/OPA/V11C/HOST/g100/ogstm_preproc/ATMOSPHERE/online/analysis_input_gen.py -i /g100_work/OGS_prodC/OPA/V11C/prod/inpdir/forecast/20250108/ECMWF/ -o /g100_work/OGS_prodC/OPA/V11C/prod/inpdir/forecast/20250108/ECMWF/ -m /g100_work/OGS_prodC/OPA/V11C/prod/wrkdir/forecast/3/MODEL/meshmask.nc [ok]
PrEx 20250108-18:55:20    > ln -fs /g100_work/OGS_prodC/OPA/V11C/prod/inpdir/forecast/20250108/ECMWF//atm.20250107-03:00:00.nc 
PrEx 20250108-18:55:20   0< ln -fs /g100_work/OGS_prodC/OPA/V11C/prod/inpdir/forecast/20250108/ECMWF//atm.20250107-03:00:00.nc  [ok]
PrEx 20250108-18:55:20    > ln -fs /g100_work/OGS_prodC/OPA/V11C/prod/inpdir/forecast/20250108/ECMWF//atm.20250107-09:00:00.nc 
PrEx 20250108-18:55:20   0< ln -fs /g100_work/OGS_prodC/OPA/V11C/prod/inpdir/forecast/20250108/ECMWF//atm.20250107-09:00:00.nc  [ok]
PrEx 20250108-18:55:20    > ln -fs /g100_work/OGS_prodC/OPA/V11C/prod/inpdir/forecast/20250108/ECMWF//atm.20250107-15:00:00.nc 
PrEx 20250108-18:55:20   0< ln -fs /g100_work/OGS_prodC/OPA/V11C/prod/inpdir/forecast/20250108/ECMWF//atm.20250107-15:00:00.nc  [ok]
PrEx 20250108-18:55:20    > ln -fs /g100_work/OGS_prodC/OPA/V11C/prod/inpdir/forecast/20250108/ECMWF//atm.20250107-21:00:00.nc 
PrEx 20250108-18:55:20   0< ln -fs /g100_work/OGS_prodC/OPA/V11C/prod/inpdir/forecast/20250108/ECMWF//atm.20250107-21:00:00.nc  [ok]
PrEx 20250108-18:55:20    > ln -fs /g100_work/OGS_prodC/OPA/V11C/prod/inpdir/forecast/20250108/ECMWF//atm.20250108-00:00:00.nc 
PrEx 20250108-18:55:20   0< ln -fs /g100_work/OGS_prodC/OPA/V11C/prod/inpdir/forecast/20250108/ECMWF//atm.20250108-00:00:00.nc  [ok]
PrEx 20250108-18:55:20    > ln -fs /g100_work/OGS_prodC/OPA/V11C/prod/inpdir/forecast/20250108/ECMWF//atm.20250108-01:00:00.nc 
PrEx 20250108-18:55:20   0< ln -fs /g100_work/OGS_prodC/OPA/V11C/prod/inpdir/forecast/20250108/ECMWF//atm.20250108-01:00:00.nc  [ok]
PrEx 20250108-18:55:20    > ln -fs /g100_work/OGS_prodC/OPA/V11C/prod/inpdir/forecast/20250108/ECMWF//atm.20250108-02:00:00.nc 
PrEx 20250108-18:55:20   0< ln -fs /g100_work/OGS_prodC/OPA/V11C/prod/inpdir/forecast/20250108/ECMWF//atm.20250108-02:00:00.nc  [ok]
PrEx 20250108-18:55:20    > ln -fs /g100_work/OGS_prodC/OPA/V11C/prod/inpdir/forecast/20250108/ECMWF//atm.20250108-03:00:00.nc 
PrEx 20250108-18:55:20   0< ln -fs /g100_work/OGS_prodC/OPA/V11C/prod/inpdir/forecast/20250108/ECMWF//atm.20250108-03:00:00.nc  [ok]
PrEx 20250108-18:55:20    > ln -fs /g100_work/OGS_prodC/OPA/V11C/prod/inpdir/forecast/20250108/ECMWF//atm.20250108-04:00:00.nc 
PrEx 20250108-18:55:20   0< ln -fs /g100_work/OGS_prodC/OPA/V11C/prod/inpdir/forecast/20250108/ECMWF//atm.20250108-04:00:00.nc  [ok]
PrEx 20250108-18:55:20    > ln -fs /g100_work/OGS_prodC/OPA/V11C/prod/inpdir/forecast/20250108/ECMWF//atm.20250108-05:00:00.nc 
PrEx 20250108-18:55:20   0< ln -fs /g100_work/OGS_prodC/OPA/V11C/prod/inpdir/forecast/20250108/ECMWF//atm.20250108-05:00:00.nc  [ok]
PrEx 20250108-18:55:20    > ln -fs /g100_work/OGS_prodC/OPA/V11C/prod/inpdir/forecast/20250108/ECMWF//atm.20250108-06:00:00.nc 
PrEx 20250108-18:55:20   0< ln -fs /g100_work/OGS_prodC/OPA/V11C/prod/inpdir/forecast/20250108/ECMWF//atm.20250108-06:00:00.nc  [ok]
PrEx 20250108-18:55:20    > ln -fs /g100_work/OGS_prodC/OPA/V11C/prod/inpdir/forecast/20250108/ECMWF//atm.20250108-07:00:00.nc 
PrEx 20250108-18:55:20   0< ln -fs /g100_work/OGS_prodC/OPA/V11C/prod/inpdir/forecast/20250108/ECMWF//atm.20250108-07:00:00.nc  [ok]
PrEx 20250108-18:55:20    > ln -fs /g100_work/OGS_prodC/OPA/V11C/prod/inpdir/forecast/20250108/ECMWF//atm.20250108-08:00:00.nc 
PrEx 20250108-18:55:20   0< ln -fs /g100_work/OGS_prodC/OPA/V11C/prod/inpdir/forecast/20250108/ECMWF//atm.20250108-08:00:00.nc  [ok]
PrEx 20250108-18:55:20    > ln -fs /g100_work/OGS_prodC/OPA/V11C/prod/inpdir/forecast/20250108/ECMWF//atm.20250108-09:00:00.nc 
PrEx 20250108-18:55:20   0< ln -fs /g100_work/OGS_prodC/OPA/V11C/prod/inpdir/forecast/20250108/ECMWF//atm.20250108-09:00:00.nc  [ok]
PrEx 20250108-18:55:20    > ln -fs /g100_work/OGS_prodC/OPA/V11C/prod/inpdir/forecast/20250108/ECMWF//atm.20250108-10:00:00.nc 
PrEx 20250108-18:55:20   0< ln -fs /g100_work/OGS_prodC/OPA/V11C/prod/inpdir/forecast/20250108/ECMWF//atm.20250108-10:00:00.nc  [ok]
PrEx 20250108-18:55:20    > ln -fs /g100_work/OGS_prodC/OPA/V11C/prod/inpdir/forecast/20250108/ECMWF//atm.20250108-11:00:00.nc 
PrEx 20250108-18:55:20   0< ln -fs /g100_work/OGS_prodC/OPA/V11C/prod/inpdir/forecast/20250108/ECMWF//atm.20250108-11:00:00.nc  [ok]
PrEx 20250108-18:55:20    > ln -fs /g100_work/OGS_prodC/OPA/V11C/prod/inpdir/forecast/20250108/ECMWF//atm.20250108-12:00:00.nc 
PrEx 20250108-18:55:20   0< ln -fs /g100_work/OGS_prodC/OPA/V11C/prod/inpdir/forecast/20250108/ECMWF//atm.20250108-12:00:00.nc  [ok]
PrEx 20250108-18:55:20    > ln -fs /g100_work/OGS_prodC/OPA/V11C/prod/inpdir/forecast/20250108/ECMWF//atm.20250108-13:00:00.nc 
PrEx 20250108-18:55:20   0< ln -fs /g100_work/OGS_prodC/OPA/V11C/prod/inpdir/forecast/20250108/ECMWF//atm.20250108-13:00:00.nc  [ok]
PrEx 20250108-18:55:20    > ln -fs /g100_work/OGS_prodC/OPA/V11C/prod/inpdir/forecast/20250108/ECMWF//atm.20250108-14:00:00.nc 
PrEx 20250108-18:55:20   0< ln -fs /g100_work/OGS_prodC/OPA/V11C/prod/inpdir/forecast/20250108/ECMWF//atm.20250108-14:00:00.nc  [ok]
PrEx 20250108-18:55:20    > ln -fs /g100_work/OGS_prodC/OPA/V11C/prod/inpdir/forecast/20250108/ECMWF//atm.20250108-15:00:00.nc 
PrEx 20250108-18:55:20   0< ln -fs /g100_work/OGS_prodC/OPA/V11C/prod/inpdir/forecast/20250108/ECMWF//atm.20250108-15:00:00.nc  [ok]
PrEx 20250108-18:55:20    > ln -fs /g100_work/OGS_prodC/OPA/V11C/prod/inpdir/forecast/20250108/ECMWF//atm.20250108-16:00:00.nc 
PrEx 20250108-18:55:20   0< ln -fs /g100_work/OGS_prodC/OPA/V11C/prod/inpdir/forecast/20250108/ECMWF//atm.20250108-16:00:00.nc  [ok]
PrEx 20250108-18:55:20    > ln -fs /g100_work/OGS_prodC/OPA/V11C/prod/inpdir/forecast/20250108/ECMWF//atm.20250108-17:00:00.nc 
PrEx 20250108-18:55:20   0< ln -fs /g100_work/OGS_prodC/OPA/V11C/prod/inpdir/forecast/20250108/ECMWF//atm.20250108-17:00:00.nc  [ok]
PrEx 20250108-18:55:20    > ln -fs /g100_work/OGS_prodC/OPA/V11C/prod/inpdir/forecast/20250108/ECMWF//atm.20250108-18:00:00.nc 
PrEx 20250108-18:55:20   0< ln -fs /g100_work/OGS_prodC/OPA/V11C/prod/inpdir/forecast/20250108/ECMWF//atm.20250108-18:00:00.nc  [ok]
PrEx 20250108-18:55:20    > ln -fs /g100_work/OGS_prodC/OPA/V11C/prod/inpdir/forecast/20250108/ECMWF//atm.20250108-19:00:00.nc 
PrEx 20250108-18:55:20   0< ln -fs /g100_work/OGS_prodC/OPA/V11C/prod/inpdir/forecast/20250108/ECMWF//atm.20250108-19:00:00.nc  [ok]
PrEx 20250108-18:55:20    > ln -fs /g100_work/OGS_prodC/OPA/V11C/prod/inpdir/forecast/20250108/ECMWF//atm.20250108-20:00:00.nc 
PrEx 20250108-18:55:20   0< ln -fs /g100_work/OGS_prodC/OPA/V11C/prod/inpdir/forecast/20250108/ECMWF//atm.20250108-20:00:00.nc  [ok]
PrEx 20250108-18:55:20    > ln -fs /g100_work/OGS_prodC/OPA/V11C/prod/inpdir/forecast/20250108/ECMWF//atm.20250108-21:00:00.nc 
PrEx 20250108-18:55:20   0< ln -fs /g100_work/OGS_prodC/OPA/V11C/prod/inpdir/forecast/20250108/ECMWF//atm.20250108-21:00:00.nc  [ok]
PrEx 20250108-18:55:20    > ln -fs /g100_work/OGS_prodC/OPA/V11C/prod/inpdir/forecast/20250108/ECMWF//atm.20250108-22:00:00.nc 
PrEx 20250108-18:55:20   0< ln -fs /g100_work/OGS_prodC/OPA/V11C/prod/inpdir/forecast/20250108/ECMWF//atm.20250108-22:00:00.nc  [ok]
PrEx 20250108-18:55:20    > ln -fs /g100_work/OGS_prodC/OPA/V11C/prod/inpdir/forecast/20250108/ECMWF//atm.20250108-23:00:00.nc 
PrEx 20250108-18:55:20   0< ln -fs /g100_work/OGS_prodC/OPA/V11C/prod/inpdir/forecast/20250108/ECMWF//atm.20250108-23:00:00.nc  [ok]
PrEx 20250108-18:55:20    > ln -fs /g100_work/OGS_prodC/OPA/V11C/prod/inpdir/forecast/20250108/ECMWF//atm.20250109-00:00:00.nc 
PrEx 20250108-18:55:20   0< ln -fs /g100_work/OGS_prodC/OPA/V11C/prod/inpdir/forecast/20250108/ECMWF//atm.20250109-00:00:00.nc  [ok]
PrEx 20250108-18:55:20    > ln -fs /g100_work/OGS_prodC/OPA/V11C/prod/inpdir/forecast/20250108/ECMWF//atm.20250109-01:00:00.nc 
PrEx 20250108-18:55:20   0< ln -fs /g100_work/OGS_prodC/OPA/V11C/prod/inpdir/forecast/20250108/ECMWF//atm.20250109-01:00:00.nc  [ok]
PrEx 20250108-18:55:20    > ln -fs /g100_work/OGS_prodC/OPA/V11C/prod/inpdir/forecast/20250108/ECMWF//atm.20250109-02:00:00.nc 
PrEx 20250108-18:55:20   0< ln -fs /g100_work/OGS_prodC/OPA/V11C/prod/inpdir/forecast/20250108/ECMWF//atm.20250109-02:00:00.nc  [ok]
PrEx 20250108-18:55:20    > ln -fs /g100_work/OGS_prodC/OPA/V11C/prod/inpdir/forecast/20250108/ECMWF//atm.20250109-03:00:00.nc 
PrEx 20250108-18:55:20   0< ln -fs /g100_work/OGS_prodC/OPA/V11C/prod/inpdir/forecast/20250108/ECMWF//atm.20250109-03:00:00.nc  [ok]
PrEx 20250108-18:55:20    > ln -fs /g100_work/OGS_prodC/OPA/V11C/prod/inpdir/forecast/20250108/ECMWF//atm.20250109-04:00:00.nc 
PrEx 20250108-18:55:20   0< ln -fs /g100_work/OGS_prodC/OPA/V11C/prod/inpdir/forecast/20250108/ECMWF//atm.20250109-04:00:00.nc  [ok]
PrEx 20250108-18:55:20    > ln -fs /g100_work/OGS_prodC/OPA/V11C/prod/inpdir/forecast/20250108/ECMWF//atm.20250109-05:00:00.nc 
PrEx 20250108-18:55:20   0< ln -fs /g100_work/OGS_prodC/OPA/V11C/prod/inpdir/forecast/20250108/ECMWF//atm.20250109-05:00:00.nc  [ok]
PrEx 20250108-18:55:20    > ln -fs /g100_work/OGS_prodC/OPA/V11C/prod/inpdir/forecast/20250108/ECMWF//atm.20250109-06:00:00.nc 
PrEx 20250108-18:55:20   0< ln -fs /g100_work/OGS_prodC/OPA/V11C/prod/inpdir/forecast/20250108/ECMWF//atm.20250109-06:00:00.nc  [ok]
PrEx 20250108-18:55:20    > ln -fs /g100_work/OGS_prodC/OPA/V11C/prod/inpdir/forecast/20250108/ECMWF//atm.20250109-07:00:00.nc 
PrEx 20250108-18:55:20   0< ln -fs /g100_work/OGS_prodC/OPA/V11C/prod/inpdir/forecast/20250108/ECMWF//atm.20250109-07:00:00.nc  [ok]
PrEx 20250108-18:55:20    > ln -fs /g100_work/OGS_prodC/OPA/V11C/prod/inpdir/forecast/20250108/ECMWF//atm.20250109-08:00:00.nc 
PrEx 20250108-18:55:20   0< ln -fs /g100_work/OGS_prodC/OPA/V11C/prod/inpdir/forecast/20250108/ECMWF//atm.20250109-08:00:00.nc  [ok]
PrEx 20250108-18:55:20    > ln -fs /g100_work/OGS_prodC/OPA/V11C/prod/inpdir/forecast/20250108/ECMWF//atm.20250109-09:00:00.nc 
PrEx 20250108-18:55:20   0< ln -fs /g100_work/OGS_prodC/OPA/V11C/prod/inpdir/forecast/20250108/ECMWF//atm.20250109-09:00:00.nc  [ok]
PrEx 20250108-18:55:20    > ln -fs /g100_work/OGS_prodC/OPA/V11C/prod/inpdir/forecast/20250108/ECMWF//atm.20250109-10:00:00.nc 
PrEx 20250108-18:55:20   0< ln -fs /g100_work/OGS_prodC/OPA/V11C/prod/inpdir/forecast/20250108/ECMWF//atm.20250109-10:00:00.nc  [ok]
PrEx 20250108-18:55:20    > ln -fs /g100_work/OGS_prodC/OPA/V11C/prod/inpdir/forecast/20250108/ECMWF//atm.20250109-11:00:00.nc 
PrEx 20250108-18:55:20   0< ln -fs /g100_work/OGS_prodC/OPA/V11C/prod/inpdir/forecast/20250108/ECMWF//atm.20250109-11:00:00.nc  [ok]
PrEx 20250108-18:55:20    > ln -fs /g100_work/OGS_prodC/OPA/V11C/prod/inpdir/forecast/20250108/ECMWF//atm.20250109-12:00:00.nc 
PrEx 20250108-18:55:20   0< ln -fs /g100_work/OGS_prodC/OPA/V11C/prod/inpdir/forecast/20250108/ECMWF//atm.20250109-12:00:00.nc  [ok]
PrEx 20250108-18:55:20    > ln -fs /g100_work/OGS_prodC/OPA/V11C/prod/inpdir/forecast/20250108/ECMWF//atm.20250109-13:00:00.nc 
PrEx 20250108-18:55:20   0< ln -fs /g100_work/OGS_prodC/OPA/V11C/prod/inpdir/forecast/20250108/ECMWF//atm.20250109-13:00:00.nc  [ok]
PrEx 20250108-18:55:20    > ln -fs /g100_work/OGS_prodC/OPA/V11C/prod/inpdir/forecast/20250108/ECMWF//atm.20250109-14:00:00.nc 
PrEx 20250108-18:55:20   0< ln -fs /g100_work/OGS_prodC/OPA/V11C/prod/inpdir/forecast/20250108/ECMWF//atm.20250109-14:00:00.nc  [ok]
PrEx 20250108-18:55:20    > ln -fs /g100_work/OGS_prodC/OPA/V11C/prod/inpdir/forecast/20250108/ECMWF//atm.20250109-15:00:00.nc 
PrEx 20250108-18:55:20   0< ln -fs /g100_work/OGS_prodC/OPA/V11C/prod/inpdir/forecast/20250108/ECMWF//atm.20250109-15:00:00.nc  [ok]
PrEx 20250108-18:55:20    > ln -fs /g100_work/OGS_prodC/OPA/V11C/prod/inpdir/forecast/20250108/ECMWF//atm.20250109-16:00:00.nc 
PrEx 20250108-18:55:20   0< ln -fs /g100_work/OGS_prodC/OPA/V11C/prod/inpdir/forecast/20250108/ECMWF//atm.20250109-16:00:00.nc  [ok]
PrEx 20250108-18:55:20    > ln -fs /g100_work/OGS_prodC/OPA/V11C/prod/inpdir/forecast/20250108/ECMWF//atm.20250109-17:00:00.nc 
PrEx 20250108-18:55:20   0< ln -fs /g100_work/OGS_prodC/OPA/V11C/prod/inpdir/forecast/20250108/ECMWF//atm.20250109-17:00:00.nc  [ok]
PrEx 20250108-18:55:20    > ln -fs /g100_work/OGS_prodC/OPA/V11C/prod/inpdir/forecast/20250108/ECMWF//atm.20250109-18:00:00.nc 
PrEx 20250108-18:55:20   0< ln -fs /g100_work/OGS_prodC/OPA/V11C/prod/inpdir/forecast/20250108/ECMWF//atm.20250109-18:00:00.nc  [ok]
PrEx 20250108-18:55:20    > ln -fs /g100_work/OGS_prodC/OPA/V11C/prod/inpdir/forecast/20250108/ECMWF//atm.20250109-19:00:00.nc 
PrEx 20250108-18:55:20   0< ln -fs /g100_work/OGS_prodC/OPA/V11C/prod/inpdir/forecast/20250108/ECMWF//atm.20250109-19:00:00.nc  [ok]
PrEx 20250108-18:55:20    > ln -fs /g100_work/OGS_prodC/OPA/V11C/prod/inpdir/forecast/20250108/ECMWF//atm.20250109-20:00:00.nc 
PrEx 20250108-18:55:20   0< ln -fs /g100_work/OGS_prodC/OPA/V11C/prod/inpdir/forecast/20250108/ECMWF//atm.20250109-20:00:00.nc  [ok]
PrEx 20250108-18:55:20    > ln -fs /g100_work/OGS_prodC/OPA/V11C/prod/inpdir/forecast/20250108/ECMWF//atm.20250109-21:00:00.nc 
PrEx 20250108-18:55:20   0< ln -fs /g100_work/OGS_prodC/OPA/V11C/prod/inpdir/forecast/20250108/ECMWF//atm.20250109-21:00:00.nc  [ok]
PrEx 20250108-18:55:20    > ln -fs /g100_work/OGS_prodC/OPA/V11C/prod/inpdir/forecast/20250108/ECMWF//atm.20250109-22:00:00.nc 
PrEx 20250108-18:55:20   0< ln -fs /g100_work/OGS_prodC/OPA/V11C/prod/inpdir/forecast/20250108/ECMWF//atm.20250109-22:00:00.nc  [ok]
PrEx 20250108-18:55:20    > ln -fs /g100_work/OGS_prodC/OPA/V11C/prod/inpdir/forecast/20250108/ECMWF//atm.20250109-23:00:00.nc 
PrEx 20250108-18:55:20   0< ln -fs /g100_work/OGS_prodC/OPA/V11C/prod/inpdir/forecast/20250108/ECMWF//atm.20250109-23:00:00.nc  [ok]
PrEx 20250108-18:55:20    > ln -fs /g100_work/OGS_prodC/OPA/V11C/prod/inpdir/forecast/20250108/ECMWF//atm.20250110-00:00:00.nc 
PrEx 20250108-18:55:20   0< ln -fs /g100_work/OGS_prodC/OPA/V11C/prod/inpdir/forecast/20250108/ECMWF//atm.20250110-00:00:00.nc  [ok]
PrEx 20250108-18:55:20    > ln -fs /g100_work/OGS_prodC/OPA/V11C/prod/inpdir/forecast/20250108/ECMWF//atm.20250110-01:00:00.nc 
PrEx 20250108-18:55:20   0< ln -fs /g100_work/OGS_prodC/OPA/V11C/prod/inpdir/forecast/20250108/ECMWF//atm.20250110-01:00:00.nc  [ok]
PrEx 20250108-18:55:20    > ln -fs /g100_work/OGS_prodC/OPA/V11C/prod/inpdir/forecast/20250108/ECMWF//atm.20250110-02:00:00.nc 
PrEx 20250108-18:55:20   0< ln -fs /g100_work/OGS_prodC/OPA/V11C/prod/inpdir/forecast/20250108/ECMWF//atm.20250110-02:00:00.nc  [ok]
PrEx 20250108-18:55:20    > ln -fs /g100_work/OGS_prodC/OPA/V11C/prod/inpdir/forecast/20250108/ECMWF//atm.20250110-03:00:00.nc 
PrEx 20250108-18:55:20   0< ln -fs /g100_work/OGS_prodC/OPA/V11C/prod/inpdir/forecast/20250108/ECMWF//atm.20250110-03:00:00.nc  [ok]
PrEx 20250108-18:55:20    > ln -fs /g100_work/OGS_prodC/OPA/V11C/prod/inpdir/forecast/20250108/ECMWF//atm.20250110-04:00:00.nc 
PrEx 20250108-18:55:20   0< ln -fs /g100_work/OGS_prodC/OPA/V11C/prod/inpdir/forecast/20250108/ECMWF//atm.20250110-04:00:00.nc  [ok]
PrEx 20250108-18:55:20    > ln -fs /g100_work/OGS_prodC/OPA/V11C/prod/inpdir/forecast/20250108/ECMWF//atm.20250110-05:00:00.nc 
PrEx 20250108-18:55:20   0< ln -fs /g100_work/OGS_prodC/OPA/V11C/prod/inpdir/forecast/20250108/ECMWF//atm.20250110-05:00:00.nc  [ok]
PrEx 20250108-18:55:20    > ln -fs /g100_work/OGS_prodC/OPA/V11C/prod/inpdir/forecast/20250108/ECMWF//atm.20250110-06:00:00.nc 
PrEx 20250108-18:55:20   0< ln -fs /g100_work/OGS_prodC/OPA/V11C/prod/inpdir/forecast/20250108/ECMWF//atm.20250110-06:00:00.nc  [ok]
PrEx 20250108-18:55:20    > ln -fs /g100_work/OGS_prodC/OPA/V11C/prod/inpdir/forecast/20250108/ECMWF//atm.20250110-07:00:00.nc 
PrEx 20250108-18:55:20   0< ln -fs /g100_work/OGS_prodC/OPA/V11C/prod/inpdir/forecast/20250108/ECMWF//atm.20250110-07:00:00.nc  [ok]
PrEx 20250108-18:55:20    > ln -fs /g100_work/OGS_prodC/OPA/V11C/prod/inpdir/forecast/20250108/ECMWF//atm.20250110-08:00:00.nc 
PrEx 20250108-18:55:20   0< ln -fs /g100_work/OGS_prodC/OPA/V11C/prod/inpdir/forecast/20250108/ECMWF//atm.20250110-08:00:00.nc  [ok]
PrEx 20250108-18:55:20    > ln -fs /g100_work/OGS_prodC/OPA/V11C/prod/inpdir/forecast/20250108/ECMWF//atm.20250110-09:00:00.nc 
PrEx 20250108-18:55:20   0< ln -fs /g100_work/OGS_prodC/OPA/V11C/prod/inpdir/forecast/20250108/ECMWF//atm.20250110-09:00:00.nc  [ok]
PrEx 20250108-18:55:20    > ln -fs /g100_work/OGS_prodC/OPA/V11C/prod/inpdir/forecast/20250108/ECMWF//atm.20250110-10:00:00.nc 
PrEx 20250108-18:55:20   0< ln -fs /g100_work/OGS_prodC/OPA/V11C/prod/inpdir/forecast/20250108/ECMWF//atm.20250110-10:00:00.nc  [ok]
PrEx 20250108-18:55:20    > ln -fs /g100_work/OGS_prodC/OPA/V11C/prod/inpdir/forecast/20250108/ECMWF//atm.20250110-11:00:00.nc 
PrEx 20250108-18:55:20   0< ln -fs /g100_work/OGS_prodC/OPA/V11C/prod/inpdir/forecast/20250108/ECMWF//atm.20250110-11:00:00.nc  [ok]
PrEx 20250108-18:55:20    > ln -fs /g100_work/OGS_prodC/OPA/V11C/prod/inpdir/forecast/20250108/ECMWF//atm.20250110-12:00:00.nc 
PrEx 20250108-18:55:20   0< ln -fs /g100_work/OGS_prodC/OPA/V11C/prod/inpdir/forecast/20250108/ECMWF//atm.20250110-12:00:00.nc  [ok]
PrEx 20250108-18:55:20    > ln -fs /g100_work/OGS_prodC/OPA/V11C/prod/inpdir/forecast/20250108/ECMWF//atm.20250110-13:00:00.nc 
PrEx 20250108-18:55:20   0< ln -fs /g100_work/OGS_prodC/OPA/V11C/prod/inpdir/forecast/20250108/ECMWF//atm.20250110-13:00:00.nc  [ok]
PrEx 20250108-18:55:20    > ln -fs /g100_work/OGS_prodC/OPA/V11C/prod/inpdir/forecast/20250108/ECMWF//atm.20250110-14:00:00.nc 
PrEx 20250108-18:55:20   0< ln -fs /g100_work/OGS_prodC/OPA/V11C/prod/inpdir/forecast/20250108/ECMWF//atm.20250110-14:00:00.nc  [ok]
PrEx 20250108-18:55:20    > ln -fs /g100_work/OGS_prodC/OPA/V11C/prod/inpdir/forecast/20250108/ECMWF//atm.20250110-15:00:00.nc 
PrEx 20250108-18:55:20   0< ln -fs /g100_work/OGS_prodC/OPA/V11C/prod/inpdir/forecast/20250108/ECMWF//atm.20250110-15:00:00.nc  [ok]
PrEx 20250108-18:55:20    > ln -fs /g100_work/OGS_prodC/OPA/V11C/prod/inpdir/forecast/20250108/ECMWF//atm.20250110-16:00:00.nc 
PrEx 20250108-18:55:20   0< ln -fs /g100_work/OGS_prodC/OPA/V11C/prod/inpdir/forecast/20250108/ECMWF//atm.20250110-16:00:00.nc  [ok]
PrEx 20250108-18:55:20    > ln -fs /g100_work/OGS_prodC/OPA/V11C/prod/inpdir/forecast/20250108/ECMWF//atm.20250110-17:00:00.nc 
PrEx 20250108-18:55:20   0< ln -fs /g100_work/OGS_prodC/OPA/V11C/prod/inpdir/forecast/20250108/ECMWF//atm.20250110-17:00:00.nc  [ok]
PrEx 20250108-18:55:20    > ln -fs /g100_work/OGS_prodC/OPA/V11C/prod/inpdir/forecast/20250108/ECMWF//atm.20250110-18:00:00.nc 
PrEx 20250108-18:55:20   0< ln -fs /g100_work/OGS_prodC/OPA/V11C/prod/inpdir/forecast/20250108/ECMWF//atm.20250110-18:00:00.nc  [ok]
PrEx 20250108-18:55:20    > ln -fs /g100_work/OGS_prodC/OPA/V11C/prod/inpdir/forecast/20250108/ECMWF//atm.20250110-19:00:00.nc 
PrEx 20250108-18:55:20   0< ln -fs /g100_work/OGS_prodC/OPA/V11C/prod/inpdir/forecast/20250108/ECMWF//atm.20250110-19:00:00.nc  [ok]
PrEx 20250108-18:55:20    > ln -fs /g100_work/OGS_prodC/OPA/V11C/prod/inpdir/forecast/20250108/ECMWF//atm.20250110-20:00:00.nc 
PrEx 20250108-18:55:20   0< ln -fs /g100_work/OGS_prodC/OPA/V11C/prod/inpdir/forecast/20250108/ECMWF//atm.20250110-20:00:00.nc  [ok]
PrEx 20250108-18:55:20    > ln -fs /g100_work/OGS_prodC/OPA/V11C/prod/inpdir/forecast/20250108/ECMWF//atm.20250110-21:00:00.nc 
PrEx 20250108-18:55:20   0< ln -fs /g100_work/OGS_prodC/OPA/V11C/prod/inpdir/forecast/20250108/ECMWF//atm.20250110-21:00:00.nc  [ok]
PrEx 20250108-18:55:20    > ln -fs /g100_work/OGS_prodC/OPA/V11C/prod/inpdir/forecast/20250108/ECMWF//atm.20250110-22:00:00.nc 
PrEx 20250108-18:55:20   0< ln -fs /g100_work/OGS_prodC/OPA/V11C/prod/inpdir/forecast/20250108/ECMWF//atm.20250110-22:00:00.nc  [ok]
PrEx 20250108-18:55:20    > ln -fs /g100_work/OGS_prodC/OPA/V11C/prod/inpdir/forecast/20250108/ECMWF//atm.20250110-23:00:00.nc 
PrEx 20250108-18:55:20   0< ln -fs /g100_work/OGS_prodC/OPA/V11C/prod/inpdir/forecast/20250108/ECMWF//atm.20250110-23:00:00.nc  [ok]
PrEx 20250108-18:55:20    > ln -fs /g100_work/OGS_prodC/OPA/V11C/prod/inpdir/forecast/20250108/ECMWF//atm.20250111-01:30:00.nc 
PrEx 20250108-18:55:20   0< ln -fs /g100_work/OGS_prodC/OPA/V11C/prod/inpdir/forecast/20250108/ECMWF//atm.20250111-01:30:00.nc  [ok]
PrEx 20250108-18:55:20    > ln -fs /g100_work/OGS_prodC/OPA/V11C/prod/inpdir/forecast/20250108/ECMWF//atm.20250111-04:30:00.nc 
PrEx 20250108-18:55:20   0< ln -fs /g100_work/OGS_prodC/OPA/V11C/prod/inpdir/forecast/20250108/ECMWF//atm.20250111-04:30:00.nc  [ok]
PrEx 20250108-18:55:20    > ln -fs /g100_work/OGS_prodC/OPA/V11C/prod/inpdir/forecast/20250108/ECMWF//atm.20250111-07:30:00.nc 
PrEx 20250108-18:55:20   0< ln -fs /g100_work/OGS_prodC/OPA/V11C/prod/inpdir/forecast/20250108/ECMWF//atm.20250111-07:30:00.nc  [ok]
PrEx 20250108-18:55:20    > ln -fs /g100_work/OGS_prodC/OPA/V11C/prod/inpdir/forecast/20250108/ECMWF//atm.20250111-10:30:00.nc 
PrEx 20250108-18:55:20   0< ln -fs /g100_work/OGS_prodC/OPA/V11C/prod/inpdir/forecast/20250108/ECMWF//atm.20250111-10:30:00.nc  [ok]
PrEx 20250108-18:55:21    > ln -fs /g100_work/OGS_prodC/OPA/V11C/prod/inpdir/forecast/20250108/ECMWF//atm.20250111-13:30:00.nc 
PrEx 20250108-18:55:21   0< ln -fs /g100_work/OGS_prodC/OPA/V11C/prod/inpdir/forecast/20250108/ECMWF//atm.20250111-13:30:00.nc  [ok]
PrEx 20250108-18:55:21    > ln -fs /g100_work/OGS_prodC/OPA/V11C/prod/inpdir/forecast/20250108/ECMWF//atm.20250111-16:30:00.nc 
PrEx 20250108-18:55:21   0< ln -fs /g100_work/OGS_prodC/OPA/V11C/prod/inpdir/forecast/20250108/ECMWF//atm.20250111-16:30:00.nc  [ok]
PrEx 20250108-18:55:21    > ln -fs /g100_work/OGS_prodC/OPA/V11C/prod/inpdir/forecast/20250108/ECMWF//atm.20250111-19:30:00.nc 
PrEx 20250108-18:55:21   0< ln -fs /g100_work/OGS_prodC/OPA/V11C/prod/inpdir/forecast/20250108/ECMWF//atm.20250111-19:30:00.nc  [ok]
PrEx 20250108-18:55:21    > ln -fs /g100_work/OGS_prodC/OPA/V11C/prod/inpdir/forecast/20250108/ECMWF//atm.20250111-22:30:00.nc 
PrEx 20250108-18:55:21   0< ln -fs /g100_work/OGS_prodC/OPA/V11C/prod/inpdir/forecast/20250108/ECMWF//atm.20250111-22:30:00.nc  [ok]
PrEx 20250108-18:55:21    > ln -fs /g100_work/OGS_prodC/OPA/V11C/prod/inpdir/forecast/20250108/ECMWF//atm.20250112-01:30:00.nc 
PrEx 20250108-18:55:21   0< ln -fs /g100_work/OGS_prodC/OPA/V11C/prod/inpdir/forecast/20250108/ECMWF//atm.20250112-01:30:00.nc  [ok]
PrEx 20250108-18:55:21    > ln -fs /g100_work/OGS_prodC/OPA/V11C/prod/inpdir/forecast/20250108/ECMWF//atm.20250112-04:30:00.nc 
PrEx 20250108-18:55:21   0< ln -fs /g100_work/OGS_prodC/OPA/V11C/prod/inpdir/forecast/20250108/ECMWF//atm.20250112-04:30:00.nc  [ok]
PrEx 20250108-18:55:21    > ln -fs /g100_work/OGS_prodC/OPA/V11C/prod/inpdir/forecast/20250108/ECMWF//atm.20250112-07:30:00.nc 
PrEx 20250108-18:55:21   0< ln -fs /g100_work/OGS_prodC/OPA/V11C/prod/inpdir/forecast/20250108/ECMWF//atm.20250112-07:30:00.nc  [ok]
PrEx 20250108-18:55:21    > ln -fs /g100_work/OGS_prodC/OPA/V11C/prod/inpdir/forecast/20250108/ECMWF//atm.20250112-10:30:00.nc 
PrEx 20250108-18:55:21   0< ln -fs /g100_work/OGS_prodC/OPA/V11C/prod/inpdir/forecast/20250108/ECMWF//atm.20250112-10:30:00.nc  [ok]
PrEx 20250108-18:55:21    > ln -fs /g100_work/OGS_prodC/OPA/V11C/prod/inpdir/forecast/20250108/ECMWF//atm.20250112-13:30:00.nc 
PrEx 20250108-18:55:21   0< ln -fs /g100_work/OGS_prodC/OPA/V11C/prod/inpdir/forecast/20250108/ECMWF//atm.20250112-13:30:00.nc  [ok]
PrEx 20250108-18:55:21    > ln -fs /g100_work/OGS_prodC/OPA/V11C/prod/inpdir/forecast/20250108/ECMWF//atm.20250112-16:30:00.nc 
PrEx 20250108-18:55:21   0< ln -fs /g100_work/OGS_prodC/OPA/V11C/prod/inpdir/forecast/20250108/ECMWF//atm.20250112-16:30:00.nc  [ok]
PrEx 20250108-18:55:21    > ln -fs /g100_work/OGS_prodC/OPA/V11C/prod/inpdir/forecast/20250108/ECMWF//atm.20250112-19:30:00.nc 
PrEx 20250108-18:55:21   0< ln -fs /g100_work/OGS_prodC/OPA/V11C/prod/inpdir/forecast/20250108/ECMWF//atm.20250112-19:30:00.nc  [ok]
PrEx 20250108-18:55:21    > ln -fs /g100_work/OGS_prodC/OPA/V11C/prod/inpdir/forecast/20250108/ECMWF//atm.20250112-22:30:00.nc 
PrEx 20250108-18:55:21   0< ln -fs /g100_work/OGS_prodC/OPA/V11C/prod/inpdir/forecast/20250108/ECMWF//atm.20250112-22:30:00.nc  [ok]
PrEx 20250108-18:55:21    > ln -fs /g100_work/OGS_prodC/OPA/V11C/prod/inpdir/forecast/20250108/ECMWF//atm.20250113-01:30:00.nc 
PrEx 20250108-18:55:21   0< ln -fs /g100_work/OGS_prodC/OPA/V11C/prod/inpdir/forecast/20250108/ECMWF//atm.20250113-01:30:00.nc  [ok]
PrEx 20250108-18:55:21    > ln -fs /g100_work/OGS_prodC/OPA/V11C/prod/inpdir/forecast/20250108/ECMWF//atm.20250113-04:30:00.nc 
PrEx 20250108-18:55:21   0< ln -fs /g100_work/OGS_prodC/OPA/V11C/prod/inpdir/forecast/20250108/ECMWF//atm.20250113-04:30:00.nc  [ok]
PrEx 20250108-18:55:21    > ln -fs /g100_work/OGS_prodC/OPA/V11C/prod/inpdir/forecast/20250108/ECMWF//atm.20250113-07:30:00.nc 
PrEx 20250108-18:55:21   0< ln -fs /g100_work/OGS_prodC/OPA/V11C/prod/inpdir/forecast/20250108/ECMWF//atm.20250113-07:30:00.nc  [ok]
PrEx 20250108-18:55:21    > ln -fs /g100_work/OGS_prodC/OPA/V11C/prod/inpdir/forecast/20250108/ECMWF//atm.20250113-10:30:00.nc 
PrEx 20250108-18:55:21   0< ln -fs /g100_work/OGS_prodC/OPA/V11C/prod/inpdir/forecast/20250108/ECMWF//atm.20250113-10:30:00.nc  [ok]
PrEx 20250108-18:55:21    > ln -fs /g100_work/OGS_prodC/OPA/V11C/prod/inpdir/forecast/20250108/ECMWF//atm.20250113-13:30:00.nc 
PrEx 20250108-18:55:21   0< ln -fs /g100_work/OGS_prodC/OPA/V11C/prod/inpdir/forecast/20250108/ECMWF//atm.20250113-13:30:00.nc  [ok]
PrEx 20250108-18:55:21    > ln -fs /g100_work/OGS_prodC/OPA/V11C/prod/inpdir/forecast/20250108/ECMWF//atm.20250113-16:30:00.nc 
PrEx 20250108-18:55:21   0< ln -fs /g100_work/OGS_prodC/OPA/V11C/prod/inpdir/forecast/20250108/ECMWF//atm.20250113-16:30:00.nc  [ok]
PrEx 20250108-18:55:21    > ln -fs /g100_work/OGS_prodC/OPA/V11C/prod/inpdir/forecast/20250108/ECMWF//atm.20250113-19:30:00.nc 
PrEx 20250108-18:55:21   0< ln -fs /g100_work/OGS_prodC/OPA/V11C/prod/inpdir/forecast/20250108/ECMWF//atm.20250113-19:30:00.nc  [ok]
PrEx 20250108-18:55:21    > ln -fs /g100_work/OGS_prodC/OPA/V11C/prod/inpdir/forecast/20250108/ECMWF//atm.20250113-22:30:00.nc 
PrEx 20250108-18:55:21   0< ln -fs /g100_work/OGS_prodC/OPA/V11C/prod/inpdir/forecast/20250108/ECMWF//atm.20250113-22:30:00.nc  [ok]
PrEx 20250108-18:55:21    > ln -fs /g100_work/OGS_prodC/OPA/V11C/prod/inpdir/forecast/20250108/ECMWF//atm.20250114-03:00:00.nc 
PrEx 20250108-18:55:21   0< ln -fs /g100_work/OGS_prodC/OPA/V11C/prod/inpdir/forecast/20250108/ECMWF//atm.20250114-03:00:00.nc  [ok]
PrEx 20250108-18:55:21    > ln -fs /g100_work/OGS_prodC/OPA/V11C/prod/inpdir/forecast/20250108/ECMWF//atm.20250114-09:00:00.nc 
PrEx 20250108-18:55:21   0< ln -fs /g100_work/OGS_prodC/OPA/V11C/prod/inpdir/forecast/20250108/ECMWF//atm.20250114-09:00:00.nc  [ok]
PrEx 20250108-18:55:21    > ln -fs /g100_work/OGS_prodC/OPA/V11C/prod/inpdir/forecast/20250108/ECMWF//atm.20250114-15:00:00.nc 
PrEx 20250108-18:55:21   0< ln -fs /g100_work/OGS_prodC/OPA/V11C/prod/inpdir/forecast/20250108/ECMWF//atm.20250114-15:00:00.nc  [ok]
PrEx 20250108-18:55:21    > ln -fs /g100_work/OGS_prodC/OPA/V11C/prod/inpdir/forecast/20250108/ECMWF//atm.20250114-21:00:00.nc 
PrEx 20250108-18:55:21   0< ln -fs /g100_work/OGS_prodC/OPA/V11C/prod/inpdir/forecast/20250108/ECMWF//atm.20250114-21:00:00.nc  [ok]
PrEx 20250108-18:55:21    > ln -fs /g100_work/OGS_prodC/OPA/V11C/prod/inpdir/forecast/20250108/ECMWF//atm.20250115-03:00:00.nc 
PrEx 20250108-18:55:21   0< ln -fs /g100_work/OGS_prodC/OPA/V11C/prod/inpdir/forecast/20250108/ECMWF//atm.20250115-03:00:00.nc  [ok]
PrEx 20250108-18:55:21    > ln -fs /g100_work/OGS_prodC/OPA/V11C/prod/inpdir/forecast/20250108/ECMWF//atm.20250115-09:00:00.nc 
PrEx 20250108-18:55:21   0< ln -fs /g100_work/OGS_prodC/OPA/V11C/prod/inpdir/forecast/20250108/ECMWF//atm.20250115-09:00:00.nc  [ok]
PrEx 20250108-18:55:21    > ln -fs /g100_work/OGS_prodC/OPA/V11C/prod/inpdir/forecast/20250108/ECMWF//atm.20250115-15:00:00.nc 
PrEx 20250108-18:55:21   0< ln -fs /g100_work/OGS_prodC/OPA/V11C/prod/inpdir/forecast/20250108/ECMWF//atm.20250115-15:00:00.nc  [ok]
PrEx 20250108-18:55:21    > ln -fs /g100_work/OGS_prodC/OPA/V11C/prod/inpdir/forecast/20250108/ECMWF//atm.20250115-21:00:00.nc 
PrEx 20250108-18:55:21   0< ln -fs /g100_work/OGS_prodC/OPA/V11C/prod/inpdir/forecast/20250108/ECMWF//atm.20250115-21:00:00.nc  [ok]
PrEx 20250108-18:55:21    > ln -fs /g100_work/OGS_prodC/OPA/V11C/prod/inpdir/forecast/20250108/ECMWF//atm.20250116-03:00:00.nc 
PrEx 20250108-18:55:21   0< ln -fs /g100_work/OGS_prodC/OPA/V11C/prod/inpdir/forecast/20250108/ECMWF//atm.20250116-03:00:00.nc  [ok]
PrEx 20250108-18:55:21    > ln -fs /g100_work/OGS_prodC/OPA/V11C/prod/inpdir/forecast/20250108/ECMWF//atm.20250116-09:00:00.nc 
PrEx 20250108-18:55:21   0< ln -fs /g100_work/OGS_prodC/OPA/V11C/prod/inpdir/forecast/20250108/ECMWF//atm.20250116-09:00:00.nc  [ok]
PrEx 20250108-18:55:21    > ln -fs /g100_work/OGS_prodC/OPA/V11C/prod/inpdir/forecast/20250108/ECMWF//atm.20250116-15:00:00.nc 
PrEx 20250108-18:55:21   0< ln -fs /g100_work/OGS_prodC/OPA/V11C/prod/inpdir/forecast/20250108/ECMWF//atm.20250116-15:00:00.nc  [ok]
PrEx 20250108-18:55:21    > ln -fs /g100_work/OGS_prodC/OPA/V11C/prod/inpdir/forecast/20250108/ECMWF//atm.20250116-21:00:00.nc 
PrEx 20250108-18:55:21   0< ln -fs /g100_work/OGS_prodC/OPA/V11C/prod/inpdir/forecast/20250108/ECMWF//atm.20250116-21:00:00.nc  [ok]
PrEx 20250108-18:55:21    > ln -fs /g100_work/OGS_prodC/OPA/V11C/prod/inpdir/forecast/20250108/ECMWF//atm.20250117-03:00:00.nc 
PrEx 20250108-18:55:21   0< ln -fs /g100_work/OGS_prodC/OPA/V11C/prod/inpdir/forecast/20250108/ECMWF//atm.20250117-03:00:00.nc  [ok]
PrEx 20250108-18:55:21    > ln -fs /g100_work/OGS_prodC/OPA/V11C/prod/inpdir/forecast/20250108/ECMWF//atm.20250117-09:00:00.nc 
PrEx 20250108-18:55:21   0< ln -fs /g100_work/OGS_prodC/OPA/V11C/prod/inpdir/forecast/20250108/ECMWF//atm.20250117-09:00:00.nc  [ok]
PrEx 20250108-18:55:21    > ln -fs /g100_work/OGS_prodC/OPA/V11C/prod/inpdir/forecast/20250108/ECMWF//atm.20250117-15:00:00.nc 
PrEx 20250108-18:55:21   0< ln -fs /g100_work/OGS_prodC/OPA/V11C/prod/inpdir/forecast/20250108/ECMWF//atm.20250117-15:00:00.nc  [ok]
PrEx 20250108-18:55:21    > ln -fs /g100_work/OGS_prodC/OPA/V11C/prod/inpdir/forecast/20250108/ECMWF//atm.20250117-21:00:00.nc 
PrEx 20250108-18:55:21   0< ln -fs /g100_work/OGS_prodC/OPA/V11C/prod/inpdir/forecast/20250108/ECMWF//atm.20250117-21:00:00.nc  [ok]
PrEx 20250108-18:55:21    > ln -fs atm.20250107-03:00:00.nc atm.20250107-00:00:00.nc
PrEx 20250108-18:55:21   0< ln -fs atm.20250107-03:00:00.nc atm.20250107-00:00:00.nc [ok]
PrEx 20250108-18:55:21    > ln -fs atm.20250117-21:00:00.nc atm.20250118-03:00:00.nc
PrEx 20250108-18:55:21   0< ln -fs atm.20250117-21:00:00.nc atm.20250118-03:00:00.nc [ok]
PrEx 20250108-18:55:21    > datelist_MB BC/ATL_       > files_namelist_atl.dat
PrEx 20250108-18:55:21   0< datelist_MB BC/ATL_       > files_namelist_atl.dat [ok]
PrEx 20250108-18:55:21    > datelist_MB BC/TIN_       > files_namelist_riv.dat
PrEx 20250108-18:55:21   0< datelist_MB BC/TIN_       > files_namelist_riv.dat [ok]
PrEx 20250108-18:55:21    > datelist_MB BC/GIB_       > files_namelist_gib.dat
PrEx 20250108-18:55:21   0< datelist_MB BC/GIB_       > files_namelist_gib.dat [ok]
PrEx 20250108-18:55:21    > datelist_MB BC/OPE_       > files_namelist_dar.dat
PrEx 20250108-18:55:21   0< datelist_MB BC/OPE_       > files_namelist_dar.dat [ok]
PrEx 20250108-18:55:21    > datelist_MB BC/PO__       > files_namelist_po_.dat
PrEx 20250108-18:55:21   0< datelist_MB BC/PO__       > files_namelist_po_.dat [ok]
PrEx 20250108-18:55:21    > datelist BC/ATM_          >    AtmTimes
PrEx 20250108-18:55:21   0< datelist BC/ATM_          >    AtmTimes [ok]
PrEx 20250108-18:55:21    > datelist BC/CO2_          > carbonTimes
PrEx 20250108-18:55:21   0< datelist BC/CO2_          > carbonTimes [ok]
PrEx 20250108-18:55:21    > datelist FORCINGS/U      > forcingsTimes
PrEx 20250108-18:55:21   0< datelist FORCINGS/U      > forcingsTimes [ok]
PrEx 20250108-18:55:21    > datelist OPTICS/atm.     >  optatmTimes
PrEx 20250108-18:55:21   0< datelist OPTICS/atm.     >  optatmTimes [ok]
PrEx 20250108-18:55:21    > datelist OPTICS/climatm. >  optclimTimes
PrEx 20250108-18:55:21   0< datelist OPTICS/climatm. >  optclimTimes [ok]
PrEx 20250108-18:55:21    > datelist OPTICS/aero.    >  optAeroTimes
PrEx 20250108-18:55:21   0< datelist OPTICS/aero.    >  optAeroTimes [ok]
PrEx 20250108-18:55:21    > rm -f Start_End_Times 1.aveTimes 2.aveTimes restartTimes
PrEx 20250108-18:55:21   0< rm -f Start_End_Times 1.aveTimes 2.aveTimes restartTimes [ok]
20250108-18:55:21 00 (004) : * EXIT(opa_model__phase_B1.ksh) [Ok]
