PrEx 20250108-15:00:08    > . /cineca/prod/opt/environment/module/4.7.0/none/init/ksh
PrEx 20250108-15:00:08   0< . /cineca/prod/opt/environment/module/4.7.0/none/init/ksh [ok]
PrEx 20250108-15:00:08    > module load autoload
PrEx 20250108-15:00:08   0< module load autoload [ok]
PrEx 20250108-15:00:08    > module load intelmpi/oneapi-2021--binary
PrEx 20250108-15:00:08   0< module load intelmpi/oneapi-2021--binary [ok]
PrEx 20250108-15:00:08    > module load mkl/oneapi-2021--binary
PrEx 20250108-15:00:08   0< module load mkl/oneapi-2021--binary [ok]
PrEx 20250108-15:00:08    > module load nco
PrEx 20250108-15:00:08   0< module load nco [ok]
PrEx 20250108-15:00:08    > module load python/3.11.7--gcc--10.2.0
PrEx 20250108-15:00:08   0< module load python/3.11.7--gcc--10.2.0 [ok]
PrEx 20250108-15:00:08    > ulimit -s unlimited
PrEx 20250108-15:00:08   0< ulimit -s unlimited [ok]
### OPA_RUNDATE ...................... '20250108'
### OPA_WEEKDAY ...................... '3'
### OPA_TODAY ........................ '20250108'
### OPA_DEFAULT_RUNDATE .............. '20250108'
### OPA_PRODDATE ..................... '20250108'
### OPA_RESTART_RUNDATE .............. '20250107'
### OPA_RESTART_WEEKDAY .............. '2'
20250108-15:00:08 00 (001) : * START(opa_preproc.ksh)
PrEx 20250108-15:00:08    > /g100/home/usera07ogs/a07ogs00/OPA/V11C/bin/opa_run_setup.ksh  1>/g100/home/usera07ogs/a07ogs00/OPA/V11C/log/forecast/20250108/opa.g100.001.opa_run_setup.out 2>&1
PrEx 20250108-15:00:20   0< /g100/home/usera07ogs/a07ogs00/OPA/V11C/bin/opa_run_setup.ksh  1>/g100/home/usera07ogs/a07ogs00/OPA/V11C/log/forecast/20250108/opa.g100.001.opa_run_setup.out 2>&1 [ok]
PrEx 20250108-15:00:20    > /g100/home/usera07ogs/a07ogs00/OPA/V11C/bin/opa_get.ksh  1>/g100/home/usera07ogs/a07ogs00/OPA/V11C/log/forecast/20250108/opa.g100.001.opa_get.out 2>&1
