20250108-15:00:03 00 (---) : Running command </g100/home/usera07ogs/a07ogs00/OPA/V11C/bin/opa_submit.ksh  --runtype 'forecast'  --submit   '--job-multiple'  '--try-resume' >
20250108-15:00:04 01 (---) : Submitting JCF [opa.g100.001.jcf_slurm.multiple.pre]...
20250108-15:00:04 00 (---) : JCF [opa.g100.001.jcf_slurm.multiple.pre] has been submitted [Ok]
20250108-15:00:04 01 (---) :    JOBID: 14922922
20250108-15:00:05 01 (---) : Submitting JCF [opa.g100.001.jcf_slurm.multiple.model]...
20250108-15:00:05 00 (---) : JCF [opa.g100.001.jcf_slurm.multiple.model] has been submitted [Ok]
20250108-15:00:05 01 (---) :    JOBID: 14922923
20250108-15:00:05 01 (---) : Submitting JCF [opa.g100.001.jcf_slurm.multiple.post]...
20250108-15:00:05 00 (---) : JCF [opa.g100.001.jcf_slurm.multiple.post] has been submitted [Ok]
20250108-15:00:05 01 (---) :    JOBID: 14922924
20250108-15:00:05 00 (---) : Chain has been submitted [Ok]
20250108-15:00:07 00 (001) : === ^^^^^^^^^^^^^^^^^^^^^^^^^^^^^^^^^^^^^^^^^^^^^^
20250108-15:00:07 00 (001) : === JOB '14922922' STARTED
20250108-15:00:07 01 (001) : ===  #PROCS: 1
20250108-15:00:07 01 (001) : ===  #NODES: 1
20250108-15:00:08 00 (001) : * START(opa_pre_wrapper.ksh)
20250108-15:00:08 00 (001) : !!! STEP 'pre' STARTED 001
20250108-15:00:08 00 (001) : ### preprocessing input files...
20250108-15:00:08 00 (001) : * START(opa_preproc.ksh)
20250108-15:00:09 00 (001) : * START(opa_run_setup.ksh)
20250108-15:00:09 01 (001) : cleaning directory [MODEL] ...
20250108-15:00:10 00 (001) : cleaning directory [MODEL] [Ok]
20250108-15:00:10 00 (001) : making directory [MODEL] [Ok]
20250108-15:00:10 01 (001) : cleaning directory [MODEL/BC] ...
20250108-15:00:10 00 (001) : cleaning directory [MODEL/BC] [Ok]
20250108-15:00:10 00 (001) : making directory [MODEL/BC] [Ok]
20250108-15:00:10 01 (001) : cleaning directory [MODEL/FORCINGS] ...
20250108-15:00:10 00 (001) : cleaning directory [MODEL/FORCINGS] [Ok]
20250108-15:00:10 00 (001) : making directory [MODEL/FORCINGS] [Ok]
20250108-15:00:10 01 (001) : cleaning directory [MODEL/DELTA_T] ...
20250108-15:00:10 00 (001) : cleaning directory [MODEL/DELTA_T] [Ok]
20250108-15:00:10 00 (001) : making directory [MODEL/DELTA_T] [Ok]
20250108-15:00:10 01 (001) : cleaning directory [MODEL/AVE_FREQ_1] ...
20250108-15:00:10 00 (001) : cleaning directory [MODEL/AVE_FREQ_1] [Ok]
20250108-15:00:10 00 (001) : making directory [MODEL/AVE_FREQ_1] [Ok]
20250108-15:00:10 01 (001) : cleaning directory [MODEL/AVE_FREQ_2] ...
20250108-15:00:10 00 (001) : cleaning directory [MODEL/AVE_FREQ_2] [Ok]
20250108-15:00:10 00 (001) : making directory [MODEL/AVE_FREQ_2] [Ok]
20250108-15:00:10 01 (001) : cleaning directory [MODEL/AVE_FREQ_3] ...
20250108-15:00:10 00 (001) : cleaning directory [MODEL/AVE_FREQ_3] [Ok]
20250108-15:00:11 00 (001) : making directory [MODEL/AVE_FREQ_3] [Ok]
20250108-15:00:11 01 (001) : cleaning directory [MODEL/RESTARTS] ...
20250108-15:00:11 00 (001) : cleaning directory [MODEL/RESTARTS] [Ok]
20250108-15:00:11 00 (001) : making directory [MODEL/RESTARTS] [Ok]
20250108-15:00:11 01 (001) : cleaning directory [MODEL/DA__FREQ_1] ...
20250108-15:00:11 00 (001) : cleaning directory [MODEL/DA__FREQ_1] [Ok]
20250108-15:00:11 00 (001) : making directory [MODEL/DA__FREQ_1] [Ok]
20250108-15:00:11 01 (001) : cleaning directory [MODEL/bcs] ...
20250108-15:00:11 00 (001) : cleaning directory [MODEL/bcs] [Ok]
20250108-15:00:11 00 (001) : making directory [MODEL/bcs] [Ok]
20250108-15:00:11 01 (001) : cleaning directory [MODEL/OPTICS] ...
20250108-15:00:11 00 (001) : cleaning directory [MODEL/OPTICS] [Ok]
20250108-15:00:11 00 (001) : making directory [MODEL/OPTICS] [Ok]
20250108-15:00:11 01 (001) : cleaning directory [POSTPROC] ...
20250108-15:00:19 00 (001) : cleaning directory [POSTPROC] [Ok]
20250108-15:00:19 00 (001) : making directory [POSTPROC] [Ok]
20250108-15:00:19 01 (001) : cleaning directory [POSTPROC/AVE_FREQ_1] ...
20250108-15:00:19 00 (001) : cleaning directory [POSTPROC/AVE_FREQ_1] [Ok]
20250108-15:00:19 00 (001) : making directory [POSTPROC/AVE_FREQ_1] [Ok]
20250108-15:00:19 01 (001) : cleaning directory [POSTPROC/AVE_FREQ_1/INTEGRALS] ...
20250108-15:00:19 00 (001) : cleaning directory [POSTPROC/AVE_FREQ_1/INTEGRALS] [Ok]
20250108-15:00:19 00 (001) : making directory [POSTPROC/AVE_FREQ_1/INTEGRALS] [Ok]
20250108-15:00:19 01 (001) : cleaning directory [POSTPROC/AVE_FREQ_1/STAT_PROFILES] ...
20250108-15:00:19 00 (001) : cleaning directory [POSTPROC/AVE_FREQ_1/STAT_PROFILES] [Ok]
20250108-15:00:19 00 (001) : making directory [POSTPROC/AVE_FREQ_1/STAT_PROFILES] [Ok]
20250108-15:00:19 01 (001) : cleaning directory [POSTPROC/AVE_FREQ_1/PROFILES] ...
20250108-15:00:19 00 (001) : cleaning directory [POSTPROC/AVE_FREQ_1/PROFILES] [Ok]
20250108-15:00:19 00 (001) : making directory [POSTPROC/AVE_FREQ_1/PROFILES] [Ok]
20250108-15:00:19 01 (001) : cleaning directory [POSTPROC/AVE_FREQ_2] ...
20250108-15:00:19 00 (001) : cleaning directory [POSTPROC/AVE_FREQ_2] [Ok]
20250108-15:00:19 00 (001) : making directory [POSTPROC/AVE_FREQ_2] [Ok]
20250108-15:00:19 01 (001) : cleaning directory [POSTPROC/AVE_FREQ_2/INTEGRALS] ...
20250108-15:00:19 00 (001) : cleaning directory [POSTPROC/AVE_FREQ_2/INTEGRALS] [Ok]
20250108-15:00:19 00 (001) : making directory [POSTPROC/AVE_FREQ_2/INTEGRALS] [Ok]
20250108-15:00:19 01 (001) : cleaning directory [POSTPROC/AVE_FREQ_2/STAT_PROFILES] ...
20250108-15:00:19 00 (001) : cleaning directory [POSTPROC/AVE_FREQ_2/STAT_PROFILES] [Ok]
20250108-15:00:19 00 (001) : making directory [POSTPROC/AVE_FREQ_2/STAT_PROFILES] [Ok]
20250108-15:00:19 01 (001) : cleaning directory [POSTPROC/AVE_FREQ_2/PROFILES] ...
20250108-15:00:19 00 (001) : cleaning directory [POSTPROC/AVE_FREQ_2/PROFILES] [Ok]
20250108-15:00:19 00 (001) : making directory [POSTPROC/AVE_FREQ_2/PROFILES] [Ok]
20250108-15:00:19 01 (001) : cleaning directory [POSTPROC/COMPRESSED_FOR_ARCHIVE] ...
20250108-15:00:19 00 (001) : cleaning directory [POSTPROC/COMPRESSED_FOR_ARCHIVE] [Ok]
20250108-15:00:19 00 (001) : making directory [POSTPROC/COMPRESSED_FOR_ARCHIVE] [Ok]
20250108-15:00:19 01 (001) : cleaning directory [POSTPROC/COMPRESSED_FOR_ARCHIVE/AVE_FREQ_1] ...
20250108-15:00:19 00 (001) : cleaning directory [POSTPROC/COMPRESSED_FOR_ARCHIVE/AVE_FREQ_1] [Ok]
20250108-15:00:19 00 (001) : making directory [POSTPROC/COMPRESSED_FOR_ARCHIVE/AVE_FREQ_1] [Ok]
20250108-15:00:19 01 (001) : cleaning directory [POSTPROC/COMPRESSED_FOR_ARCHIVE/RST] ...
20250108-15:00:19 00 (001) : cleaning directory [POSTPROC/COMPRESSED_FOR_ARCHIVE/RST] [Ok]
20250108-15:00:19 00 (001) : making directory [POSTPROC/COMPRESSED_FOR_ARCHIVE/RST] [Ok]
20250108-15:00:19 01 (001) : cleaning directory [CMCC_PHYS] ...
20250108-15:00:20 00 (001) : cleaning directory [CMCC_PHYS] [Ok]
20250108-15:00:20 00 (001) : making directory [CMCC_PHYS] [Ok]
20250108-15:00:20 00 (001) : * EXIT(opa_run_setup.ksh) [Ok]
20250108-15:00:20 00 (001) : * START(opa_get.ksh)
20250108-15:00:27 01 (001) : file [medfs-eas9_6h_20250108_20250107_ALL_grid_T.nc] : check failed!
20250108-15:00:27 01 (001) : file [T20250107-12:00:00.nc] not downloaded or corrupted - try again to download
20250108-15:00:28 01 (001) : file [medfs-eas9_6h_20250108_20250107_ALL_grid_T.nc] : check failed!
20250108-15:00:28 01 (001) : file [T20250107-12:00:00.nc] not downloaded or corrupted - try again to download
20250108-15:00:30 01 (001) : file [medfs-eas9_6h_20250108_20250107_ALL_grid_T.nc] : check failed!
20250108-15:00:30 01 (001) : file [T20250107-12:00:00.nc] not downloaded or corrupted - try again to download
20250108-15:00:31 01 (001) : file [medfs-eas9_6h_20250108_20250107_ALL_grid_T.nc] : check failed!
20250108-15:00:31 01 (001) : file [T20250107-12:00:00.nc] not downloaded or corrupted - try again to download
20250108-15:00:32 01 (001) : file [medfs-eas9_6h_20250108_20250107_ALL_grid_T.nc] : check failed!
20250108-15:00:32 01 (001) : file [T20250107-12:00:00.nc] not downloaded or corrupted - try again to download
20250108-15:00:33 01 (001) : file [medfs-eas9_6h_20250108_20250107_ALL_grid_T.nc] : check failed!
20250108-15:00:33 01 (001) : file [T20250107-12:00:00.nc] not downloaded or corrupted - try again to download
20250108-15:00:34 01 (001) : file [medfs-eas9_6h_20250108_20250107_ALL_grid_T.nc] : check failed!
20250108-15:00:34 01 (001) : file [T20250107-12:00:00.nc] not downloaded or corrupted - try again to download
20250108-15:10:03 00 (---) : Running command </g100/home/usera07ogs/a07ogs00/OPA/V11C/bin/opa_submit.ksh  --runtype 'forecast'  --submit   '--job-multiple'  '--try-resume' >
20250108-15:10:04 01 (---) : Submitting JCF [opa.g100.002.jcf_slurm.multiple.pre]...
20250108-15:10:04 00 (---) : JCF [opa.g100.002.jcf_slurm.multiple.pre] has been submitted [Ok]
20250108-15:10:04 01 (---) :    JOBID: 14922954
20250108-15:10:04 01 (---) : Submitting JCF [opa.g100.002.jcf_slurm.multiple.model]...
20250108-15:10:04 00 (---) : JCF [opa.g100.002.jcf_slurm.multiple.model] has been submitted [Ok]
20250108-15:10:04 01 (---) :    JOBID: 14922955
20250108-15:10:04 01 (---) : Submitting JCF [opa.g100.002.jcf_slurm.multiple.post]...
20250108-15:10:04 00 (---) : JCF [opa.g100.002.jcf_slurm.multiple.post] has been submitted [Ok]
20250108-15:10:04 01 (---) :    JOBID: 14922956
20250108-15:10:04 00 (---) : Chain has been submitted [Ok]
20250108-15:10:07 00 (002) : === ^^^^^^^^^^^^^^^^^^^^^^^^^^^^^^^^^^^^^^^^^^^^^^
20250108-15:10:07 00 (002) : === JOB '14922954' STARTED
20250108-15:10:07 01 (002) : ===  #PROCS: 1
20250108-15:10:07 01 (002) : ===  #NODES: 1
20250108-15:10:07 00 (002) : * START(opa_pre_wrapper.ksh)
20250108-15:10:07 00 (002) : !!! STEP 'pre' STARTED 002
20250108-15:10:08 00 (002) : ### preprocessing input files...
20250108-15:10:08 00 (002) : * START(opa_preproc.ksh)
20250108-15:10:08 00 (002) : * START(opa_run_setup.ksh)
20250108-15:10:09 01 (002) : cleaning directory [MODEL] ...
20250108-15:10:09 00 (002) : cleaning directory [MODEL] [Ok]
20250108-15:10:09 00 (002) : making directory [MODEL] [Ok]
20250108-15:10:09 01 (002) : cleaning directory [MODEL/BC] ...
20250108-15:10:09 00 (002) : cleaning directory [MODEL/BC] [Ok]
20250108-15:10:09 00 (002) : making directory [MODEL/BC] [Ok]
20250108-15:10:09 01 (002) : cleaning directory [MODEL/FORCINGS] ...
20250108-15:10:09 00 (002) : cleaning directory [MODEL/FORCINGS] [Ok]
20250108-15:10:09 00 (002) : making directory [MODEL/FORCINGS] [Ok]
20250108-15:10:09 01 (002) : cleaning directory [MODEL/DELTA_T] ...
20250108-15:10:09 00 (002) : cleaning directory [MODEL/DELTA_T] [Ok]
20250108-15:10:09 00 (002) : making directory [MODEL/DELTA_T] [Ok]
20250108-15:10:09 01 (002) : cleaning directory [MODEL/AVE_FREQ_1] ...
20250108-15:10:09 00 (002) : cleaning directory [MODEL/AVE_FREQ_1] [Ok]
20250108-15:10:09 00 (002) : making directory [MODEL/AVE_FREQ_1] [Ok]
20250108-15:10:09 01 (002) : cleaning directory [MODEL/AVE_FREQ_2] ...
20250108-15:10:09 00 (002) : cleaning directory [MODEL/AVE_FREQ_2] [Ok]
20250108-15:10:09 00 (002) : making directory [MODEL/AVE_FREQ_2] [Ok]
20250108-15:10:09 01 (002) : cleaning directory [MODEL/AVE_FREQ_3] ...
20250108-15:10:09 00 (002) : cleaning directory [MODEL/AVE_FREQ_3] [Ok]
20250108-15:10:09 00 (002) : making directory [MODEL/AVE_FREQ_3] [Ok]
20250108-15:10:09 01 (002) : cleaning directory [MODEL/RESTARTS] ...
20250108-15:10:09 00 (002) : cleaning directory [MODEL/RESTARTS] [Ok]
20250108-15:10:09 00 (002) : making directory [MODEL/RESTARTS] [Ok]
20250108-15:10:09 01 (002) : cleaning directory [MODEL/DA__FREQ_1] ...
20250108-15:10:09 00 (002) : cleaning directory [MODEL/DA__FREQ_1] [Ok]
20250108-15:10:09 00 (002) : making directory [MODEL/DA__FREQ_1] [Ok]
20250108-15:10:09 01 (002) : cleaning directory [MODEL/bcs] ...
20250108-15:10:09 00 (002) : cleaning directory [MODEL/bcs] [Ok]
20250108-15:10:09 00 (002) : making directory [MODEL/bcs] [Ok]
20250108-15:10:09 01 (002) : cleaning directory [MODEL/OPTICS] ...
20250108-15:10:09 00 (002) : cleaning directory [MODEL/OPTICS] [Ok]
20250108-15:10:09 00 (002) : making directory [MODEL/OPTICS] [Ok]
20250108-15:10:09 01 (002) : cleaning directory [POSTPROC] ...
20250108-15:10:09 00 (002) : cleaning directory [POSTPROC] [Ok]
20250108-15:10:09 00 (002) : making directory [POSTPROC] [Ok]
20250108-15:10:09 01 (002) : cleaning directory [POSTPROC/AVE_FREQ_1] ...
20250108-15:10:09 00 (002) : cleaning directory [POSTPROC/AVE_FREQ_1] [Ok]
20250108-15:10:09 00 (002) : making directory [POSTPROC/AVE_FREQ_1] [Ok]
20250108-15:10:09 01 (002) : cleaning directory [POSTPROC/AVE_FREQ_1/INTEGRALS] ...
20250108-15:10:09 00 (002) : cleaning directory [POSTPROC/AVE_FREQ_1/INTEGRALS] [Ok]
20250108-15:10:09 00 (002) : making directory [POSTPROC/AVE_FREQ_1/INTEGRALS] [Ok]
20250108-15:10:09 01 (002) : cleaning directory [POSTPROC/AVE_FREQ_1/STAT_PROFILES] ...
20250108-15:10:09 00 (002) : cleaning directory [POSTPROC/AVE_FREQ_1/STAT_PROFILES] [Ok]
20250108-15:10:09 00 (002) : making directory [POSTPROC/AVE_FREQ_1/STAT_PROFILES] [Ok]
20250108-15:10:09 01 (002) : cleaning directory [POSTPROC/AVE_FREQ_1/PROFILES] ...
20250108-15:10:09 00 (002) : cleaning directory [POSTPROC/AVE_FREQ_1/PROFILES] [Ok]
20250108-15:10:09 00 (002) : making directory [POSTPROC/AVE_FREQ_1/PROFILES] [Ok]
20250108-15:10:09 01 (002) : cleaning directory [POSTPROC/AVE_FREQ_2] ...
20250108-15:10:09 00 (002) : cleaning directory [POSTPROC/AVE_FREQ_2] [Ok]
20250108-15:10:09 00 (002) : making directory [POSTPROC/AVE_FREQ_2] [Ok]
20250108-15:10:09 01 (002) : cleaning directory [POSTPROC/AVE_FREQ_2/INTEGRALS] ...
20250108-15:10:09 00 (002) : cleaning directory [POSTPROC/AVE_FREQ_2/INTEGRALS] [Ok]
20250108-15:10:09 00 (002) : making directory [POSTPROC/AVE_FREQ_2/INTEGRALS] [Ok]
20250108-15:10:09 01 (002) : cleaning directory [POSTPROC/AVE_FREQ_2/STAT_PROFILES] ...
20250108-15:10:09 00 (002) : cleaning directory [POSTPROC/AVE_FREQ_2/STAT_PROFILES] [Ok]
20250108-15:10:09 00 (002) : making directory [POSTPROC/AVE_FREQ_2/STAT_PROFILES] [Ok]
20250108-15:10:10 01 (002) : cleaning directory [POSTPROC/AVE_FREQ_2/PROFILES] ...
20250108-15:10:10 00 (002) : cleaning directory [POSTPROC/AVE_FREQ_2/PROFILES] [Ok]
20250108-15:10:10 00 (002) : making directory [POSTPROC/AVE_FREQ_2/PROFILES] [Ok]
20250108-15:10:10 01 (002) : cleaning directory [POSTPROC/COMPRESSED_FOR_ARCHIVE] ...
20250108-15:10:10 00 (002) : cleaning directory [POSTPROC/COMPRESSED_FOR_ARCHIVE] [Ok]
20250108-15:10:10 00 (002) : making directory [POSTPROC/COMPRESSED_FOR_ARCHIVE] [Ok]
20250108-15:10:10 01 (002) : cleaning directory [POSTPROC/COMPRESSED_FOR_ARCHIVE/AVE_FREQ_1] ...
20250108-15:10:10 00 (002) : cleaning directory [POSTPROC/COMPRESSED_FOR_ARCHIVE/AVE_FREQ_1] [Ok]
20250108-15:10:10 00 (002) : making directory [POSTPROC/COMPRESSED_FOR_ARCHIVE/AVE_FREQ_1] [Ok]
20250108-15:10:10 01 (002) : cleaning directory [POSTPROC/COMPRESSED_FOR_ARCHIVE/RST] ...
20250108-15:10:10 00 (002) : cleaning directory [POSTPROC/COMPRESSED_FOR_ARCHIVE/RST] [Ok]
20250108-15:10:10 00 (002) : making directory [POSTPROC/COMPRESSED_FOR_ARCHIVE/RST] [Ok]
20250108-15:10:10 01 (002) : cleaning directory [CMCC_PHYS] ...
20250108-15:10:10 00 (002) : cleaning directory [CMCC_PHYS] [Ok]
20250108-15:10:10 00 (002) : making directory [CMCC_PHYS] [Ok]
20250108-15:10:10 00 (002) : * EXIT(opa_run_setup.ksh) [Ok]
20250108-15:10:10 00 (002) : * START(opa_get.ksh)
20250108-15:10:15 01 (002) : file [medfs-eas9_6h_20250108_20250107_ALL_grid_T.nc] : check failed!
20250108-15:10:15 01 (002) : file [T20250107-12:00:00.nc] not downloaded or corrupted - try again to download
20250108-15:10:16 01 (002) : file [medfs-eas9_6h_20250108_20250107_ALL_grid_T.nc] : check failed!
20250108-15:10:16 01 (002) : file [T20250107-12:00:00.nc] not downloaded or corrupted - try again to download
20250108-15:10:18 01 (002) : file [medfs-eas9_6h_20250108_20250107_ALL_grid_T.nc] : check failed!
20250108-15:10:18 01 (002) : file [T20250107-12:00:00.nc] not downloaded or corrupted - try again to download
20250108-15:10:19 01 (002) : file [medfs-eas9_6h_20250108_20250107_ALL_grid_T.nc] : check failed!
20250108-15:10:19 01 (002) : file [T20250107-12:00:00.nc] not downloaded or corrupted - try again to download
20250108-15:10:20 01 (002) : file [medfs-eas9_6h_20250108_20250107_ALL_grid_T.nc] : check failed!
20250108-15:10:20 01 (002) : file [T20250107-12:00:00.nc] not downloaded or corrupted - try again to download
20250108-15:10:21 01 (002) : file [medfs-eas9_6h_20250108_20250107_ALL_grid_T.nc] : check failed!
20250108-15:10:22 01 (002) : file [T20250107-12:00:00.nc] not downloaded or corrupted - try again to download
20250108-15:10:23 01 (002) : file [medfs-eas9_6h_20250108_20250107_ALL_grid_T.nc] : check failed!
20250108-15:10:23 01 (002) : file [T20250107-12:00:00.nc] not downloaded or corrupted - try again to download
20250108-15:10:24 01 (002) : file [medfs-eas9_6h_20250108_20250107_ALL_grid_T.nc] : check failed!
20250108-15:10:24 01 (002) : file [T20250107-12:00:00.nc] not downloaded or corrupted - try again to download
20250108-15:26:31 00 (002) : INPUT TIMEOUT - missing file [medfs-eas9_6h_20250108_20250107_ALL_grid_T.nc] - aborting
20250108-15:26:31 01 (002) : WARNING: 1 missing files:
20250108-15:26:31 02 (002) : ================================================================================
20250108-15:26:31 02 (002) :   0) /medsea_oce/nrt/op/out/mfs_eas9/o//20250108/medfs-eas9_6h_20250108_20250107_ALL_grid_T.nc
20250108-15:26:31 02 (002) : ================================================================================
20250108-15:26:31 00 (002) : * EXIT(opa_get.ksh) [ERR:1]
20250108-15:26:32 00 (002) : Command 'ln -fs /g100_work/OGS_prodC/OPA/V11C/prod/inpdir/forecast/20250107/ECMWF/20250106-ECMWF---AM0100-MEDATL-b20250107_an-fv11.00.nc /g100_work/OGS_prodC/OPA/V11C/prod/inpdir/forecast/20250108/ECMWF//g100_work/OGS_prodC/OPA/V11C/prod/inpdir/forecast/20250108/ECMWF/20250108_20250118-ECMWF---AM0100-MEDATL-b20250108_fc00-fv11.00.nc already found. Links not needed
20250107-ECMWF---AM0100-MEDATL-b20250108_an-fv11.00.nc' failed
20250108-15:26:32 00 (002) : * START(opa_preproc__phase_A1.ksh)
20250108-15:26:32 00 (002) : * EXIT(opa_preproc__phase_A1.ksh) [Ok] (from last executed command)
20250108-15:26:32 00 (002) : * EXIT(opa_preproc.ksh) [ERR:1]
20250108-15:26:32 00 (002) : ### preprocessing input files... done [ERR:1]
20250108-15:26:32 00 (002) : ERROR: 'opa_preproc.ksh' failed! (aborting chain)
20250108-15:26:32 00 (002) : * EXIT(opa_pre_wrapper.ksh) [ERR:1]
20250108-15:26:33 00 (002) : === JOB '14922954' FAILED [1]
20250108-15:26:33 00 (002) : === vvvvvvvvvvvvvvvvvvvvvvvvvvvvvvvvvvvvvvvvvvvvvv
20250108-17:05:51 00 (---) : Running command </g100/home/usera07ogs/a07ogs00/OPA/V11C/bin/opa_submit.ksh  --runtype 'forecast' --rundate '20250108'  --submit   '--job-multiple'  '--try-resume' >
20250108-17:05:52 01 (---) : Submitting JCF [opa.g100.003.jcf_slurm.multiple.pre]...
20250108-17:05:52 00 (---) : JCF [opa.g100.003.jcf_slurm.multiple.pre] has been submitted [Ok]
20250108-17:05:52 01 (---) :    JOBID: 14925096
20250108-17:05:52 01 (---) : Submitting JCF [opa.g100.003.jcf_slurm.multiple.model]...
20250108-17:05:52 00 (---) : JCF [opa.g100.003.jcf_slurm.multiple.model] has been submitted [Ok]
20250108-17:05:52 01 (---) :    JOBID: 14925097
20250108-17:05:52 01 (---) : Submitting JCF [opa.g100.003.jcf_slurm.multiple.post]...
20250108-17:05:52 00 (---) : JCF [opa.g100.003.jcf_slurm.multiple.post] has been submitted [Ok]
20250108-17:05:52 01 (---) :    JOBID: 14925098
20250108-17:05:52 00 (---) : Chain has been submitted [Ok]
20250108-17:05:55 00 (003) : === ^^^^^^^^^^^^^^^^^^^^^^^^^^^^^^^^^^^^^^^^^^^^^^
20250108-17:05:55 00 (003) : === JOB '14925096' STARTED
20250108-17:05:55 01 (003) : ===  #PROCS: 1
20250108-17:05:55 01 (003) : ===  #NODES: 1
20250108-17:05:56 00 (003) : * START(opa_pre_wrapper.ksh)
20250108-17:05:56 00 (003) : !!! STEP 'pre' STARTED 003
20250108-17:05:56 00 (003) : ### preprocessing input files...
20250108-17:05:56 00 (003) : * START(opa_preproc.ksh)
20250108-17:05:57 00 (003) : * START(opa_run_setup.ksh)
20250108-17:05:57 01 (003) : cleaning directory [MODEL] ...
20250108-17:05:57 00 (003) : cleaning directory [MODEL] [Ok]
20250108-17:05:57 00 (003) : making directory [MODEL] [Ok]
20250108-17:05:57 01 (003) : cleaning directory [MODEL/BC] ...
20250108-17:05:57 00 (003) : cleaning directory [MODEL/BC] [Ok]
20250108-17:05:57 00 (003) : making directory [MODEL/BC] [Ok]
20250108-17:05:57 01 (003) : cleaning directory [MODEL/FORCINGS] ...
20250108-17:05:57 00 (003) : cleaning directory [MODEL/FORCINGS] [Ok]
20250108-17:05:57 00 (003) : making directory [MODEL/FORCINGS] [Ok]
20250108-17:05:57 01 (003) : cleaning directory [MODEL/DELTA_T] ...
20250108-17:05:57 00 (003) : cleaning directory [MODEL/DELTA_T] [Ok]
20250108-17:05:57 00 (003) : making directory [MODEL/DELTA_T] [Ok]
20250108-17:05:57 01 (003) : cleaning directory [MODEL/AVE_FREQ_1] ...
20250108-17:05:57 00 (003) : cleaning directory [MODEL/AVE_FREQ_1] [Ok]
20250108-17:05:57 00 (003) : making directory [MODEL/AVE_FREQ_1] [Ok]
20250108-17:05:57 01 (003) : cleaning directory [MODEL/AVE_FREQ_2] ...
20250108-17:05:57 00 (003) : cleaning directory [MODEL/AVE_FREQ_2] [Ok]
20250108-17:05:57 00 (003) : making directory [MODEL/AVE_FREQ_2] [Ok]
20250108-17:05:57 01 (003) : cleaning directory [MODEL/AVE_FREQ_3] ...
20250108-17:05:57 00 (003) : cleaning directory [MODEL/AVE_FREQ_3] [Ok]
20250108-17:05:57 00 (003) : making directory [MODEL/AVE_FREQ_3] [Ok]
20250108-17:05:57 01 (003) : cleaning directory [MODEL/RESTARTS] ...
20250108-17:05:57 00 (003) : cleaning directory [MODEL/RESTARTS] [Ok]
20250108-17:05:58 00 (003) : making directory [MODEL/RESTARTS] [Ok]
20250108-17:05:58 01 (003) : cleaning directory [MODEL/DA__FREQ_1] ...
20250108-17:05:58 00 (003) : cleaning directory [MODEL/DA__FREQ_1] [Ok]
20250108-17:05:58 00 (003) : making directory [MODEL/DA__FREQ_1] [Ok]
20250108-17:05:58 01 (003) : cleaning directory [MODEL/bcs] ...
20250108-17:05:58 00 (003) : cleaning directory [MODEL/bcs] [Ok]
20250108-17:05:58 00 (003) : making directory [MODEL/bcs] [Ok]
20250108-17:05:58 01 (003) : cleaning directory [MODEL/OPTICS] ...
20250108-17:05:58 00 (003) : cleaning directory [MODEL/OPTICS] [Ok]
20250108-17:05:58 00 (003) : making directory [MODEL/OPTICS] [Ok]
20250108-17:05:58 01 (003) : cleaning directory [POSTPROC] ...
20250108-17:05:58 00 (003) : cleaning directory [POSTPROC] [Ok]
20250108-17:05:58 00 (003) : making directory [POSTPROC] [Ok]
20250108-17:05:58 01 (003) : cleaning directory [POSTPROC/AVE_FREQ_1] ...
20250108-17:05:58 00 (003) : cleaning directory [POSTPROC/AVE_FREQ_1] [Ok]
20250108-17:05:58 00 (003) : making directory [POSTPROC/AVE_FREQ_1] [Ok]
20250108-17:05:58 01 (003) : cleaning directory [POSTPROC/AVE_FREQ_1/INTEGRALS] ...
20250108-17:05:58 00 (003) : cleaning directory [POSTPROC/AVE_FREQ_1/INTEGRALS] [Ok]
20250108-17:05:58 00 (003) : making directory [POSTPROC/AVE_FREQ_1/INTEGRALS] [Ok]
20250108-17:05:58 01 (003) : cleaning directory [POSTPROC/AVE_FREQ_1/STAT_PROFILES] ...
20250108-17:05:58 00 (003) : cleaning directory [POSTPROC/AVE_FREQ_1/STAT_PROFILES] [Ok]
20250108-17:05:58 00 (003) : making directory [POSTPROC/AVE_FREQ_1/STAT_PROFILES] [Ok]
20250108-17:05:58 01 (003) : cleaning directory [POSTPROC/AVE_FREQ_1/PROFILES] ...
20250108-17:05:58 00 (003) : cleaning directory [POSTPROC/AVE_FREQ_1/PROFILES] [Ok]
20250108-17:05:58 00 (003) : making directory [POSTPROC/AVE_FREQ_1/PROFILES] [Ok]
20250108-17:05:58 01 (003) : cleaning directory [POSTPROC/AVE_FREQ_2] ...
20250108-17:05:58 00 (003) : cleaning directory [POSTPROC/AVE_FREQ_2] [Ok]
20250108-17:05:58 00 (003) : making directory [POSTPROC/AVE_FREQ_2] [Ok]
20250108-17:05:58 01 (003) : cleaning directory [POSTPROC/AVE_FREQ_2/INTEGRALS] ...
20250108-17:05:58 00 (003) : cleaning directory [POSTPROC/AVE_FREQ_2/INTEGRALS] [Ok]
20250108-17:05:58 00 (003) : making directory [POSTPROC/AVE_FREQ_2/INTEGRALS] [Ok]
20250108-17:05:58 01 (003) : cleaning directory [POSTPROC/AVE_FREQ_2/STAT_PROFILES] ...
20250108-17:05:58 00 (003) : cleaning directory [POSTPROC/AVE_FREQ_2/STAT_PROFILES] [Ok]
20250108-17:05:58 00 (003) : making directory [POSTPROC/AVE_FREQ_2/STAT_PROFILES] [Ok]
20250108-17:05:58 01 (003) : cleaning directory [POSTPROC/AVE_FREQ_2/PROFILES] ...
20250108-17:05:58 00 (003) : cleaning directory [POSTPROC/AVE_FREQ_2/PROFILES] [Ok]
20250108-17:05:58 00 (003) : making directory [POSTPROC/AVE_FREQ_2/PROFILES] [Ok]
20250108-17:05:58 01 (003) : cleaning directory [POSTPROC/COMPRESSED_FOR_ARCHIVE] ...
20250108-17:05:58 00 (003) : cleaning directory [POSTPROC/COMPRESSED_FOR_ARCHIVE] [Ok]
20250108-17:05:58 00 (003) : making directory [POSTPROC/COMPRESSED_FOR_ARCHIVE] [Ok]
20250108-17:05:58 01 (003) : cleaning directory [POSTPROC/COMPRESSED_FOR_ARCHIVE/AVE_FREQ_1] ...
20250108-17:05:58 00 (003) : cleaning directory [POSTPROC/COMPRESSED_FOR_ARCHIVE/AVE_FREQ_1] [Ok]
20250108-17:05:59 00 (003) : making directory [POSTPROC/COMPRESSED_FOR_ARCHIVE/AVE_FREQ_1] [Ok]
20250108-17:05:59 01 (003) : cleaning directory [POSTPROC/COMPRESSED_FOR_ARCHIVE/RST] ...
20250108-17:05:59 00 (003) : cleaning directory [POSTPROC/COMPRESSED_FOR_ARCHIVE/RST] [Ok]
20250108-17:05:59 00 (003) : making directory [POSTPROC/COMPRESSED_FOR_ARCHIVE/RST] [Ok]
20250108-17:05:59 01 (003) : cleaning directory [CMCC_PHYS] ...
20250108-17:05:59 00 (003) : cleaning directory [CMCC_PHYS] [Ok]
20250108-17:05:59 00 (003) : making directory [CMCC_PHYS] [Ok]
20250108-17:05:59 00 (003) : * EXIT(opa_run_setup.ksh) [Ok]
20250108-17:05:59 00 (003) : * START(opa_get.ksh)
20250108-17:06:05 01 (003) : file [medfs-eas9_6h_20250108_20250107_ALL_grid_T.nc] : check failed!
20250108-17:06:05 01 (003) : file [T20250107-12:00:00.nc] not downloaded or corrupted - try again to download
20250108-17:06:05 00 (003) : * EXIT(opa_get.ksh) [ERR:1] (from last executed command)
20250108-17:06:05 00 (003) : Command 'ln -fs /g100_work/OGS_prodC/OPA/V11C/prod/inpdir/forecast/20250107/ECMWF/20250106-ECMWF---AM0100-MEDATL-b20250107_an-fv11.00.nc /g100_work/OGS_prodC/OPA/V11C/prod/inpdir/forecast/20250108/ECMWF//g100_work/OGS_prodC/OPA/V11C/prod/inpdir/forecast/20250108/ECMWF/20250108_20250118-ECMWF---AM0100-MEDATL-b20250108_fc00-fv11.00.nc already found. Links not needed
20250107-ECMWF---AM0100-MEDATL-b20250108_an-fv11.00.nc' failed
20250108-17:06:06 00 (003) : * START(opa_preproc__phase_A1.ksh)
20250108-17:06:06 00 (003) : * EXIT(opa_preproc__phase_A1.ksh) [Ok] (from last executed command)
20250108-17:06:06 00 (003) : * EXIT(opa_preproc.ksh) [ERR:1]
20250108-17:06:06 00 (003) : ### preprocessing input files... done [ERR:1]
20250108-17:06:06 00 (003) : ERROR: 'opa_preproc.ksh' failed! (aborting chain)
20250108-17:06:06 00 (003) : * EXIT(opa_pre_wrapper.ksh) [ERR:1]
20250108-17:06:07 00 (003) : === JOB '14925096' FAILED [1]
20250108-17:06:07 00 (003) : === vvvvvvvvvvvvvvvvvvvvvvvvvvvvvvvvvvvvvvvvvvvvvv
20250108-18:40:01 00 (---) : Running command </g100/home/usera07ogs/a07ogs00/OPA/V11C/bin/opa_submit.ksh  --runtype 'forecast' --rundate '20250108'  --submit   '--job-multiple'  '--try-resume' >
20250108-18:40:02 01 (---) : Submitting JCF [opa.g100.004.jcf_slurm.multiple.pre]...
20250108-18:40:02 00 (---) : JCF [opa.g100.004.jcf_slurm.multiple.pre] has been submitted [Ok]
20250108-18:40:02 01 (---) :    JOBID: 14926102
20250108-18:40:02 01 (---) : Submitting JCF [opa.g100.004.jcf_slurm.multiple.model]...
20250108-18:40:02 00 (---) : JCF [opa.g100.004.jcf_slurm.multiple.model] has been submitted [Ok]
20250108-18:40:02 01 (---) :    JOBID: 14926103
20250108-18:40:02 01 (---) : Submitting JCF [opa.g100.004.jcf_slurm.multiple.post]...
20250108-18:40:02 00 (---) : JCF [opa.g100.004.jcf_slurm.multiple.post] has been submitted [Ok]
20250108-18:40:02 01 (---) :    JOBID: 14926104
20250108-18:40:02 00 (---) : Chain has been submitted [Ok]
20250108-18:40:06 00 (004) : === ^^^^^^^^^^^^^^^^^^^^^^^^^^^^^^^^^^^^^^^^^^^^^^
20250108-18:40:06 00 (004) : === JOB '14926102' STARTED
20250108-18:40:06 01 (004) : ===  #PROCS: 1
20250108-18:40:06 01 (004) : ===  #NODES: 1
20250108-18:40:07 00 (004) : * START(opa_pre_wrapper.ksh)
20250108-18:40:07 00 (004) : !!! STEP 'pre' STARTED 004
20250108-18:40:07 00 (004) : ### preprocessing input files...
20250108-18:40:07 00 (004) : * START(opa_preproc.ksh)
20250108-18:40:08 00 (004) : * START(opa_run_setup.ksh)
20250108-18:40:08 01 (004) : cleaning directory [MODEL] ...
20250108-18:40:08 00 (004) : cleaning directory [MODEL] [Ok]
20250108-18:40:08 00 (004) : making directory [MODEL] [Ok]
20250108-18:40:08 01 (004) : cleaning directory [MODEL/BC] ...
20250108-18:40:08 00 (004) : cleaning directory [MODEL/BC] [Ok]
20250108-18:40:08 00 (004) : making directory [MODEL/BC] [Ok]
20250108-18:40:08 01 (004) : cleaning directory [MODEL/FORCINGS] ...
20250108-18:40:08 00 (004) : cleaning directory [MODEL/FORCINGS] [Ok]
20250108-18:40:08 00 (004) : making directory [MODEL/FORCINGS] [Ok]
20250108-18:40:08 01 (004) : cleaning directory [MODEL/DELTA_T] ...
20250108-18:40:08 00 (004) : cleaning directory [MODEL/DELTA_T] [Ok]
20250108-18:40:08 00 (004) : making directory [MODEL/DELTA_T] [Ok]
20250108-18:40:08 01 (004) : cleaning directory [MODEL/AVE_FREQ_1] ...
20250108-18:40:08 00 (004) : cleaning directory [MODEL/AVE_FREQ_1] [Ok]
20250108-18:40:08 00 (004) : making directory [MODEL/AVE_FREQ_1] [Ok]
20250108-18:40:08 01 (004) : cleaning directory [MODEL/AVE_FREQ_2] ...
20250108-18:40:08 00 (004) : cleaning directory [MODEL/AVE_FREQ_2] [Ok]
20250108-18:40:08 00 (004) : making directory [MODEL/AVE_FREQ_2] [Ok]
20250108-18:40:08 01 (004) : cleaning directory [MODEL/AVE_FREQ_3] ...
20250108-18:40:08 00 (004) : cleaning directory [MODEL/AVE_FREQ_3] [Ok]
20250108-18:40:08 00 (004) : making directory [MODEL/AVE_FREQ_3] [Ok]
20250108-18:40:08 01 (004) : cleaning directory [MODEL/RESTARTS] ...
20250108-18:40:08 00 (004) : cleaning directory [MODEL/RESTARTS] [Ok]
20250108-18:40:08 00 (004) : making directory [MODEL/RESTARTS] [Ok]
20250108-18:40:08 01 (004) : cleaning directory [MODEL/DA__FREQ_1] ...
20250108-18:40:08 00 (004) : cleaning directory [MODEL/DA__FREQ_1] [Ok]
20250108-18:40:08 00 (004) : making directory [MODEL/DA__FREQ_1] [Ok]
20250108-18:40:08 01 (004) : cleaning directory [MODEL/bcs] ...
20250108-18:40:08 00 (004) : cleaning directory [MODEL/bcs] [Ok]
20250108-18:40:08 00 (004) : making directory [MODEL/bcs] [Ok]
20250108-18:40:08 01 (004) : cleaning directory [MODEL/OPTICS] ...
20250108-18:40:08 00 (004) : cleaning directory [MODEL/OPTICS] [Ok]
20250108-18:40:08 00 (004) : making directory [MODEL/OPTICS] [Ok]
20250108-18:40:08 01 (004) : cleaning directory [POSTPROC] ...
20250108-18:40:09 00 (004) : cleaning directory [POSTPROC] [Ok]
20250108-18:40:09 00 (004) : making directory [POSTPROC] [Ok]
20250108-18:40:09 01 (004) : cleaning directory [POSTPROC/AVE_FREQ_1] ...
20250108-18:40:09 00 (004) : cleaning directory [POSTPROC/AVE_FREQ_1] [Ok]
20250108-18:40:09 00 (004) : making directory [POSTPROC/AVE_FREQ_1] [Ok]
20250108-18:40:09 01 (004) : cleaning directory [POSTPROC/AVE_FREQ_1/INTEGRALS] ...
20250108-18:40:09 00 (004) : cleaning directory [POSTPROC/AVE_FREQ_1/INTEGRALS] [Ok]
20250108-18:40:09 00 (004) : making directory [POSTPROC/AVE_FREQ_1/INTEGRALS] [Ok]
20250108-18:40:09 01 (004) : cleaning directory [POSTPROC/AVE_FREQ_1/STAT_PROFILES] ...
20250108-18:40:09 00 (004) : cleaning directory [POSTPROC/AVE_FREQ_1/STAT_PROFILES] [Ok]
20250108-18:40:09 00 (004) : making directory [POSTPROC/AVE_FREQ_1/STAT_PROFILES] [Ok]
20250108-18:40:09 01 (004) : cleaning directory [POSTPROC/AVE_FREQ_1/PROFILES] ...
20250108-18:40:09 00 (004) : cleaning directory [POSTPROC/AVE_FREQ_1/PROFILES] [Ok]
20250108-18:40:09 00 (004) : making directory [POSTPROC/AVE_FREQ_1/PROFILES] [Ok]
20250108-18:40:09 01 (004) : cleaning directory [POSTPROC/AVE_FREQ_2] ...
20250108-18:40:09 00 (004) : cleaning directory [POSTPROC/AVE_FREQ_2] [Ok]
20250108-18:40:09 00 (004) : making directory [POSTPROC/AVE_FREQ_2] [Ok]
20250108-18:40:09 01 (004) : cleaning directory [POSTPROC/AVE_FREQ_2/INTEGRALS] ...
20250108-18:40:09 00 (004) : cleaning directory [POSTPROC/AVE_FREQ_2/INTEGRALS] [Ok]
20250108-18:40:09 00 (004) : making directory [POSTPROC/AVE_FREQ_2/INTEGRALS] [Ok]
20250108-18:40:09 01 (004) : cleaning directory [POSTPROC/AVE_FREQ_2/STAT_PROFILES] ...
20250108-18:40:09 00 (004) : cleaning directory [POSTPROC/AVE_FREQ_2/STAT_PROFILES] [Ok]
20250108-18:40:09 00 (004) : making directory [POSTPROC/AVE_FREQ_2/STAT_PROFILES] [Ok]
20250108-18:40:09 01 (004) : cleaning directory [POSTPROC/AVE_FREQ_2/PROFILES] ...
20250108-18:40:09 00 (004) : cleaning directory [POSTPROC/AVE_FREQ_2/PROFILES] [Ok]
20250108-18:40:09 00 (004) : making directory [POSTPROC/AVE_FREQ_2/PROFILES] [Ok]
20250108-18:40:09 01 (004) : cleaning directory [POSTPROC/COMPRESSED_FOR_ARCHIVE] ...
20250108-18:40:09 00 (004) : cleaning directory [POSTPROC/COMPRESSED_FOR_ARCHIVE] [Ok]
20250108-18:40:09 00 (004) : making directory [POSTPROC/COMPRESSED_FOR_ARCHIVE] [Ok]
20250108-18:40:09 01 (004) : cleaning directory [POSTPROC/COMPRESSED_FOR_ARCHIVE/AVE_FREQ_1] ...
20250108-18:40:09 00 (004) : cleaning directory [POSTPROC/COMPRESSED_FOR_ARCHIVE/AVE_FREQ_1] [Ok]
20250108-18:40:09 00 (004) : making directory [POSTPROC/COMPRESSED_FOR_ARCHIVE/AVE_FREQ_1] [Ok]
20250108-18:40:09 01 (004) : cleaning directory [POSTPROC/COMPRESSED_FOR_ARCHIVE/RST] ...
20250108-18:40:09 00 (004) : cleaning directory [POSTPROC/COMPRESSED_FOR_ARCHIVE/RST] [Ok]
20250108-18:40:09 00 (004) : making directory [POSTPROC/COMPRESSED_FOR_ARCHIVE/RST] [Ok]
20250108-18:40:09 01 (004) : cleaning directory [CMCC_PHYS] ...
20250108-18:40:09 00 (004) : cleaning directory [CMCC_PHYS] [Ok]
20250108-18:40:09 00 (004) : making directory [CMCC_PHYS] [Ok]
20250108-18:40:09 00 (004) : * EXIT(opa_run_setup.ksh) [Ok]
20250108-18:40:10 00 (004) : * START(opa_get.ksh)
20250108-18:42:29 01 (004) : file [medfs-eas9_6h_20250108_20250107_ALL_grid_T.nc] : check failed!
20250108-18:42:29 01 (004) : file [T20250107-12:00:00.nc] not downloaded or corrupted - try again to download
20250108-18:50:11 01 (004) : All files successfully downloaded!
20250108-18:50:11 00 (004) : * EXIT(opa_get.ksh) [Ok]
20250108-18:50:12 00 (004) : * START(opa_preproc__phase_A1.ksh)
20250108-18:50:12 00 (004) : * EXIT(opa_preproc__phase_A1.ksh) [Ok] (from last executed command)
20250108-18:50:12 00 (004) : * EXIT(opa_preproc.ksh) [Ok]
20250108-18:50:12 00 (004) : ### preprocessing input files... done [Ok]
20250108-18:50:12 00 (004) : * EXIT(opa_pre_wrapper.ksh) [Ok]
20250108-18:50:13 00 (004) : === JOB '14926102' COMPLETED [0]
20250108-18:50:13 00 (004) : === vvvvvvvvvvvvvvvvvvvvvvvvvvvvvvvvvvvvvvvvvvvvvv
20250108-18:50:26 00 (004) : === ^^^^^^^^^^^^^^^^^^^^^^^^^^^^^^^^^^^^^^^^^^^^^^
20250108-18:50:26 00 (004) : === JOB '14926103' STARTED
20250108-18:50:26 01 (004) : ===  #PROCS: 240
20250108-18:50:26 01 (004) : ===  #NODES: 5
20250108-18:50:27 00 (004) : * START(opa_model_wrapper.ksh)
20250108-18:50:27 00 (004) : !!! STEP 'model' STARTED 004
20250108-18:50:27 00 (004) : ### running the OPA-offline model...
20250108-18:50:27 00 (004) : * START(opa_model.ksh)
20250108-18:50:28 00 (004) : * START(opa_model__phase_B1.ksh)
20250108-18:55:21 00 (004) : * EXIT(opa_model__phase_B1.ksh) [Ok]
20250108-18:55:22 00 (004) : * START(opa_model__phase_B2.ksh)
20250108-18:55:22 00 (004) : model execution on [5] nodes <>, using [240] processors
20250108-20:24:47 00 (004) : * EXIT(opa_model__phase_B2.ksh) [Ok]
20250108-20:24:48 00 (004) : * START(opa_postproc__phase_C1.ksh)
20250108-20:39:01 00 (004) : postprocess_C1 done [Ok]
20250108-20:39:01 00 (004) : * EXIT(opa_postproc__phase_C1.ksh) [Ok]
20250108-20:39:01 00 (004) : * EXIT(opa_model.ksh) [Ok]
20250108-20:39:01 00 (004) : ### running the OPA-offline model... done [Ok]
20250108-20:39:01 00 (004) : * EXIT(opa_model_wrapper.ksh) [Ok]
20250108-20:39:02 00 (004) : === JOB '14926103' COMPLETED [0]
20250108-20:39:02 00 (004) : === vvvvvvvvvvvvvvvvvvvvvvvvvvvvvvvvvvvvvvvvvvvvvv
20250108-20:39:05 00 (004) : === ^^^^^^^^^^^^^^^^^^^^^^^^^^^^^^^^^^^^^^^^^^^^^^
20250108-20:39:05 00 (004) : === JOB '14926104' STARTED
20250108-20:39:05 01 (004) : ===  #PROCS: 1
20250108-20:39:05 01 (004) : ===  #NODES: 1
20250108-20:39:06 00 (004) : * START(opa_post_wrapper.ksh)
20250108-20:39:06 00 (004) : !!! STEP 'post' STARTED 004
20250108-20:39:06 00 (004) : ### postprocessing output files...
20250108-20:39:06 00 (004) : * START(opa_postproc.ksh)
20250108-20:39:07 00 (004) : * START(opa_postproc__phase_C2.ksh)
20250108-20:39:07 00 (004) : postprocess_C2 begin
20250108-20:39:07 00 (004) : delivering to CMEMS DU
20250108-20:39:07 00 (004) : * START(opa_put_phase_2.ksh)
20250108-20:41:06 00 (004) : pro upload on ftp server completed successfully
20250108-20:41:06 00 (004) : * EXIT(opa_put_phase_2.ksh) [Ok]
20250108-20:41:06 00 (004) : * START(opa_put_phase_2.ksh)
20250108-20:42:59 00 (004) : pro upload on ftp server completed successfully
20250108-20:42:59 00 (004) : * EXIT(opa_put_phase_2.ksh) [Ok]
20250108-20:43:00 00 (004) : * START(opa_put_phase_2.ksh)
20250108-20:44:52 00 (004) : pro upload on ftp server completed successfully
20250108-20:44:52 00 (004) : * EXIT(opa_put_phase_2.ksh) [Ok]
20250108-20:44:53 00 (004) : * START(opa_put_phase_2.ksh)
20250108-20:47:08 00 (004) : pro upload on ftp server completed successfully
20250108-20:47:09 00 (004) : * EXIT(opa_put_phase_2.ksh) [Ok]
20250108-20:47:09 00 (004) : * START(opa_put_phase_2.ksh)
20250108-20:48:27 00 (004) : pro upload on ftp server completed successfully
20250108-20:48:27 00 (004) : * EXIT(opa_put_phase_2.ksh) [Ok]
20250108-20:48:28 00 (004) : * START(opa_put_phase_2.ksh)
20250108-20:49:46 00 (004) : pro upload on ftp server completed successfully
20250108-20:49:46 00 (004) : * EXIT(opa_put_phase_2.ksh) [Ok]
20250108-20:49:46 00 (004) : postprocess_C5 done [Ok]
20250108-20:49:46 00 (004) : * EXIT(opa_postproc__phase_C2.ksh) [Ok]
20250108-20:49:47 00 (004) : * START(opa_postproc__phase_C4.ksh)
20250108-20:49:47 00 (004) : * START(opa_archive.ksh)
20250108-20:49:47 01 (004) : Archiving CMCC_PHYS and ECMWF in [/g100_work/OGS_prodC/OPA/V11C/prod/archive/forecast/20250108]...
20250108-20:49:47 03 (004) : [CMCC_PHYS/medfs-eas8*] archived [Ok]
20250108-20:49:56 03 (004) : [ECMWF/2*] archived [Ok]
20250108-20:49:56 00 (004) : Archiving CMCC_PHYS and ECMWF in [/g100_work/OGS_prodC/OPA/V11C/prod/archive/forecast/20250108]... done [Ok]
20250108-20:49:56 00 (004) : * EXIT(opa_archive.ksh) [Ok]
20250108-20:49:56 00 (004) : * START(opa_archive.ksh)
20250108-20:49:57 01 (004) : Archiving MODEL in [/g100_work/OGS_prodC/OPA/V11C/prod/archive/forecast/20250108]...
20250108-20:50:02 03 (004) : [POSTPROC/COMPRESSED_FOR_ARCHIVE/RST/RST*.tar] archived [Ok]
20250108-20:50:02 00 (004) : Archiving MODEL in [/g100_work/OGS_prodC/OPA/V11C/prod/archive/forecast/20250108]... done [Ok]
20250108-20:50:02 01 (004) : Archiving POSTPROC in [/g100_work/OGS_prodC/OPA/V11C/prod/archive/forecast/20250108]...
20250108-20:50:14 03 (004) : [POSTPROC/PRODUCTS/*nc] archived [Ok]
20250108-20:50:14 03 (004) : [POSTPROC/PRODUCTS/*xml] archived [Ok]
20250108-20:51:38 03 (004) : [POSTPROC/COMPRESSED_FOR_ARCHIVE/AVE_FREQ_1/*.nc] archived [Ok]
20250108-20:51:39 03 (004) : [POSTPROC/AVE_FREQ_1/INTEGRALS/*nc] archived [Ok]
20250108-20:51:39 03 (004) : [POSTPROC/AVE_FREQ_1/STAT_PROFILES/*nc] archived [Ok]
20250108-20:51:40 03 (004) : [POSTPROC/AVE_FREQ_1/INTEGRALS/PPN/*nc] archived [Ok]
20250108-20:51:40 00 (004) : Archiving POSTPROC in [/g100_work/OGS_prodC/OPA/V11C/prod/archive/forecast/20250108]... done [Ok]
20250108-20:51:40 03 (004) : [POSTPROC/AVE_FREQ_1/maps.tar ] archived [Ok]
20250108-20:51:40 00 (004) : * EXIT(opa_archive.ksh) [Ok]
20250108-20:52:10 00 (004) : postprocess_C4 done [Ok]
20250108-20:52:10 00 (004) : * EXIT(opa_postproc__phase_C4.ksh) [Ok]
20250108-20:52:10 00 (004) : postprocess done [Ok]
20250108-20:52:10 00 (004) : * EXIT(opa_postproc.ksh) [Ok]
20250108-20:52:11 00 (004) : ### postprocessing output files... done [Ok]
20250108-20:52:11 00 (004) : * EXIT(opa_post_wrapper.ksh) [Ok]
20250108-20:52:11 00 (004) : === JOB '14926104' COMPLETED [0]
20250108-20:52:11 00 (004) : === vvvvvvvvvvvvvvvvvvvvvvvvvvvvvvvvvvvvvvvvvvvvvv
